{"/home/imdias/workspace/AtelieFilhosDeAruanda-/frontend/src/test-utils.tsx": {"path":"/home/imdias/workspace/AtelieFilhosDeAruanda-/frontend/src/test-utils.tsx","statementMap":{"0":{"start":{"line":9,"column":24},"end":{"line":17,"column":null}},"1":{"start":{"line":10,"column":4},"end":{"line":15,"column":null}},"2":{"start":{"line":19,"column":21},"end":{"line":22,"column":null}},"3":{"start":{"line":21,"column":4},"end":{"line":22,"column":null}}},"fnMap":{"0":{"name":"(anonymous_0)","decl":{"start":{"line":9,"column":24},"end":{"line":9,"column":25}},"loc":{"start":{"line":9,"column":73},"end":{"line":17,"column":null}},"line":9},"1":{"name":"(anonymous_1)","decl":{"start":{"line":19,"column":21},"end":{"line":19,"column":null}},"loc":{"start":{"line":21,"column":4},"end":{"line":22,"column":null}},"line":21}},"branchMap":{},"s":{"0":9,"1":70,"2":9,"3":58},"f":{"0":70,"1":58},"b":{},"meta":{"lastBranch":0,"lastFunction":2,"lastStatement":4,"seen":{"s:9:24:17:Infinity":0,"f:9:24:9:25":0,"s:10:4:15:Infinity":1,"s:19:21:22:Infinity":2,"f:19:21:19:Infinity":1,"s:21:4:22:Infinity":3}}}
,"/home/imdias/workspace/AtelieFilhosDeAruanda-/frontend/src/components/AuthModal.tsx": {"path":"/home/imdias/workspace/AtelieFilhosDeAruanda-/frontend/src/components/AuthModal.tsx","statementMap":{"0":{"start":{"line":17,"column":60},"end":{"line":39,"column":null}},"1":{"start":{"line":18,"column":10},"end":{"line":21,"column":null}},"2":{"start":{"line":23,"column":4},"end":{"line":37,"column":null}},"3":{"start":{"line":26,"column":27},"end":{"line":26,"column":null}},"4":{"start":{"line":42,"column":44},"end":{"line":56,"column":null}},"5":{"start":{"line":43,"column":4},"end":{"line":56,"column":null}},"6":{"start":{"line":66,"column":25},"end":{"line":66,"column":null}},"7":{"start":{"line":68,"column":44},"end":{"line":439,"column":null}},"8":{"start":{"line":69,"column":24},"end":{"line":69,"column":null}},"9":{"start":{"line":70,"column":26},"end":{"line":70,"column":null}},"10":{"start":{"line":71,"column":32},"end":{"line":71,"column":null}},"11":{"start":{"line":72,"column":24},"end":{"line":72,"column":null}},"12":{"start":{"line":73,"column":24},"end":{"line":73,"column":null}},"13":{"start":{"line":74,"column":30},"end":{"line":74,"column":null}},"14":{"start":{"line":75,"column":26},"end":{"line":75,"column":null}},"15":{"start":{"line":76,"column":40},"end":{"line":76,"column":null}},"16":{"start":{"line":77,"column":21},"end":{"line":77,"column":null}},"17":{"start":{"line":79,"column":4},"end":{"line":79,"column":null}},"18":{"start":{"line":79,"column":17},"end":{"line":79,"column":null}},"19":{"start":{"line":81,"column":32},"end":{"line":98,"column":null}},"20":{"start":{"line":82,"column":8},"end":{"line":82,"column":null}},"21":{"start":{"line":83,"column":8},"end":{"line":97,"column":null}},"22":{"start":{"line":84,"column":24},"end":{"line":86,"column":null}},"23":{"start":{"line":87,"column":29},"end":{"line":87,"column":null}},"24":{"start":{"line":88,"column":12},"end":{"line":88,"column":null}},"25":{"start":{"line":89,"column":12},"end":{"line":89,"column":null}},"26":{"start":{"line":90,"column":12},"end":{"line":90,"column":null}},"27":{"start":{"line":91,"column":12},"end":{"line":91,"column":null}},"28":{"start":{"line":93,"column":12},"end":{"line":93,"column":null}},"29":{"start":{"line":94,"column":12},"end":{"line":94,"column":null}},"30":{"start":{"line":96,"column":12},"end":{"line":96,"column":null}},"31":{"start":{"line":100,"column":30},"end":{"line":103,"column":null}},"32":{"start":{"line":101,"column":8},"end":{"line":101,"column":null}},"33":{"start":{"line":102,"column":8},"end":{"line":102,"column":null}},"34":{"start":{"line":105,"column":23},"end":{"line":114,"column":null}},"35":{"start":{"line":106,"column":8},"end":{"line":106,"column":null}},"36":{"start":{"line":107,"column":8},"end":{"line":107,"column":null}},"37":{"start":{"line":108,"column":8},"end":{"line":108,"column":null}},"38":{"start":{"line":109,"column":8},"end":{"line":109,"column":null}},"39":{"start":{"line":110,"column":8},"end":{"line":110,"column":null}},"40":{"start":{"line":111,"column":8},"end":{"line":111,"column":null}},"41":{"start":{"line":112,"column":8},"end":{"line":112,"column":null}},"42":{"start":{"line":113,"column":8},"end":{"line":113,"column":null}},"43":{"start":{"line":116,"column":24},"end":{"line":119,"column":null}},"44":{"start":{"line":117,"column":8},"end":{"line":117,"column":null}},"45":{"start":{"line":118,"column":8},"end":{"line":118,"column":null}},"46":{"start":{"line":121,"column":24},"end":{"line":136,"column":null}},"47":{"start":{"line":122,"column":8},"end":{"line":122,"column":null}},"48":{"start":{"line":123,"column":8},"end":{"line":123,"column":null}},"49":{"start":{"line":124,"column":8},"end":{"line":135,"column":null}},"50":{"start":{"line":125,"column":12},"end":{"line":125,"column":null}},"51":{"start":{"line":126,"column":12},"end":{"line":126,"column":null}},"52":{"start":{"line":127,"column":12},"end":{"line":127,"column":null}},"53":{"start":{"line":128,"column":12},"end":{"line":128,"column":null}},"54":{"start":{"line":129,"column":12},"end":{"line":129,"column":null}},"55":{"start":{"line":131,"column":12},"end":{"line":131,"column":null}},"56":{"start":{"line":132,"column":12},"end":{"line":132,"column":null}},"57":{"start":{"line":134,"column":12},"end":{"line":134,"column":null}},"58":{"start":{"line":138,"column":27},"end":{"line":150,"column":null}},"59":{"start":{"line":139,"column":8},"end":{"line":139,"column":null}},"60":{"start":{"line":140,"column":8},"end":{"line":140,"column":null}},"61":{"start":{"line":141,"column":8},"end":{"line":149,"column":null}},"62":{"start":{"line":142,"column":12},"end":{"line":142,"column":null}},"63":{"start":{"line":143,"column":12},"end":{"line":143,"column":null}},"64":{"start":{"line":144,"column":12},"end":{"line":144,"column":null}},"65":{"start":{"line":146,"column":12},"end":{"line":146,"column":null}},"66":{"start":{"line":148,"column":12},"end":{"line":148,"column":null}},"67":{"start":{"line":152,"column":25},"end":{"line":164,"column":null}},"68":{"start":{"line":153,"column":8},"end":{"line":153,"column":null}},"69":{"start":{"line":154,"column":8},"end":{"line":154,"column":null}},"70":{"start":{"line":155,"column":8},"end":{"line":163,"column":null}},"71":{"start":{"line":156,"column":12},"end":{"line":156,"column":null}},"72":{"start":{"line":157,"column":12},"end":{"line":157,"column":null}},"73":{"start":{"line":158,"column":12},"end":{"line":158,"column":null}},"74":{"start":{"line":160,"column":12},"end":{"line":160,"column":null}},"75":{"start":{"line":162,"column":12},"end":{"line":162,"column":null}},"76":{"start":{"line":166,"column":31},"end":{"line":178,"column":null}},"77":{"start":{"line":167,"column":8},"end":{"line":167,"column":null}},"78":{"start":{"line":168,"column":8},"end":{"line":168,"column":null}},"79":{"start":{"line":169,"column":8},"end":{"line":177,"column":null}},"80":{"start":{"line":170,"column":12},"end":{"line":170,"column":null}},"81":{"start":{"line":171,"column":12},"end":{"line":171,"column":null}},"82":{"start":{"line":172,"column":12},"end":{"line":172,"column":null}},"83":{"start":{"line":174,"column":12},"end":{"line":174,"column":null}},"84":{"start":{"line":176,"column":12},"end":{"line":176,"column":null}},"85":{"start":{"line":180,"column":4},"end":{"line":437,"column":null}},"86":{"start":{"line":216,"column":88},"end":{"line":216,"column":null}},"87":{"start":{"line":229,"column":88},"end":{"line":229,"column":null}},"88":{"start":{"line":235,"column":55},"end":{"line":235,"column":null}},"89":{"start":{"line":244,"column":55},"end":{"line":244,"column":76}},"90":{"start":{"line":244,"column":76},"end":{"line":244,"column":92}},"91":{"start":{"line":276,"column":59},"end":{"line":276,"column":80}},"92":{"start":{"line":276,"column":80},"end":{"line":276,"column":96}},"93":{"start":{"line":294,"column":88},"end":{"line":294,"column":null}},"94":{"start":{"line":307,"column":88},"end":{"line":307,"column":null}},"95":{"start":{"line":320,"column":88},"end":{"line":320,"column":null}},"96":{"start":{"line":326,"column":55},"end":{"line":326,"column":null}},"97":{"start":{"line":347,"column":57},"end":{"line":347,"column":75}},"98":{"start":{"line":369,"column":88},"end":{"line":369,"column":null}},"99":{"start":{"line":388,"column":51},"end":{"line":388,"column":null}},"100":{"start":{"line":409,"column":88},"end":{"line":409,"column":null}},"101":{"start":{"line":428,"column":51},"end":{"line":428,"column":null}}},"fnMap":{"0":{"name":"(anonymous_0)","decl":{"start":{"line":17,"column":60},"end":{"line":17,"column":61}},"loc":{"start":{"line":17,"column":98},"end":{"line":39,"column":null}},"line":17},"1":{"name":"(anonymous_1)","decl":{"start":{"line":26,"column":21},"end":{"line":26,"column":27}},"loc":{"start":{"line":26,"column":27},"end":{"line":26,"column":null}},"line":26},"2":{"name":"(anonymous_2)","decl":{"start":{"line":42,"column":44},"end":{"line":42,"column":null}},"loc":{"start":{"line":43,"column":4},"end":{"line":56,"column":null}},"line":43},"3":{"name":"(anonymous_3)","decl":{"start":{"line":68,"column":44},"end":{"line":68,"column":45}},"loc":{"start":{"line":68,"column":69},"end":{"line":439,"column":null}},"line":68},"4":{"name":"(anonymous_4)","decl":{"start":{"line":81,"column":32},"end":{"line":81,"column":39}},"loc":{"start":{"line":81,"column":72},"end":{"line":98,"column":null}},"line":81},"5":{"name":"(anonymous_5)","decl":{"start":{"line":100,"column":30},"end":{"line":100,"column":31}},"loc":{"start":{"line":100,"column":48},"end":{"line":103,"column":null}},"line":100},"6":{"name":"(anonymous_6)","decl":{"start":{"line":105,"column":23},"end":{"line":105,"column":29}},"loc":{"start":{"line":105,"column":29},"end":{"line":114,"column":null}},"line":105},"7":{"name":"(anonymous_7)","decl":{"start":{"line":116,"column":24},"end":{"line":116,"column":30}},"loc":{"start":{"line":116,"column":30},"end":{"line":119,"column":null}},"line":116},"8":{"name":"(anonymous_8)","decl":{"start":{"line":121,"column":24},"end":{"line":121,"column":31}},"loc":{"start":{"line":121,"column":48},"end":{"line":136,"column":null}},"line":121},"9":{"name":"(anonymous_9)","decl":{"start":{"line":138,"column":27},"end":{"line":138,"column":34}},"loc":{"start":{"line":138,"column":51},"end":{"line":150,"column":null}},"line":138},"10":{"name":"(anonymous_10)","decl":{"start":{"line":152,"column":25},"end":{"line":152,"column":32}},"loc":{"start":{"line":152,"column":49},"end":{"line":164,"column":null}},"line":152},"11":{"name":"(anonymous_11)","decl":{"start":{"line":166,"column":31},"end":{"line":166,"column":38}},"loc":{"start":{"line":166,"column":55},"end":{"line":178,"column":null}},"line":166},"12":{"name":"(anonymous_12)","decl":{"start":{"line":216,"column":50},"end":{"line":216,"column":51}},"loc":{"start":{"line":216,"column":88},"end":{"line":216,"column":null}},"line":216},"13":{"name":"(anonymous_13)","decl":{"start":{"line":229,"column":50},"end":{"line":229,"column":51}},"loc":{"start":{"line":229,"column":88},"end":{"line":229,"column":null}},"line":229},"14":{"name":"(anonymous_14)","decl":{"start":{"line":235,"column":49},"end":{"line":235,"column":55}},"loc":{"start":{"line":235,"column":55},"end":{"line":235,"column":null}},"line":235},"15":{"name":"(anonymous_15)","decl":{"start":{"line":244,"column":47},"end":{"line":244,"column":53}},"loc":{"start":{"line":244,"column":53},"end":{"line":244,"column":95}},"line":244},"16":{"name":"(anonymous_16)","decl":{"start":{"line":276,"column":51},"end":{"line":276,"column":57}},"loc":{"start":{"line":276,"column":57},"end":{"line":276,"column":99}},"line":276},"17":{"name":"(anonymous_17)","decl":{"start":{"line":294,"column":50},"end":{"line":294,"column":51}},"loc":{"start":{"line":294,"column":88},"end":{"line":294,"column":null}},"line":294},"18":{"name":"(anonymous_18)","decl":{"start":{"line":307,"column":50},"end":{"line":307,"column":51}},"loc":{"start":{"line":307,"column":88},"end":{"line":307,"column":null}},"line":307},"19":{"name":"(anonymous_19)","decl":{"start":{"line":320,"column":50},"end":{"line":320,"column":51}},"loc":{"start":{"line":320,"column":88},"end":{"line":320,"column":null}},"line":320},"20":{"name":"(anonymous_20)","decl":{"start":{"line":326,"column":49},"end":{"line":326,"column":55}},"loc":{"start":{"line":326,"column":55},"end":{"line":326,"column":null}},"line":326},"21":{"name":"(anonymous_21)","decl":{"start":{"line":347,"column":51},"end":{"line":347,"column":57}},"loc":{"start":{"line":347,"column":57},"end":{"line":347,"column":75}},"line":347},"22":{"name":"(anonymous_22)","decl":{"start":{"line":369,"column":50},"end":{"line":369,"column":51}},"loc":{"start":{"line":369,"column":88},"end":{"line":369,"column":null}},"line":369},"23":{"name":"(anonymous_23)","decl":{"start":{"line":388,"column":45},"end":{"line":388,"column":51}},"loc":{"start":{"line":388,"column":51},"end":{"line":388,"column":null}},"line":388},"24":{"name":"(anonymous_24)","decl":{"start":{"line":409,"column":50},"end":{"line":409,"column":51}},"loc":{"start":{"line":409,"column":88},"end":{"line":409,"column":null}},"line":409},"25":{"name":"(anonymous_25)","decl":{"start":{"line":428,"column":45},"end":{"line":428,"column":51}},"loc":{"start":{"line":428,"column":51},"end":{"line":428,"column":null}},"line":428}},"branchMap":{"0":{"loc":{"start":{"line":66,"column":25},"end":{"line":66,"column":null}},"type":"binary-expr","locations":[{"start":{"line":66,"column":25},"end":{"line":66,"column":66}},{"start":{"line":66,"column":66},"end":{"line":66,"column":null}}],"line":66},"1":{"loc":{"start":{"line":79,"column":4},"end":{"line":79,"column":null}},"type":"if","locations":[{"start":{"line":79,"column":4},"end":{"line":79,"column":null}},{"start":{},"end":{}}],"line":79},"2":{"loc":{"start":{"line":193,"column":29},"end":{"line":193,"column":null}},"type":"binary-expr","locations":[{"start":{"line":193,"column":29},"end":{"line":193,"column":49}},{"start":{"line":193,"column":49},"end":{"line":193,"column":null}}],"line":193},"3":{"loc":{"start":{"line":194,"column":29},"end":{"line":194,"column":null}},"type":"binary-expr","locations":[{"start":{"line":194,"column":29},"end":{"line":194,"column":52}},{"start":{"line":194,"column":52},"end":{"line":194,"column":null}}],"line":194},"4":{"loc":{"start":{"line":195,"column":29},"end":{"line":195,"column":null}},"type":"binary-expr","locations":[{"start":{"line":195,"column":29},"end":{"line":195,"column":50}},{"start":{"line":195,"column":50},"end":{"line":195,"column":null}}],"line":195},"5":{"loc":{"start":{"line":196,"column":29},"end":{"line":196,"column":null}},"type":"binary-expr","locations":[{"start":{"line":196,"column":29},"end":{"line":196,"column":52}},{"start":{"line":196,"column":52},"end":{"line":196,"column":null}}],"line":196},"6":{"loc":{"start":{"line":199,"column":29},"end":{"line":199,"column":null}},"type":"binary-expr","locations":[{"start":{"line":199,"column":29},"end":{"line":199,"column":49}},{"start":{"line":199,"column":49},"end":{"line":199,"column":null}}],"line":199},"7":{"loc":{"start":{"line":200,"column":29},"end":{"line":200,"column":null}},"type":"binary-expr","locations":[{"start":{"line":200,"column":29},"end":{"line":200,"column":52}},{"start":{"line":200,"column":52},"end":{"line":200,"column":null}}],"line":200},"8":{"loc":{"start":{"line":201,"column":29},"end":{"line":201,"column":null}},"type":"binary-expr","locations":[{"start":{"line":201,"column":29},"end":{"line":201,"column":50}},{"start":{"line":201,"column":50},"end":{"line":201,"column":null}}],"line":201},"9":{"loc":{"start":{"line":202,"column":29},"end":{"line":202,"column":null}},"type":"binary-expr","locations":[{"start":{"line":202,"column":29},"end":{"line":202,"column":52}},{"start":{"line":202,"column":52},"end":{"line":202,"column":null}}],"line":202},"10":{"loc":{"start":{"line":207,"column":21},"end":{"line":281,"column":null}},"type":"binary-expr","locations":[{"start":{"line":207,"column":21},"end":{"line":207,"column":null}},{"start":{"line":208,"column":24},"end":{"line":281,"column":null}}],"line":207},"11":{"loc":{"start":{"line":226,"column":46},"end":{"line":226,"column":null}},"type":"cond-expr","locations":[{"start":{"line":226,"column":61},"end":{"line":226,"column":70}},{"start":{"line":226,"column":70},"end":{"line":226,"column":null}}],"line":226},"12":{"loc":{"start":{"line":238,"column":41},"end":{"line":238,"column":null}},"type":"cond-expr","locations":[{"start":{"line":238,"column":56},"end":{"line":238,"column":79}},{"start":{"line":238,"column":79},"end":{"line":238,"column":null}}],"line":238},"13":{"loc":{"start":{"line":247,"column":29},"end":{"line":247,"column":null}},"type":"binary-expr","locations":[{"start":{"line":247,"column":29},"end":{"line":247,"column":38}},{"start":{"line":247,"column":38},"end":{"line":247,"column":null}}],"line":247},"14":{"loc":{"start":{"line":263,"column":29},"end":{"line":270,"column":null}},"type":"cond-expr","locations":[{"start":{"line":264,"column":32},"end":{"line":268,"column":null}},{"start":{"line":270,"column":32},"end":{"line":270,"column":null}}],"line":263},"15":{"loc":{"start":{"line":285,"column":21},"end":{"line":352,"column":null}},"type":"binary-expr","locations":[{"start":{"line":285,"column":21},"end":{"line":285,"column":null}},{"start":{"line":286,"column":24},"end":{"line":352,"column":null}}],"line":285},"16":{"loc":{"start":{"line":317,"column":46},"end":{"line":317,"column":null}},"type":"cond-expr","locations":[{"start":{"line":317,"column":61},"end":{"line":317,"column":70}},{"start":{"line":317,"column":70},"end":{"line":317,"column":null}}],"line":317},"17":{"loc":{"start":{"line":329,"column":41},"end":{"line":329,"column":null}},"type":"cond-expr","locations":[{"start":{"line":329,"column":56},"end":{"line":329,"column":79}},{"start":{"line":329,"column":79},"end":{"line":329,"column":null}}],"line":329},"18":{"loc":{"start":{"line":334,"column":29},"end":{"line":334,"column":null}},"type":"binary-expr","locations":[{"start":{"line":334,"column":29},"end":{"line":334,"column":38}},{"start":{"line":334,"column":38},"end":{"line":334,"column":null}}],"line":334},"19":{"loc":{"start":{"line":341,"column":33},"end":{"line":341,"column":null}},"type":"cond-expr","locations":[{"start":{"line":341,"column":43},"end":{"line":341,"column":92}},{"start":{"line":341,"column":92},"end":{"line":341,"column":null}}],"line":341},"20":{"loc":{"start":{"line":356,"column":21},"end":{"line":393,"column":null}},"type":"binary-expr","locations":[{"start":{"line":356,"column":21},"end":{"line":356,"column":null}},{"start":{"line":357,"column":24},"end":{"line":393,"column":null}}],"line":356},"21":{"loc":{"start":{"line":376,"column":29},"end":{"line":376,"column":null}},"type":"binary-expr","locations":[{"start":{"line":376,"column":29},"end":{"line":376,"column":38}},{"start":{"line":376,"column":38},"end":{"line":376,"column":null}}],"line":376},"22":{"loc":{"start":{"line":383,"column":33},"end":{"line":383,"column":null}},"type":"cond-expr","locations":[{"start":{"line":383,"column":43},"end":{"line":383,"column":92}},{"start":{"line":383,"column":92},"end":{"line":383,"column":null}}],"line":383},"23":{"loc":{"start":{"line":397,"column":21},"end":{"line":433,"column":null}},"type":"binary-expr","locations":[{"start":{"line":397,"column":21},"end":{"line":397,"column":null}},{"start":{"line":398,"column":24},"end":{"line":433,"column":null}}],"line":397},"24":{"loc":{"start":{"line":416,"column":29},"end":{"line":416,"column":null}},"type":"binary-expr","locations":[{"start":{"line":416,"column":29},"end":{"line":416,"column":38}},{"start":{"line":416,"column":38},"end":{"line":416,"column":null}}],"line":416},"25":{"loc":{"start":{"line":423,"column":33},"end":{"line":423,"column":null}},"type":"cond-expr","locations":[{"start":{"line":423,"column":43},"end":{"line":423,"column":92}},{"start":{"line":423,"column":92},"end":{"line":423,"column":null}}],"line":423}},"s":{"0":2,"1":12,"2":12,"3":0,"4":2,"5":0,"6":2,"7":2,"8":30,"9":30,"10":30,"11":30,"12":30,"13":30,"14":30,"15":30,"16":30,"17":30,"18":17,"19":13,"20":0,"21":0,"22":0,"23":0,"24":0,"25":0,"26":0,"27":0,"28":0,"29":0,"30":0,"31":13,"32":0,"33":0,"34":13,"35":1,"36":1,"37":1,"38":1,"39":1,"40":1,"41":1,"42":1,"43":13,"44":1,"45":1,"46":13,"47":2,"48":2,"49":2,"50":2,"51":2,"52":1,"53":1,"54":1,"55":1,"56":1,"57":2,"58":13,"59":0,"60":0,"61":0,"62":0,"63":0,"64":0,"65":0,"66":0,"67":13,"68":0,"69":0,"70":0,"71":0,"72":0,"73":0,"74":0,"75":0,"76":13,"77":0,"78":0,"79":0,"80":0,"81":0,"82":0,"83":0,"84":0,"85":13,"86":2,"87":2,"88":0,"89":0,"90":0,"91":1,"92":1,"93":0,"94":0,"95":0,"96":0,"97":0,"98":0,"99":0,"100":0,"101":0},"f":{"0":12,"1":0,"2":0,"3":30,"4":0,"5":0,"6":1,"7":1,"8":2,"9":0,"10":0,"11":0,"12":2,"13":2,"14":0,"15":0,"16":1,"17":0,"18":0,"19":0,"20":0,"21":0,"22":0,"23":0,"24":0,"25":0},"b":{"0":[2,0],"1":[17,13],"2":[13,12],"3":[30,1],"4":[30,0],"5":[30,0],"6":[30,12],"7":[30,1],"8":[30,0],"9":[30,0],"10":[30,12],"11":[0,12],"12":[0,12],"13":[12,1],"14":[12,0],"15":[30,1],"16":[0,1],"17":[0,1],"18":[1,0],"19":[0,1],"20":[30,0],"21":[0,0],"22":[0,0],"23":[30,0],"24":[0,0],"25":[0,0]},"meta":{"lastBranch":26,"lastFunction":26,"lastStatement":102,"seen":{"s:17:60:39:Infinity":0,"f:17:60:17:61":0,"s:18:10:21:Infinity":1,"s:23:4:37:Infinity":2,"f:26:21:26:27":1,"s:26:27:26:Infinity":3,"s:42:44:56:Infinity":4,"f:42:44:42:Infinity":2,"s:43:4:56:Infinity":5,"s:66:25:66:Infinity":6,"b:66:25:66:66:66:66:66:Infinity":0,"s:68:44:439:Infinity":7,"f:68:44:68:45":3,"s:69:24:69:Infinity":8,"s:70:26:70:Infinity":9,"s:71:32:71:Infinity":10,"s:72:24:72:Infinity":11,"s:73:24:73:Infinity":12,"s:74:30:74:Infinity":13,"s:75:26:75:Infinity":14,"s:76:40:76:Infinity":15,"s:77:21:77:Infinity":16,"b:79:4:79:Infinity:undefined:undefined:undefined:undefined":1,"s:79:4:79:Infinity":17,"s:79:17:79:Infinity":18,"s:81:32:98:Infinity":19,"f:81:32:81:39":4,"s:82:8:82:Infinity":20,"s:83:8:97:Infinity":21,"s:84:24:86:Infinity":22,"s:87:29:87:Infinity":23,"s:88:12:88:Infinity":24,"s:89:12:89:Infinity":25,"s:90:12:90:Infinity":26,"s:91:12:91:Infinity":27,"s:93:12:93:Infinity":28,"s:94:12:94:Infinity":29,"s:96:12:96:Infinity":30,"s:100:30:103:Infinity":31,"f:100:30:100:31":5,"s:101:8:101:Infinity":32,"s:102:8:102:Infinity":33,"s:105:23:114:Infinity":34,"f:105:23:105:29":6,"s:106:8:106:Infinity":35,"s:107:8:107:Infinity":36,"s:108:8:108:Infinity":37,"s:109:8:109:Infinity":38,"s:110:8:110:Infinity":39,"s:111:8:111:Infinity":40,"s:112:8:112:Infinity":41,"s:113:8:113:Infinity":42,"s:116:24:119:Infinity":43,"f:116:24:116:30":7,"s:117:8:117:Infinity":44,"s:118:8:118:Infinity":45,"s:121:24:136:Infinity":46,"f:121:24:121:31":8,"s:122:8:122:Infinity":47,"s:123:8:123:Infinity":48,"s:124:8:135:Infinity":49,"s:125:12:125:Infinity":50,"s:126:12:126:Infinity":51,"s:127:12:127:Infinity":52,"s:128:12:128:Infinity":53,"s:129:12:129:Infinity":54,"s:131:12:131:Infinity":55,"s:132:12:132:Infinity":56,"s:134:12:134:Infinity":57,"s:138:27:150:Infinity":58,"f:138:27:138:34":9,"s:139:8:139:Infinity":59,"s:140:8:140:Infinity":60,"s:141:8:149:Infinity":61,"s:142:12:142:Infinity":62,"s:143:12:143:Infinity":63,"s:144:12:144:Infinity":64,"s:146:12:146:Infinity":65,"s:148:12:148:Infinity":66,"s:152:25:164:Infinity":67,"f:152:25:152:32":10,"s:153:8:153:Infinity":68,"s:154:8:154:Infinity":69,"s:155:8:163:Infinity":70,"s:156:12:156:Infinity":71,"s:157:12:157:Infinity":72,"s:158:12:158:Infinity":73,"s:160:12:160:Infinity":74,"s:162:12:162:Infinity":75,"s:166:31:178:Infinity":76,"f:166:31:166:38":11,"s:167:8:167:Infinity":77,"s:168:8:168:Infinity":78,"s:169:8:177:Infinity":79,"s:170:12:170:Infinity":80,"s:171:12:171:Infinity":81,"s:172:12:172:Infinity":82,"s:174:12:174:Infinity":83,"s:176:12:176:Infinity":84,"s:180:4:437:Infinity":85,"b:193:29:193:49:193:49:193:Infinity":2,"b:194:29:194:52:194:52:194:Infinity":3,"b:195:29:195:50:195:50:195:Infinity":4,"b:196:29:196:52:196:52:196:Infinity":5,"b:199:29:199:49:199:49:199:Infinity":6,"b:200:29:200:52:200:52:200:Infinity":7,"b:201:29:201:50:201:50:201:Infinity":8,"b:202:29:202:52:202:52:202:Infinity":9,"b:207:21:207:Infinity:208:24:281:Infinity":10,"f:216:50:216:51":12,"s:216:88:216:Infinity":86,"b:226:61:226:70:226:70:226:Infinity":11,"f:229:50:229:51":13,"s:229:88:229:Infinity":87,"f:235:49:235:55":14,"s:235:55:235:Infinity":88,"b:238:56:238:79:238:79:238:Infinity":12,"f:244:47:244:53":15,"s:244:55:244:76":89,"s:244:76:244:92":90,"b:247:29:247:38:247:38:247:Infinity":13,"b:264:32:268:Infinity:270:32:270:Infinity":14,"f:276:51:276:57":16,"s:276:59:276:80":91,"s:276:80:276:96":92,"b:285:21:285:Infinity:286:24:352:Infinity":15,"f:294:50:294:51":17,"s:294:88:294:Infinity":93,"f:307:50:307:51":18,"s:307:88:307:Infinity":94,"b:317:61:317:70:317:70:317:Infinity":16,"f:320:50:320:51":19,"s:320:88:320:Infinity":95,"f:326:49:326:55":20,"s:326:55:326:Infinity":96,"b:329:56:329:79:329:79:329:Infinity":17,"b:334:29:334:38:334:38:334:Infinity":18,"b:341:43:341:92:341:92:341:Infinity":19,"f:347:51:347:57":21,"s:347:57:347:75":97,"b:356:21:356:Infinity:357:24:393:Infinity":20,"f:369:50:369:51":22,"s:369:88:369:Infinity":98,"b:376:29:376:38:376:38:376:Infinity":21,"b:383:43:383:92:383:92:383:Infinity":22,"f:388:45:388:51":23,"s:388:51:388:Infinity":99,"b:397:21:397:Infinity:398:24:433:Infinity":23,"f:409:50:409:51":24,"s:409:88:409:Infinity":100,"b:416:29:416:38:416:38:416:Infinity":24,"b:423:43:423:92:423:92:423:Infinity":25,"f:428:45:428:51":25,"s:428:51:428:Infinity":101}}}
,"/home/imdias/workspace/AtelieFilhosDeAruanda-/frontend/src/components/CartDrawer.tsx": {"path":"/home/imdias/workspace/AtelieFilhosDeAruanda-/frontend/src/components/CartDrawer.tsx","statementMap":{"0":{"start":{"line":23,"column":46},"end":{"line":216,"column":null}},"1":{"start":{"line":24,"column":10},"end":{"line":24,"column":null}},"2":{"start":{"line":25,"column":22},"end":{"line":25,"column":null}},"3":{"start":{"line":26,"column":46},"end":{"line":26,"column":null}},"4":{"start":{"line":27,"column":48},"end":{"line":27,"column":null}},"5":{"start":{"line":28,"column":21},"end":{"line":28,"column":null}},"6":{"start":{"line":29,"column":48},"end":{"line":29,"column":null}},"7":{"start":{"line":30,"column":42},"end":{"line":30,"column":null}},"8":{"start":{"line":32,"column":21},"end":{"line":32,"column":null}},"9":{"start":{"line":32,"column":53},"end":{"line":32,"column":89}},"10":{"start":{"line":34,"column":36},"end":{"line":52,"column":null}},"11":{"start":{"line":35,"column":8},"end":{"line":35,"column":null}},"12":{"start":{"line":35,"column":28},"end":{"line":35,"column":null}},"13":{"start":{"line":36,"column":8},"end":{"line":36,"column":null}},"14":{"start":{"line":37,"column":8},"end":{"line":37,"column":null}},"15":{"start":{"line":38,"column":8},"end":{"line":51,"column":null}},"16":{"start":{"line":39,"column":28},"end":{"line":39,"column":null}},"17":{"start":{"line":40,"column":12},"end":{"line":40,"column":null}},"18":{"start":{"line":41,"column":12},"end":{"line":43,"column":null}},"19":{"start":{"line":42,"column":16},"end":{"line":42,"column":null}},"20":{"start":{"line":45,"column":12},"end":{"line":45,"column":null}},"21":{"start":{"line":46,"column":12},"end":{"line":46,"column":null}},"22":{"start":{"line":47,"column":12},"end":{"line":47,"column":null}},"23":{"start":{"line":48,"column":12},"end":{"line":48,"column":null}},"24":{"start":{"line":50,"column":12},"end":{"line":50,"column":null}},"25":{"start":{"line":54,"column":23},"end":{"line":57,"column":null}},"26":{"start":{"line":55,"column":28},"end":{"line":55,"column":null}},"27":{"start":{"line":56,"column":8},"end":{"line":56,"column":null}},"28":{"start":{"line":59,"column":27},"end":{"line":63,"column":null}},"29":{"start":{"line":60,"column":8},"end":{"line":60,"column":null}},"30":{"start":{"line":60,"column":24},"end":{"line":60,"column":null}},"31":{"start":{"line":61,"column":28},"end":{"line":61,"column":null}},"32":{"start":{"line":62,"column":8},"end":{"line":62,"column":null}},"33":{"start":{"line":65,"column":4},"end":{"line":65,"column":null}},"34":{"start":{"line":65,"column":17},"end":{"line":65,"column":null}},"35":{"start":{"line":67,"column":4},"end":{"line":214,"column":null}},"36":{"start":{"line":89,"column":36},"end":{"line":114,"column":null}},"37":{"start":{"line":95,"column":113},"end":{"line":95,"column":158}},"38":{"start":{"line":105,"column":75},"end":{"line":105,"column":119}},"39":{"start":{"line":107,"column":75},"end":{"line":107,"column":119}},"40":{"start":{"line":109,"column":71},"end":{"line":109,"column":92}},"41":{"start":{"line":127,"column":65},"end":{"line":127,"column":77}},"42":{"start":{"line":127,"column":77},"end":{"line":127,"column":101}},"43":{"start":{"line":127,"column":101},"end":{"line":127,"column":128}},"44":{"start":{"line":135,"column":88},"end":{"line":135,"column":null}},"45":{"start":{"line":153,"column":44},"end":{"line":170,"column":null}},"46":{"start":{"line":160,"column":72},"end":{"line":160,"column":null}},"47":{"start":{"line":201,"column":36},"end":{"line":201,"column":null}},"48":{"start":{"line":202,"column":36},"end":{"line":202,"column":null}}},"fnMap":{"0":{"name":"(anonymous_0)","decl":{"start":{"line":23,"column":46},"end":{"line":23,"column":47}},"loc":{"start":{"line":23,"column":96},"end":{"line":216,"column":null}},"line":23},"1":{"name":"(anonymous_1)","decl":{"start":{"line":32,"column":38},"end":{"line":32,"column":39}},"loc":{"start":{"line":32,"column":53},"end":{"line":32,"column":89}},"line":32},"2":{"name":"(anonymous_2)","decl":{"start":{"line":34,"column":36},"end":{"line":34,"column":48}},"loc":{"start":{"line":34,"column":48},"end":{"line":52,"column":null}},"line":34},"3":{"name":"(anonymous_3)","decl":{"start":{"line":54,"column":23},"end":{"line":54,"column":30}},"loc":{"start":{"line":54,"column":45},"end":{"line":57,"column":null}},"line":54},"4":{"name":"(anonymous_4)","decl":{"start":{"line":59,"column":27},"end":{"line":59,"column":34}},"loc":{"start":{"line":59,"column":65},"end":{"line":63,"column":null}},"line":59},"5":{"name":"(anonymous_5)","decl":{"start":{"line":88,"column":47},"end":{"line":88,"column":48}},"loc":{"start":{"line":89,"column":36},"end":{"line":114,"column":null}},"line":89},"6":{"name":"(anonymous_6)","decl":{"start":{"line":95,"column":57},"end":{"line":95,"column":58}},"loc":{"start":{"line":95,"column":111},"end":{"line":95,"column":null}},"line":95},"7":{"name":"(anonymous_7)","decl":{"start":{"line":105,"column":69},"end":{"line":105,"column":75}},"loc":{"start":{"line":105,"column":75},"end":{"line":105,"column":119}},"line":105},"8":{"name":"(anonymous_8)","decl":{"start":{"line":107,"column":69},"end":{"line":107,"column":75}},"loc":{"start":{"line":107,"column":75},"end":{"line":107,"column":119}},"line":107},"9":{"name":"(anonymous_9)","decl":{"start":{"line":109,"column":65},"end":{"line":109,"column":71}},"loc":{"start":{"line":109,"column":71},"end":{"line":109,"column":92}},"line":109},"10":{"name":"(anonymous_10)","decl":{"start":{"line":127,"column":57},"end":{"line":127,"column":63}},"loc":{"start":{"line":127,"column":63},"end":{"line":127,"column":131}},"line":127},"11":{"name":"(anonymous_11)","decl":{"start":{"line":135,"column":50},"end":{"line":135,"column":51}},"loc":{"start":{"line":135,"column":88},"end":{"line":135,"column":null}},"line":135},"12":{"name":"(anonymous_12)","decl":{"start":{"line":152,"column":61},"end":{"line":152,"column":62}},"loc":{"start":{"line":153,"column":44},"end":{"line":170,"column":null}},"line":153},"13":{"name":"(anonymous_13)","decl":{"start":{"line":160,"column":66},"end":{"line":160,"column":72}},"loc":{"start":{"line":160,"column":72},"end":{"line":160,"column":null}},"line":160},"14":{"name":"(anonymous_14)","decl":{"start":{"line":200,"column":41},"end":{"line":200,"column":47}},"loc":{"start":{"line":200,"column":47},"end":{"line":203,"column":null}},"line":200}},"branchMap":{"0":{"loc":{"start":{"line":35,"column":8},"end":{"line":35,"column":null}},"type":"if","locations":[{"start":{"line":35,"column":8},"end":{"line":35,"column":null}},{"start":{},"end":{}}],"line":35},"1":{"loc":{"start":{"line":41,"column":12},"end":{"line":43,"column":null}},"type":"if","locations":[{"start":{"line":41,"column":12},"end":{"line":43,"column":null}},{"start":{},"end":{}}],"line":41},"2":{"loc":{"start":{"line":60,"column":8},"end":{"line":60,"column":null}},"type":"if","locations":[{"start":{"line":60,"column":8},"end":{"line":60,"column":null}},{"start":{},"end":{}}],"line":60},"3":{"loc":{"start":{"line":65,"column":4},"end":{"line":65,"column":null}},"type":"if","locations":[{"start":{"line":65,"column":4},"end":{"line":65,"column":null}},{"start":{},"end":{}}],"line":65},"4":{"loc":{"start":{"line":81,"column":25},"end":{"line":116,"column":null}},"type":"cond-expr","locations":[{"start":{"line":82,"column":28},"end":{"line":85,"column":null}},{"start":{"line":87,"column":28},"end":{"line":116,"column":null}}],"line":81},"5":{"loc":{"start":{"line":92,"column":65},"end":{"line":92,"column":81}},"type":"binary-expr","locations":[{"start":{"line":92,"column":65},"end":{"line":92,"column":79}},{"start":{"line":92,"column":79},"end":{"line":92,"column":81}}],"line":92},"6":{"loc":{"start":{"line":120,"column":21},"end":{"line":209,"column":null}},"type":"binary-expr","locations":[{"start":{"line":120,"column":21},"end":{"line":120,"column":null}},{"start":{"line":121,"column":24},"end":{"line":209,"column":null}}],"line":120},"7":{"loc":{"start":{"line":126,"column":37},"end":{"line":127,"column":null}},"type":"binary-expr","locations":[{"start":{"line":126,"column":37},"end":{"line":126,"column":null}},{"start":{"line":127,"column":40},"end":{"line":127,"column":null}}],"line":126},"8":{"loc":{"start":{"line":148,"column":33},"end":{"line":148,"column":null}},"type":"binary-expr","locations":[{"start":{"line":148,"column":33},"end":{"line":148,"column":50}},{"start":{"line":148,"column":50},"end":{"line":148,"column":null}}],"line":148},"9":{"loc":{"start":{"line":150,"column":33},"end":{"line":172,"column":null}},"type":"binary-expr","locations":[{"start":{"line":150,"column":33},"end":{"line":150,"column":null}},{"start":{"line":151,"column":36},"end":{"line":172,"column":null}}],"line":150},"10":{"loc":{"start":{"line":153,"column":148},"end":{"line":153,"column":250}},"type":"cond-expr","locations":[{"start":{"line":153,"column":194},"end":{"line":153,"column":230}},{"start":{"line":153,"column":230},"end":{"line":153,"column":250}}],"line":153},"11":{"loc":{"start":{"line":183,"column":33},"end":{"line":189,"column":null}},"type":"binary-expr","locations":[{"start":{"line":183,"column":33},"end":{"line":183,"column":null}},{"start":{"line":184,"column":36},"end":{"line":189,"column":null}}],"line":183},"12":{"loc":{"start":{"line":194,"column":131},"end":{"line":194,"column":160}},"type":"binary-expr","locations":[{"start":{"line":194,"column":131},"end":{"line":194,"column":158}},{"start":{"line":194,"column":158},"end":{"line":194,"column":160}}],"line":194}},"s":{"0":2,"1":26,"2":26,"3":26,"4":26,"5":26,"6":26,"7":26,"8":26,"9":8,"10":26,"11":1,"12":0,"13":1,"14":1,"15":1,"16":1,"17":1,"18":1,"19":0,"20":0,"21":0,"22":0,"23":0,"24":1,"25":26,"26":1,"27":1,"28":26,"29":1,"30":0,"31":1,"32":1,"33":26,"34":17,"35":9,"36":8,"37":0,"38":0,"39":1,"40":1,"41":0,"42":0,"43":0,"44":1,"45":2,"46":1,"47":0,"48":0},"f":{"0":26,"1":8,"2":1,"3":1,"4":1,"5":8,"6":0,"7":0,"8":1,"9":1,"10":0,"11":1,"12":2,"13":1,"14":0},"b":{"0":[0,1],"1":[0,1],"2":[0,1],"3":[17,9],"4":[1,8],"5":[8,0],"6":[26,8],"7":[8,2],"8":[8,0],"9":[8,2],"10":[1,1],"11":[8,1],"12":[8,7]},"meta":{"lastBranch":13,"lastFunction":15,"lastStatement":49,"seen":{"s:23:46:216:Infinity":0,"f:23:46:23:47":0,"s:24:10:24:Infinity":1,"s:25:22:25:Infinity":2,"s:26:46:26:Infinity":3,"s:27:48:27:Infinity":4,"s:28:21:28:Infinity":5,"s:29:48:29:Infinity":6,"s:30:42:30:Infinity":7,"s:32:21:32:Infinity":8,"f:32:38:32:39":1,"s:32:53:32:89":9,"s:34:36:52:Infinity":10,"f:34:36:34:48":2,"b:35:8:35:Infinity:undefined:undefined:undefined:undefined":0,"s:35:8:35:Infinity":11,"s:35:28:35:Infinity":12,"s:36:8:36:Infinity":13,"s:37:8:37:Infinity":14,"s:38:8:51:Infinity":15,"s:39:28:39:Infinity":16,"s:40:12:40:Infinity":17,"b:41:12:43:Infinity:undefined:undefined:undefined:undefined":1,"s:41:12:43:Infinity":18,"s:42:16:42:Infinity":19,"s:45:12:45:Infinity":20,"s:46:12:46:Infinity":21,"s:47:12:47:Infinity":22,"s:48:12:48:Infinity":23,"s:50:12:50:Infinity":24,"s:54:23:57:Infinity":25,"f:54:23:54:30":3,"s:55:28:55:Infinity":26,"s:56:8:56:Infinity":27,"s:59:27:63:Infinity":28,"f:59:27:59:34":4,"b:60:8:60:Infinity:undefined:undefined:undefined:undefined":2,"s:60:8:60:Infinity":29,"s:60:24:60:Infinity":30,"s:61:28:61:Infinity":31,"s:62:8:62:Infinity":32,"b:65:4:65:Infinity:undefined:undefined:undefined:undefined":3,"s:65:4:65:Infinity":33,"s:65:17:65:Infinity":34,"s:67:4:214:Infinity":35,"b:82:28:85:Infinity:87:28:116:Infinity":4,"f:88:47:88:48":5,"s:89:36:114:Infinity":36,"b:92:65:92:79:92:79:92:81":5,"f:95:57:95:58":6,"s:95:113:95:158":37,"f:105:69:105:75":7,"s:105:75:105:119":38,"f:107:69:107:75":8,"s:107:75:107:119":39,"f:109:65:109:71":9,"s:109:71:109:92":40,"b:120:21:120:Infinity:121:24:209:Infinity":6,"b:126:37:126:Infinity:127:40:127:Infinity":7,"f:127:57:127:63":10,"s:127:65:127:77":41,"s:127:77:127:101":42,"s:127:101:127:128":43,"f:135:50:135:51":11,"s:135:88:135:Infinity":44,"b:148:33:148:50:148:50:148:Infinity":8,"b:150:33:150:Infinity:151:36:172:Infinity":9,"f:152:61:152:62":12,"s:153:44:170:Infinity":45,"b:153:194:153:230:153:230:153:250":10,"f:160:66:160:72":13,"s:160:72:160:Infinity":46,"b:183:33:183:Infinity:184:36:189:Infinity":11,"b:194:131:194:158:194:158:194:160":12,"f:200:41:200:47":14,"s:201:36:201:Infinity":47,"s:202:36:202:Infinity":48}}}
,"/home/imdias/workspace/AtelieFilhosDeAruanda-/frontend/src/components/Header.tsx": {"path":"/home/imdias/workspace/AtelieFilhosDeAruanda-/frontend/src/components/Header.tsx","statementMap":{"0":{"start":{"line":13,"column":25},"end":{"line":200,"column":null}},"1":{"start":{"line":14,"column":36},"end":{"line":14,"column":null}},"2":{"start":{"line":15,"column":36},"end":{"line":15,"column":null}},"3":{"start":{"line":16,"column":36},"end":{"line":16,"column":null}},"4":{"start":{"line":18,"column":24},"end":{"line":18,"column":null}},"5":{"start":{"line":19,"column":24},"end":{"line":19,"column":null}},"6":{"start":{"line":20,"column":36},"end":{"line":20,"column":null}},"7":{"start":{"line":22,"column":10},"end":{"line":22,"column":null}},"8":{"start":{"line":23,"column":10},"end":{"line":23,"column":null}},"9":{"start":{"line":25,"column":23},"end":{"line":30,"column":null}},"10":{"start":{"line":26,"column":21},"end":{"line":26,"column":null}},"11":{"start":{"line":27,"column":8},"end":{"line":27,"column":null}},"12":{"start":{"line":28,"column":26},"end":{"line":28,"column":null}},"13":{"start":{"line":29,"column":8},"end":{"line":29,"column":null}},"14":{"start":{"line":32,"column":4},"end":{"line":45,"column":null}},"15":{"start":{"line":33,"column":8},"end":{"line":33,"column":null}},"16":{"start":{"line":34,"column":31},"end":{"line":34,"column":null}},"17":{"start":{"line":34,"column":37},"end":{"line":34,"column":null}},"18":{"start":{"line":36,"column":8},"end":{"line":36,"column":null}},"19":{"start":{"line":37,"column":8},"end":{"line":37,"column":null}},"20":{"start":{"line":38,"column":8},"end":{"line":38,"column":null}},"21":{"start":{"line":40,"column":8},"end":{"line":44,"column":null}},"22":{"start":{"line":41,"column":12},"end":{"line":41,"column":null}},"23":{"start":{"line":42,"column":12},"end":{"line":42,"column":null}},"24":{"start":{"line":43,"column":12},"end":{"line":43,"column":null}},"25":{"start":{"line":47,"column":25},"end":{"line":47,"column":null}},"26":{"start":{"line":47,"column":60},"end":{"line":47,"column":88}},"27":{"start":{"line":49,"column":25},"end":{"line":56,"column":null}},"28":{"start":{"line":50,"column":8},"end":{"line":50,"column":null}},"29":{"start":{"line":51,"column":8},"end":{"line":55,"column":null}},"30":{"start":{"line":52,"column":12},"end":{"line":52,"column":null}},"31":{"start":{"line":53,"column":12},"end":{"line":53,"column":null}},"32":{"start":{"line":54,"column":12},"end":{"line":54,"column":null}},"33":{"start":{"line":58,"column":25},"end":{"line":60,"column":null}},"34":{"start":{"line":59,"column":8},"end":{"line":59,"column":null}},"35":{"start":{"line":62,"column":4},"end":{"line":64,"column":null}},"36":{"start":{"line":63,"column":8},"end":{"line":63,"column":null}},"37":{"start":{"line":66,"column":4},"end":{"line":198,"column":null}},"38":{"start":{"line":71,"column":103},"end":{"line":71,"column":null}},"39":{"start":{"line":143,"column":55},"end":{"line":143,"column":76}},"40":{"start":{"line":153,"column":43},"end":{"line":153,"column":null}},"41":{"start":{"line":179,"column":58},"end":{"line":179,"column":80}},"42":{"start":{"line":183,"column":49},"end":{"line":183,"column":70}},"43":{"start":{"line":183,"column":70},"end":{"line":183,"column":92}},"44":{"start":{"line":196,"column":59},"end":{"line":196,"column":81}},"45":{"start":{"line":197,"column":58},"end":{"line":197,"column":80}}},"fnMap":{"0":{"name":"(anonymous_0)","decl":{"start":{"line":13,"column":25},"end":{"line":13,"column":31}},"loc":{"start":{"line":13,"column":31},"end":{"line":200,"column":null}},"line":13},"1":{"name":"(anonymous_1)","decl":{"start":{"line":25,"column":23},"end":{"line":25,"column":35}},"loc":{"start":{"line":25,"column":35},"end":{"line":30,"column":null}},"line":25},"2":{"name":"(anonymous_2)","decl":{"start":{"line":32,"column":14},"end":{"line":32,"column":20}},"loc":{"start":{"line":32,"column":20},"end":{"line":45,"column":7}},"line":32},"3":{"name":"(anonymous_3)","decl":{"start":{"line":34,"column":31},"end":{"line":34,"column":37}},"loc":{"start":{"line":34,"column":37},"end":{"line":34,"column":null}},"line":34},"4":{"name":"(anonymous_4)","decl":{"start":{"line":40,"column":15},"end":{"line":40,"column":21}},"loc":{"start":{"line":40,"column":21},"end":{"line":44,"column":null}},"line":40},"5":{"name":"(anonymous_5)","decl":{"start":{"line":47,"column":45},"end":{"line":47,"column":46}},"loc":{"start":{"line":47,"column":60},"end":{"line":47,"column":88}},"line":47},"6":{"name":"(anonymous_6)","decl":{"start":{"line":49,"column":25},"end":{"line":49,"column":26}},"loc":{"start":{"line":49,"column":43},"end":{"line":56,"column":null}},"line":49},"7":{"name":"(anonymous_7)","decl":{"start":{"line":58,"column":25},"end":{"line":58,"column":31}},"loc":{"start":{"line":58,"column":31},"end":{"line":60,"column":null}},"line":58},"8":{"name":"(anonymous_8)","decl":{"start":{"line":62,"column":14},"end":{"line":62,"column":20}},"loc":{"start":{"line":62,"column":20},"end":{"line":64,"column":7}},"line":62},"9":{"name":"(anonymous_9)","decl":{"start":{"line":71,"column":97},"end":{"line":71,"column":103}},"loc":{"start":{"line":71,"column":103},"end":{"line":71,"column":null}},"line":71},"10":{"name":"(anonymous_10)","decl":{"start":{"line":143,"column":49},"end":{"line":143,"column":55}},"loc":{"start":{"line":143,"column":55},"end":{"line":143,"column":76}},"line":143},"11":{"name":"(anonymous_11)","decl":{"start":{"line":153,"column":37},"end":{"line":153,"column":43}},"loc":{"start":{"line":153,"column":43},"end":{"line":153,"column":null}},"line":153},"12":{"name":"(anonymous_12)","decl":{"start":{"line":179,"column":52},"end":{"line":179,"column":58}},"loc":{"start":{"line":179,"column":58},"end":{"line":179,"column":80}},"line":179},"13":{"name":"(anonymous_13)","decl":{"start":{"line":183,"column":41},"end":{"line":183,"column":47}},"loc":{"start":{"line":183,"column":47},"end":{"line":183,"column":95}},"line":183},"14":{"name":"(anonymous_14)","decl":{"start":{"line":196,"column":53},"end":{"line":196,"column":59}},"loc":{"start":{"line":196,"column":59},"end":{"line":196,"column":81}},"line":196},"15":{"name":"(anonymous_15)","decl":{"start":{"line":197,"column":52},"end":{"line":197,"column":58}},"loc":{"start":{"line":197,"column":58},"end":{"line":197,"column":80}},"line":197}},"branchMap":{"0":{"loc":{"start":{"line":29,"column":25},"end":{"line":29,"column":41}},"type":"binary-expr","locations":[{"start":{"line":29,"column":25},"end":{"line":29,"column":38}},{"start":{"line":29,"column":38},"end":{"line":29,"column":41}}],"line":29},"1":{"loc":{"start":{"line":47,"column":25},"end":{"line":47,"column":null}},"type":"binary-expr","locations":[{"start":{"line":47,"column":25},"end":{"line":47,"column":94}},{"start":{"line":47,"column":94},"end":{"line":47,"column":null}}],"line":47},"2":{"loc":{"start":{"line":47,"column":67},"end":{"line":47,"column":88}},"type":"binary-expr","locations":[{"start":{"line":47,"column":67},"end":{"line":47,"column":84}},{"start":{"line":47,"column":84},"end":{"line":47,"column":88}}],"line":47},"3":{"loc":{"start":{"line":51,"column":8},"end":{"line":55,"column":null}},"type":"if","locations":[{"start":{"line":51,"column":8},"end":{"line":55,"column":null}},{"start":{},"end":{}}],"line":51},"4":{"loc":{"start":{"line":63,"column":40},"end":{"line":63,"column":null}},"type":"cond-expr","locations":[{"start":{"line":63,"column":82},"end":{"line":63,"column":93}},{"start":{"line":63,"column":93},"end":{"line":63,"column":null}}],"line":63},"5":{"loc":{"start":{"line":63,"column":40},"end":{"line":63,"column":82}},"type":"binary-expr","locations":[{"start":{"line":63,"column":40},"end":{"line":63,"column":54}},{"start":{"line":63,"column":54},"end":{"line":63,"column":68}},{"start":{"line":63,"column":68},"end":{"line":63,"column":82}}],"line":63},"6":{"loc":{"start":{"line":72,"column":25},"end":{"line":72,"column":null}},"type":"cond-expr","locations":[{"start":{"line":72,"column":38},"end":{"line":72,"column":56}},{"start":{"line":72,"column":56},"end":{"line":72,"column":null}}],"line":72},"7":{"loc":{"start":{"line":95,"column":29},"end":{"line":146,"column":null}},"type":"cond-expr","locations":[{"start":{"line":96,"column":32},"end":{"line":141,"column":null}},{"start":{"line":143,"column":32},"end":{"line":146,"column":null}}],"line":95},"8":{"loc":{"start":{"line":101,"column":49},"end":{"line":101,"column":71}},"type":"binary-expr","locations":[{"start":{"line":101,"column":49},"end":{"line":101,"column":62}},{"start":{"line":101,"column":62},"end":{"line":101,"column":71}}],"line":101},"9":{"loc":{"start":{"line":104,"column":41},"end":{"line":109,"column":null}},"type":"cond-expr","locations":[{"start":{"line":105,"column":44},"end":{"line":105,"column":null}},{"start":{"line":107,"column":44},"end":{"line":109,"column":null}}],"line":104},"10":{"loc":{"start":{"line":108,"column":49},"end":{"line":108,"column":null}},"type":"cond-expr","locations":[{"start":{"line":108,"column":61},"end":{"line":108,"column":97}},{"start":{"line":108,"column":97},"end":{"line":108,"column":null}}],"line":108},"11":{"loc":{"start":{"line":116,"column":45},"end":{"line":121,"column":null}},"type":"cond-expr","locations":[{"start":{"line":117,"column":48},"end":{"line":117,"column":null}},{"start":{"line":119,"column":48},"end":{"line":121,"column":null}}],"line":116},"12":{"loc":{"start":{"line":120,"column":53},"end":{"line":120,"column":null}},"type":"cond-expr","locations":[{"start":{"line":120,"column":65},"end":{"line":120,"column":101}},{"start":{"line":120,"column":101},"end":{"line":120,"column":null}}],"line":120},"13":{"loc":{"start":{"line":158,"column":33},"end":{"line":161,"column":null}},"type":"binary-expr","locations":[{"start":{"line":158,"column":33},"end":{"line":158,"column":null}},{"start":{"line":159,"column":36},"end":{"line":161,"column":null}}],"line":158},"14":{"loc":{"start":{"line":178,"column":134},"end":{"line":178,"column":184}},"type":"cond-expr","locations":[{"start":{"line":178,"column":147},"end":{"line":178,"column":165}},{"start":{"line":178,"column":165},"end":{"line":178,"column":184}}],"line":178},"15":{"loc":{"start":{"line":182,"column":21},"end":{"line":191,"column":null}},"type":"cond-expr","locations":[{"start":{"line":183,"column":24},"end":{"line":186,"column":null}},{"start":{"line":188,"column":24},"end":{"line":191,"column":null}}],"line":182},"16":{"loc":{"start":{"line":196,"column":92},"end":{"line":196,"column":111}},"type":"binary-expr","locations":[{"start":{"line":196,"column":92},"end":{"line":196,"column":107}},{"start":{"line":196,"column":107},"end":{"line":196,"column":111}}],"line":196}},"s":{"0":1,"1":19,"2":19,"3":19,"4":19,"5":19,"6":19,"7":19,"8":19,"9":19,"10":6,"11":6,"12":6,"13":6,"14":19,"15":6,"16":6,"17":0,"18":6,"19":6,"20":6,"21":6,"22":6,"23":6,"24":6,"25":19,"26":0,"27":19,"28":1,"29":1,"30":1,"31":1,"32":1,"33":19,"34":1,"35":19,"36":7,"37":19,"38":1,"39":0,"40":0,"41":0,"42":0,"43":0,"44":0,"45":0},"f":{"0":19,"1":6,"2":6,"3":0,"4":6,"5":0,"6":1,"7":1,"8":7,"9":1,"10":0,"11":0,"12":0,"13":0,"14":0,"15":0},"b":{"0":[6,0],"1":[19,18],"2":[0,0],"3":[1,0],"4":[1,6],"5":[7,7,6],"6":[3,15],"7":[4,14],"8":[4,0],"9":[0,4],"10":[4,0],"11":[0,4],"12":[4,0],"13":[19,0],"14":[3,15],"15":[14,4],"16":[19,0]},"meta":{"lastBranch":17,"lastFunction":16,"lastStatement":46,"seen":{"s:13:25:200:Infinity":0,"f:13:25:13:31":0,"s:14:36:14:Infinity":1,"s:15:36:15:Infinity":2,"s:16:36:16:Infinity":3,"s:18:24:18:Infinity":4,"s:19:24:19:Infinity":5,"s:20:36:20:Infinity":6,"s:22:10:22:Infinity":7,"s:23:10:23:Infinity":8,"s:25:23:30:Infinity":9,"f:25:23:25:35":1,"s:26:21:26:Infinity":10,"s:27:8:27:Infinity":11,"s:28:26:28:Infinity":12,"s:29:8:29:Infinity":13,"b:29:25:29:38:29:38:29:41":0,"s:32:4:45:Infinity":14,"f:32:14:32:20":2,"s:33:8:33:Infinity":15,"s:34:31:34:Infinity":16,"f:34:31:34:37":3,"s:34:37:34:Infinity":17,"s:36:8:36:Infinity":18,"s:37:8:37:Infinity":19,"s:38:8:38:Infinity":20,"s:40:8:44:Infinity":21,"f:40:15:40:21":4,"s:41:12:41:Infinity":22,"s:42:12:42:Infinity":23,"s:43:12:43:Infinity":24,"s:47:25:47:Infinity":25,"b:47:25:47:94:47:94:47:Infinity":1,"f:47:45:47:46":5,"s:47:60:47:88":26,"b:47:67:47:84:47:84:47:88":2,"s:49:25:56:Infinity":27,"f:49:25:49:26":6,"s:50:8:50:Infinity":28,"b:51:8:55:Infinity:undefined:undefined:undefined:undefined":3,"s:51:8:55:Infinity":29,"s:52:12:52:Infinity":30,"s:53:12:53:Infinity":31,"s:54:12:54:Infinity":32,"s:58:25:60:Infinity":33,"f:58:25:58:31":7,"s:59:8:59:Infinity":34,"s:62:4:64:Infinity":35,"f:62:14:62:20":8,"s:63:8:63:Infinity":36,"b:63:82:63:93:63:93:63:Infinity":4,"b:63:40:63:54:63:54:63:68:63:68:63:82":5,"s:66:4:198:Infinity":37,"f:71:97:71:103":9,"s:71:103:71:Infinity":38,"b:72:38:72:56:72:56:72:Infinity":6,"b:96:32:141:Infinity:143:32:146:Infinity":7,"b:101:49:101:62:101:62:101:71":8,"b:105:44:105:Infinity:107:44:109:Infinity":9,"b:108:61:108:97:108:97:108:Infinity":10,"b:117:48:117:Infinity:119:48:121:Infinity":11,"b:120:65:120:101:120:101:120:Infinity":12,"f:143:49:143:55":10,"s:143:55:143:76":39,"f:153:37:153:43":11,"s:153:43:153:Infinity":40,"b:158:33:158:Infinity:159:36:161:Infinity":13,"b:178:147:178:165:178:165:178:184":14,"f:179:52:179:58":12,"s:179:58:179:80":41,"b:183:24:186:Infinity:188:24:191:Infinity":15,"f:183:41:183:47":13,"s:183:49:183:70":42,"s:183:70:183:92":43,"f:196:53:196:59":14,"s:196:59:196:81":44,"b:196:92:196:107:196:107:196:111":16,"f:197:52:197:58":15,"s:197:58:197:80":45}}}
,"/home/imdias/workspace/AtelieFilhosDeAruanda-/frontend/src/components/NavMenu.tsx": {"path":"/home/imdias/workspace/AtelieFilhosDeAruanda-/frontend/src/components/NavMenu.tsx","statementMap":{"0":{"start":{"line":14,"column":40},"end":{"line":158,"column":null}},"1":{"start":{"line":15,"column":10},"end":{"line":15,"column":null}},"2":{"start":{"line":16,"column":36},"end":{"line":16,"column":null}},"3":{"start":{"line":17,"column":44},"end":{"line":17,"column":null}},"4":{"start":{"line":18,"column":34},"end":{"line":18,"column":null}},"5":{"start":{"line":20,"column":4},"end":{"line":27,"column":null}},"6":{"start":{"line":21,"column":32},"end":{"line":25,"column":null}},"7":{"start":{"line":22,"column":25},"end":{"line":22,"column":null}},"8":{"start":{"line":24,"column":12},"end":{"line":24,"column":null}},"9":{"start":{"line":24,"column":43},"end":{"line":24,"column":51}},"10":{"start":{"line":24,"column":68},"end":{"line":24,"column":96}},"11":{"start":{"line":26,"column":8},"end":{"line":26,"column":null}},"12":{"start":{"line":30,"column":21},"end":{"line":33,"column":null}},"13":{"start":{"line":31,"column":8},"end":{"line":31,"column":null}},"14":{"start":{"line":31,"column":55},"end":{"line":31,"column":null}},"15":{"start":{"line":32,"column":8},"end":{"line":32,"column":null}},"16":{"start":{"line":35,"column":29},"end":{"line":35,"column":null}},"17":{"start":{"line":35,"column":50},"end":{"line":35,"column":87}},"18":{"start":{"line":37,"column":22},"end":{"line":42,"column":null}},"19":{"start":{"line":44,"column":4},"end":{"line":96,"column":null}},"20":{"start":{"line":45,"column":8},"end":{"line":94,"column":null}},"21":{"start":{"line":60,"column":39},"end":{"line":60,"column":null}},"22":{"start":{"line":69,"column":32},"end":{"line":77,"column":null}},"23":{"start":{"line":84,"column":20},"end":{"line":92,"column":null}},"24":{"start":{"line":98,"column":4},"end":{"line":156,"column":null}},"25":{"start":{"line":114,"column":40},"end":{"line":114,"column":null}},"26":{"start":{"line":115,"column":40},"end":{"line":115,"column":null}},"27":{"start":{"line":131,"column":36},"end":{"line":137,"column":null}},"28":{"start":{"line":145,"column":20},"end":{"line":153,"column":null}}},"fnMap":{"0":{"name":"(anonymous_0)","decl":{"start":{"line":14,"column":40},"end":{"line":14,"column":41}},"loc":{"start":{"line":14,"column":69},"end":{"line":158,"column":null}},"line":14},"1":{"name":"(anonymous_1)","decl":{"start":{"line":20,"column":14},"end":{"line":20,"column":20}},"loc":{"start":{"line":20,"column":20},"end":{"line":27,"column":7}},"line":20},"2":{"name":"(anonymous_2)","decl":{"start":{"line":21,"column":32},"end":{"line":21,"column":44}},"loc":{"start":{"line":21,"column":44},"end":{"line":25,"column":null}},"line":21},"3":{"name":"(anonymous_3)","decl":{"start":{"line":24,"column":38},"end":{"line":24,"column":43}},"loc":{"start":{"line":24,"column":43},"end":{"line":24,"column":51}},"line":24},"4":{"name":"(anonymous_4)","decl":{"start":{"line":24,"column":58},"end":{"line":24,"column":59}},"loc":{"start":{"line":24,"column":68},"end":{"line":24,"column":96}},"line":24},"5":{"name":"(anonymous_5)","decl":{"start":{"line":30,"column":21},"end":{"line":30,"column":22}},"loc":{"start":{"line":30,"column":39},"end":{"line":33,"column":null}},"line":30},"6":{"name":"(anonymous_6)","decl":{"start":{"line":35,"column":45},"end":{"line":35,"column":50}},"loc":{"start":{"line":35,"column":50},"end":{"line":35,"column":87}},"line":35},"7":{"name":"(anonymous_7)","decl":{"start":{"line":60,"column":33},"end":{"line":60,"column":39}},"loc":{"start":{"line":60,"column":39},"end":{"line":60,"column":null}},"line":60},"8":{"name":"(anonymous_8)","decl":{"start":{"line":68,"column":44},"end":{"line":68,"column":45}},"loc":{"start":{"line":69,"column":32},"end":{"line":77,"column":null}},"line":69},"9":{"name":"(anonymous_9)","decl":{"start":{"line":83,"column":40},"end":{"line":83,"column":41}},"loc":{"start":{"line":84,"column":20},"end":{"line":92,"column":null}},"line":84},"10":{"name":"(anonymous_10)","decl":{"start":{"line":114,"column":34},"end":{"line":114,"column":40}},"loc":{"start":{"line":114,"column":40},"end":{"line":114,"column":null}},"line":114},"11":{"name":"(anonymous_11)","decl":{"start":{"line":115,"column":34},"end":{"line":115,"column":40}},"loc":{"start":{"line":115,"column":40},"end":{"line":115,"column":null}},"line":115},"12":{"name":"(anonymous_12)","decl":{"start":{"line":130,"column":47},"end":{"line":130,"column":48}},"loc":{"start":{"line":131,"column":36},"end":{"line":137,"column":null}},"line":131},"13":{"name":"(anonymous_13)","decl":{"start":{"line":144,"column":40},"end":{"line":144,"column":41}},"loc":{"start":{"line":145,"column":20},"end":{"line":153,"column":null}},"line":145}},"branchMap":{"0":{"loc":{"start":{"line":31,"column":8},"end":{"line":31,"column":null}},"type":"if","locations":[{"start":{"line":31,"column":8},"end":{"line":31,"column":null}},{"start":{},"end":{}}],"line":31},"1":{"loc":{"start":{"line":31,"column":12},"end":{"line":31,"column":55}},"type":"binary-expr","locations":[{"start":{"line":31,"column":12},"end":{"line":31,"column":28}},{"start":{"line":31,"column":28},"end":{"line":31,"column":55}}],"line":31},"2":{"loc":{"start":{"line":32,"column":15},"end":{"line":32,"column":null}},"type":"binary-expr","locations":[{"start":{"line":32,"column":15},"end":{"line":32,"column":63}},{"start":{"line":32,"column":63},"end":{"line":32,"column":null}}],"line":32},"3":{"loc":{"start":{"line":44,"column":4},"end":{"line":96,"column":null}},"type":"if","locations":[{"start":{"line":44,"column":4},"end":{"line":96,"column":null}},{"start":{},"end":{}}],"line":44},"4":{"loc":{"start":{"line":50,"column":87},"end":{"line":50,"column":177}},"type":"cond-expr","locations":[{"start":{"line":50,"column":103},"end":{"line":50,"column":145}},{"start":{"line":50,"column":145},"end":{"line":50,"column":177}}],"line":50},"5":{"loc":{"start":{"line":61,"column":129},"end":{"line":61,"column":222}},"type":"cond-expr","locations":[{"start":{"line":61,"column":148},"end":{"line":61,"column":190}},{"start":{"line":61,"column":190},"end":{"line":61,"column":222}}],"line":61},"6":{"loc":{"start":{"line":63,"column":36},"end":{"line":63,"column":null}},"type":"cond-expr","locations":[{"start":{"line":63,"column":53},"end":{"line":63,"column":79}},{"start":{"line":63,"column":79},"end":{"line":63,"column":null}}],"line":63},"7":{"loc":{"start":{"line":66,"column":21},"end":{"line":79,"column":null}},"type":"binary-expr","locations":[{"start":{"line":66,"column":21},"end":{"line":66,"column":null}},{"start":{"line":67,"column":24},"end":{"line":79,"column":null}}],"line":66},"8":{"loc":{"start":{"line":72,"column":103},"end":{"line":72,"column":209}},"type":"cond-expr","locations":[{"start":{"line":72,"column":145},"end":{"line":72,"column":177}},{"start":{"line":72,"column":177},"end":{"line":72,"column":209}}],"line":72},"9":{"loc":{"start":{"line":87,"column":109},"end":{"line":87,"column":205}},"type":"cond-expr","locations":[{"start":{"line":87,"column":131},"end":{"line":87,"column":173}},{"start":{"line":87,"column":173},"end":{"line":87,"column":205}}],"line":87},"10":{"loc":{"start":{"line":104,"column":152},"end":{"line":104,"column":266}},"type":"cond-expr","locations":[{"start":{"line":104,"column":168},"end":{"line":104,"column":200}},{"start":{"line":104,"column":200},"end":{"line":104,"column":266}}],"line":104},"11":{"loc":{"start":{"line":107,"column":151},"end":{"line":107,"column":202}},"type":"cond-expr","locations":[{"start":{"line":107,"column":167},"end":{"line":107,"column":178}},{"start":{"line":107,"column":178},"end":{"line":107,"column":202}}],"line":107},"12":{"loc":{"start":{"line":118,"column":193},"end":{"line":118,"column":323}},"type":"cond-expr","locations":[{"start":{"line":118,"column":225},"end":{"line":118,"column":257}},{"start":{"line":118,"column":257},"end":{"line":118,"column":323}}],"line":118},"13":{"loc":{"start":{"line":118,"column":193},"end":{"line":118,"column":225}},"type":"binary-expr","locations":[{"start":{"line":118,"column":193},"end":{"line":118,"column":213}},{"start":{"line":118,"column":213},"end":{"line":118,"column":225}}],"line":118},"14":{"loc":{"start":{"line":120,"column":106},"end":{"line":120,"column":135}},"type":"cond-expr","locations":[{"start":{"line":120,"column":118},"end":{"line":120,"column":133}},{"start":{"line":120,"column":133},"end":{"line":120,"column":135}}],"line":120},"15":{"loc":{"start":{"line":121,"column":151},"end":{"line":121,"column":205}},"type":"cond-expr","locations":[{"start":{"line":121,"column":170},"end":{"line":121,"column":181}},{"start":{"line":121,"column":181},"end":{"line":121,"column":205}}],"line":121},"16":{"loc":{"start":{"line":125,"column":121},"end":{"line":125,"column":207}},"type":"cond-expr","locations":[{"start":{"line":125,"column":133},"end":{"line":125,"column":171}},{"start":{"line":125,"column":171},"end":{"line":125,"column":207}}],"line":125},"17":{"loc":{"start":{"line":127,"column":29},"end":{"line":138,"column":null}},"type":"cond-expr","locations":[{"start":{"line":128,"column":32},"end":{"line":128,"column":null}},{"start":{"line":130,"column":32},"end":{"line":138,"column":null}}],"line":127},"18":{"loc":{"start":{"line":134,"column":163},"end":{"line":134,"column":298}},"type":"cond-expr","locations":[{"start":{"line":134,"column":205},"end":{"line":134,"column":266}},{"start":{"line":134,"column":266},"end":{"line":134,"column":298}}],"line":134},"19":{"loc":{"start":{"line":148,"column":156},"end":{"line":148,"column":276}},"type":"cond-expr","locations":[{"start":{"line":148,"column":178},"end":{"line":148,"column":210}},{"start":{"line":148,"column":210},"end":{"line":148,"column":276}}],"line":148},"20":{"loc":{"start":{"line":151,"column":155},"end":{"line":151,"column":212}},"type":"cond-expr","locations":[{"start":{"line":151,"column":177},"end":{"line":151,"column":188}},{"start":{"line":151,"column":188},"end":{"line":151,"column":212}}],"line":151}},"s":{"0":1,"1":32,"2":32,"3":32,"4":32,"5":32,"6":12,"7":12,"8":0,"9":0,"10":0,"11":12,"12":32,"13":192,"14":0,"15":192,"16":32,"17":0,"18":32,"19":32,"20":16,"21":0,"22":0,"23":48,"24":16,"25":0,"26":0,"27":0,"28":48},"f":{"0":32,"1":12,"2":12,"3":0,"4":0,"5":192,"6":0,"7":0,"8":0,"9":48,"10":0,"11":0,"12":0,"13":48},"b":{"0":[0,192],"1":[192,48],"2":[192,192],"3":[16,16],"4":[16,0],"5":[0,16],"6":[0,16],"7":[16,0],"8":[0,0],"9":[0,48],"10":[16,0],"11":[16,0],"12":[0,16],"13":[32,16],"14":[0,16],"15":[0,16],"16":[0,16],"17":[16,0],"18":[0,0],"19":[0,48],"20":[0,48]},"meta":{"lastBranch":21,"lastFunction":14,"lastStatement":29,"seen":{"s:14:40:158:Infinity":0,"f:14:40:14:41":0,"s:15:10:15:Infinity":1,"s:16:36:16:Infinity":2,"s:17:44:17:Infinity":3,"s:18:34:18:Infinity":4,"s:20:4:27:Infinity":5,"f:20:14:20:20":1,"s:21:32:25:Infinity":6,"f:21:32:21:44":2,"s:22:25:22:Infinity":7,"s:24:12:24:Infinity":8,"f:24:38:24:43":3,"s:24:43:24:51":9,"f:24:58:24:59":4,"s:24:68:24:96":10,"s:26:8:26:Infinity":11,"s:30:21:33:Infinity":12,"f:30:21:30:22":5,"b:31:8:31:Infinity:undefined:undefined:undefined:undefined":0,"s:31:8:31:Infinity":13,"b:31:12:31:28:31:28:31:55":1,"s:31:55:31:Infinity":14,"s:32:8:32:Infinity":15,"b:32:15:32:63:32:63:32:Infinity":2,"s:35:29:35:Infinity":16,"f:35:45:35:50":6,"s:35:50:35:87":17,"s:37:22:42:Infinity":18,"b:44:4:96:Infinity:undefined:undefined:undefined:undefined":3,"s:44:4:96:Infinity":19,"s:45:8:94:Infinity":20,"b:50:103:50:145:50:145:50:177":4,"f:60:33:60:39":7,"s:60:39:60:Infinity":21,"b:61:148:61:190:61:190:61:222":5,"b:63:53:63:79:63:79:63:Infinity":6,"b:66:21:66:Infinity:67:24:79:Infinity":7,"f:68:44:68:45":8,"s:69:32:77:Infinity":22,"b:72:145:72:177:72:177:72:209":8,"f:83:40:83:41":9,"s:84:20:92:Infinity":23,"b:87:131:87:173:87:173:87:205":9,"s:98:4:156:Infinity":24,"b:104:168:104:200:104:200:104:266":10,"b:107:167:107:178:107:178:107:202":11,"f:114:34:114:40":10,"s:114:40:114:Infinity":25,"f:115:34:115:40":11,"s:115:40:115:Infinity":26,"b:118:225:118:257:118:257:118:323":12,"b:118:193:118:213:118:213:118:225":13,"b:120:118:120:133:120:133:120:135":14,"b:121:170:121:181:121:181:121:205":15,"b:125:133:125:171:125:171:125:207":16,"b:128:32:128:Infinity:130:32:138:Infinity":17,"f:130:47:130:48":12,"s:131:36:137:Infinity":27,"b:134:205:134:266:134:266:134:298":18,"f:144:40:144:41":13,"s:145:20:153:Infinity":28,"b:148:178:148:210:148:210:148:276":19,"b:151:177:151:188:151:188:151:212":20}}}
,"/home/imdias/workspace/AtelieFilhosDeAruanda-/frontend/src/components/ProductCard.tsx": {"path":"/home/imdias/workspace/AtelieFilhosDeAruanda-/frontend/src/components/ProductCard.tsx","statementMap":{"0":{"start":{"line":21,"column":48},"end":{"line":169,"column":null}},"1":{"start":{"line":22,"column":10},"end":{"line":22,"column":null}},"2":{"start":{"line":23,"column":30},"end":{"line":23,"column":null}},"3":{"start":{"line":24,"column":26},"end":{"line":24,"column":null}},"4":{"start":{"line":25,"column":21},"end":{"line":25,"column":null}},"5":{"start":{"line":27,"column":4},"end":{"line":27,"column":null}},"6":{"start":{"line":27,"column":27},"end":{"line":27,"column":null}},"7":{"start":{"line":29,"column":79},"end":{"line":29,"column":null}},"8":{"start":{"line":30,"column":23},"end":{"line":30,"column":null}},"9":{"start":{"line":32,"column":33},"end":{"line":36,"column":null}},"10":{"start":{"line":33,"column":8},"end":{"line":33,"column":null}},"11":{"start":{"line":34,"column":8},"end":{"line":34,"column":null}},"12":{"start":{"line":35,"column":8},"end":{"line":35,"column":null}},"13":{"start":{"line":38,"column":28},"end":{"line":50,"column":null}},"14":{"start":{"line":39,"column":8},"end":{"line":39,"column":null}},"15":{"start":{"line":40,"column":8},"end":{"line":40,"column":null}},"16":{"start":{"line":41,"column":8},"end":{"line":41,"column":null}},"17":{"start":{"line":43,"column":8},"end":{"line":49,"column":null}},"18":{"start":{"line":44,"column":12},"end":{"line":44,"column":null}},"19":{"start":{"line":45,"column":12},"end":{"line":45,"column":null}},"20":{"start":{"line":46,"column":12},"end":{"line":46,"column":null}},"21":{"start":{"line":47,"column":12},"end":{"line":47,"column":null}},"22":{"start":{"line":48,"column":12},"end":{"line":48,"column":null}},"23":{"start":{"line":48,"column":29},"end":{"line":48,"column":46}},"24":{"start":{"line":52,"column":10},"end":{"line":52,"column":null}},"25":{"start":{"line":53,"column":21},"end":{"line":53,"column":null}},"26":{"start":{"line":56,"column":26},"end":{"line":56,"column":null}},"27":{"start":{"line":57,"column":25},"end":{"line":57,"column":null}},"28":{"start":{"line":58,"column":24},"end":{"line":58,"column":null}},"29":{"start":{"line":59,"column":31},"end":{"line":61,"column":null}},"30":{"start":{"line":63,"column":27},"end":{"line":66,"column":null}},"31":{"start":{"line":68,"column":35},"end":{"line":71,"column":null}},"32":{"start":{"line":73,"column":4},"end":{"line":167,"column":null}}},"fnMap":{"0":{"name":"(anonymous_0)","decl":{"start":{"line":21,"column":48},"end":{"line":21,"column":49}},"loc":{"start":{"line":21,"column":65},"end":{"line":169,"column":null}},"line":21},"1":{"name":"(anonymous_1)","decl":{"start":{"line":32,"column":33},"end":{"line":32,"column":40}},"loc":{"start":{"line":32,"column":64},"end":{"line":36,"column":null}},"line":32},"2":{"name":"(anonymous_2)","decl":{"start":{"line":38,"column":28},"end":{"line":38,"column":29}},"loc":{"start":{"line":38,"column":53},"end":{"line":50,"column":null}},"line":38},"3":{"name":"(anonymous_3)","decl":{"start":{"line":43,"column":19},"end":{"line":43,"column":25}},"loc":{"start":{"line":43,"column":25},"end":{"line":49,"column":11}},"line":43},"4":{"name":"(anonymous_4)","decl":{"start":{"line":48,"column":23},"end":{"line":48,"column":29}},"loc":{"start":{"line":48,"column":29},"end":{"line":48,"column":46}},"line":48}},"branchMap":{"0":{"loc":{"start":{"line":27,"column":4},"end":{"line":27,"column":null}},"type":"if","locations":[{"start":{"line":27,"column":4},"end":{"line":27,"column":null}},{"start":{},"end":{}}],"line":27},"1":{"loc":{"start":{"line":52,"column":26},"end":{"line":52,"column":57}},"type":"binary-expr","locations":[{"start":{"line":52,"column":26},"end":{"line":52,"column":51}},{"start":{"line":52,"column":51},"end":{"line":52,"column":57}}],"line":52},"2":{"loc":{"start":{"line":53,"column":21},"end":{"line":53,"column":null}},"type":"binary-expr","locations":[{"start":{"line":53,"column":21},"end":{"line":53,"column":44}},{"start":{"line":53,"column":44},"end":{"line":53,"column":null}}],"line":53},"3":{"loc":{"start":{"line":56,"column":26},"end":{"line":56,"column":null}},"type":"binary-expr","locations":[{"start":{"line":56,"column":26},"end":{"line":56,"column":51}},{"start":{"line":56,"column":51},"end":{"line":56,"column":null}}],"line":56},"4":{"loc":{"start":{"line":59,"column":31},"end":{"line":61,"column":null}},"type":"binary-expr","locations":[{"start":{"line":59,"column":31},"end":{"line":59,"column":62}},{"start":{"line":59,"column":62},"end":{"line":61,"column":null}}],"line":59},"5":{"loc":{"start":{"line":59,"column":62},"end":{"line":61,"column":null}},"type":"cond-expr","locations":[{"start":{"line":60,"column":10},"end":{"line":60,"column":null}},{"start":{"line":61,"column":10},"end":{"line":61,"column":null}}],"line":59},"6":{"loc":{"start":{"line":66,"column":14},"end":{"line":66,"column":31}},"type":"binary-expr","locations":[{"start":{"line":66,"column":14},"end":{"line":66,"column":30}},{"start":{"line":66,"column":30},"end":{"line":66,"column":31}}],"line":66},"7":{"loc":{"start":{"line":71,"column":14},"end":{"line":71,"column":32}},"type":"binary-expr","locations":[{"start":{"line":71,"column":14},"end":{"line":71,"column":31}},{"start":{"line":71,"column":31},"end":{"line":71,"column":32}}],"line":71},"8":{"loc":{"start":{"line":81,"column":221},"end":{"line":81,"column":302}},"type":"cond-expr","locations":[{"start":{"line":81,"column":234},"end":{"line":81,"column":251}},{"start":{"line":81,"column":251},"end":{"line":81,"column":302}}],"line":81},"9":{"loc":{"start":{"line":82,"column":23},"end":{"line":82,"column":null}},"type":"cond-expr","locations":[{"start":{"line":82,"column":36},"end":{"line":82,"column":62}},{"start":{"line":82,"column":62},"end":{"line":82,"column":null}}],"line":82},"10":{"loc":{"start":{"line":84,"column":17},"end":{"line":87,"column":null}},"type":"cond-expr","locations":[{"start":{"line":85,"column":20},"end":{"line":85,"column":null}},{"start":{"line":87,"column":20},"end":{"line":87,"column":null}}],"line":84},"11":{"loc":{"start":{"line":87,"column":51},"end":{"line":87,"column":100}},"type":"cond-expr","locations":[{"start":{"line":87,"column":64},"end":{"line":87,"column":81}},{"start":{"line":87,"column":81},"end":{"line":87,"column":100}}],"line":87},"12":{"loc":{"start":{"line":94,"column":25},"end":{"line":94,"column":null}},"type":"binary-expr","locations":[{"start":{"line":94,"column":25},"end":{"line":94,"column":42}},{"start":{"line":94,"column":42},"end":{"line":94,"column":58}},{"start":{"line":94,"column":58},"end":{"line":94,"column":null}}],"line":94},"13":{"loc":{"start":{"line":99,"column":35},"end":{"line":99,"column":null}},"type":"cond-expr","locations":[{"start":{"line":99,"column":95},"end":{"line":99,"column":119}},{"start":{"line":99,"column":119},"end":{"line":99,"column":null}}],"line":99},"14":{"loc":{"start":{"line":99,"column":35},"end":{"line":99,"column":95}},"type":"binary-expr","locations":[{"start":{"line":99,"column":35},"end":{"line":99,"column":55}},{"start":{"line":99,"column":55},"end":{"line":99,"column":95}}],"line":99},"15":{"loc":{"start":{"line":103,"column":17},"end":{"line":106,"column":null}},"type":"binary-expr","locations":[{"start":{"line":103,"column":17},"end":{"line":103,"column":null}},{"start":{"line":104,"column":20},"end":{"line":106,"column":null}}],"line":103},"16":{"loc":{"start":{"line":119,"column":31},"end":{"line":119,"column":null}},"type":"binary-expr","locations":[{"start":{"line":119,"column":31},"end":{"line":119,"column":48}},{"start":{"line":119,"column":48},"end":{"line":119,"column":64}},{"start":{"line":119,"column":64},"end":{"line":119,"column":null}}],"line":119},"17":{"loc":{"start":{"line":121,"column":25},"end":{"line":121,"column":null}},"type":"binary-expr","locations":[{"start":{"line":121,"column":25},"end":{"line":121,"column":42}},{"start":{"line":121,"column":42},"end":{"line":121,"column":58}},{"start":{"line":121,"column":58},"end":{"line":121,"column":null}}],"line":121},"18":{"loc":{"start":{"line":127,"column":25},"end":{"line":130,"column":null}},"type":"binary-expr","locations":[{"start":{"line":127,"column":25},"end":{"line":127,"column":null}},{"start":{"line":128,"column":28},"end":{"line":130,"column":null}}],"line":127},"19":{"loc":{"start":{"line":136,"column":29},"end":{"line":139,"column":null}},"type":"binary-expr","locations":[{"start":{"line":136,"column":29},"end":{"line":136,"column":null}},{"start":{"line":137,"column":32},"end":{"line":139,"column":null}}],"line":136},"20":{"loc":{"start":{"line":149,"column":142},"end":{"line":149,"column":208}},"type":"cond-expr","locations":[{"start":{"line":149,"column":150},"end":{"line":149,"column":206}},{"start":{"line":149,"column":206},"end":{"line":149,"column":208}}],"line":149},"21":{"loc":{"start":{"line":151,"column":25},"end":{"line":162,"column":null}},"type":"cond-expr","locations":[{"start":{"line":152,"column":28},"end":{"line":155,"column":null}},{"start":{"line":156,"column":28},"end":{"line":162,"column":null}}],"line":151},"22":{"loc":{"start":{"line":156,"column":28},"end":{"line":162,"column":null}},"type":"cond-expr","locations":[{"start":{"line":157,"column":28},"end":{"line":157,"column":null}},{"start":{"line":159,"column":28},"end":{"line":162,"column":null}}],"line":156}},"s":{"0":2,"1":5,"2":5,"3":5,"4":5,"5":5,"6":0,"7":4,"8":4,"9":4,"10":0,"11":0,"12":0,"13":4,"14":1,"15":1,"16":1,"17":1,"18":0,"19":0,"20":0,"21":0,"22":0,"23":0,"24":4,"25":5,"26":5,"27":5,"28":5,"29":5,"30":5,"31":5,"32":5},"f":{"0":5,"1":0,"2":1,"3":0,"4":0},"b":{"0":[0,5],"1":[4,1],"2":[5,0],"3":[5,4],"4":[5,4],"5":[0,4],"6":[5,0],"7":[5,0],"8":[0,4],"9":[0,4],"10":[0,4],"11":[0,4],"12":[5,4,0],"13":[0,4],"14":[5,0],"15":[5,1],"16":[5,4,0],"17":[5,4,0],"18":[5,0],"19":[5,0],"20":[0,4],"21":[0,4],"22":[1,3]},"meta":{"lastBranch":23,"lastFunction":5,"lastStatement":33,"seen":{"s:21:48:169:Infinity":0,"f:21:48:21:49":0,"s:22:10:22:Infinity":1,"s:23:30:23:Infinity":2,"s:24:26:24:Infinity":3,"s:25:21:25:Infinity":4,"b:27:4:27:Infinity:undefined:undefined:undefined:undefined":0,"s:27:4:27:Infinity":5,"s:27:27:27:Infinity":6,"s:29:79:29:Infinity":7,"s:30:23:30:Infinity":8,"s:32:33:36:Infinity":9,"f:32:33:32:40":1,"s:33:8:33:Infinity":10,"s:34:8:34:Infinity":11,"s:35:8:35:Infinity":12,"s:38:28:50:Infinity":13,"f:38:28:38:29":2,"s:39:8:39:Infinity":14,"s:40:8:40:Infinity":15,"s:41:8:41:Infinity":16,"s:43:8:49:Infinity":17,"f:43:19:43:25":3,"s:44:12:44:Infinity":18,"s:45:12:45:Infinity":19,"s:46:12:46:Infinity":20,"s:47:12:47:Infinity":21,"s:48:12:48:Infinity":22,"f:48:23:48:29":4,"s:48:29:48:46":23,"s:52:10:52:Infinity":24,"b:52:26:52:51:52:51:52:57":1,"s:53:21:53:Infinity":25,"b:53:21:53:44:53:44:53:Infinity":2,"s:56:26:56:Infinity":26,"b:56:26:56:51:56:51:56:Infinity":3,"s:57:25:57:Infinity":27,"s:58:24:58:Infinity":28,"s:59:31:61:Infinity":29,"b:59:31:59:62:59:62:61:Infinity":4,"b:60:10:60:Infinity:61:10:61:Infinity":5,"s:63:27:66:Infinity":30,"b:66:14:66:30:66:30:66:31":6,"s:68:35:71:Infinity":31,"b:71:14:71:31:71:31:71:32":7,"s:73:4:167:Infinity":32,"b:81:234:81:251:81:251:81:302":8,"b:82:36:82:62:82:62:82:Infinity":9,"b:85:20:85:Infinity:87:20:87:Infinity":10,"b:87:64:87:81:87:81:87:100":11,"b:94:25:94:42:94:42:94:58:94:58:94:Infinity":12,"b:99:95:99:119:99:119:99:Infinity":13,"b:99:35:99:55:99:55:99:95":14,"b:103:17:103:Infinity:104:20:106:Infinity":15,"b:119:31:119:48:119:48:119:64:119:64:119:Infinity":16,"b:121:25:121:42:121:42:121:58:121:58:121:Infinity":17,"b:127:25:127:Infinity:128:28:130:Infinity":18,"b:136:29:136:Infinity:137:32:139:Infinity":19,"b:149:150:149:206:149:206:149:208":20,"b:152:28:155:Infinity:156:28:162:Infinity":21,"b:157:28:157:Infinity:159:28:162:Infinity":22}}}
,"/home/imdias/workspace/AtelieFilhosDeAruanda-/frontend/src/components/ReviewSection.tsx": {"path":"/home/imdias/workspace/AtelieFilhosDeAruanda-/frontend/src/components/ReviewSection.tsx","statementMap":{"0":{"start":{"line":15,"column":52},"end":{"line":116,"column":null}},"1":{"start":{"line":16,"column":4},"end":{"line":25,"column":null}},"2":{"start":{"line":16,"column":17},"end":{"line":25,"column":null}},"3":{"start":{"line":23,"column":36},"end":{"line":23,"column":66}},"4":{"start":{"line":28,"column":4},"end":{"line":114,"column":null}},"5":{"start":{"line":56,"column":32},"end":{"line":100,"column":null}},"6":{"start":{"line":61,"column":52},"end":{"line":61,"column":null}}},"fnMap":{"0":{"name":"(anonymous_0)","decl":{"start":{"line":15,"column":52},"end":{"line":15,"column":53}},"loc":{"start":{"line":15,"column":78},"end":{"line":116,"column":null}},"line":15},"1":{"name":"(anonymous_1)","decl":{"start":{"line":23,"column":31},"end":{"line":23,"column":36}},"loc":{"start":{"line":23,"column":36},"end":{"line":23,"column":66}},"line":23},"2":{"name":"(anonymous_2)","decl":{"start":{"line":55,"column":41},"end":{"line":55,"column":null}},"loc":{"start":{"line":56,"column":32},"end":{"line":100,"column":null}},"line":56},"3":{"name":"(anonymous_3)","decl":{"start":{"line":60,"column":69},"end":{"line":60,"column":null}},"loc":{"start":{"line":61,"column":52},"end":{"line":61,"column":null}},"line":61}},"branchMap":{"0":{"loc":{"start":{"line":16,"column":4},"end":{"line":25,"column":null}},"type":"if","locations":[{"start":{"line":16,"column":4},"end":{"line":25,"column":null}},{"start":{},"end":{}}],"line":16},"1":{"loc":{"start":{"line":35,"column":13},"end":{"line":112,"column":null}},"type":"cond-expr","locations":[{"start":{"line":36,"column":16},"end":{"line":104,"column":null}},{"start":{"line":106,"column":16},"end":{"line":112,"column":null}}],"line":35},"2":{"loc":{"start":{"line":61,"column":87},"end":{"line":61,"column":159}},"type":"cond-expr","locations":[{"start":{"line":61,"column":108},"end":{"line":61,"column":142}},{"start":{"line":61,"column":142},"end":{"line":61,"column":159}}],"line":61},"3":{"loc":{"start":{"line":64,"column":125},"end":{"line":64,"column":175}},"type":"binary-expr","locations":[{"start":{"line":64,"column":125},"end":{"line":64,"column":144}},{"start":{"line":64,"column":144},"end":{"line":64,"column":165}},{"start":{"line":64,"column":165},"end":{"line":64,"column":175}}],"line":64},"4":{"loc":{"start":{"line":65,"column":45},"end":{"line":65,"column":null}},"type":"binary-expr","locations":[{"start":{"line":65,"column":45},"end":{"line":65,"column":72}},{"start":{"line":65,"column":72},"end":{"line":65,"column":null}}],"line":65},"5":{"loc":{"start":{"line":76,"column":49},"end":{"line":76,"column":null}},"type":"cond-expr","locations":[{"start":{"line":76,"column":68},"end":{"line":76,"column":125}},{"start":{"line":76,"column":125},"end":{"line":76,"column":null}}],"line":76},"6":{"loc":{"start":{"line":80,"column":45},"end":{"line":96,"column":null}},"type":"binary-expr","locations":[{"start":{"line":80,"column":45},"end":{"line":80,"column":null}},{"start":{"line":81,"column":48},"end":{"line":96,"column":null}}],"line":80},"7":{"loc":{"start":{"line":91,"column":53},"end":{"line":94,"column":null}},"type":"binary-expr","locations":[{"start":{"line":91,"column":53},"end":{"line":91,"column":null}},{"start":{"line":92,"column":56},"end":{"line":94,"column":null}}],"line":91}},"s":{"0":1,"1":3,"2":0,"3":0,"4":3,"5":0,"6":0},"f":{"0":3,"1":0,"2":0,"3":0},"b":{"0":[0,3],"1":[0,3],"2":[0,0],"3":[0,0,0],"4":[0,0],"5":[0,0],"6":[0,0],"7":[0,0]},"meta":{"lastBranch":8,"lastFunction":4,"lastStatement":7,"seen":{"s:15:52:116:Infinity":0,"f:1
[...]
"column":null}},"24":{"start":{"line":44,"column":4},"end":{"line":44,"column":null}},"25":{"start":{"line":44,"column":60},"end":{"line":44,"column":null}},"26":{"start":{"line":46,"column":4},"end":{"line":46,"column":null}},"27":{"start":{"line":52,"column":27},"end":{"line":90,"column":null}},"28":{"start":{"line":53,"column":22},"end":{"line":53,"column":null}},"29":{"start":{"line":55,"column":4},"end":{"line":55,"column":null}},"30":{"start":{"line":55,"column":33},"end":{"line":55,"column":null}},"31":{"start":{"line":58,"column":4},"end":{"line":58,"column":null}},"32":{"start":{"line":58,"column":37},"end":{"line":58,"column":null}},"33":{"start":{"line":61,"column":15},"end":{"line":61,"column":null}},"34":{"start":{"line":62,"column":18},"end":{"line":62,"column":null}},"35":{"start":{"line":63,"column":19},"end":{"line":63,"column":null}},"36":{"start":{"line":64,"column":14},"end":{"line":64,"column":null}},"37":{"start":{"line":65,"column":14},"end":{"line":65,"column":null}},"38":{"start":{"line":67,"column":4},"end":{"line":70,"column":null}},"39":{"start":{"line":67,"column":17},"end":{"line":67,"column":23}},"40":{"start":{"line":68,"column":8},"end":{"line":68,"column":null}},"41":{"start":{"line":69,"column":8},"end":{"line":69,"column":null}},"42":{"start":{"line":69,"column":21},"end":{"line":69,"column":null}},"43":{"start":{"line":72,"column":17},"end":{"line":72,"column":null}},"44":{"start":{"line":73,"column":4},"end":{"line":73,"column":null}},"45":{"start":{"line":73,"column":47},"end":{"line":73,"column":null}},"46":{"start":{"line":76,"column":4},"end":{"line":76,"column":null}},"47":{"start":{"line":77,"column":4},"end":{"line":77,"column":null}},"48":{"start":{"line":78,"column":4},"end":{"line":78,"column":null}},"49":{"start":{"line":79,"column":4},"end":{"line":79,"column":null}},"50":{"start":{"line":81,"column":4},"end":{"line":84,"column":null}},"51":{"start":{"line":81,"column":17},"end":{"line":81,"column":23}},"52":{"start":{"line":82,"column":8},"end":{"line":82,"column":null}},"53":{"start":{"line":83,"column":8},"end":{"line":83,"column":null}},"54":{"start":{"line":83,"column":21},"end":{"line":83,"column":null}},"55":{"start":{"line":86,"column":4},"end":{"line":86,"column":null}},"56":{"start":{"line":87,"column":4},"end":{"line":87,"column":null}},"57":{"start":{"line":87,"column":47},"end":{"line":87,"column":null}},"58":{"start":{"line":89,"column":4},"end":{"line":89,"column":null}},"59":{"start":{"line":95,"column":30},"end":{"line":114,"column":null}},"60":{"start":{"line":96,"column":18},"end":{"line":96,"column":null}},"61":{"start":{"line":98,"column":4},"end":{"line":113,"column":null}},"62":{"start":{"line":100,"column":8},"end":{"line":104,"column":null}},"63":{"start":{"line":107,"column":8},"end":{"line":112,"column":null}}},"fnMap":{"0":{"name":"(anonymous_0)","decl":{"start":{"line":9,"column":32},"end":{"line":9,"column":33}},"loc":{"start":{"line":9,"column":57},"end":{"line":11,"column":null}},"line":9},"1":{"name":"(anonymous_1)","decl":{"start":{"line":16,"column":26},"end":{"line":16,"column":27}},"loc":{"start":{"line":16,"column":52},"end":{"line":47,"column":null}},"line":16},"2":{"name":"(anonymous_2)","decl":{"start":{"line":52,"column":27},"end":{"line":52,"column":28}},"loc":{"start":{"line":52,"column":54},"end":{"line":90,"column":null}},"line":52},"3":{"name":"(anonymous_3)","decl":{"start":{"line":95,"column":30},"end":{"line":95,"column":31}},"loc":{"start":{"line":95,"column":55},"end":{"line":114,"column":null}},"line":95}},"branchMap":{"0":{"loc":{"start":{"line":19,"column":4},"end":{"line":19,"column":null}},"type":"if","locations":[{"start":{"line":19,"column":4},"end":{"line":19,"column":null}},{"start":{},"end":{}}],"line":19},"1":{"loc":{"start":{"line":22,"column":4},"end":{"line":22,"column":null}},"type":"if","locations":[{"start":{"line":22,"column":4},"end":{"line":22,"column":null}},{"start":{},"end":{}}],"line":22},"2":{"loc":{"start":{"line":33,"column":4},"end":{"line":33,"column":null}},"type":"if","locations":[{"start":{"line":33,"column":4},"end":{"line":33,"column":null}},{"start":{},"end":{}}],"line":33},"3":{"loc":{"start":{"line":33,"column":8},"end":{"line":33,"column":46}},"type":"binary-expr","locations":[{"start":{"line":33,"column":8},"end":{"line":33,"column":28}},{"start":{"line":33,"column":28},"end":{"line":33,"column":46}}],"line":33},"4":{"loc":{"start":{"line":34,"column":4},"end":{"line":34,"column":null}},"type":"if","locations":[{"start":{"line":34,"column":4},"end":{"line":34,"column":null}},{"start":{},"end":{}}],"line":34},"5":{"loc":{"start":{"line":43,"column":4},"end":{"line":43,"column":null}},"type":"if","locations":[{"start":{"line":43,"column":4},"end":{"line":43,"column":null}},{"start":{},"end":{}}],"line":43},"6":{"loc":{"start":{"line":43,"column":8},"end":{"line":43,"column":46}},"type":"binary-expr","locations":[{"start":{"line":43,"column":8},"end":{"line":43,"column":28}},{"start":{"line":43,"column":28},"end":{"line":43,"column":46}}],"line":43},"7":{"loc":{"start":{"line":44,"column":4},"end":{"line":44,"column":null}},"type":"if","locations":[{"start":{"line":44,"column":4},"end":{"line":44,"column":null}},{"start":{},"end":{}}],"line":44},"8":{"loc":{"start":{"line":55,"column":4},"end":{"line":55,"column":null}},"type":"if","locations":[{"start":{"line":55,"column":4},"end":{"line":55,"column":null}},{"start":{},"end":{}}],"line":55},"9":{"loc":{"start":{"line":58,"column":4},"end":{"line":58,"column":null}},"type":"if","locations":[{"start":{"line":58,"column":4},"end":{"line":58,"column":null}},{"start":{},"end":{}}],"line":58},"10":{"loc":{"start":{"line":69,"column":8},"end":{"line":69,"column":null}},"type":"if","locations":[{"start":{"line":69,"column":8},"end":{"line":69,"column":null}},{"start":{},"end":{}}],"line":69},"11":{"loc":{"start":{"line":72,"column":17},"end":{"line":72,"column":null}},"type":"cond-expr","locations":[{"start":{"line":72,"column":32},"end":{"line":72,"column":36}},{"start":{"line":72,"column":36},"end":{"line":72,"column":null}}],"line":72},"12":{"loc":{"start":{"line":73,"column":4},"end":{"line":73,"column":null}},"type":"if","locations":[{"start":{"line":73,"column":4},"end":{"line":73,"column":null}},{"start":{},"end":{}}],"line":73},"13":{"loc":{"start":{"line":83,"column":8},"end":{"line":83,"column":null}},"type":"if","locations":[{"start":{"line":83,"column":8},"end":{"line":83,"column":null}},{"start":{},"end":{}}],"line":83},"14":{"loc":{"start":{"line":86,"column":13},"end":{"line":86,"column":null}},"type":"cond-expr","locations":[{"start":{"line":86,"column":28},"end":{"line":86,"column":32}},{"start":{"line":86,"column":32},"end":{"line":86,"column":null}}],"line":86},"15":{"loc":{"start":{"line":87,"column":4},"end":{"line":87,"column":null}},"type":"if","locations":[{"start":{"line":87,"column":4},"end":{"line":87,"column":null}},{"start":{},"end":{}}],"line":87},"16":{"loc":{"start":{"line":98,"column":4},"end":{"line":113,"column":null}},"type":"if","locations":[{"start":{"line":98,"column":4},"end":{"line":113,"column":null}},{"start":{"line":105,"column":11},"end":{"line":113,"column":null}}],"line":98}},"s":{"0":2,"1":5,"2":2,"3":2,"4":2,"5":0,"6":2,"7":1,"8":1,"9":1,"10":1,"11":9,"12":1,"13":1,"14":1,"15":1,"16":0,"17":1,"18":1,"19":1,"20":10,"21":1,"22":1,"23":0,"24":1,"25":0,"26":1,"27":2,"28":0,"29":0,"30":0,"31":0,"32":0,"33":0,"34":0,"35":0,"36":0,"37":0,"38":0,"39":0,"40":0,"41":0,"42":0,"43":0,"44":0,"45":0,"46":0,"47":0,"48":0,"49":0,"50":0,"51":0,"52":0,"53":0,"54":0,"55":0,"56":0,"57":0,"58":0,"59":2,"60":0,"61":0,"62":0,"63":0},"f":{"0":5,"1":2,"2":0,"3":0},"b":{"0":[0,2],"1":[1,1],"2":[1,0],"3":[1,0],"4":[0,1],"5":[0,1],"6":[1,1],"7":[0,1],"8":[0,0],"9":[0,0],"10":[0,0],"11":[0,0],"12":[0,0],"13":[0,0],"14":[0,0],"15":[0,0],"16":[0,0]},"meta":{"lastBranch":17,"lastFunction":4,"lastStatement":64,"seen":{"s:9:32:11:Infinity":0,"f:9:32:9:33":0,"s:10:4:10:Infinity":1,"s:16:26:47:Infinity":2,"f:16:26:16:27":1,"s:17:21:17:Infinity":3,"b:19:4:19:Infinity:undefined:undefined:undefined:undefined":0,"s:19:4:19:Infinity":4,"s:19:32:19:Infinity":5,"b:22:4:22:Infinity:undefined:undefined:undefined:undefined":1,"s:22:4:22:Infinity":6,"s:22:36:22:Infinity":7,"s:24:14:24:Infinity":8,"s:28:4:30:Infinity":9,"s:28:17:28:20":10,"s:29:8:29:Infinity":11,"s:32:4:32:Infinity":12,"b:33:4:33:Infinity:undefined:undefined:undefined:undefined":2,"s:33:4:33:Infinity":13,"b:33:8:33:28:33:28:33:46":3,"s:33:46:33:Infinity":14,"b:34:4:34:Infinity:undefined:undefined:undefined:undefined":4,"s:34:4:34:Infinity":15,"s:34:59:34:Infinity":16,"s:37:4:37:Infinity":17,"s:38:4:40:Infinity":18,"s:38:17:38:20":19,"s:39:8:39:Infinity":20,"s:42:4:42:Infinity":21,"b:43:4:43:Infinity:undefined:undefined:undefined:undefined":5,"s:43:4:43:Infinity":22,"b:43:8:43:28:43:28:43:46":6,"s:43:46:43:Infinity":23,"b:44:4:44:Infinity:undefined:undefined:undefined:undefined":7,"s:44:4:44:Infinity":24,"s:44:60:44:Infinity":25,"s:46:4:46:Infinity":26,"s:52:27:90:Infinity":27,"f:52:27:52:28":2,"s:53:22:53:Infinity":28,"b:55:4:55:Infinity:undefined:undefined:undefined:undefined":8,"s:55:4:55:Infinity":29,"s:55:33:55:Infinity":30,"b:58:4:58:Infinity:undefined:undefined:undefined:undefined":9,"s:58:4:58:Infinity":31,"s:58:37:58:Infinity":32,"s:61:15:61:Infinity":33,"s:62:18:62:Infinity":34,"s:63:19:63:Infinity":35,"s:64:14:64:Infinity":36,"s:65:14:65:Infinity":37,"s:67:4:70:Infinity":38,"s:67:17:67:23":39,"s:68:8:68:Infinity":40,"b:69:8:69:Infinity:undefined:undefined:undefined:undefined":10,"s:69:8:69:Infinity":41,"s:69:21:69:Infinity":42,"s:72:17:72:Infinity":43,"b:72:32:72:36:72:36:72:Infinity":11,"b:73:4:73:Infinity:undefined:undefined:undefined:undefined":12,"s:73:4:73:Infinity":44,"s:73:47:73:Infinity":45,"s:76:4:76:Infinity":46,"s:77:4:77:Infinity":47,"s:78:4:78:Infinity":48,"s:79:4:79:Infinity":49,"s:81:4:84:Infinity":50,"s:81:17:81:23":51,"s:82:8:82:Infinity":52,"b:83:8:83:Infinity:undefined:undefined:undefined:undefined":13,"s:83:8:83:Infinity":53,"s:83:21:83:Infinity":54,"s:86:4:86:Infinity":55,"b:86:28:86:32:86:32:86:Infinity":14,"b:87:4:87:Infinity:undefined:undefined:undefined:undefined":15,"s:87:4:87:Infinity":56,"s:87:47:87:Infinity":57,"s:89:4:89:Infinity":58,"s:95:30:114:Infinity":59,"f:95:30:95:31":3,"s:96:18:96:Infinity":60,"b:98:4:113:Infinity:105:11:113:Infinity":16,"s:98:4:113:Infinity":61,"s:100:8:104:Infinity":62,"s:107:8:112:Infinity":63}}}
,"/home/imdias/workspace/AtelieFilhosDeAruanda-/frontend/src/utils/imageUtils.ts": {"path":"/home/imdias/workspace/AtelieFilhosDeAruanda-/frontend/src/utils/imageUtils.ts","statementMap":{"0":{"start":{"line":9,"column":4},"end":{"line":11,"column":null}},"1":{"start":{"line":10,"column":8},"end":{"line":10,"column":null}},"2":{"start":{"line":14,"column":19},"end":{"line":14,"column":null}},"3":{"start":{"line":15,"column":4},"end":{"line":15,"column":null}},"4":{"start":{"line":15,"column":15},"end":{"line":15,"column":null}},"5":{"start":{"line":16,"column":4},"end":{"line":16,"column":null}},"6":{"start":{"line":16,"column":16},"end":{"line":16,"column":null}},"7":{"start":{"line":17,"column":4},"end":{"line":17,"column":null}},"8":{"start":{"line":19,"column":25},"end":{"line":19,"column":null}},"9":{"start":{"line":23,"column":4},"end":{"line":25,"column":null}},"10":{"start":{"line":24,"column":8},"end":{"line":24,"column":null}},"11":{"start":{"line":27,"column":4},"end":{"line":27,"column":null}},"12":{"start":{"line":31,"column":4},"end":{"line":33,"column":null}},"13":{"start":{"line":32,"column":8},"end":{"line":32,"column":null}},"14":{"start":{"line":35,"column":4},"end":{"line":37,"column":null}},"15":{"start":{"line":36,"column":8},"end":{"line":36,"column":null}},"16":{"start":{"line":40,"column":20},"end":{"line":40,"column":null}},"17":{"start":{"line":41,"column":21},"end":{"line":41,"column":null}},"18":{"start":{"line":42,"column":4},"end":{"line":42,"column":null}},"19":{"start":{"line":52,"column":29},"end":{"line":84,"column":null}},"20":{"start":{"line":53,"column":18},"end":{"line":53,"column":null}},"21":{"start":{"line":54,"column":19},"end":{"line":54,"column":null}},"22":{"start":{"line":55,"column":16},"end":{"line":55,"column":null}},"23":{"start":{"line":57,"column":4},"end":{"line":59,"column":null}},"24":{"start":{"line":58,"column":8},"end":{"line":58,"column":null}},"25":{"start":{"line":62,"column":4},"end":{"line":62,"column":null}},"26":{"start":{"line":63,"column":4},"end":{"line":63,"column":null}},"27":{"start":{"line":66,"column":4},"end":{"line":76,"column":null}},"28":{"start":{"line":79,"column":4},"end":{"line":83,"column":null}},"29":{"start":{"line":80,"column":8},"end":{"line":82,"column":null}},"30":{"start":{"line":81,"column":12},"end":{"line":81,"column":null}},"31":{"start":{"line":86,"column":20},"end":{"line":93,"column":null}},"32":{"start":{"line":87,"column":4},"end":{"line":93,"column":null}},"33":{"start":{"line":88,"column":22},"end":{"line":88,"column":null}},"34":{"start":{"line":89,"column":8},"end":{"line":89,"column":null}},"35":{"start":{"line":89,"column":45},"end":{"line":89,"column":59}},"36":{"start":{"line":90,"column":8},"end":{"line":90,"column":null}},"37":{"start":{"line":90,"column":51},"end":{"line":90,"column":64}},"38":{"start":{"line":91,"column":8},"end":{"line":91,"column":null}},"39":{"start":{"line":92,"column":8},"end":{"line":92,"column":null}}},"fnMap":{"0":{"name":"getOptimizedImageUrl","decl":{"start":{"line":8,"column":91},"end":{"line":8,"column":null}},"loc":{"start":{"line":8,"column":91},"end":{"line":28,"column":null}},"line":8},"1":{"name":"getImageUrl","decl":{"start":{"line":30,"column":16},"end":{"line":30,"column":28}},"loc":{"start":{"line":30,"column":57},"end":{"line":43,"column":null}},"line":30},"2":{"name":"(anonymous_2)","decl":{"start":{"line":52,"column":29},"end":{"line":52,"column":36}},"loc":{"start":{"line":52,"column":101},"end":{"line":84,"column":null}},"line":52},"3":{"name":"(anonymous_3)","decl":{"start":{"line":79,"column":23},"end":{"line":79,"column":24}},"loc":{"start":{"line":79,"column":36},"end":{"line":83,"column":5}},"line":79},"4":{"name":"(anonymous_4)","decl":{"start":{"line":80,"column":22},"end":{"line":80,"column":23}},"loc":{"start":{"line":80,"column":32},"end":{"line":82,"column":11}},"line":80},"5":{"name":"(anonymous_5)","decl":{"start":{"line":86,"column":20},"end":{"line":86,"column":21}},"loc":{"start":{"line":87,"column":4},"end":{"line":93,"column":null}},"line":87},"6":{"name":"(anonymous_6)","decl":{"start":{"line":87,"column":16},"end":{"line":87,"column":17}},"loc":{"start":{"line":87,"column":37},"end":{"line":93,"column":5}},"line":87},"7":{"name":"(anonymous_7)","decl":{"start":{"line":89,"column":39},"end":{"line":89,"column":45}},"loc":{"start":{"line":89,"column":45},"end":{"line":89,"column":59}},"line":89},"8":{"name":"(anonymous_8)","decl":{"start":{"line":90,"column":40},"end":{"line":90,"column":41}},"loc":{"start":{"line":90,"column":51},"end":{"line":90,"column":64}},"line":90}},"branchMap":{"0":{"loc":{"start":{"line":9,"column":4},"end":{"line":11,"column":null}},"type":"if","locations":[{"start":{"line":9,"column":4},"end":{"line":11,"column":null}},{"start":{},"end":{}}],"line":9},"1":{"loc":{"start":{"line":9,"column":8},"end":{"line":9,"column":49}},"type":"binary-expr","locations":[{"start":{"line":9,"column":8},"end":{"line":9,"column":16}},{"start":{"line":9,"column":16},"end":{"line":9,"column":49}}],"line":9},"2":{"loc":{"start":{"line":15,"column":4},"end":{"line":15,"column":null}},"type":"if","locations":[{"start":{"line":15,"column":4},"end":{"line":15,"column":null}},{"start":{},"end":{}}],"line":15},"3":{"loc":{"start":{"line":16,"column":4},"end":{"line":16,"column":null}},"type":"if","locations":[{"start":{"line":16,"column":4},"end":{"line":16,"column":null}},{"start":{},"end":{}}],"line":16},"4":{"loc":{"start":{"line":23,"column":4},"end":{"line":25,"column":null}},"type":"if","locations":[{"start":{"line":23,"column":4},"end":{"line":25,"column":null}},{"start":{},"end":{}}],"line":23},"5":{"loc":{"start":{"line":31,"column":4},"end":{"line":33,"column":null}},"type":"if","locations":[{"start":{"line":31,"column":4},"end":{"line":33,"column":null}},{"start":{},"end":{}}],"line":31},"6":{"loc":{"start":{"line":31,"column":8},"end":{"line":31,"column":94}},"type":"binary-expr","locations":[{"start":{"line":31,"column":8},"end":{"line":31,"column":16}},{"start":{"line":31,"column":16},"end":{"line":31,"column":43}},{"start":{"line":31,"column":43},"end":{"line":31,"column":69}},{"start":{"line":31,"column":69},"end":{"line":31,"column":94}}],"line":31},"7":{"loc":{"start":{"line":35,"column":4},"end":{"line":37,"column":null}},"type":"if","locations":[{"start":{"line":35,"column":4},"end":{"line":37,"column":null}},{"start":{},"end":{}}],"line":35},"8":{"loc":{"start":{"line":35,"column":8},"end":{"line":35,"column":92}},"type":"binary-expr","locations":[{"start":{"line":35,"column":8},"end":{"line":35,"column":34}},{"start":{"line":35,"column":34},"end":{"line":35,"column":64}},{"start":{"line":35,"column":64},"end":{"line":35,"column":92}}],"line":35},"9":{"loc":{"start":{"line":40,"column":20},"end":{"line":40,"column":null}},"type":"binary-expr","locations":[{"start":{"line":40,"column":20},"end":{"line":40,"column":52}},{"start":{"line":40,"column":52},"end":{"line":40,"column":null}}],"line":40},"10":{"loc":{"start":{"line":57,"column":4},"end":{"line":59,"column":null}},"type":"if","locations":[{"start":{"line":57,"column":4},"end":{"line":59,"column":null}},{"start":{},"end":{}}],"line":57}},"s":{"0":13,"1":13,"2":0,"3":0,"4":0,"5":0,"6":0,"7":0,"8":0,"9":0,"10":0,"11":0,"12":31,"13":0,"14":31,"15":10,"16":21,"17":31,"18":31,"19":5,"20":0,"21":0,"22":0,"23":0,"24":0,"25":0,"26":0,"27":0,"28":0,"29":0,"30":0,"31":5,"32":0,"33":0,"34":0,"35":0,"36":0,"37":0,"38":0,"39":0},"f":{"0":13,"1":31,"2":0,"3":0,"4":0,"5":0,"6":0,"7":0,"8":0},"b":{"0":[13,0],"1":[13,13],"2":[0,0],"3":[0,0],"4":[0,0],"5":[0,31],"6":[31,31,31,31],"7":[10,21],"8":[31,31,21],"9":[21,0],"10":[0,0]},"meta":{"lastBranch":11,"lastFunction":9,"lastStatement":40,"seen":{"f:8:91:8:Infinity":0,"b:9:4:11:Infinity:undefined:undefined:undefined:undefined":0,"s:9:4:11:Infinity":0,"b:9:8:9:16:9:16:9:49":1,"s:10:8:10:Infinity":1,"s:14:19:14:Infinity":2,"b:15:4:15:Infinity:undefined:undefined:undefined:undefined":2,"s:15:4:15:Infinity":3,"s:15:15:15:Infinity":4,"b:16:4:16:Infinity:undefined:undefined:undefined:undefined":3,"s:16:4:16:Infinity":5,"s:16:16:16:Infinity":6,"s:17:4:17:Infinity":7,"s:19:25:19:Infinity":8,"b:23:4:25:Infinity:undefined:undefined:undefined:undefined":4,"s:23:4:25:Infinity":9,"s:24:8:24:Infinity":10,"s:27:4:27:Infinity":11,"f:30:16:30:28":1,"b:31:4:33:Infinity:undefined:undefined:undefined:undefined":5,"s:31:4:33:Infinity":12,"b:31:8:31:16:31:16:31:43:31:43:31:69:31:69:31:94":6,"s:32:8:32:Infinity":13,"b:35:4:37:Infinity:undefined:undefined:undefined:undefined":7,"s:35:4:37:Infinity":14,"b:35:8:35:34:35:34:35:64:35:64:35:92":8,"s:36:8:36:Infinity":15,"s:40:20:40:Infinity":16,"b:40:20:40:52:40:52:40:Infinity":9,"s:41:21:41:Infinity":17,"s:42:4:42:Infinity":18,"s:52:29:84:Infinity":19,"f:52:29:52:36":2,"s:53:18:53:Infinity":20,"s:54:19:54:Infinity":21,"s:55:16:55:Infinity":22,"b:57:4:59:Infinity:undefined:undefined:undefined:undefined":10,"s:57:4:59:Infinity":23,"s:58:8:58:Infinity":24,"s:62:4:62:Infinity":25,"s:63:4:63:Infinity":26,"s:66:4:76:Infinity":27,"s:79:4:83:Infinity":28,"f:79:23:79:24":3,"s:80:8:82:Infinity":29,"f:80:22:80:23":4,"s:81:12:81:Infinity":30,"s:86:20:93:Infinity":31,"f:86:20:86:21":5,"s:87:4:93:Infinity":32,"f:87:16:87:17":6,"s:88:22:88:Infinity":33,"s:89:8:89:Infinity":34,"f:89:39:89:45":7,"s:89:45:89:59":35,"s:90:8:90:Infinity":36,"f:90:40:90:41":8,"s:90:51:90:64":37,"s:91:8:91:Infinity":38,"s:92:8:92:Infinity":39}}}
}
