{"/home/imdias/workspace/AtelieFilhosDeAruanda-/frontend/src/test-utils.tsx": {"path":"/home/imdias/workspace/AtelieFilhosDeAruanda-/frontend/src/test-utils.tsx","statementMap":{"0":{"start":{"line":11,"column":24},"end":{"line":23,"column":null}},"1":{"start":{"line":12,"column":4},"end":{"line":21,"column":null}},"2":{"start":{"line":25,"column":21},"end":{"line":28,"column":null}},"3":{"start":{"line":27,"column":4},"end":{"line":28,"column":null}}},"fnMap":{"0":{"name":"(anonymous_0)","decl":{"start":{"line":11,"column":24},"end":{"line":11,"column":25}},"loc":{"start":{"line":11,"column":73},"end":{"line":23,"column":null}},"line":11},"1":{"name":"(anonymous_1)","decl":{"start":{"line":25,"column":21},"end":{"line":25,"column":null}},"loc":{"start":{"line":27,"column":4},"end":{"line":28,"column":null}},"line":27}},"branchMap":{},"s":{"0":3,"1":12,"2":3,"3":12},"f":{"0":12,"1":12},"b":{},"meta":{"lastBranch":0,"lastFunction":2,"lastStatement":4,"seen":{"s:11:24:23:Infinity":0,"f:11:24:11:25":0,"s:12:4:21:Infinity":1,"s:25:21:28:Infinity":2,"f:25:21:25:Infinity":1,"s:27:4:28:Infinity":3}}}
,"/home/imdias/workspace/AtelieFilhosDeAruanda-/frontend/src/components/AuthModal.tsx": {"path":"/home/imdias/workspace/AtelieFilhosDeAruanda-/frontend/src/components/AuthModal.tsx","statementMap":{"0":{"start":{"line":15,"column":60},"end":{"line":37,"column":null}},"1":{"start":{"line":16,"column":10},"end":{"line":19,"column":null}},"2":{"start":{"line":21,"column":4},"end":{"line":35,"column":null}},"3":{"start":{"line":24,"column":27},"end":{"line":24,"column":null}},"4":{"start":{"line":40,"column":44},"end":{"line":54,"column":null}},"5":{"start":{"line":41,"column":4},"end":{"line":54,"column":null}},"6":{"start":{"line":64,"column":25},"end":{"line":64,"column":null}},"7":{"start":{"line":66,"column":44},"end":{"line":437,"column":null}},"8":{"start":{"line":67,"column":24},"end":{"line":67,"column":null}},"9":{"start":{"line":68,"column":26},"end":{"line":68,"column":null}},"10":{"start":{"line":69,"column":32},"end":{"line":69,"column":null}},"11":{"start":{"line":70,"column":24},"end":{"line":70,"column":null}},"12":{"start":{"line":71,"column":24},"end":{"line":71,"column":null}},"13":{"start":{"line":72,"column":30},"end":{"line":72,"column":null}},"14":{"start":{"line":73,"column":26},"end":{"line":73,"column":null}},"15":{"start":{"line":74,"column":40},"end":{"line":74,"column":null}},"16":{"start":{"line":75,"column":21},"end":{"line":75,"column":null}},"17":{"start":{"line":77,"column":4},"end":{"line":77,"column":null}},"18":{"start":{"line":77,"column":17},"end":{"line":77,"column":null}},"19":{"start":{"line":79,"column":32},"end":{"line":96,"column":null}},"20":{"start":{"line":80,"column":8},"end":{"line":80,"column":null}},"21":{"start":{"line":81,"column":8},"end":{"line":95,"column":null}},"22":{"start":{"line":82,"column":24},"end":{"line":84,"column":null}},"23":{"start":{"line":85,"column":29},"end":{"line":85,"column":null}},"24":{"start":{"line":86,"column":12},"end":{"line":86,"column":null}},"25":{"start":{"line":87,"column":12},"end":{"line":87,"column":null}},"26":{"start":{"line":88,"column":12},"end":{"line":88,"column":null}},"27":{"start":{"line":89,"column":12},"end":{"line":89,"column":null}},"28":{"start":{"line":91,"column":12},"end":{"line":91,"column":null}},"29":{"start":{"line":92,"column":12},"end":{"line":92,"column":null}},"30":{"start":{"line":94,"column":12},"end":{"line":94,"column":null}},"31":{"start":{"line":98,"column":30},"end":{"line":101,"column":null}},"32":{"start":{"line":99,"column":8},"end":{"line":99,"column":null}},"33":{"start":{"line":100,"column":8},"end":{"line":100,"column":null}},"34":{"start":{"line":103,"column":23},"end":{"line":112,"column":null}},"35":{"start":{"line":104,"column":8},"end":{"line":104,"column":null}},"36":{"start":{"line":105,"column":8},"end":{"line":105,"column":null}},"37":{"start":{"line":106,"column":8},"end":{"line":106,"column":null}},"38":{"start":{"line":107,"column":8},"end":{"line":107,"column":null}},"39":{"start":{"line":108,"column":8},"end":{"line":108,"column":null}},"40":{"start":{"line":109,"column":8},"end":{"line":109,"column":null}},"41":{"start":{"line":110,"column":8},"end":{"line":110,"column":null}},"42":{"start":{"line":111,"column":8},"end":{"line":111,"column":null}},"43":{"start":{"line":114,"column":24},"end":{"line":117,"column":null}},"44":{"start":{"line":115,"column":8},"end":{"line":115,"column":null}},"45":{"start":{"line":116,"column":8},"end":{"line":116,"column":null}},"46":{"start":{"line":119,"column":24},"end":{"line":134,"column":null}},"47":{"start":{"line":120,"column":8},"end":{"line":120,"column":null}},"48":{"start":{"line":121,"column":8},"end":{"line":121,"column":null}},"49":{"start":{"line":122,"column":8},"end":{"line":133,"column":null}},"50":{"start":{"line":123,"column":12},"end":{"line":123,"column":null}},"51":{"start":{"line":124,"column":12},"end":{"line":124,"column":null}},"52":{"start":{"line":125,"column":12},"end":{"line":125,"column":null}},"53":{"start":{"line":126,"column":12},"end":{"line":126,"column":null}},"54":{"start":{"line":127,"column":12},"end":{"line":127,"column":null}},"55":{"start":{"line":129,"column":12},"end":{"line":129,"column":null}},"56":{"start":{"line":130,"column":12},"end":{"line":130,"column":null}},"57":{"start":{"line":132,"column":12},"end":{"line":132,"column":null}},"58":{"start":{"line":136,"column":27},"end":{"line":148,"column":null}},"59":{"start":{"line":137,"column":8},"end":{"line":137,"column":null}},"60":{"start":{"line":138,"column":8},"end":{"line":138,"column":null}},"61":{"start":{"line":139,"column":8},"end":{"line":147,"column":null}},"62":{"start":{"line":140,"column":12},"end":{"line":140,"column":null}},"63":{"start":{"line":141,"column":12},"end":{"line":141,"column":null}},"64":{"start":{"line":142,"column":12},"end":{"line":142,"column":null}},"65":{"start":{"line":144,"column":12},"end":{"line":144,"column":null}},"66":{"start":{"line":146,"column":12},"end":{"line":146,"column":null}},"67":{"start":{"line":150,"column":25},"end":{"line":162,"column":null}},"68":{"start":{"line":151,"column":8},"end":{"line":151,"column":null}},"69":{"start":{"line":152,"column":8},"end":{"line":152,"column":null}},"70":{"start":{"line":153,"column":8},"end":{"line":161,"column":null}},"71":{"start":{"line":154,"column":12},"end":{"line":154,"column":null}},"72":{"start":{"line":155,"column":12},"end":{"line":155,"column":null}},"73":{"start":{"line":156,"column":12},"end":{"line":156,"column":null}},"74":{"start":{"line":158,"column":12},"end":{"line":158,"column":null}},"75":{"start":{"line":160,"column":12},"end":{"line":160,"column":null}},"76":{"start":{"line":164,"column":31},"end":{"line":176,"column":null}},"77":{"start":{"line":165,"column":8},"end":{"line":165,"column":null}},"78":{"start":{"line":166,"column":8},"end":{"line":166,"column":null}},"79":{"start":{"line":167,"column":8},"end":{"line":175,"column":null}},"80":{"start":{"line":168,"column":12},"end":{"line":168,"column":null}},"81":{"start":{"line":169,"column":12},"end":{"line":169,"column":null}},"82":{"start":{"line":170,"column":12},"end":{"line":170,"column":null}},"83":{"start":{"line":172,"column":12},"end":{"line":172,"column":null}},"84":{"start":{"line":174,"column":12},"end":{"line":174,"column":null}},"85":{"start":{"line":178,"column":4},"end":{"line":435,"column":null}},"86":{"start":{"line":214,"column":88},"end":{"line":214,"column":null}},"87":{"start":{"line":227,"column":88},"end":{"line":227,"column":null}},"88":{"start":{"line":233,"column":55},"end":{"line":233,"column":null}},"89":{"start":{"line":242,"column":55},"end":{"line":242,"column":76}},"90":{"start":{"line":242,"column":76},"end":{"line":242,"column":92}},"91":{"start":{"line":274,"column":59},"end":{"line":274,"column":80}},"92":{"start":{"line":274,"column":80},"end":{"line":274,"column":96}},"93":{"start":{"line":292,"column":88},"end":{"line":292,"column":null}},"94":{"start":{"line":305,"column":88},"end":{"line":305,"column":null}},"95":{"start":{"line":318,"column":88},"end":{"line":318,"column":null}},"96":{"start":{"line":324,"column":55},"end":{"line":324,"column":null}},"97":{"start":{"line":345,"column":57},"end":{"line":345,"column":75}},"98":{"start":{"line":367,"column":88},"end":{"line":367,"column":null}},"99":{"start":{"line":386,"column":51},"end":{"line":386,"column":null}},"100":{"start":{"line":407,"column":88},"end":{"line":407,"column":null}},"101":{"start":{"line":426,"column":51},"end":{"line":426,"column":null}}},"fnMap":{"0":{"name":"(anonymous_0)","decl":{"start":{"line":15,"column":60},"end":{"line":15,"column":61}},"loc":{"start":{"line":15,"column":98},"end":{"line":37,"column":null}},"line":15},"1":{"name":"(anonymous_1)","decl":{"start":{"line":24,"column":21},"end":{"line":24,"column":27}},"loc":{"start":{"line":24,"column":27},"end":{"line":24,"column":null}},"line":24},"2":{"name":"(anonymous_2)","decl":{"start":{"line":40,"column":44},"end":{"line":40,"column":null}},"loc":{"start":{"line":41,"column":4},"end":{"line":54,"column":null}},"line":41},"3":{"name":"(anonymous_3)","decl":{"start":{"line":66,"column":44},"end":{"line":66,"column":45}},"loc":{"start":{"line":66,"column":69},"end":{"line":437,"column":null}},"line":66},"4":{"name":"(anonymous_4)","decl":{"start":{"line":79,"column":32},"end":{"line":79,"column":39}},"loc":{"start":{"line":79,"column":72},"end":{"line":96,"column":null}},"line":79},"5":{"name":"(anonymous_5)","decl":{"start":{"line":98,"column":30},"end":{"line":98,"column":31}},"loc":{"start":{"line":98,"column":44},"end":{"line":101,"column":null}},"line":98},"6":{"name":"(anonymous_6)","decl":{"start":{"line":103,"column":23},"end":{"line":103,"column":29}},"loc":{"start":{"line":103,"column":29},"end":{"line":112,"column":null}},"line":103},"7":{"name":"(anonymous_7)","decl":{"start":{"line":114,"column":24},"end":{"line":114,"column":30}},"loc":{"start":{"line":114,"column":30},"end":{"line":117,"column":null}},"line":114},"8":{"name":"(anonymous_8)","decl":{"start":{"line":119,"column":24},"end":{"line":119,"column":31}},"loc":{"start":{"line":119,"column":48},"end":{"line":134,"column":null}},"line":119},"9":{"name":"(anonymous_9)","decl":{"start":{"line":136,"column":27},"end":{"line":136,"column":34}},"loc":{"start":{"line":136,"column":51},"end":{"line":148,"column":null}},"line":136},"10":{"name":"(anonymous_10)","decl":{"start":{"line":150,"column":25},"end":{"line":150,"column":32}},"loc":{"start":{"line":150,"column":49},"end":{"line":162,"column":null}},"line":150},"11":{"name":"(anonymous_11)","decl":{"start":{"line":164,"column":31},"end":{"line":164,"column":38}},"loc":{"start":{"line":164,"column":55},"end":{"line":176,"column":null}},"line":164},"12":{"name":"(anonymous_12)","decl":{"start":{"line":214,"column":50},"end":{"line":214,"column":51}},"loc":{"start":{"line":214,"column":88},"end":{"line":214,"column":null}},"line":214},"13":{"name":"(anonymous_13)","decl":{"start":{"line":227,"column":50},"end":{"line":227,"column":51}},"loc":{"start":{"line":227,"column":88},"end":{"line":227,"column":null}},"line":227},"14":{"name":"(anonymous_14)","decl":{"start":{"line":233,"column":49},"end":{"line":233,"column":55}},"loc":{"start":{"line":233,"column":55},"end":{"line":233,"column":null}},"line":233},"15":{"name":"(anonymous_15)","decl":{"start":{"line":242,"column":47},"end":{"line":242,"column":53}},"loc":{"start":{"line":242,"column":53},"end":{"line":242,"column":95}},"line":242},"16":{"name":"(anonymous_16)","decl":{"start":{"line":274,"column":51},"end":{"line":274,"column":57}},"loc":{"start":{"line":274,"column":57},"end":{"line":274,"column":99}},"line":274},"17":{"name":"(anonymous_17)","decl":{"start":{"line":292,"column":50},"end":{"line":292,"column":51}},"loc":{"start":{"line":292,"column":88},"end":{"line":292,"column":null}},"line":292},"18":{"name":"(anonymous_18)","decl":{"start":{"line":305,"column":50},"end":{"line":305,"column":51}},"loc":{"start":{"line":305,"column":88},"end":{"line":305,"column":null}},"line":305},"19":{"name":"(anonymous_19)","decl":{"start":{"line":318,"column":50},"end":{"line":318,"column":51}},"loc":{"start":{"line":318,"column":88},"end":{"line":318,"column":null}},"line":318},"20":{"name":"(anonymous_20)","decl":{"start":{"line":324,"column":49},"end":{"line":324,"column":55}},"loc":{"start":{"line":324,"column":55},"end":{"line":324,"column":null}},"line":324},"21":{"name":"(anonymous_21)","decl":{"start":{"line":345,"column":51},"end":{"line":345,"column":57}},"loc":{"start":{"line":345,"column":57},"end":{"line":345,"column":75}},"line":345},"22":{"name":"(anonymous_22)","decl":{"start":{"line":367,"column":50},"end":{"line":367,"column":51}},"loc":{"start":{"line":367,"column":88},"end":{"line":367,"column":null}},"line":367},"23":{"name":"(anonymous_23)","decl":{"start":{"line":386,"column":45},"end":{"line":386,"column":51}},"loc":{"start":{"line":386,"column":51},"end":{"line":386,"column":null}},"line":386},"24":{"name":"(anonymous_24)","decl":{"start":{"line":407,"column":50},"end":{"line":407,"column":51}},"loc":{"start":{"line":407,"column":88},"end":{"line":407,"column":null}},"line":407},"25":{"name":"(anonymous_25)","decl":{"start":{"line":426,"column":45},"end":{"line":426,"column":51}},"loc":{"start":{"line":426,"column":51},"end":{"line":426,"column":null}},"line":426}},"branchMap":{"0":{"loc":{"start":{"line":64,"column":25},"end":{"line":64,"column":null}},"type":"binary-expr","locations":[{"start":{"line":64,"column":25},"end":{"line":64,"column":66}},{"start":{"line":64,"column":66},"end":{"line":64,"column":null}}],"line":64},"1":{"loc":{"start":{"line":77,"column":4},"end":{"line":77,"column":null}},"type":"if","locations":[{"start":{"line":77,"column":4},"end":{"line":77,"column":null}},{"start":{},"end":{}}],"line":77},"2":{"loc":{"start":{"line":191,"column":29},"end":{"line":191,"column":null}},"type":"binary-expr","locations":[{"start":{"line":191,"column":29},"end":{"line":191,"column":49}},{"start":{"line":191,"column":49},"end":{"line":191,"column":null}}],"line":191},"3":{"loc":{"start":{"line":192,"column":29},"end":{"line":192,"column":null}},"type":"binary-expr","locations":[{"start":{"line":192,"column":29},"end":{"line":192,"column":52}},{"start":{"line":192,"column":52},"end":{"line":192,"column":null}}],"line":192},"4":{"loc":{"start":{"line":193,"column":29},"end":{"line":193,"column":null}},"type":"binary-expr","locations":[{"start":{"line":193,"column":29},"end":{"line":193,"column":50}},{"start":{"line":193,"column":50},"end":{"line":193,"column":null}}],"line":193},"5":{"loc":{"start":{"line":194,"column":29},"end":{"line":194,"column":null}},"type":"binary-expr","locations":[{"start":{"line":194,"column":29},"end":{"line":194,"column":52}},{"start":{"line":194,"column":52},"end":{"line":194,"column":null}}],"line":194},"6":{"loc":{"start":{"line":197,"column":29},"end":{"line":197,"column":null}},"type":"binary-expr","locations":[{"start":{"line":197,"column":29},"end":{"line":197,"column":49}},{"start":{"line":197,"column":49},"end":{"line":197,"column":null}}],"line":197},"7":{"loc":{"start":{"line":198,"column":29},"end":{"line":198,"column":null}},"type":"binary-expr","locations":[{"start":{"line":198,"column":29},"end":{"line":198,"column":52}},{"start":{"line":198,"column":52},"end":{"line":198,"column":null}}],"line":198},"8":{"loc":{"start":{"line":199,"column":29},"end":{"line":199,"column":null}},"type":"binary-expr","locations":[{"start":{"line":199,"column":29},"end":{"line":199,"column":50}},{"start":{"line":199,"column":50},"end":{"line":199,"column":null}}],"line":199},"9":{"loc":{"start":{"line":200,"column":29},"end":{"line":200,"column":null}},"type":"binary-expr","locations":[{"start":{"line":200,"column":29},"end":{"line":200,"column":52}},{"start":{"line":200,"column":52},"end":{"line":200,"column":null}}],"line":200},"10":{"loc":{"start":{"line":205,"column":21},"end":{"line":279,"column":null}},"type":"binary-expr","locations":[{"start":{"line":205,"column":21},"end":{"line":205,"column":null}},{"start":{"line":206,"column":24},"end":{"line":279,"column":null}}],"line":205},"11":{"loc":{"start":{"line":224,"column":46},"end":{"line":224,"column":null}},"type":"cond-expr","locations":[{"start":{"line":224,"column":61},"end":{"line":224,"column":70}},{"start":{"line":224,"column":70},"end":{"line":224,"column":null}}],"line":224},"12":{"loc":{"start":{"line":236,"column":41},"end":{"line":236,"column":null}},"type":"cond-expr","locations":[{"start":{"line":236,"column":56},"end":{"line":236,"column":79}},{"start":{"line":236,"column":79},"end":{"line":236,"column":null}}],"line":236},"13":{"loc":{"start":{"line":245,"column":29},"end":{"line":245,"column":null}},"type":"binary-expr","locations":[{"start":{"line":245,"column":29},"end":{"line":245,"column":38}},{"start":{"line":245,"column":38},"end":{"line":245,"column":null}}],"line":245},"14":{"loc":{"start":{"line":261,"column":29},"end":{"line":268,"column":null}},"type":"cond-expr","locations":[{"start":{"line":262,"column":32},"end":{"line":266,"column":null}},{"start":{"line":268,"column":32},"end":{"line":268,"column":null}}],"line":261},"15":{"loc":{"start":{"line":283,"column":21},"end":{"line":350,"column":null}},"type":"binary-expr","locations":[{"start":{"line":283,"column":21},"end":{"line":283,"column":null}},{"start":{"line":284,"column":24},"end":{"line":350,"column":null}}],"line":283},"16":{"loc":{"start":{"line":315,"column":46},"end":{"line":315,"column":null}},"type":"cond-expr","locations":[{"start":{"line":315,"column":61},"end":{"line":315,"column":70}},{"start":{"line":315,"column":70},"end":{"line":315,"column":null}}],"line":315},"17":{"loc":{"start":{"line":327,"column":41},"end":{"line":327,"column":null}},"type":"cond-expr","locations":[{"start":{"line":327,"column":56},"end":{"line":327,"column":79}},{"start":{"line":327,"column":79},"end":{"line":327,"column":null}}],"line":327},"18":{"loc":{"start":{"line":332,"column":29},"end":{"line":332,"column":null}},"type":"binary-expr","locations":[{"start":{"line":332,"column":29},"end":{"line":332,"column":38}},{"start":{"line":332,"column":38},"end":{"line":332,"column":null}}],"line":332},"19":{"loc":{"start":{"line":339,"column":33},"end":{"line":339,"column":null}},"type":"cond-expr","locations":[{"start":{"line":339,"column":43},"end":{"line":339,"column":92}},{"start":{"line":339,"column":92},"end":{"line":339,"column":null}}],"line":339},"20":{"loc":{"start":{"line":354,"column":21},"end":{"line":391,"column":null}},"type":"binary-expr","locations":[{"start":{"line":354,"column":21},"end":{"line":354,"column":null}},{"start":{"line":355,"column":24},"end":{"line":391,"column":null}}],"line":354},"21":{"loc":{"start":{"line":374,"column":29},"end":{"line":374,"column":null}},"type":"binary-expr","locations":[{"start":{"line":374,"column":29},"end":{"line":374,"column":38}},{"start":{"line":374,"column":38},"end":{"line":374,"column":null}}],"line":374},"22":{"loc":{"start":{"line":381,"column":33},"end":{"line":381,"column":null}},"type":"cond-expr","locations":[{"start":{"line":381,"column":43},"end":{"line":381,"column":92}},{"start":{"line":381,"column":92},"end":{"line":381,"column":null}}],"line":381},"23":{"loc":{"start":{"line":395,"column":21},"end":{"line":431,"column":null}},"type":"binary-expr","locations":[{"start":{"line":395,"column":21},"end":{"line":395,"column":null}},{"start":{"line":396,"column":24},"end":{"line":431,"column":null}}],"line":395},"24":{"loc":{"start":{"line":414,"column":29},"end":{"line":414,"column":null}},"type":"binary-expr","locations":[{"start":{"line":414,"column":29},"end":{"line":414,"column":38}},{"start":{"line":414,"column":38},"end":{"line":414,"column":null}}],"line":414},"25":{"loc":{"start":{"line":421,"column":33},"end":{"line":421,"column":null}},"type":"cond-expr","locations":[{"start":{"line":421,"column":43},"end":{"line":421,"column":92}},{"start":{"line":421,"column":92},"end":{"line":421,"column":null}}],"line":421}},"s":{"0":1,"1":12,"2":12,"3":0,"4":1,"5":0,"6":1,"7":1,"8":14,"9":14,"10":14,"11":14,"12":14,"13":14,"14":14,"15":14,"16":14,"17":14,"18":1,"19":13,"20":0,"21":0,"22":0,"23":0,"24":0,"25":0,"26":0,"27":0,"28":0,"29":0,"30":0,"31":13,"32":0,"33":0,"34":13,"35":1,"36":1,"37":1,"38":1,"39":1,"40":1,"41":1,"42":1,"43":13,"44":1,"45":1,"46":13,"47":2,"48":2,"49":2,"50":2,"51":2,"52":1,"53":1,"54":1,"55":1,"56":1,"57":2,"58":13,"59":0,"60":0,"61":0,"62":0,"63":0,"64":0,"65":0,"66":0,"67":13,"68":0,"69":0,"70":0,"71":0,"72":0,"73":0,"74":0,"75":0,"76":13,"77":0,"78":0,"79":0,"80":0,"81":0,"82":0,"83":0,"84":0,"85":13,"86":2,"87":2,"88":0,"89":0,"90":0,"91":1,"92":1,"93":0,"94":0,"95":0,"96":0,"97":0,"98":0,"99":0,"100":0,"101":0},"f":{"0":12,"1":0,"2":0,"3":14,"4":0,"5":0,"6":1,"7":1,"8":2,"9":0,"10":0,"11":0,"12":2,"13":2,"14":0,"15":0,"16":1,"17":0,"18":0,"19":0,"20":0,"21":0,"22":0,"23":0,"24":0,"25":0},"b":{"0":[1,0],"1":[1,13],"2":[13,12],"3":[14,1],"4":[14,0],"5":[14,0],"6":[14,12],"7":[14,1],"8":[14,0],"9":[14,0],"10":[14,12],"11":[0,12],"12":[0,12],"13":[12,1],"14":[12,0],"15":[14,1],"16":[0,1],"17":[0,1],"18":[1,0],"19":[0,1],"20":[14,0],"21":[0,0],"22":[0,0],"23":[14,0],"24":[0,0],"25":[0,0]},"meta":{"lastBranch":26,"lastFunction":26,"lastStatement":102,"seen":{"s:15:60:37:Infinity":0,"f:15:60:15:61":0,"s:16:10:19:Infinity":1,"s:21:4:35:Infinity":2,"f:24:21:24:27":1,"s:24:27:24:Infinity":3,"s:40:44:54:Infinity":4,"f:40:44:40:Infinity":2,"s:41:4:54:Infinity":5,"s:64:25:64:Infinity":6,"b:64:25:64:66:64:66:64:Infinity":0,"s:66:44:437:Infinity":7,"f:66:44:66:45":3,"s:67:24:67:Infinity":8,"s:68:26:68:Infinity":9,"s:69:32:69:Infinity":10,"s:70:24:70:Infinity":11,"s:71:24:71:Infinity":12,"s:72:30:72:Infinity":13,"s:73:26:73:Infinity":14,"s:74:40:74:Infinity":15,"s:75:21:75:Infinity":16,"b:77:4:77:Infinity:undefined:undefined:undefined:undefined":1,"s:77:4:77:Infinity":17,"s:77:17:77:Infinity":18,"s:79:32:96:Infinity":19,"f:79:32:79:39":4,"s:80:8:80:Infinity":20,"s:81:8:95:Infinity":21,"s:82:24:84:Infinity":22,"s:85:29:85:Infinity":23,"s:86:12:86:Infinity":24,"s:87:12:87:Infinity":25,"s:88:12:88:Infinity":26,"s:89:12:89:Infinity":27,"s:91:12:91:Infinity":28,"s:92:12:92:Infinity":29,"s:94:12:94:Infinity":30,"s:98:30:101:Infinity":31,"f:98:30:98:31":5,"s:99:8:99:Infinity":32,"s:100:8:100:Infinity":33,"s:103:23:112:Infinity":34,"f:103:23:103:29":6,"s:104:8:104:Infinity":35,"s:105:8:105:Infinity":36,"s:106:8:106:Infinity":37,"s:107:8:107:Infinity":38,"s:108:8:108:Infinity":39,"s:109:8:109:Infinity":40,"s:110:8:110:Infinity":41,"s:111:8:111:Infinity":42,"s:114:24:117:Infinity":43,"f:114:24:114:30":7,"s:115:8:115:Infinity":44,"s:116:8:116:Infinity":45,"s:119:24:134:Infinity":46,"f:119:24:119:31":8,"s:120:8:120:Infinity":47,"s:121:8:121:Infinity":48,"s:122:8:133:Infinity":49,"s:123:12:123:Infinity":50,"s:124:12:124:Infinity":51,"s:125:12:125:Infinity":52,"s:126:12:126:Infinity":53,"s:127:12:127:Infinity":54,"s:129:12:129:Infinity":55,"s:130:12:130:Infinity":56,"s:132:12:132:Infinity":57,"s:136:27:148:Infinity":58,"f:136:27:136:34":9,"s:137:8:137:Infinity":59,"s:138:8:138:Infinity":60,"s:139:8:147:Infinity":61,"s:140:12:140:Infinity":62,"s:141:12:141:Infinity":63,"s:142:12:142:Infinity":64,"s:144:12:144:Infinity":65,"s:146:12:146:Infinity":66,"s:150:25:162:Infinity":67,"f:150:25:150:32":10,"s:151:8:151:Infinity":68,"s:152:8:152:Infinity":69,"s:153:8:161:Infinity":70,"s:154:12:154:Infinity":71,"s:155:12:155:Infinity":72,"s:156:12:156:Infinity":73,"s:158:12:158:Infinity":74,"s:160:12:160:Infinity":75,"s:164:31:176:Infinity":76,"f:164:31:164:38":11,"s:165:8:165:Infinity":77,"s:166:8:166:Infinity":78,"s:167:8:175:Infinity":79,"s:168:12:168:Infinity":80,"s:169:12:169:Infinity":81,"s:170:12:170:Infinity":82,"s:172:12:172:Infinity":83,"s:174:12:174:Infinity":84,"s:178:4:435:Infinity":85,"b:191:29:191:49:191:49:191:Infinity":2,"b:192:29:192:52:192:52:192:Infinity":3,"b:193:29:193:50:193:50:193:Infinity":4,"b:194:29:194:52:194:52:194:Infinity":5,"b:197:29:197:49:197:49:197:Infinity":6,"b:198:29:198:52:198:52:198:Infinity":7,"b:199:29:199:50:199:50:199:Infinity":8,"b:200:29:200:52:200:52:200:Infinity":9,"b:205:21:205:Infinity:206:24:279:Infinity":10,"f:214:50:214:51":12,"s:214:88:214:Infinity":86,"b:224:61:224:70:224:70:224:Infinity":11,"f:227:50:227:51":13,"s:227:88:227:Infinity":87,"f:233:49:233:55":14,"s:233:55:233:Infinity":88,"b:236:56:236:79:236:79:236:Infinity":12,"f:242:47:242:53":15,"s:242:55:242:76":89,"s:242:76:242:92":90,"b:245:29:245:38:245:38:245:Infinity":13,"b:262:32:266:Infinity:268:32:268:Infinity":14,"f:274:51:274:57":16,"s:274:59:274:80":91,"s:274:80:274:96":92,"b:283:21:283:Infinity:284:24:350:Infinity":15,"f:292:50:292:51":17,"s:292:88:292:Infinity":93,"f:305:50:305:51":18,"s:305:88:305:Infinity":94,"b:315:61:315:70:315:70:315:Infinity":16,"f:318:50:318:51":19,"s:318:88:318:Infinity":95,"f:324:49:324:55":20,"s:324:55:324:Infinity":96,"b:327:56:327:79:327:79:327:Infinity":17,"b:332:29:332:38:332:38:332:Infinity":18,"b:339:43:339:92:339:92:339:Infinity":19,"f:345:51:345:57":21,"s:345:57:345:75":97,"b:354:21:354:Infinity:355:24:391:Infinity":20,"f:367:50:367:51":22,"s:367:88:367:Infinity":98,"b:374:29:374:38:374:38:374:Infinity":21,"b:381:43:381:92:381:92:381:Infinity":22,"f:386:45:386:51":23,"s:386:51:386:Infinity":99,"b:395:21:395:Infinity:396:24:431:Infinity":23,"f:407:50:407:51":24,"s:407:88:407:Infinity":100,"b:414:29:414:38:414:38:414:Infinity":24,"b:421:43:421:92:421:92:421:Infinity":25,"f:426:45:426:51":25,"s:426:51:426:Infinity":101}}}
,"/home/imdias/workspace/AtelieFilhosDeAruanda-/frontend/src/components/ProductCard.tsx": {"path":"/home/imdias/workspace/AtelieFilhosDeAruanda-/frontend/src/components/ProductCard.tsx","statementMap":{"0":{"start":{"line":17,"column":48},"end":{"line":177,"column":null}},"1":{"start":{"line":18,"column":10},"end":{"line":18,"column":null}},"2":{"start":{"line":19,"column":10},"end":{"line":19,"column":null}},"3":{"start":{"line":20,"column":30},"end":{"line":20,"column":null}},"4":{"start":{"line":21,"column":26},"end":{"line":21,"column":null}},"5":{"start":{"line":22,"column":21},"end":{"line":22,"column":null}},"6":{"start":{"line":24,"column":4},"end":{"line":24,"column":null}},"7":{"start":{"line":24,"column":27},"end":{"line":24,"column":null}},"8":{"start":{"line":26,"column":79},"end":{"line":26,"column":null}},"9":{"start":{"line":27,"column":23},"end":{"line":27,"column":null}},"10":{"start":{"line":29,"column":33},"end":{"line":31,"column":null}},"11":{"start":{"line":30,"column":8},"end":{"line":30,"column":null}},"12":{"start":{"line":33,"column":33},"end":{"line":37,"column":null}},"13":{"start":{"line":34,"column":8},"end":{"line":34,"column":null}},"14":{"start":{"line":35,"column":8},"end":{"line":35,"column":null}},"15":{"start":{"line":36,"column":8},"end":{"line":36,"column":null}},"16":{"start":{"line":39,"column":28},"end":{"line":60,"column":null}},"17":{"start":{"line":40,"column":8},"end":{"line":40,"column":null}},"18":{"start":{"line":41,"column":8},"end":{"line":41,"column":null}},"19":{"start":{"line":42,"column":8},"end":{"line":42,"column":null}},"20":{"start":{"line":44,"column":29},"end":{"line":44,"column":null}},"21":{"start":{"line":46,"column":28},"end":{"line":51,"column":null}},"22":{"start":{"line":53,"column":8},"end":{"line":59,"column":null}},"23":{"start":{"line":54,"column":12},"end":{"line":54,"column":null}},"24":{"start":{"line":55,"column":12},"end":{"line":55,"column":null}},"25":{"start":{"line":56,"column":12},"end":{"line":56,"column":null}},"26":{"start":{"line":57,"column":12},"end":{"line":57,"column":null}},"27":{"start":{"line":58,"column":12},"end":{"line":58,"column":null}},"28":{"start":{"line":58,"column":29},"end":{"line":58,"column":46}},"29":{"start":{"line":62,"column":10},"end":{"line":62,"column":null}},"30":{"start":{"line":65,"column":10},"end":{"line":65,"column":null}},"31":{"start":{"line":68,"column":26},"end":{"line":68,"column":null}},"32":{"start":{"line":69,"column":25},"end":{"line":69,"column":null}},"33":{"start":{"line":70,"column":24},"end":{"line":70,"column":null}},"34":{"start":{"line":71,"column":31},"end":{"line":73,"column":null}},"35":{"start":{"line":75,"column":27},"end":{"line":78,"column":null}},"36":{"start":{"line":80,"column":35},"end":{"line":83,"column":null}},"37":{"start":{"line":85,"column":4},"end":{"line":175,"column":null}},"38":{"start":{"line":108,"column":85},"end":{"line":108,"column":130}}},"fnMap":{"0":{"name":"(anonymous_0)","decl":{"start":{"line":17,"column":48},"end":{"line":17,"column":49}},"loc":{"start":{"line":17,"column":65},"end":{"line":177,"column":null}},"line":17},"1":{"name":"(anonymous_1)","decl":{"start":{"line":29,"column":33},"end":{"line":29,"column":39}},"loc":{"start":{"line":29,"column":39},"end":{"line":31,"column":null}},"line":29},"2":{"name":"(anonymous_2)","decl":{"start":{"line":33,"column":33},"end":{"line":33,"column":40}},"loc":{"start":{"line":33,"column":64},"end":{"line":37,"column":null}},"line":33},"3":{"name":"(anonymous_3)","decl":{"start":{"line":39,"column":28},"end":{"line":39,"column":29}},"loc":{"start":{"line":39,"column":53},"end":{"line":60,"column":null}},"line":39},"4":{"name":"(anonymous_4)","decl":{"start":{"line":53,"column":19},"end":{"line":53,"column":25}},"loc":{"start":{"line":53,"column":25},"end":{"line":59,"column":11}},"line":53},"5":{"name":"(anonymous_5)","decl":{"start":{"line":58,"column":23},"end":{"line":58,"column":29}},"loc":{"start":{"line":58,"column":29},"end":{"line":58,"column":46}},"line":58},"6":{"name":"(anonymous_6)","decl":{"start":{"line":108,"column":29},"end":{"line":108,"column":30}},"loc":{"start":{"line":108,"column":83},"end":{"line":108,"column":null}},"line":108}},"branchMap":{"0":{"loc":{"start":{"line":24,"column":4},"end":{"line":24,"column":null}},"type":"if","locations":[{"start":{"line":24,"column":4},"end":{"line":24,"column":null}},{"start":{},"end":{}}],"line":24},"1":{"loc":{"start":{"line":49,"column":19},"end":{"line":49,"column":null}},"type":"binary-expr","locations":[{"start":{"line":49,"column":19},"end":{"line":49,"column":42}},{"start":{"line":49,"column":42},"end":{"line":49,"column":null}}],"line":49},"2":{"loc":{"start":{"line":50,"column":20},"end":{"line":50,"column":120}},"type":"binary-expr","locations":[{"start":{"line":50,"column":20},"end":{"line":50,"column":77}},{"start":{"line":50,"column":72},"end":{"line":50,"column":118}},{"start":{"line":50,"column":118},"end":{"line":50,"column":120}}],"line":50},"3":{"loc":{"start":{"line":54,"column":44},"end":{"line":54,"column":68}},"type":"binary-expr","locations":[{"start":{"line":54,"column":44},"end":{"line":54,"column":64}},{"start":{"line":54,"column":64},"end":{"line":54,"column":68}}],"line":54},"4":{"loc":{"start":{"line":62,"column":26},"end":{"line":62,"column":57}},"type":"binary-expr","locations":[{"start":{"line":62,"column":26},"end":{"line":62,"column":51}},{"start":{"line":62,"column":51},"end":{"line":62,"column":57}}],"line":62},"5":{"loc":{"start":{"line":65,"column":21},"end":{"line":65,"column":132}},"type":"binary-expr","locations":[{"start":{"line":65,"column":21},"end":{"line":65,"column":89}},{"start":{"line":65,"column":84},"end":{"line":65,"column":130}},{"start":{"line":65,"column":130},"end":{"line":65,"column":132}}],"line":65},"6":{"loc":{"start":{"line":68,"column":26},"end":{"line":68,"column":null}},"type":"binary-expr","locations":[{"start":{"line":68,"column":26},"end":{"line":68,"column":51}},{"start":{"line":68,"column":51},"end":{"line":68,"column":null}}],"line":68},"7":{"loc":{"start":{"line":71,"column":31},"end":{"line":73,"column":null}},"type":"binary-expr","locations":[{"start":{"line":71,"column":31},"end":{"line":71,"column":62}},{"start":{"line":71,"column":62},"end":{"line":73,"column":null}}],"line":71},"8":{"loc":{"start":{"line":71,"column":62},"end":{"line":73,"column":null}},"type":"cond-expr","locations":[{"start":{"line":72,"column":10},"end":{"line":72,"column":null}},{"start":{"line":73,"column":10},"end":{"line":73,"column":null}}],"line":71},"9":{"loc":{"start":{"line":78,"column":14},"end":{"line":78,"column":31}},"type":"binary-expr","locations":[{"start":{"line":78,"column":14},"end":{"line":78,"column":30}},{"start":{"line":78,"column":30},"end":{"line":78,"column":31}}],"line":78},"10":{"loc":{"start":{"line":83,"column":14},"end":{"line":83,"column":32}},"type":"binary-expr","locations":[{"start":{"line":83,"column":14},"end":{"line":83,"column":31}},{"start":{"line":83,"column":31},"end":{"line":83,"column":32}}],"line":83},"11":{"loc":{"start":{"line":94,"column":221},"end":{"line":94,"column":302}},"type":"cond-expr","locations":[{"start":{"line":94,"column":234},"end":{"line":94,"column":251}},{"start":{"line":94,"column":251},"end":{"line":94,"column":302}}],"line":94},"12":{"loc":{"start":{"line":95,"column":23},"end":{"line":95,"column":null}},"type":"cond-expr","locations":[{"start":{"line":95,"column":36},"end":{"line":95,"column":62}},{"start":{"line":95,"column":62},"end":{"line":95,"column":null}}],"line":95},"13":{"loc":{"start":{"line":97,"column":17},"end":{"line":100,"column":null}},"type":"cond-expr","locations":[{"start":{"line":98,"column":20},"end":{"line":98,"column":null}},{"start":{"line":100,"column":20},"end":{"line":100,"column":null}}],"line":97},"14":{"loc":{"start":{"line":100,"column":51},"end":{"line":100,"column":100}},"type":"cond-expr","locations":[{"start":{"line":100,"column":64},"end":{"line":100,"column":81}},{"start":{"line":100,"column":81},"end":{"line":100,"column":100}}],"line":100},"15":{"loc":{"start":{"line":107,"column":25},"end":{"line":107,"column":null}},"type":"binary-expr","locations":[{"start":{"line":107,"column":25},"end":{"line":107,"column":42}},{"start":{"line":107,"column":42},"end":{"line":107,"column":58}},{"start":{"line":107,"column":58},"end":{"line":107,"column":null}}],"line":107},"16":{"loc":{"start":{"line":111,"column":17},"end":{"line":114,"column":null}},"type":"binary-expr","locations":[{"start":{"line":111,"column":17},"end":{"line":111,"column":null}},{"start":{"line":112,"column":20},"end":{"line":114,"column":null}}],"line":111},"17":{"loc":{"start":{"line":127,"column":31},"end":{"line":127,"column":null}},"type":"binary-expr","locations":[{"start":{"line":127,"column":31},"end":{"line":127,"column":48}},{"start":{"line":127,"column":48},"end":{"line":127,"column":64}},{"start":{"line":127,"column":64},"end":{"line":127,"column":null}}],"line":127},"18":{"loc":{"start":{"line":129,"column":25},"end":{"line":129,"column":null}},"type":"binary-expr","locations":[{"start":{"line":129,"column":25},"end":{"line":129,"column":42}},{"start":{"line":129,"column":42},"end":{"line":129,"column":58}},{"start":{"line":129,"column":58},"end":{"line":129,"column":null}}],"line":129},"19":{"loc":{"start":{"line":135,"column":25},"end":{"line":138,"column":null}},"type":"binary-expr","locations":[{"start":{"line":135,"column":25},"end":{"line":135,"column":null}},{"start":{"line":136,"column":28},"end":{"line":138,"column":null}}],"line":135},"20":{"loc":{"start":{"line":144,"column":29},"end":{"line":147,"column":null}},"type":"binary-expr","locations":[{"start":{"line":144,"column":29},"end":{"line":144,"column":null}},{"start":{"line":145,"column":32},"end":{"line":147,"column":null}}],"line":144},"21":{"loc":{"start":{"line":157,"column":142},"end":{"line":157,"column":208}},"type":"cond-expr","locations":[{"start":{"line":157,"column":150},"end":{"line":157,"column":206}},{"start":{"line":157,"column":206},"end":{"line":157,"column":208}}],"line":157},"22":{"loc":{"start":{"line":159,"column":25},"end":{"line":170,"column":null}},"type":"cond-expr","locations":[{"start":{"line":160,"column":28},"end":{"line":163,"column":null}},{"start":{"line":164,"column":28},"end":{"line":170,"column":null}}],"line":159},"23":{"loc":{"start":{"line":164,"column":28},"end":{"line":170,"column":null}},"type":"cond-expr","locations":[{"start":{"line":165,"column":28},"end":{"line":165,"column":null}},{"start":{"line":167,"column":28},"end":{"line":170,"column":null}}],"line":164}},"s":{"0":1,"1":9,"2":9,"3":9,"4":9,"5":9,"6":9,"7":0,"8":9,"9":9,"10":9,"11":0,"12":9,"13":0,"14":0,"15":0,"16":9,"17":2,"18":2,"19":2,"20":2,"21":2,"22":2,"23":2,"24":2,"25":2,"26":2,"27":2,"28":1,"29":9,"30":9,"31":9,"32":9,"33":9,"34":9,"35":9,"36":9,"37":9,"38":0},"f":{"0":9,"1":0,"2":0,"3":2,"4":2,"5":1,"6":0},"b":{"0":[0,9],"1":[2,2],"2":[2,2,0],"3":[2,2],"4":[9,1],"5":[9,9,0],"6":[9,9],"7":[9,9],"8":[0,9],"9":[9,0],"10":[9,0],"11":[0,9],"12":[0,9],"13":[0,9],"14":[0,9],"15":[9,9,0],"16":[9,1],"17":[9,9,0],"18":[9,9,0],"19":[9,0],"20":[9,0],"21":[2,7],"22":[2,7],"23":[1,6]},"meta":{"lastBranch":24,"lastFunction":7,"lastStatement":39,"seen":{"s:17:48:177:Infinity":0,"f:17:48:17:49":0,"s:18:10:18:Infinity":1,"s:19:10:19:Infinity":2,"s:20:30:20:Infinity":3,"s:21:26:21:Infinity":4,"s:22:21:22:Infinity":5,"b:24:4:24:Infinity:undefined:undefined:undefined:undefined":0,"s:24:4:24:Infinity":6,"s:24:27:24:Infinity":7,"s:26:79:26:Infinity":8,"s:27:23:27:Infinity":9,"s:29:33:31:Infinity":10,"f:29:33:29:39":1,"s:30:8:30:Infinity":11,"s:33:33:37:Infinity":12,"f:33:33:33:40":2,"s:34:8:34:Infinity":13,"s:35:8:35:Infinity":14,"s:36:8:36:Infinity":15,"s:39:28:60:Infinity":16,"f:39:28:39:29":3,"s:40:8:40:Infinity":17,"s:41:8:41:Infinity":18,"s:42:8:42:Infinity":19,"s:44:29:44:Infinity":20,"s:46:28:51:Infinity":21,"b:49:19:49:42:49:42:49:Infinity":1,"b:50:20:50:77:50:72:50:118:50:118:50:120":2,"s:53:8:59:Infinity":22,"f:53:19:53:25":4,"s:54:12:54:Infinity":23,"b:54:44:54:64:54:64:54:68":3,"s:55:12:55:Infinity":24,"s:56:12:56:Infinity":25,"s:57:12:57:Infinity":26,"s:58:12:58:Infinity":27,"f:58:23:58:29":5,"s:58:29:58:46":28,"s:62:10:62:Infinity":29,"b:62:26:62:51:62:51:62:57":4,"s:65:10:65:Infinity":30,"b:65:21:65:89:65:84:65:130:65:130:65:132":5,"s:68:26:68:Infinity":31,"b:68:26:68:51:68:51:68:Infinity":6,"s:69:25:69:Infinity":32,"s:70:24:70:Infinity":33,"s:71:31:73:Infinity":34,"b:71:31:71:62:71:62:73:Infinity":7,"b:72:10:72:Infinity:73:10:73:Infinity":8,"s:75:27:78:Infinity":35,"b:78:14:78:30:78:30:78:31":9,"s:80:35:83:Infinity":36,"b:83:14:83:31:83:31:83:32":10,"s:85:4:175:Infinity":37,"b:94:234:94:251:94:251:94:302":11,"b:95:36:95:62:95:62:95:Infinity":12,"b:98:20:98:Infinity:100:20:100:Infinity":13,"b:100:64:100:81:100:81:100:100":14,"b:107:25:107:42:107:42:107:58:107:58:107:Infinity":15,"f:108:29:108:30":6,"s:108:85:108:130":38,"b:111:17:111:Infinity:112:20:114:Infinity":16,"b:127:31:127:48:127:48:127:64:127:64:127:Infinity":17,"b:129:25:129:42:129:42:129:58:129:58:129:Infinity":18,"b:135:25:135:Infinity:136:28:138:Infinity":19,"b:144:29:144:Infinity:145:32:147:Infinity":20,"b:157:150:157:206:157:206:157:208":21,"b:160:28:163:Infinity:164:28:170:Infinity":22,"b:165:28:165:Infinity:167:28:170:Infinity":23}}}
,"/home/imdias/workspace/AtelieFilhosDeAruanda-/frontend/src/components/SEO.tsx": {"path":"/home/imdias/workspace/AtelieFilhosDeAruanda-/frontend/src/components/SEO.tsx","statementMap":{"0":{"start":{"line":15,"column":32},"end":{"line":49,"column":null}},"1":{"start":{"line":22,"column":21},"end":{"line":22,"column":null}},"2":{"start":{"line":23,"column":22},"end":{"line":23,"column":null}},"3":{"start":{"line":25,"column":4},"end":{"line":47,"column":null}}},"fnMap":{"0":{"name":"(anonymous_0)","decl":{"start":{"line":15,"column":32},"end":{"line":15,"column":33}},"loc":{"start":{"line":21,"column":6},"end":{"line":49,"column":null}},"line":21}},"branchMap":{"0":{"loc":{"start":{"line":17,"column":4},"end":{"line":17,"column":null}},"type":"default-arg","locations":[{"start":{"line":17,"column":18},"end":{"line":17,"column":null}}],"line":17},"1":{"loc":{"start":{"line":18,"column":4},"end":{"line":18,"column":null}},"type":"default-arg","locations":[{"start":{"line":18,"column":12},"end":{"line":18,"column":null}}],"line":18},"2":{"loc":{"start":{"line":19,"column":4},"end":{"line":19,"column":null}},"type":"default-arg","locations":[{"start":{"line":19,"column":10},"end":{"line":19,"column":null}}],"line":19},"3":{"loc":{"start":{"line":20,"column":4},"end":{"line":20,"column":null}},"type":"default-arg","locations":[{"start":{"line":20,"column":11},"end":{"line":20,"column":null}}],"line":20},"4":{"loc":{"start":{"line":23,"column":22},"end":{"line":23,"column":null}},"type":"cond-expr","locations":[{"start":{"line":23,"column":30},"end":{"line":23,"column":57}},{"start":{"line":23,"column":57},"end":{"line":23,"column":null}}],"line":23}},"s":{"0":1,"1":19,"2":19,"3":19},"f":{"0":19},"b":{"0":[19],"1":[19],"2":[19],"3":[19],"4":[19,0]},"meta":{"lastBranch":5,"lastFunction":1,"lastStatement":4,"seen":{"s:15:32:49:Infinity":0,"f:15:32:15:33":0,"b:17:18:17:Infinity":0,"b:18:12:18:Infinity":1,"b:19:10:19:Infinity":2,"b:20:11:20:Infinity":3,"s:22:21:22:Infinity":1,"s:23:22:23:Infinity":2,"b:23:30:23:57:23:57:23:Infinity":4,"s:25:4:47:Infinity":3}}}
,"/home/imdias/workspace/AtelieFilhosDeAruanda-/frontend/src/components/ui/Button.tsx": {"path":"/home/imdias/workspace/AtelieFilhosDeAruanda-/frontend/src/components/ui/Button.tsx","statementMap":{"0":{"start":{"line":10,"column":38},"end":{"line":48,"column":null}},"1":{"start":{"line":20,"column":23},"end":{"line":20,"column":null}},"2":{"start":{"line":22,"column":21},"end":{"line":26,"column":null}},"3":{"start":{"line":28,"column":27},"end":{"line":28,"column":null}},"4":{"start":{"line":30,"column":4},"end":{"line":46,"column":null}}},"fnMap":{"0":{"name":"(anonymous_0)","decl":{"start":{"line":10,"column":38},"end":{"line":10,"column":39}},"loc":{"start":{"line":19,"column":6},"end":{"line":48,"column":null}},"line":19}},"branchMap":{"0":{"loc":{"start":{"line":12,"column":4},"end":{"line":12,"column":null}},"type":"default-arg","locations":[{"start":{"line":12,"column":11},"end":{"line":12,"column":null}}],"line":12},"1":{"loc":{"start":{"line":13,"column":4},"end":{"line":13,"column":null}},"type":"default-arg","locations":[{"start":{"line":13,"column":14},"end":{"line":13,"column":null}}],"line":13},"2":{"loc":{"start":{"line":14,"column":4},"end":{"line":14,"column":null}},"type":"default-arg","locations":[{"start":{"line":14,"column":16},"end":{"line":14,"column":null}}],"line":14},"3":{"loc":{"start":{"line":15,"column":4},"end":{"line":15,"column":null}},"type":"default-arg","locations":[{"start":{"line":15,"column":15},"end":{"line":15,"column":null}}],"line":15},"4":{"loc":{"start":{"line":17,"column":4},"end":{"line":17,"column":null}},"type":"default-arg","locations":[{"start":{"line":17,"column":16},"end":{"line":17,"column":null}}],"line":17},"5":{"loc":{"start":{"line":28,"column":27},"end":{"line":28,"column":null}},"type":"binary-expr","locations":[{"start":{"line":28,"column":27},"end":{"line":28,"column":48}},{"start":{"line":28,"column":48},"end":{"line":28,"column":null}}],"line":28},"6":{"loc":{"start":{"line":33,"column":22},"end":{"line":33,"column":null}},"type":"binary-expr","locations":[{"start":{"line":33,"column":22},"end":{"line":33,"column":34}},{"start":{"line":33,"column":34},"end":{"line":33,"column":null}}],"line":33},"7":{"loc":{"start":{"line":38,"column":32},"end":{"line":38,"column":71}},"type":"cond-expr","locations":[{"start":{"line":38,"column":44},"end":{"line":38,"column":58}},{"start":{"line":38,"column":58},"end":{"line":38,"column":71}}],"line":38},"8":{"loc":{"start":{"line":41,"column":13},"end":{"line":44,"column":null}},"type":"binary-expr","locations":[{"start":{"line":41,"column":13},"end":{"line":41,"column":null}},{"start":{"line":42,"column":16},"end":{"line":44,"column":null}}],"line":41}},"s":{"0":2,"1":21,"2":21,"3":21,"4":21},"f":{"0":21},"b":{"0":[21],"1":[21],"2":[21],"3":[21],"4":[21],"5":[21,0],"6":[21,20],"7":[4,17],"8":[21,4]},"meta":{"lastBranch":9,"lastFunction":1,"lastStatement":5,"seen":{"s:10:38:48:Infinity":0,"f:10:38:10:39":0,"b:12:11:12:Infinity":0,"b:13:14:13:Infinity":1,"b:14:16:14:Infinity":2,"b:15:15:15:Infinity":3,"b:17:16:17:Infinity":4,"s:20:23:20:Infinity":1,"s:22:21:26:Infinity":2,"s:28:27:28:Infinity":3,"b:28:27:28:48:28:48:28:Infinity":5,"s:30:4:46:Infinity":4,"b:33:22:33:34:33:34:33:Infinity":6,"b:38:44:38:58:38:58:38:71":7,"b:41:13:41:Infinity:42:16:44:Infinity":8}}}
,"/home/imdias/workspace/AtelieFilhosDeAruanda-/frontend/src/components/ui/Spinner.tsx": {"path":"/home/imdias/workspace/AtelieFilhosDeAruanda-/frontend/src/components/ui/Spinner.tsx","statementMap":{"0":{"start":{"line":8,"column":40},"end":{"line":33,"column":null}},"1":{"start":{"line":9,"column":4},"end":{"line":31,"column":null}}},"fnMap":{"0":{"name":"(anonymous_0)","decl":{"start":{"line":8,"column":40},"end":{"line":8,"column":41}},"loc":{"start":{"line":8,"column":75},"end":{"line":33,"column":null}},"line":8}},"branchMap":{"0":{"loc":{"start":{"line":8,"column":43},"end":{"line":8,"column":54}},"type":"default-arg","locations":[{"start":{"line":8,"column":50},"end":{"line":8,"column":54}}],"line":8},"1":{"loc":{"start":{"line":8,"column":54},"end":{"line":8,"column":69}},"type":"default-arg","locations":[{"start":{"line":8,"column":66},"end":{"line":8,"column":69}}],"line":8}},"s":{"0":2,"1":4},"f":{"0":4},"b":{"0":[4],"1":[4]},"meta":{"lastBranch":2,"lastFunction":1,"lastStatement":2,"seen":{"s:8:40:33:Infinity":0,"f:8:40:8:41":0,"b:8:50:8:54":0,"b:8:66:8:69":1,"s:9:4:31:Infinity":1}}}
,"/home/imdias/workspace/AtelieFilhosDeAruanda-/frontend/src/context/ToastContext.tsx": {"path":"/home/imdias/workspace/AtelieFilhosDeAruanda-/frontend/src/context/ToastContext.tsx","statementMap":{"0":{"start":{"line":14,"column":6},"end":{"line":14,"column":null}},"1":{"start":{"line":20,"column":59},"end":{"line":62,"column":null}},"2":{"start":{"line":21,"column":28},"end":{"line":21,"column":null}},"3":{"start":{"line":23,"column":10},"end":{"line":30,"column":null}},"4":{"start":{"line":24,"column":19},"end":{"line":24,"column":null}},"5":{"start":{"line":25,"column":8},"end":{"line":25,"column":null}},"6":{"start":{"line":25,"column":28},"end":{"line":25,"column":60}},"7":{"start":{"line":27,"column":8},"end":{"line":29,"column":null}},"8":{"start":{"line":28,"column":12},"end":{"line":28,"column":null}},"9":{"start":{"line":28,"column":32},"end":{"line":28,"column":63}},"10":{"start":{"line":28,"column":51},"end":{"line":28,"column":62}},"11":{"start":{"line":32,"column":10},"end":{"line":34,"column":null}},"12":{"start":{"line":33,"column":8},"end":{"line":33,"column":null}},"13":{"start":{"line":33,"column":28},"end":{"line":33,"column":59}},"14":{"start":{"line":33,"column":47},"end":{"line":33,"column":58}},"15":{"start":{"line":36,"column":4},"end":{"line":60,"column":null}},"16":{"start":{"line":41,"column":20},"end":{"line":57,"column":null}},"17":{"start":{"line":54,"column":47},"end":{"line":54,"column":70}},"18":{"start":{"line":64,"column":24},"end":{"line":68,"column":null}},"19":{"start":{"line":65,"column":10},"end":{"line":65,"column":null}},"20":{"start":{"line":66,"column":4},"end":{"line":66,"column":null}},"21":{"start":{"line":66,"column":18},"end":{"line":66,"column":null}},"22":{"start":{"line":67,"column":4},"end":{"line":67,"column":null}}},"fnMap":{"0":{"name":"(anonymous_0)","decl":{"start":{"line":20,"column":59},"end":{"line":20,"column":60}},"loc":{"start":{"line":20,"column":77},"end":{"line":62,"column":null}},"line":20},"1":{"name":"(anonymous_1)","decl":{"start":{"line":23,"column":33},"end":{"line":23,"column":34}},"loc":{"start":{"line":23,"column":99},"end":{"line":30,"column":7}},"line":23},"2":{"name":"(anonymous_2)","decl":{"start":{"line":25,"column":18},"end":{"line":25,"column":19}},"loc":{"start":{"line":25,"column":28},"end":{"line":25,"column":60}},"line":25},"3":{"name":"(anonymous_3)","decl":{"start":{"line":27,"column":19},"end":{"line":27,"column":25}},"loc":{"start":{"line":27,"column":25},"end":{"line":29,"column":11}},"line":27},"4":{"name":"(anonymous_4)","decl":{"start":{"line":28,"column":22},"end":{"line":28,"column":23}},"loc":{"start":{"line":28,"column":32},"end":{"line":28,"column":63}},"line":28},"5":{"name":"(anonymous_5)","decl":{"start":{"line":28,"column":44},"end":{"line":28,"column":45}},"loc":{"start":{"line":28,"column":51},"end":{"line":28,"column":62}},"line":28},"6":{"name":"(anonymous_6)","decl":{"start":{"line":32,"column":36},"end":{"line":32,"column":37}},"loc":{"start":{"line":32,"column":52},"end":{"line":34,"column":7}},"line":32},"7":{"name":"(anonymous_7)","decl":{"start":{"line":33,"column":18},"end":{"line":33,"column":19}},"loc":{"start":{"line":33,"column":28},"end":{"line":33,"column":59}},"line":33},"8":{"name":"(anonymous_8)","decl":{"start":{"line":33,"column":40},"end":{"line":33,"column":41}},"loc":{"start":{"line":33,"column":47},"end":{"line":33,"column":58}},"line":33},"9":{"name":"(anonymous_9)","decl":{"start":{"line":40,"column":28},"end":{"line":40,"column":29}},"loc":{"start":{"line":41,"column":20},"end":{"line":57,"column":null}},"line":41},"10":{"name":"(anonymous_10)","decl":{"start":{"line":54,"column":41},"end":{"line":54,"column":47}},"loc":{"start":{"line":54,"column":47},"end":{"line":54,"column":70}},"line":54},"11":{"name":"(anonymous_11)","decl":{"start":{"line":64,"column":24},"end":{"line":64,"column":48}},"loc":{"start":{"line":64,"column":48},"end":{"line":68,"column":null}},"line":64}},"branchMap":{"0":{"loc":{"start":{"line":23,"column":51},"end":{"line":23,"column":99}},"type":"default-arg","locations":[{"start":{"line":23,"column":88},"end":{"line":23,"column":99}}],"line":23},"1":{"loc":{"start":{"line":43,"column":121},"end":{"line":45,"column":null}},"type":"cond-expr","locations":[{"start":{"line":43,"column":148},"end":{"line":43,"column":null}},{"start":{"line":44,"column":32},"end":{"line":45,"column":null}}],"line":43},"2":{"loc":{"start":{"line":44,"column":32},"end":{"line":45,"column":null}},"type":"cond-expr","locations":[{"start":{"line":44,"column":57},"end":{"line":44,"column":null}},{"start":{"line":45,"column":36},"end":{"line":45,"column":null}}],"line":44},"3":{"loc":{"start":{"line":48,"column":25},"end":{"line":48,"column":null}},"type":"binary-expr","locations":[{"start":{"line":48,"column":25},"end":{"line":48,"column":53}},{"start":{"line":48,"column":53},"end":{"line":48,"column":null}}],"line":48},"4":{"loc":{"start":{"line":49,"column":25},"end":{"line":49,"column":null}},"type":"binary-expr","locations":[{"start":{"line":49,"column":25},"end":{"line":49,"column":51}},{"start":{"line":49,"column":51},"end":{"line":49,"column":null}}],"line":49},"5":{"loc":{"start":{"line":50,"column":25},"end":{"line":50,"column":null}},"type":"binary-expr","locations":[{"start":{"line":50,"column":25},"end":{"line":50,"column":50}},{"start":{"line":50,"column":50},"end":{"line":50,"column":null}}],"line":50},"6":{"loc":{"start":{"line":66,"column":4},"end":{"line":66,"column":null}},"type":"if","locations":[{"start":{"line":66,"column":4},"end":{"line":66,"column":null}},{"start":{},"end":{}}],"line":66}},"s":{"0":3,"1":3,"2":12,"3":12,"4":0,"5":0,"6":0,"7":0,"8":0,"9":0,"10":0,"11":12,"12":0,"13":0,"14":0,"15":12,"16":0,"17":0,"18":3,"19":0,"20":0,"21":0,"22":0},"f":{"0":12,"1":0,"2":0,"3":0,"4":0,"5":0,"6":0,"7":0,"8":0,"9":0,"10":0,"11":0},"b":{"0":[0],"1":[0,0],"2":[0,0],"3":[0,0],"4":[0,0],"5":[0,0],"6":[0,0]},"meta":{"lastBranch":7,"lastFunction":12,"lastStatement":23,"seen":{"s:14:6:14:Infinity":0,"s:20:59:62:Infinity":1,"f:20:59:20:60":0,"s:21:28:21:Infinity":2,"s:23:10:30:Infinity":3,"f:23:33:23:34":1,"b:23:88:23:99":0,"s:24:19:24:Infinity":4,"s:25:8:25:Infinity":5,"f:25:18:25:19":2,"s:25:28:25:60":6,"s:27:8:29:Infinity":7,"f:27:19:27:25":3,"s:28:12:28:Infinity":8,"f:28:22:28:23":4,"s:28:32:28:63":9,"f:28:44:28:45":5,"s:28:51:28:62":10,"s:32:10:34:Infinity":11,"f:32:36:32:37":6,"s:33:8:33:Infinity":12,"f:33:18:33:19":7,"s:33:28:33:59":13,"f:33:40:33:41":8,"s:33:47:33:58":14,"s:36:4:60:Infinity":15,"f:40:28:40:29":9,"s:41:20:57:Infinity":16,"b:43:148:43:Infinity:44:32:45:Infinity":1,"b:44:57:44:Infinity:45:36:45:Infinity":2,"b:48:25:48:53:48:53:48:Infinity":3,"b:49:25:49:51:49:51:49:Infinity":4,"b:50:25:50:50:50:50:50:Infinity":5,"f:54:41:54:47":10,"s:54:47:54:70":17,"s:64:24:68:Infinity":18,"f:64:24:64:48":11,"s:65:10:65:Infinity":19,"b:66:4:66:Infinity:undefined:undefined:undefined:undefined":6,"s:66:4:66:Infinity":20,"s:66:18:66:Infinity":21,"s:67:4:67:Infinity":22}}}
,"/home/imdias/workspace/AtelieFilhosDeAruanda-/frontend/src/pages/CheckoutPage.tsx": {"path":"/home/imdias/workspace/AtelieFilhosDeAruanda-/frontend/src/pages/CheckoutPage.tsx","statementMap":{"0":{"start":{"line":32,"column":20},"end":{"line":48,"column":null}},"1":{"start":{"line":33,"column":4},"end":{"line":33,"column":null}},"2":{"start":{"line":34,"column":4},"end":{"line":34,"column":null}},"3":{"start":{"line":34,"column":27},"end":{"line":34,"column":null}},"4":{"start":{"line":35,"column":4},"end":{"line":35,"column":null}},"5":{"start":{"line":35,"column":31},"end":{"line":35,"column":null}},"6":{"start":{"line":36,"column":14},"end":{"line":36,"column":null}},"7":{"start":{"line":38,"column":4},"end":{"line":38,"column":null}},"8":{"start":{"line":38,"column":17},"end":{"line":38,"column":20}},"9":{"start":{"line":38,"column":33},"end":{"line":38,"column":null}},"10":{"start":{"line":39,"column":4},"end":{"line":39,"column":null}},"11":{"start":{"line":40,"column":4},"end":{"line":40,"column":null}},"12":{"start":{"line":40,"column":50},"end":{"line":40,"column":null}},"13":{"start":{"line":41,"column":4},"end":{"line":41,"column":null}},"14":{"start":{"line":41,"column":54},"end":{"line":41,"column":null}},"15":{"start":{"line":42,"column":4},"end":{"line":42,"column":null}},"16":{"start":{"line":43,"column":4},"end":{"line":43,"column":null}},"17":{"start":{"line":43,"column":17},"end":{"line":43,"column":20}},"18":{"start":{"line":43,"column":34},"end":{"line":43,"column":null}},"19":{"start":{"line":44,"column":4},"end":{"line":44,"column":null}},"20":{"start":{"line":45,"column":4},"end":{"line":45,"column":null}},"21":{"start":{"line":45,"column":50},"end":{"line":45,"column":null}},"22":{"start":{"line":46,"column":4},"end":{"line":46,"column":null}},"23":{"start":{"line":46,"column":55},"end":{"line":46,"column":null}},"24":{"start":{"line":47,"column":4},"end":{"line":47,"column":null}},"25":{"start":{"line":50,"column":21},"end":{"line":76,"column":null}},"26":{"start":{"line":51,"column":4},"end":{"line":51,"column":null}},"27":{"start":{"line":52,"column":4},"end":{"line":52,"column":null}},"28":{"start":{"line":52,"column":28},"end":{"line":52,"column":null}},"29":{"start":{"line":53,"column":4},"end":{"line":53,"column":null}},"30":{"start":{"line":53,"column":32},"end":{"line":53,"column":null}},"31":{"start":{"line":54,"column":17},"end":{"line":54,"column":null}},"32":{"start":{"line":55,"column":18},"end":{"line":55,"column":null}},"33":{"start":{"line":56,"column":17},"end":{"line":56,"column":null}},"34":{"start":{"line":57,"column":14},"end":{"line":57,"column":null}},"35":{"start":{"line":58,"column":14},"end":{"line":58,"column":null}},"36":{"start":{"line":59,"column":4},"end":{"line":62,"column":null}},"37":{"start":{"line":59,"column":17},"end":{"line":59,"column":25}},"38":{"start":{"line":60,"column":8},"end":{"line":60,"column":null}},"39":{"start":{"line":61,"column":8},"end":{"line":61,"column":null}},"40":{"start":{"line":61,"column":21},"end":{"line":61,"column":null}},"41":{"start":{"line":63,"column":17},"end":{"line":63,"column":null}},"42":{"start":{"line":64,"column":4},"end":{"line":64,"column":null}},"43":{"start":{"line":64,"column":47},"end":{"line":64,"column":null}},"44":{"start":{"line":65,"column":4},"end":{"line":65,"column":null}},"45":{"start":{"line":66,"column":4},"end":{"line":66,"column":null}},"46":{"start":{"line":67,"column":4},"end":{"line":67,"column":null}},"47":{"start":{"line":68,"column":4},"end":{"line":68,"column":null}},"48":{"start":{"line":69,"column":4},"end":{"line":72,"column":null}},"49":{"start":{"line":69,"column":17},"end":{"line":69,"column":25}},"50":{"start":{"line":70,"column":8},"end":{"line":70,"column":null}},"51":{"start":{"line":71,"column":8},"end":{"line":71,"column":null}},"52":{"start":{"line":71,"column":21},"end":{"line":71,"column":null}},"53":{"start":{"line":73,"column":4},"end":{"line":73,"column":null}},"54":{"start":{"line":74,"column":4},"end":{"line":74,"column":null}},"55":{"start":{"line":74,"column":47},"end":{"line":74,"column":null}},"56":{"start":{"line":75,"column":4},"end":{"line":75,"column":null}},"57":{"start":{"line":79,"column":16},"end":{"line":79,"column":null}},"58":{"start":{"line":79,"column":33},"end":{"line":79,"column":null}},"59":{"start":{"line":80,"column":16},"end":{"line":80,"column":null}},"60":{"start":{"line":80,"column":33},"end":{"line":80,"column":null}},"61":{"start":{"line":81,"column":17},"end":{"line":81,"column":null}},"62":{"start":{"line":81,"column":34},"end":{"line":81,"column":null}},"63":{"start":{"line":83,"column":31},"end":{"line":1098,"column":null}},"64":{"start":{"line":84,"column":10},"end":{"line":84,"column":null}},"65":{"start":{"line":85,"column":10},"end":{"line":85,"column":null}},"66":{"start":{"line":86,"column":39},"end":{"line":86,"column":null}},"67":{"start":{"line":88,"column":24},"end":{"line":88,"column":null}},"68":{"start":{"line":89,"column":30},"end":{"line":89,"column":null}},"69":{"start":{"line":90,"column":40},"end":{"line":90,"column":null}},"70":{"start":{"line":91,"column":36},"end":{"line":91,"column":null}},"71":{"start":{"line":92,"column":42},"end":{"line":92,"column":null}},"72":{"start":{"line":93,"column":38},"end":{"line":93,"column":null}},"73":{"start":{"line":94,"column":48},"end":{"line":94,"column":null}},"74":{"start":{"line":97,"column":32},"end":{"line":97,"column":null}},"75":{"start":{"line":99,"column":32},"end":{"line":115,"column":null}},"76":{"start":{"line":117,"column":36},"end":{"line":117,"column":null}},"77":{"start":{"line":119,"column":44},"end":{"line":119,"column":null}},"78":{"start":{"line":120,"column":50},"end":{"line":120,"column":null}},"79":{"start":{"line":121,"column":52},"end":{"line":121,"column":null}},"80":{"start":{"line":122,"column":36},"end":{"line":122,"column":null}},"81":{"start":{"line":123,"column":44},"end":{"line":123,"column":null}},"82":{"start":{"line":124,"column":46},"end":{"line":124,"column":null}},"83":{"start":{"line":125,"column":46},"end":{"line":125,"column":null}},"84":{"start":{"line":126,"column":46},"end":{"line":126,"column":null}},"85":{"start":{"line":127,"column":46},"end":{"line":127,"column":null}},"86":{"start":{"line":128,"column":42},"end":{"line":128,"column":null}},"87":{"start":{"line":130,"column":73},"end":{"line":130,"column":null}},"88":{"start":{"line":131,"column":32},"end":{"line":131,"column":null}},"89":{"start":{"line":132,"column":10},"end":{"line":132,"column":null}},"90":{"start":{"line":133,"column":10},"end":{"line":133,"column":null}},"91":{"start":{"line":136,"column":21},"end":{"line":136,"column":null}},"92":{"start":{"line":136,"column":70},"end":{"line":136,"column":106}},"93":{"start":{"line":137,"column":21},"end":{"line":141,"column":null}},"94":{"start":{"line":144,"column":40},"end":{"line":144,"column":null}},"95":{"start":{"line":145,"column":25},"end":{"line":145,"column":null}},"96":{"start":{"line":147,"column":18},"end":{"line":147,"column":null}},"97":{"start":{"line":149,"column":4},"end":{"line":199,"column":null}},"98":{"start":{"line":150,"column":29},"end":{"line":192,"column":null}},"99":{"start":{"line":151,"column":32},"end":{"line":151,"column":null}},"100":{"start":{"line":152,"column":12},"end":{"line":152,"column":null}},"101":{"start":{"line":154,"column":12},"end":{"line":185,"column":null}},"102":{"start":{"line":155,"column":16},"end":{"line":160,"column":null}},"103":{"start":{"line":155,"column":37},"end":{"line":160,"column":18}},"104":{"start":{"line":162,"column":16},"end":{"line":184,"column":null}},"105":{"start":{"line":163,"column":38},"end":{"line":163,"column":null}},"106":{"start":{"line":164,"column":20},"end":{"line":164,"column":null}},"107":{"start":{"line":165,"column":20},"end":{"line":174,"column":null}},"108":{"start":{"line":166,"column":24},"end":{"line":166,"column":null}},"109":{"start":{"line":168,"column":36},"end":{"line":168,"column":null}},"110":{"start":{"line":168,"column":56},"end":{"line":168,"column":67}},"111":{"start":{"line":169,"column":24},"end":{"line":173,"column":null}},"112":{"start":{"line":170,"column":28},"end":{"line":170,"column":null}},"113":{"start":{"line":172,"column":28},"end":{"line":172,"column":null}},"114":{"start":{"line":176,"column":34},"end":{"line":176,"column":null}},"115":{"start":{"line":177,"column":20},"end":{"line":177,"column":null}},"116":{"start":{"line":178,"column":20},"end":{"line":181,"column":null}},"117":{"start":{"line":179,"column":24},"end":{"line":179,"column":null}},"118":{"start":{"line":180,"column":24},"end":{"line":180,"column":null}},"119":{"start":{"line":183,"column":20},"end":{"line":183,"column":null}},"120":{"start":{"line":187,"column":12},"end":{"line":191,"column":null}},"121":{"start":{"line":188,"column":16},"end":{"line":188,"column":null}},"122":{"start":{"line":189,"column":12},"end":{"line":191,"column":null}},"123":{"start":{"line":190,"column":16},"end":{"line":190,"column":null}},"124":{"start":{"line":194,"column":33},"end":{"line":194,"column":null}},"125":{"start":{"line":194,"column":39},"end":{"line":194,"column":null}},"126":{"start":{"line":195,"column":8},"end":{"line":195,"column":null}},"127":{"start":{"line":196,"column":8},"end":{"line":196,"column":null}},"128":{"start":{"line":198,"column":8},"end":{"line":198,"column":null}},"129":{"start":{"line":198,"column":21},"end":{"line":198,"column":null}},"130":{"start":{"line":202,"column":4},"end":{"line":282,"column":null}},"131":{"start":{"line":203,"column":22},"end":{"line":203,"column":null}},"132":{"start":{"line":205,"column":29},"end":{"line":278,"column":null}},"133":{"start":{"line":206,"column":12},"end":{"line":277,"column":null}},"134":{"start":{"line":207,"column":16},"end":{"line":276,"column":null}},"135":{"start":{"line":208,"column":20},"end":{"line":275,"column":null}},"136":{"start":{"line":209,"column":24},"end":{"line":209,"column":null}},"137":{"start":{"line":209,"column":38},"end":{"line":209,"column":null}},"138":{"start":{"line":210,"column":42},"end":{"line":210,"column":null}},"139":{"start":{"line":211,"column":24},"end":{"line":211,"column":null}},"140":{"start":{"line":211,"column":40},"end":{"line":211,"column":null}},"141":{"start":{"line":213,"column":24},"end":{"line":274,"column":null}},"142":{"start":{"line":214,"column":39},"end":{"line":269,"column":null}},"143":{"start":{"line":235,"column":40},"end":{"line":235,"column":null}},"144":{"start":{"line":235,"column":51},"end":{"line":235,"column":null}},"145":{"start":{"line":238,"column":40},"end":{"line":238,"column":null}},"146":{"start":{"line":239,"column":40},"end":{"line":239,"column":null}},"147":{"start":{"line":240,"column":40},"end":{"line":265,"column":null}},"148":{"start":{"line":241,"column":55},"end":{"line":241,"column":null}},"149":{"start":{"line":242,"column":44},"end":{"line":242,"column":null}},"150":{"start":{"line":242,"column":53},"end":{"line":242,"column":null}},"151":{"start":{"line":243,"column":61},"end":{"line":243,"column":null}},"152":{"start":{"line":244,"column":44},"end":{"line":244,"column":null}},"153":{"start":{"line":244,"column":78},"end":{"line":244,"column":null}},"154":{"start":{"line":246,"column":58},"end":{"line":246,"column":null}},"155":{"start":{"line":247,"column":44},"end":{"line":257,"column":null}},"156":{"start":{"line":248,"column":48},"end":{"line":248,"column":null}},"157":{"start":{"line":250,"column":48},"end":{"line":250,"column":null}},"158":{"start":{"line":252,"column":48},"end":{"line":252,"column":null}},"159":{"start":{"line":254,"column":63},"end":{"line":254,"column":null}},"160":{"start":{"line":255,"column":48},"end":{"line":255,"column":null}},"161":{"start":{"line":256,"column":48},"end":{"line":256,"column":null}},"162":{"start":{"line":259,"column":44},"end":{"line":261,"column":null}},"163":{"start":{"line":263,"column":44},"end":{"line":263,"column":null}},"164":{"start":{"line":264,"column":44},"end":{"line":264,"column":null}},"165":{"start":{"line":267,"column":64},"end":{"line":267,"column":null}},"166":{"start":{"line":270,"column":28},"end":{"line":270,"column":null}},"167":{"start":{"line":271,"column":28},"end":{"line":271,"column":null}},"168":{"start":{"line":273,"column":28},"end":{"line":273,"column":null}},"169":{"start":{"line":280,"column":8},"end":{"line":280,"column":null}},"170":{"start":{"line":280,"column":49},"end":{"line":280,"column":null}},"171":{"start":{"line":281,"column":8},"end":{"line":281,"column":null}},"172":{"start":{"line":281,"column":23},"end":{"line":281,"column":40}},"173":{"start":{"line":284,"column":36},"end":{"line":312,"column":null}},"174":{"start":{"line":285,"column":8},"end":{"line":285,"column":null}},"175":{"start":{"line":285,"column":48},"end":{"line":285,"column":null}},"176":{"start":{"line":286,"column":8},"end":{"line":286,"column":null}},"177":{"start":{"line":287,"column":8},"end":{"line":311,"column":null}},"178":{"start":{"line":288,"column":26},"end":{"line":288,"column":null}},"179":{"start":{"line":289,"column":28},"end":{"line":289,"column":null}},"180":{"start":{"line":290,"column":30},"end":{"line":290,"column":null}},"181":{"start":{"line":290,"column":48},"end":{"line":290,"column":79}},"182":{"start":{"line":291,"column":12},"end":{"line":297,"column":null}},"183":{"start":{"line":292,"column":16},"end":{"line":292,"column":null}},"184":{"start":{"line":292,"column":42},"end":{"line":292,"column":70}},"185":{"start":{"line":293,"column":16},"end":{"line":293,"column":null}},"186":{"start":{"line":295,"column":16},"end":{"line":295,"column":null}},"187":{"start":{"line":295,"column":42},"end":{"line":295,"column":71}},"188":{"start":{"line":296,"column":16},"end":{"line":296,"column":null}},"189":{"start":{"line":299,"column":12},"end":{"line":306,"column":null}},"190":{"start":{"line":300,"column":39},"end":{"line":300,"column":null}},"191":{"start":{"line":300,"column":57},"end":{"line":300,"column":96}},"192":{"start":{"line":301,"column":16},"end":{"line":302,"column":null}},"193":{"start":{"line":301,"column":36},"end":{"line":301,"column":null}},"194":{"start":{"line":302,"column":21},"end":{"line":302,"column":null}},"195":{"start":{"line":303,"column":12},"end":{"line":306,"column":null}},"196":{"start":{"line":305,"column":16},"end":{"line":305,"column":null}},"197":{"start":{"line":308,"column":12},"end":{"line":308,"column":null}},"198":{"start":{"line":310,"column":12},"end":{"line":310,"column":null}},"199":{"start":{"line":314,"column":32},"end":{"line":329,"column":null}},"200":{"start":{"line":315,"column":30},"end":{"line":315,"column":null}},"201":{"start":{"line":316,"column":8},"end":{"line":316,"column":null}},"202":{"start":{"line":317,"column":8},"end":{"line":317,"column":null}},"203":{"start":{"line":318,"column":8},"end":{"line":327,"column":null}},"204":{"start":{"line":318,"column":29},"end":{"line":327,"column":10}},"205":{"start":{"line":328,"column":8},"end":{"line":328,"column":null}},"206":{"start":{"line":331,"column":30},"end":{"line":344,"column":null}},"207":{"start":{"line":332,"column":8},"end":{"line":332,"column":null}},"208":{"start":{"line":332,"column":37},"end":{"line":332,"column":null}},"209":{"start":{"line":333,"column":8},"end":{"line":333,"column":null}},"210":{"start":{"line":334,"column":8},"end":{"line":334,"column":null}},"211":{"start":{"line":335,"column":8},"end":{"line":343,"column":null}},"212":{"start":{"line":336,"column":27},"end":{"line":336,"column":null}},"213":{"start":{"line":337,"column":12},"end":{"line":337,"column":null}},"214":{"start":{"line":339,"column":12},"end":{"line":339,"column":null}},"215":{"start":{"line":340,"column":12},"end":{"line":340,"column":null}},"216":{"start":{"line":342,"column":12},"end":{"line":342,"column":null}},"217":{"start":{"line":346,"column":30},"end":{"line":425,"column":null}},"218":{"start":{"line":347,"column":32},"end":{"line":347,"column":null}},"219":{"start":{"line":349,"column":8},"end":{"line":385,"column":null}},"220":{"start":{"line":350,"column":24},"end":{"line":350,"column":null}},"221":{"start":{"line":351,"column":12},"end":{"line":351,"column":null}},"222":{"start":{"line":351,"column":33},"end":{"line":351,"column":58}},"223":{"start":{"line":353,"column":12},"end":{"line":383,"column":null}},"224":{"start":{"line":355,"column":16},"end":{"line":376,"column":null}},"225":{"start":{"line":356,"column":33},"end":{"line":356,"column":43}},"226":{"start":{"line":358,"column":24},"end":{"line":374,"column":null}},"227":{"start":{"line":359,"column":28},"end":{"line":365,"column":null}},"228":{"start":{"line":359,"column":49},"end":{"line":365,"column":30}},"229":{"start":{"line":366,"column":28},"end":{"line":370,"column":null}},"230":{"start":{"line":367,"column":50},"end":{"line":367,"column":null}},"231":{"start":{"line":368,"column":32},"end":{"line":368,"column":null}},"232":{"start":{"line":369,"column":32},"end":{"line":369,"column":null}},"233":{"start":{"line":371,"column":28},"end":{"line":371,"column":null}},"234":{"start":{"line":373,"column":28},"end":{"line":373,"column":null}},"235":{"start":{"line":373,"column":51},"end":{"line":373,"column":90}},"236":{"start":{"line":376,"column":33},"end":{"line":376,"column":96}},"237":{"start":{"line":376,"column":56},"end":{"line":376,"column":95}},"238":{"start":{"line":378,"column":16},"end":{"line":382,"column":null}},"239":{"start":{"line":379,"column":38},"end":{"line":379,"column":null}},"240":{"start":{"line":380,"column":20},"end":{"line":380,"column":null}},"241":{"start":{"line":381,"column":20},"end":{"line":381,"column":null}},"242":{"start":{"line":384,"column":12},"end":{"line":384,"column":null}},"243":{"start":{"line":387,"column":8},"end":{"line":412,"column":null}},"244":{"start":{"line":388,"column":24},"end":{"line":388,"column":null}},"245":{"start":{"line":389,"column":30},"end":{"line":389,"column":null}},"246":{"start":{"line":390,"column":29},"end":{"line":390,"column":null}},"247":{"start":{"line":391,"column":12},"end":{"line":391,"column":null}},"248":{"start":{"line":391,"column":33},"end":{"line":391,"column":63}},"249":{"start":{"line":393,"column":12},"end":{"line":410,"column":null}},"250":{"start":{"line":394,"column":32},"end":{"line":394,"column":null}},"251":{"start":{"line":395,"column":16},"end":{"line":403,"column":null}},"252":{"start":{"line":396,"column":20},"end":{"line":396,"column":null}},"253":{"start":{"line":396,"column":43},"end":{"line":396,"column":104}},"254":{"start":{"line":398,"column":20},"end":{"line":402,"column":null}},"255":{"start":{"line":399,"column":42},"end":{"line":399,"column":null}},"256":{"start":{"line":400,"column":24},"end":{"line":400,"column":null}},"257":{"start":{"line":401,"column":24},"end":{"line":401,"column":null}},"258":{"start":{"line":405,"column":16},"end":{"line":409,"column":null}},"259":{"start":{"line":406,"column":38},"end":{"line":406,"column":null}},"260":{"start":{"line":407,"column":20},"end":{"line":407,"column":null}},"261":{"start":{"line":408,"column":20},"end":{"line":408,"column":null}},"262":{"start":{"line":411,"column":12},"end":{"line":411,"column":null}},"263":{"start":{"line":414,"column":8},"end":{"line":422,"column":null}},"264":{"start":{"line":415,"column":12},"end":{"line":415,"column":null}},"265":{"start":{"line":415,"column":33},"end":{"line":415,"column":82}},"266":{"start":{"line":416,"column":12},"end":{"line":420,"column":null}},"267":{"start":{"line":417,"column":34},"end":{"line":417,"column":null}},"268":{"start":{"line":418,"column":16},"end":{"line":418,"column":null}},"269":{"start":{"line":419,"column":16},"end":{"line":419,"column":null}},"270":{"start":{"line":421,"column":12},"end":{"line":421,"column":null}},"271":{"start":{"line":424,"column":8},"end":{"line":424,"column":null}},"272":{"start":{"line":424,"column":29},"end":{"line":424,"column":56}},"273":{"start":{"line":428,"column":28},"end":{"line":434,"column":null}},"274":{"start":{"line":429,"column":20},"end":{"line":429,"column":null}},"275":{"start":{"line":430,"column":8},"end":{"line":430,"column":null}},"276":{"start":{"line":430,"column":37},"end":{"line":430,"column":null}},"277":{"start":{"line":431,"column":8},"end":{"line":431,"column":null}},"278":{"start":{"line":431,"column":28},"end":{"line":431,"column":null}},"279":{"start":{"line":432,"column":8},"end":{"line":432,"column":null}},"280":{"start":{"line":432,"column":34},"end":{"line":432,"column":null}},"281":{"start":{"line":433,"column":8},"end":{"line":433,"column":null}},"282":{"start":{"line":436,"column":25},"end":{"line":515,"column":null}},"283":{"start":{"line":437,"column":8},"end":{"line":437,"column":null}},"284":{"start":{"line":438,"column":8},"end":{"line":438,"column":null}},"285":{"start":{"line":439,"column":8},"end":{"line":514,"column":null}},"286":{"start":{"line":440,"column":27},"end":{"line":440,"column":null}},"287":{"start":{"line":442,"column":12},"end":{"line":454,"column":null}},"288":{"start":{"line":443,"column":42},"end":{"line":452,"column":null}},"289":{"start":{"line":453,"column":16},"end":{"line":453,"column":null}},"290":{"start":{"line":457,"column":43},"end":{"line":482,"column":null}},"291":{"start":{"line":458,"column":38},"end":{"line":458,"column":104}},"292":{"start":{"line":485,"column":12},"end":{"line":507,"column":null}},"293":{"start":{"line":486,"column":16},"end":{"line":502,"column":null}},"294":{"start":{"line":487,"column":20},"end":{"line":487,"column":null}},"295":{"start":{"line":488,"column":35},"end":{"line":488,"column":null}},"296":{"start":{"line":489,"column":20},"end":{"line":489,"column":null}},"297":{"start":{"line":490,"column":20},"end":{"line":490,"column":null}},"298":{"start":{"line":492,"column":31},"end":{"line":492,"column":null}},"299":{"start":{"line":493,"column":20},"end":{"line":493,"column":null}},"300":{"start":{"line":493,"column":29},"end":{"line":493,"column":null}},"301":{"start":{"line":494,"column":20},"end":{"line":494,"column":null}},"302":{"start":{"line":495,"column":33},"end":{"line":495,"column":null}},"303":{"start":{"line":496,"column":20},"end":{"line":500,"column":null}},"304":{"start":{"line":497,"column":24},"end":{"line":497,"column":null}},"305":{"start":{"line":499,"column":24},"end":{"line":499,"column":null}},"306":{"start":{"line":501,"column":20},"end":{"line":501,"column":null}},"307":{"start":{"line":504,"column":31},"end":{"line":504,"column":null}},"308":{"start":{"line":505,"column":16},"end":{"line":505,"column":null}},"309":{"start":{"line":506,"column":16},"end":{"line":506,"column":null}},"310":{"start":{"line":509,"column":12},"end":{"line":511,"column":null}},"311":{"start":{"line":513,"column":12},"end":{"line":513,"column":null}},"312":{"start":{"line":517,"column":4},"end":{"line":534,"column":null}},"313":{"start":{"line":518,"column":8},"end":{"line":532,"column":null}},"314":{"start":{"line":536,"column":4},"end":{"line":544,"column":null}},"315":{"start":{"line":537,"column":8},"end":{"line":542,"column":null}},"316":{"start":{"line":546,"column":4},"end":{"line":1096,"column":null}},"317":{"start":{"line":633,"column":40},"end":{"line":644,"column":null}},"318":{"start":{"line":635,"column":59},"end":{"line":635,"column":null}},"319":{"start":{"line":648,"column":44},"end":{"line":648,"column":null}},"320":{"start":{"line":649,"column":44},"end":{"line":649,"column":null}},"321":{"start":{"line":650,"column":44},"end":{"line":659,"column":null}},"322":{"start":{"line":650,"column":65},"end":{"line":659,"column":46}},"323":{"start":{"line":750,"column":65},"end":{"line":750,"column":null}},"324":{"start":{"line":750,"column":86},"end":{"line":750,"column":129}},"325":{"start":{"line":774,"column":40},"end":{"line":794,"column":null}},"326":{"start":{"line":783,"column":68},"end":{"line":783,"column":null}},"327":{"start":{"line":848,"column":56},"end":{"line":861,"column":null}},"328":{"start":{"line":850,"column":77},"end":{"line":850,"column":105}},"329":{"start":{"line":850,"column":105},"end":{"line":850,"column":132}},"330":{"start":{"line":864,"column":73},"end":{"line":864,"column":99}},"331":{"start":{"line":864,"column":99},"end":{"line":864,"column":124}},"332":{"start":{"line":929,"column":85},"end":{"line":929,"column":null}},"333":{"start":{"line":929,"column":106},"end":{"line":929,"column":146}},"334":{"start":{"line":960,"column":51},"end":{"line":960,"column":null}},"335":{"start":{"line":977,"column":40},"end":{"line":999,"column":null}},"336":{"start":{"line":979,"column":59},"end":{"line":979,"column":null}},"337":{"start":{"line":987,"column":121},"end":{"line":987,"column":166}},"338":{"start":{"line":1043,"column":61},"end":{"line":1043,"column":null}},"339":{"start":{"line":1060,"column":55},"end":{"line":1060,"column":null}}},"fnMap":{"0":{"name":"(anonymous_0)","decl":{"start":{"line":32,"column":20},"end":{"line":32,"column":21}},"loc":{"start":{"line":32,"column":37},"end":{"line":48,"column":null}},"line":32},"1":{"name":"(anonymous_1)","decl":{"start":{"line":50,"column":21},"end":{"line":50,"column":22}},"loc":{"start":{"line":50,"column":39},"end":{"line":76,"column":null}},"line":50},"2":{"name":"(anonymous_2)","decl":{"start":{"line":79,"column":16},"end":{"line":79,"column":17}},"loc":{"start":{"line":79,"column":33},"end":{"line":79,"column":null}},"line":79},"3":{"name":"(anonymous_3)","decl":{"start":{"line":80,"column":16},"end":{"line":80,"column":17}},"loc":{"start":{"line":80,"column":33},"end":{"line":80,"column":null}},"line":80},"4":{"name":"(anonymous_4)","decl":{"start":{"line":81,"column":17},"end":{"line":81,"column":18}},"loc":{"start":{"line":81,"column":34},"end":{"line":81,"column":null}},"line":81},"5":{"name":"(anonymous_5)","decl":{"start":{"line":83,"column":31},"end":{"line":83,"column":37}},"loc":{"start":{"line":83,"column":37},"end":{"line":1098,"column":null}},"line":83},"6":{"name":"(anonymous_6)","decl":{"start":{"line":136,"column":55},"end":{"line":136,"column":56}},"loc":{"start":{"line":136,"column":70},"end":{"line":136,"column":106}},"line":136},"7":{"name":"(anonymous_7)","decl":{"start":{"line":149,"column":14},"end":{"line":149,"column":20}},"loc":{"start":{"line":149,"column":20},"end":{"line":199,"column":7}},"line":149},"8":{"name":"(anonymous_8)","decl":{"start":{"line":150,"column":29},"end":{"line":150,"column":41}},"loc":{"start":{"line":150,"column":41},"end":{"line":192,"column":null}},"line":150},"9":{"name":"(anonymous_9)","decl":{"start":{"line":155,"column":28},"end":{"line":155,"column":37}},"loc":{"start":{"line":155,"column":37},"end":{"line":160,"column":18}},"line":155},"10":{"name":"(anonymous_10)","decl":{"start":{"line":168,"column":51},"end":{"line":168,"column":56}},"loc":{"start":{"line":168,"column":56},"end":{"line":168,"column":67}},"line":168},"11":{"name":"(anonymous_11)","decl":{"start":{"line":194,"column":33},"end":{"line":194,"column":39}},"loc":{"start":{"line":194,"column":39},"end":{"line":194,"column":null}},"line":194},"12":{"name":"(anonymous_12)"
[...]
"column":23},"end":{"line":21,"column":42}},{"start":{"line":21,"column":42},"end":{"line":21,"column":null}}],"line":21},"5":{"loc":{"start":{"line":22,"column":22},"end":{"line":22,"column":null}},"type":"binary-expr","locations":[{"start":{"line":22,"column":22},"end":{"line":22,"column":40}},{"start":{"line":22,"column":40},"end":{"line":22,"column":null}}],"line":22},"6":{"loc":{"start":{"line":23,"column":17},"end":{"line":25,"column":null}},"type":"cond-expr","locations":[{"start":{"line":24,"column":14},"end":{"line":24,"column":null}},{"start":{"line":25,"column":15},"end":{"line":25,"column":null}}],"line":23},"7":{"loc":{"start":{"line":23,"column":17},"end":{"line":23,"column":null}},"type":"binary-expr","locations":[{"start":{"line":23,"column":17},"end":{"line":23,"column":29}},{"start":{"line":23,"column":29},"end":{"line":23,"column":null}}],"line":23},"8":{"loc":{"start":{"line":25,"column":15},"end":{"line":25,"column":null}},"type":"cond-expr","locations":[{"start":{"line":25,"column":25},"end":{"line":25,"column":92}},{"start":{"line":25,"column":92},"end":{"line":25,"column":null}}],"line":25},"9":{"loc":{"start":{"line":25,"column":26},"end":{"line":25,"column":88}},"type":"cond-expr","locations":[{"start":{"line":25,"column":50},"end":{"line":25,"column":81}},{"start":{"line":25,"column":81},"end":{"line":25,"column":88}}],"line":25},"10":{"loc":{"start":{"line":26,"column":19},"end":{"line":26,"column":37}},"type":"binary-expr","locations":[{"start":{"line":26,"column":19},"end":{"line":26,"column":33}},{"start":{"line":26,"column":33},"end":{"line":26,"column":37}}],"line":26},"11":{"loc":{"start":{"line":27,"column":35},"end":{"line":29,"column":null}},"type":"cond-expr","locations":[{"start":{"line":28,"column":18},"end":{"line":28,"column":null}},{"start":{"line":29,"column":19},"end":{"line":29,"column":null}}],"line":27},"12":{"loc":{"start":{"line":27,"column":35},"end":{"line":27,"column":null}},"type":"binary-expr","locations":[{"start":{"line":27,"column":35},"end":{"line":27,"column":47}},{"start":{"line":27,"column":47},"end":{"line":27,"column":null}}],"line":27},"13":{"loc":{"start":{"line":29,"column":19},"end":{"line":29,"column":null}},"type":"cond-expr","locations":[{"start":{"line":29,"column":32},"end":{"line":29,"column":108}},{"start":{"line":29,"column":108},"end":{"line":29,"column":null}}],"line":29},"14":{"loc":{"start":{"line":29,"column":33},"end":{"line":29,"column":104}},"type":"cond-expr","locations":[{"start":{"line":29,"column":60},"end":{"line":29,"column":94}},{"start":{"line":29,"column":94},"end":{"line":29,"column":104}}],"line":29},"15":{"loc":{"start":{"line":32,"column":31},"end":{"line":32,"column":null}},"type":"binary-expr","locations":[{"start":{"line":32,"column":31},"end":{"line":32,"column":50}},{"start":{"line":32,"column":50},"end":{"line":32,"column":61}},{"start":{"line":32,"column":61},"end":{"line":32,"column":null}}],"line":32},"16":{"loc":{"start":{"line":52,"column":24},"end":{"line":52,"column":77}},"type":"default-arg","locations":[{"start":{"line":52,"column":50},"end":{"line":52,"column":77}}],"line":52},"17":{"loc":{"start":{"line":55,"column":12},"end":{"line":55,"column":null}},"type":"if","locations":[{"start":{"line":55,"column":12},"end":{"line":55,"column":null}},{"start":{},"end":{}}],"line":55},"18":{"loc":{"start":{"line":56,"column":12},"end":{"line":56,"column":null}},"type":"if","locations":[{"start":{"line":56,"column":12},"end":{"line":56,"column":null}},{"start":{},"end":{}}],"line":56},"19":{"loc":{"start":{"line":57,"column":12},"end":{"line":57,"column":null}},"type":"if","locations":[{"start":{"line":57,"column":12},"end":{"line":57,"column":null}},{"start":{},"end":{}}],"line":57},"20":{"loc":{"start":{"line":58,"column":12},"end":{"line":58,"column":null}},"type":"if","locations":[{"start":{"line":58,"column":12},"end":{"line":58,"column":null}},{"start":{},"end":{}}],"line":58},"21":{"loc":{"start":{"line":59,"column":12},"end":{"line":59,"column":null}},"type":"if","locations":[{"start":{"line":59,"column":12},"end":{"line":59,"column":null}},{"start":{},"end":{}}],"line":59},"22":{"loc":{"start":{"line":61,"column":12},"end":{"line":62,"column":null}},"type":"if","locations":[{"start":{"line":61,"column":12},"end":{"line":62,"column":null}},{"start":{"line":62,"column":17},"end":{"line":62,"column":null}}],"line":61},"23":{"loc":{"start":{"line":69,"column":24},"end":{"line":69,"column":null}},"type":"binary-expr","locations":[{"start":{"line":69,"column":24},"end":{"line":69,"column":51}},{"start":{"line":69,"column":51},"end":{"line":69,"column":null}}],"line":69},"24":{"loc":{"start":{"line":69,"column":51},"end":{"line":69,"column":null}},"type":"cond-expr","locations":[{"start":{"line":69,"column":82},"end":{"line":69,"column":98}},{"start":{"line":69,"column":98},"end":{"line":69,"column":null}}],"line":69},"25":{"loc":{"start":{"line":100,"column":19},"end":{"line":100,"column":null}},"type":"cond-expr","locations":[{"start":{"line":100,"column":50},"end":{"line":100,"column":66}},{"start":{"line":100,"column":66},"end":{"line":100,"column":null}}],"line":100},"26":{"loc":{"start":{"line":115,"column":19},"end":{"line":115,"column":null}},"type":"cond-expr","locations":[{"start":{"line":115,"column":50},"end":{"line":115,"column":66}},{"start":{"line":115,"column":66},"end":{"line":115,"column":null}}],"line":115}},"s":{"0":2,"1":2,"2":0,"3":0,"4":0,"5":0,"6":0,"7":2,"8":0,"9":0,"10":0,"11":0,"12":0,"13":0,"14":0,"15":0,"16":0,"17":0,"18":0,"19":0,"20":0,"21":0,"22":0,"23":0,"24":0,"25":0,"26":0,"27":0,"28":0,"29":0,"30":0,"31":0,"32":0,"33":0,"34":0,"35":0,"36":0,"37":0,"38":0,"39":0,"40":0,"41":0,"42":0,"43":0,"44":0,"45":0,"46":0,"47":0},"f":{"0":0,"1":0,"2":0,"3":0,"4":0,"5":0,"6":0},"b":{"0":[0,0],"1":[0,0,0],"2":[0,0,0],"3":[0,0,0],"4":[0,0],"5":[0,0],"6":[0,0],"7":[0,0],"8":[0,0],"9":[0,0],"10":[0,0],"11":[0,0],"12":[0,0],"13":[0,0],"14":[0,0],"15":[0,0,0],"16":[0],"17":[0,0],"18":[0,0],"19":[0,0],"20":[0,0],"21":[0,0],"22":[0,0],"23":[0,0],"24":[0,0],"25":[0,0],"26":[0,0]},"meta":{"lastBranch":27,"lastFunction":7,"lastStatement":48,"seen":{"s:9:29:9:Infinity":0,"s:14:32:37:Infinity":1,"f:14:32:14:33":0,"b:15:4:15:Infinity:undefined:undefined:undefined:undefined":0,"s:15:4:15:Infinity":2,"s:15:12:15:Infinity":3,"s:16:4:36:Infinity":4,"b:18:14:18:25:18:25:18:35:18:35:18:Infinity":1,"b:19:23:19:34:19:34:19:53:19:53:19:Infinity":2,"b:20:20:20:37:20:37:20:102:20:102:20:Infinity":3,"b:21:23:21:42:21:42:21:Infinity":4,"b:22:22:22:40:22:40:22:Infinity":5,"b:24:14:24:Infinity:25:15:25:Infinity":6,"b:23:17:23:29:23:29:23:Infinity":7,"b:25:25:25:92:25:92:25:Infinity":8,"b:25:50:25:81:25:81:25:88":9,"b:26:19:26:33:26:33:26:37":10,"f:26:41:26:42":1,"s:27:35:29:Infinity":5,"b:28:18:28:Infinity:29:19:29:Infinity":11,"b:27:35:27:47:27:47:27:Infinity":12,"b:29:32:29:108:29:108:29:Infinity":13,"b:29:60:29:94:29:94:29:104":14,"s:30:12:34:Infinity":6,"b:32:31:32:50:32:50:32:61:32:61:32:Infinity":15,"s:48:30:135:Infinity":7,"f:52:17:52:24":2,"b:52:50:52:77":16,"s:53:8:74:Infinity":8,"s:54:27:54:Infinity":9,"b:55:12:55:Infinity:undefined:undefined:undefined:undefined":17,"s:55:12:55:Infinity":10,"s:55:36:55:Infinity":11,"b:56:12:56:Infinity:undefined:undefined:undefined:undefined":18,"s:56:12:56:Infinity":12,"s:56:34:56:Infinity":13,"b:57:12:57:Infinity:undefined:undefined:undefined:undefined":19,"s:57:12:57:Infinity":14,"s:57:30:57:Infinity":15,"b:58:12:58:Infinity:undefined:undefined:undefined:undefined":20,"s:58:12:58:Infinity":16,"s:58:30:58:Infinity":17,"b:59:12:59:Infinity:undefined:undefined:undefined:undefined":21,"s:59:12:59:Infinity":18,"s:59:32:59:Infinity":19,"b:61:12:62:Infinity:62:17:62:Infinity":22,"s:61:12:62:Infinity":20,"s:61:38:61:Infinity":21,"s:62:17:62:Infinity":22,"s:64:29:67:Infinity":23,"s:69:24:69:Infinity":24,"b:69:24:69:51:69:51:69:Infinity":23,"b:69:82:69:98:69:98:69:Infinity":24,"s:70:12:70:Infinity":25,"s:72:12:72:Infinity":26,"s:73:12:73:Infinity":27,"f:80:20:80:27":3,"s:81:8:89:Infinity":28,"s:82:29:84:Infinity":29,"s:85:12:85:Infinity":30,"s:87:12:87:Infinity":31,"s:88:12:88:Infinity":32,"f:95:19:95:52":4,"s:96:8:104:Infinity":33,"s:97:29:99:Infinity":34,"s:100:12:100:Infinity":35,"b:100:50:100:66:100:66:100:Infinity":25,"s:102:12:102:Infinity":36,"s:103:12:103:Infinity":37,"f:110:16:110:23":5,"s:111:8:119:Infinity":38,"s:112:29:114:Infinity":39,"s:115:12:115:Infinity":40,"b:115:50:115:66:115:66:115:Infinity":26,"s:117:12:117:Infinity":41,"s:118:12:118:Infinity":42,"f:124:18:124:25":6,"s:125:8:133:Infinity":43,"s:126:29:128:Infinity":44,"s:129:12:129:Infinity":45,"s:131:12:131:Infinity":46,"s:132:12:132:Infinity":47}}}
,"/home/imdias/workspace/AtelieFilhosDeAruanda-/frontend/src/utils/imageUtils.ts": {"path":"/home/imdias/workspace/AtelieFilhosDeAruanda-/frontend/src/utils/imageUtils.ts","statementMap":{"0":{"start":{"line":1,"column":73},"end":{"line":1,"column":null}},"1":{"start":{"line":7,"column":4},"end":{"line":7,"column":null}},"2":{"start":{"line":7,"column":14},"end":{"line":7,"column":null}},"3":{"start":{"line":8,"column":18},"end":{"line":8,"column":null}},"4":{"start":{"line":9,"column":4},"end":{"line":9,"column":null}},"5":{"start":{"line":9,"column":40},"end":{"line":9,"column":59}},"6":{"start":{"line":21,"column":4},"end":{"line":21,"column":null}},"7":{"start":{"line":21,"column":46},"end":{"line":21,"column":null}},"8":{"start":{"line":22,"column":23},"end":{"line":22,"column":null}},"9":{"start":{"line":22,"column":45},"end":{"line":22,"column":61}},"10":{"start":{"line":23,"column":4},"end":{"line":23,"column":null}},"11":{"start":{"line":27,"column":4},"end":{"line":29,"column":null}},"12":{"start":{"line":28,"column":8},"end":{"line":28,"column":null}},"13":{"start":{"line":32,"column":20},"end":{"line":32,"column":null}},"14":{"start":{"line":33,"column":4},"end":{"line":35,"column":null}},"15":{"start":{"line":34,"column":8},"end":{"line":34,"column":null}},"16":{"start":{"line":37,"column":4},"end":{"line":39,"column":null}},"17":{"start":{"line":38,"column":8},"end":{"line":38,"column":null}},"18":{"start":{"line":41,"column":4},"end":{"line":43,"column":null}},"19":{"start":{"line":42,"column":8},"end":{"line":42,"column":null}},"20":{"start":{"line":46,"column":20},"end":{"line":46,"column":null}},"21":{"start":{"line":47,"column":21},"end":{"line":47,"column":null}},"22":{"start":{"line":50,"column":27},"end":{"line":50,"column":null}},"23":{"start":{"line":51,"column":4},"end":{"line":51,"column":null}},"24":{"start":{"line":61,"column":29},"end":{"line":93,"column":null}},"25":{"start":{"line":62,"column":18},"end":{"line":62,"column":null}},"26":{"start":{"line":63,"column":19},"end":{"line":63,"column":null}},"27":{"start":{"line":64,"column":16},"end":{"line":64,"column":null}},"28":{"start":{"line":66,"column":4},"end":{"line":68,"column":null}},"29":{"start":{"line":67,"column":8},"end":{"line":67,"column":null}},"30":{"start":{"line":71,"column":4},"end":{"line":71,"column":null}},"31":{"start":{"line":72,"column":4},"end":{"line":72,"column":null}},"32":{"start":{"line":75,"column":4},"end":{"line":85,"column":null}},"33":{"start":{"line":88,"column":4},"end":{"line":92,"column":null}},"34":{"start":{"line":89,"column":8},"end":{"line":91,"column":null}},"35":{"start":{"line":90,"column":12},"end":{"line":90,"column":null}},"36":{"start":{"line":95,"column":20},"end":{"line":102,"column":null}},"37":{"start":{"line":96,"column":4},"end":{"line":102,"column":null}},"38":{"start":{"line":97,"column":22},"end":{"line":97,"column":null}},"39":{"start":{"line":98,"column":8},"end":{"line":98,"column":null}},"40":{"start":{"line":98,"column":45},"end":{"line":98,"column":59}},"41":{"start":{"line":99,"column":8},"end":{"line":99,"column":null}},"42":{"start":{"line":99,"column":51},"end":{"line":99,"column":64}},"43":{"start":{"line":100,"column":8},"end":{"line":100,"column":null}},"44":{"start":{"line":101,"column":8},"end":{"line":101,"column":null}}},"fnMap":{"0":{"name":"isVideoUrl","decl":{"start":{"line":6,"column":16},"end":{"line":6,"column":27}},"loc":{"start":{"line":6,"column":68},"end":{"line":10,"column":null}},"line":6},"1":{"name":"(anonymous_1)","decl":{"start":{"line":9,"column":33},"end":{"line":9,"column":40}},"loc":{"start":{"line":9,"column":40},"end":{"line":9,"column":59}},"line":9},"2":{"name":"getFirstImageFromList","decl":{"start":{"line":17,"column":16},"end":{"line":17,"column":null}},"loc":{"start":{"line":20,"column":22},"end":{"line":24,"column":null}},"line":20},"3":{"name":"(anonymous_3)","decl":{"start":{"line":22,"column":38},"end":{"line":22,"column":45}},"loc":{"start":{"line":22,"column":45},"end":{"line":22,"column":61}},"line":22},"4":{"name":"getImageUrl","decl":{"start":{"line":26,"column":16},"end":{"line":26,"column":28}},"loc":{"start":{"line":26,"column":57},"end":{"line":52,"column":null}},"line":26},"5":{"name":"(anonymous_5)","decl":{"start":{"line":61,"column":29},"end":{"line":61,"column":36}},"loc":{"start":{"line":61,"column":101},"end":{"line":93,"column":null}},"line":61},"6":{"name":"(anonymous_6)","decl":{"start":{"line":88,"column":23},"end":{"line":88,"column":24}},"loc":{"start":{"line":88,"column":36},"end":{"line":92,"column":5}},"line":88},"7":{"name":"(anonymous_7)","decl":{"start":{"line":89,"column":22},"end":{"line":89,"column":23}},"loc":{"start":{"line":89,"column":32},"end":{"line":91,"column":11}},"line":89},"8":{"name":"(anonymous_8)","decl":{"start":{"line":95,"column":20},"end":{"line":95,"column":21}},"loc":{"start":{"line":96,"column":4},"end":{"line":102,"column":null}},"line":96},"9":{"name":"(anonymous_9)","decl":{"start":{"line":96,"column":16},"end":{"line":96,"column":17}},"loc":{"start":{"line":96,"column":37},"end":{"line":102,"column":5}},"line":96},"10":{"name":"(anonymous_10)","decl":{"start":{"line":98,"column":39},"end":{"line":98,"column":45}},"loc":{"start":{"line":98,"column":45},"end":{"line":98,"column":59}},"line":98},"11":{"name":"(anonymous_11)","decl":{"start":{"line":99,"column":40},"end":{"line":99,"column":41}},"loc":{"start":{"line":99,"column":51},"end":{"line":99,"column":64}},"line":99}},"branchMap":{"0":{"loc":{"start":{"line":7,"column":4},"end":{"line":7,"column":null}},"type":"if","locations":[{"start":{"line":7,"column":4},"end":{"line":7,"column":null}},{"start":{},"end":{}}],"line":7},"1":{"loc":{"start":{"line":21,"column":4},"end":{"line":21,"column":null}},"type":"if","locations":[{"start":{"line":21,"column":4},"end":{"line":21,"column":null}},{"start":{},"end":{}}],"line":21},"2":{"loc":{"start":{"line":21,"column":8},"end":{"line":21,"column":46}},"type":"binary-expr","locations":[{"start":{"line":21,"column":8},"end":{"line":21,"column":22}},{"start":{"line":21,"column":22},"end":{"line":21,"column":46}}],"line":21},"3":{"loc":{"start":{"line":23,"column":11},"end":{"line":23,"column":null}},"type":"binary-expr","locations":[{"start":{"line":23,"column":11},"end":{"line":23,"column":25}},{"start":{"line":23,"column":25},"end":{"line":23,"column":41}},{"start":{"line":23,"column":41},"end":{"line":23,"column":null}}],"line":23},"4":{"loc":{"start":{"line":27,"column":4},"end":{"line":29,"column":null}},"type":"if","locations":[{"start":{"line":27,"column":4},"end":{"line":29,"column":null}},{"start":{},"end":{}}],"line":27},"5":{"loc":{"start":{"line":27,"column":8},"end":{"line":27,"column":94}},"type":"binary-expr","locations":[{"start":{"line":27,"column":8},"end":{"line":27,"column":16}},{"start":{"line":27,"column":16},"end":{"line":27,"column":43}},{"start":{"line":27,"column":43},"end":{"line":27,"column":69}},{"start":{"line":27,"column":69},"end":{"line":27,"column":94}}],"line":27},"6":{"loc":{"start":{"line":33,"column":4},"end":{"line":35,"column":null}},"type":"if","locations":[{"start":{"line":33,"column":4},"end":{"line":35,"column":null}},{"start":{},"end":{}}],"line":33},"7":{"loc":{"start":{"line":37,"column":4},"end":{"line":39,"column":null}},"type":"if","locations":[{"start":{"line":37,"column":4},"end":{"line":39,"column":null}},{"start":{},"end":{}}],"line":37},"8":{"loc":{"start":{"line":37,"column":8},"end":{"line":37,"column":110}},"type":"binary-expr","locations":[{"start":{"line":37,"column":8},"end":{"line":37,"column":40}},{"start":{"line":37,"column":40},"end":{"line":37,"column":76}},{"start":{"line":37,"column":76},"end":{"line":37,"column":110}}],"line":37},"9":{"loc":{"start":{"line":41,"column":4},"end":{"line":43,"column":null}},"type":"if","locations":[{"start":{"line":41,"column":4},"end":{"line":43,"column":null}},{"start":{},"end":{}}],"line":41},"10":{"loc":{"start":{"line":46,"column":20},"end":{"line":46,"column":null}},"type":"binary-expr","locations":[{"start":{"line":46,"column":20},"end":{"line":46,"column":52}},{"start":{"line":46,"column":52},"end":{"line":46,"column":null}}],"line":46},"11":{"loc":{"start":{"line":50,"column":27},"end":{"line":50,"column":null}},"type":"cond-expr","locations":[{"start":{"line":50,"column":55},"end":{"line":50,"column":67}},{"start":{"line":50,"column":67},"end":{"line":50,"column":null}}],"line":50},"12":{"loc":{"start":{"line":66,"column":4},"end":{"line":68,"column":null}},"type":"if","locations":[{"start":{"line":66,"column":4},"end":{"line":68,"column":null}},{"start":{},"end":{}}],"line":66}},"s":{"0":1,"1":11,"2":0,"3":11,"4":11,"5":66,"6":22,"7":11,"8":11,"9":11,"10":11,"11":9,"12":0,"13":9,"14":9,"15":0,"16":9,"17":9,"18":0,"19":0,"20":0,"21":9,"22":9,"23":9,"24":1,"25":0,"26":0,"27":0,"28":0,"29":0,"30":0,"31":0,"32":0,"33":0,"34":0,"35":0,"36":1,"37":0,"38":0,"39":0,"40":0,"41":0,"42":0,"43":0,"44":0},"f":{"0":11,"1":66,"2":22,"3":11,"4":9,"5":0,"6":0,"7":0,"8":0,"9":0,"10":0,"11":0},"b":{"0":[0,11],"1":[11,11],"2":[22,11],"3":[11,0,0],"4":[0,9],"5":[9,9,9,9],"6":[0,9],"7":[9,0],"8":[9,9,0],"9":[0,0],"10":[0,0],"11":[0,0],"12":[0,0]},"meta":{"lastBranch":13,"lastFunction":12,"lastStatement":45,"seen":{"s:1:73:1:Infinity":0,"f:6:16:6:27":0,"b:7:4:7:Infinity:undefined:undefined:undefined:undefined":0,"s:7:4:7:Infinity":1,"s:7:14:7:Infinity":2,"s:8:18:8:Infinity":3,"s:9:4:9:Infinity":4,"f:9:33:9:40":1,"s:9:40:9:59":5,"f:17:16:17:Infinity":2,"b:21:4:21:Infinity:undefined:undefined:undefined:undefined":1,"s:21:4:21:Infinity":6,"b:21:8:21:22:21:22:21:46":2,"s:21:46:21:Infinity":7,"s:22:23:22:Infinity":8,"f:22:38:22:45":3,"s:22:45:22:61":9,"s:23:4:23:Infinity":10,"b:23:11:23:25:23:25:23:41:23:41:23:Infinity":3,"f:26:16:26:28":4,"b:27:4:29:Infinity:undefined:undefined:undefined:undefined":4,"s:27:4:29:Infinity":11,"b:27:8:27:16:27:16:27:43:27:43:27:69:27:69:27:94":5,"s:28:8:28:Infinity":12,"s:32:20:32:Infinity":13,"b:33:4:35:Infinity:undefined:undefined:undefined:undefined":6,"s:33:4:35:Infinity":14,"s:34:8:34:Infinity":15,"b:37:4:39:Infinity:undefined:undefined:undefined:undefined":7,"s:37:4:39:Infinity":16,"b:37:8:37:40:37:40:37:76:37:76:37:110":8,"s:38:8:38:Infinity":17,"b:41:4:43:Infinity:undefined:undefined:undefined:undefined":9,"s:41:4:43:Infinity":18,"s:42:8:42:Infinity":19,"s:46:20:46:Infinity":20,"b:46:20:46:52:46:52:46:Infinity":10,"s:47:21:47:Infinity":21,"s:50:27:50:Infinity":22,"b:50:55:50:67:50:67:50:Infinity":11,"s:51:4:51:Infinity":23,"s:61:29:93:Infinity":24,"f:61:29:61:36":5,"s:62:18:62:Infinity":25,"s:63:19:63:Infinity":26,"s:64:16:64:Infinity":27,"b:66:4:68:Infinity:undefined:undefined:undefined:undefined":12,"s:66:4:68:Infinity":28,"s:67:8:67:Infinity":29,"s:71:4:71:Infinity":30,"s:72:4:72:Infinity":31,"s:75:4:85:Infinity":32,"s:88:4:92:Infinity":33,"f:88:23:88:24":6,"s:89:8:91:Infinity":34,"f:89:22:89:23":7,"s:90:12:90:Infinity":35,"s:95:20:102:Infinity":36,"f:95:20:95:21":8,"s:96:4:102:Infinity":37,"f:96:16:96:17":9,"s:97:22:97:Infinity":38,"s:98:8:98:Infinity":39,"f:98:39:98:45":10,"s:98:45:98:59":40,"s:99:8:99:Infinity":41,"f:99:40:99:41":11,"s:99:51:99:64":42,"s:100:8:100:Infinity":43,"s:101:8:101:Infinity":44}}}
}
