{"total": {"lines":{"total":2264,"covered":260,"skipped":0,"pct":11.48},"statements":{"total":2501,"covered":272,"skipped":0,"pct":10.87},"functions":{"total":653,"covered":44,"skipped":0,"pct":6.73},"branches":{"total":2036,"covered":220,"skipped":0,"pct":10.8},"branchesTrue":{"total":0,"covered":0,"skipped":0,"pct":100}}
,"/home/imdias/workspace/AtelieFilhosDeAruanda-/frontend/src/App.tsx": {"lines":{"total":1,"covered":0,"skipped":0,"pct":0},"functions":{"total":1,"covered":0,"skipped":0,"pct":0},"statements":{"total":1,"covered":0,"skipped":0,"pct":0},"branches":{"total":0,"covered":0,"skipped":0,"pct":100}}
,"/home/imdias/workspace/AtelieFilhosDeAruanda-/frontend/src/components/AuthModal.tsx": {"lines":{"total":99,"covered":49,"skipped":0,"pct":49.49},"functions":{"total":26,"covered":8,"skipped":0,"pct":30.76},"statements":{"total":102,"covered":51,"skipped":0,"pct":50},"branches":{"total":52,"covered":30,"skipped":0,"pct":57.69}}
,"/home/imdias/workspace/AtelieFilhosDeAruanda-/frontend/src/components/CartDrawer.tsx": {"lines":{"total":43,"covered":0,"skipped":0,"pct":0},"functions":{"total":15,"covered":0,"skipped":0,"pct":0},"statements":{"total":49,"covered":0,"skipped":0,"pct":0},"branches":{"total":26,"covered":0,"skipped":0,"pct":0}}
,"/home/imdias/workspace/AtelieFilhosDeAruanda-/frontend/src/components/FilterSidebar.tsx": {"lines":{"total":5,"covered":0,"skipped":0,"pct":0},"functions":{"total":4,"covered":0,"skipped":0,"pct":0},"statements":{"total":7,"covered":0,"skipped":0,"pct":0},"branches":{"total":14,"covered":0,"skipped":0,"pct":0}}
,"/home/imdias/workspace/AtelieFilhosDeAruanda-/frontend/src/components/Footer.tsx": {"lines":{"total":27,"covered":0,"skipped":0,"pct":0},"functions":{"total":5,"covered":0,"skipped":0,"pct":0},"statements":{"total":29,"covered":0,"skipped":0,"pct":0},"branches":{"total":13,"covered":0,"skipped":0,"pct":0}}
,"/home/imdias/workspace/AtelieFilhosDeAruanda-/frontend/src/components/GlobalAlertModal.tsx": {"lines":{"total":14,"covered":0,"skipped":0,"pct":0},"functions":{"total":6,"covered":0,"skipped":0,"pct":0},"statements":{"total":16,"covered":0,"skipped":0,"pct":0},"branches":{"total":2,"covered":0,"skipped":0,"pct":0}}
,"/home/imdias/workspace/AtelieFilhosDeAruanda-/frontend/src/components/Header.tsx": {"lines":{"total":43,"covered":0,"skipped":0,"pct":0},"functions":{"total":16,"covered":0,"skipped":0,"pct":0},"statements":{"total":46,"covered":0,"skipped":0,"pct":0},"branches":{"total":35,"covered":0,"skipped":0,"pct":0}}
,"/home/imdias/workspace/AtelieFilhosDeAruanda-/frontend/src/components/Hero.tsx": {"lines":{"total":2,"covered":0,"skipped":0,"pct":0},"functions":{"total":1,"covered":0,"skipped":0,"pct":0},"statements":{"total":2,"covered":0,"skipped":0,"pct":0},"branches":{"total":0,"covered":0,"skipped":0,"pct":100}}
,"/home/imdias/workspace/AtelieFilhosDeAruanda-/frontend/src/components/NavMenu.tsx": {"lines":{"total":25,"covered":0,"skipped":0,"pct":0},"functions":{"total":14,"covered":0,"skipped":0,"pct":0},"statements":{"total":29,"covered":0,"skipped":0,"pct":0},"branches":{"total":42,"covered":0,"skipped":0,"pct":0}}
,"/home/imdias/workspace/AtelieFilhosDeAruanda-/frontend/src/components/ProductCard.tsx": {"lines":{"total":31,"covered":23,"skipped":0,"pct":74.19},"functions":{"total":5,"covered":2,"skipped":0,"pct":40},"statements":{"total":33,"covered":23,"skipped":0,"pct":69.69},"branches":{"total":47,"covered":30,"skipped":0,"pct":63.82}}
,"/home/imdias/workspace/AtelieFilhosDeAruanda-/frontend/src/components/ReviewForm.tsx": {"lines":{"total":92,"covered":0,"skipped":0,"pct":0},"functions":{"total":24,"covered":0,"skipped":0,"pct":0},"statements":{"total":103,"covered":0,"skipped":0,"pct":0},"branches":{"total":68,"covered":0,"skipped":0,"pct":0}}
,"/home/imdias/workspace/AtelieFilhosDeAruanda-/frontend/src/components/ReviewSection.tsx": {"lines":{"total":6,"covered":0,"skipped":0,"pct":0},"functions":{"total":4,"covered":0,"skipped":0,"pct":0},"statements":{"total":7,"covered":0,"skipped":0,"pct":0},"branches":{"total":17,"covered":0,"skipped":0,"pct":0}}
,"/home/imdias/workspace/AtelieFilhosDeAruanda-/frontend/src/components/ReviewSummary.tsx": {"lines":{"total":11,"covered":0,"skipped":0,"pct":0},"functions":{"total":6,"covered":0,"skipped":0,"pct":0},"statements":{"total":12,"covered":0,"skipped":0,"pct":0},"branches":{"total":9,"covered":0,"skipped":0,"pct":0}}
,"/home/imdias/workspace/AtelieFilhosDeAruanda-/frontend/src/components/SEO.tsx": {"lines":{"total":4,"covered":0,"skipped":0,"pct":0},"functions":{"total":1,"covered":0,"skipped":0,"pct":0},"statements":{"total":4,"covered":0,"skipped":0,"pct":0},"branches":{"total":12,"covered":0,"skipped":0,"pct":0}}
,"/home/imdias/workspace/AtelieFilhosDeAruanda-/frontend/src/components/ScrollToTop.tsx": {"lines":{"total":5,"covered":0,"skipped":0,"pct":0},"functions":{"total":2,"covered":0,"skipped":0,"pct":0},"statements":{"total":5,"covered":0,"skipped":0,"pct":0},"branches":{"total":0,"covered":0,"skipped":0,"pct":100}}
,"/home/imdias/workspace/AtelieFilhosDeAruanda-/frontend/src/components/SearchBar.tsx": {"lines":{"total":5,"covered":0,"skipped":0,"pct":0},"functions":{"total":2,"covered":0,"skipped":0,"pct":0},"statements":{"total":5,"covered":0,"skipped":0,"pct":0},"branches":{"total":12,"covered":0,"skipped":0,"pct":0}}
,"/home/imdias/workspace/AtelieFilhosDeAruanda-/frontend/src/components/VerifiedBadge.tsx": {"lines":{"total":2,"covered":0,"skipped":0,"pct":0},"functions":{"total":1,"covered":0,"skipped":0,"pct":0},"statements":{"total":2,"covered":0,"skipped":0,"pct":0},"branches":{"total":4,"covered":0,"skipped":0,"pct":0}}
,"/home/imdias/workspace/AtelieFilhosDeAruanda-/frontend/src/components/reviews/RatingSummary.tsx": {"lines":{"total":12,"covered":0,"skipped":0,"pct":0},"functions":{"total":4,"covered":0,"skipped":0,"pct":0},"statements":{"total":12,"covered":0,"skipped":0,"pct":0},"branches":{"total":12,"covered":0,"skipped":0,"pct":0}}
,"/home/imdias/workspace/AtelieFilhosDeAruanda-/frontend/src/components/reviews/ReviewSkeletons.tsx": {"lines":{"total":8,"covered":0,"skipped":0,"pct":0},"functions":{"total":5,"covered":0,"skipped":0,"pct":0},"statements":{"total":8,"covered":0,"skipped":0,"pct":0},"branches":{"total":0,"covered":0,"skipped":0,"pct":100}}
,"/home/imdias/workspace/AtelieFilhosDeAruanda-/frontend/src/components/reviews/UGCGallery.tsx": {"lines":{"total":8,"covered":0,"skipped":0,"pct":0},"functions":{"total":5,"covered":0,"skipped":0,"pct":0},"statements":{"total":10,"covered":0,"skipped":0,"pct":0},"branches":{"total":10,"covered":0,"skipped":0,"pct":0}}
,"/home/imdias/workspace/AtelieFilhosDeAruanda-/frontend/src/components/ui/Button.tsx": {"lines":{"total":5,"covered":5,"skipped":0,"pct":100},"functions":{"total":1,"covered":1,"skipped":0,"pct":100},"statements":{"total":5,"covered":5,"skipped":0,"pct":100},"branches":{"total":13,"covered":12,"skipped":0,"pct":92.3}}
,"/home/imdias/workspace/AtelieFilhosDeAruanda-/frontend/src/components/ui/MaskedInput.tsx": {"lines":{"total":27,"covered":21,"skipped":0,"pct":77.77},"functions":{"total":3,"covered":3,"skipped":0,"pct":100},"statements":{"total":31,"covered":22,"skipped":0,"pct":70.96},"branches":{"total":28,"covered":15,"skipped":0,"pct":53.57}}
,"/home/imdias/workspace/AtelieFilhosDeAruanda-/frontend/src/components/ui/OptimizedImage.tsx": {"lines":{"total":7,"covered":6,"skipped":0,"pct":85.71},"functions":{"total":2,"covered":1,"skipped":0,"pct":50},"statements":{"total":7,"covered":6,"skipped":0,"pct":85.71},"branches":{"total":14,"covered":7,"skipped":0,"pct":50}}
,"/home/imdias/workspace/AtelieFilhosDeAruanda-/frontend/src/components/ui/Spinner.tsx": {"lines":{"total":2,"covered":2,"skipped":0,"pct":100},"functions":{"total":1,"covered":1,"skipped":0,"pct":100},"statements":{"total":2,"covered":2,"skipped":0,"pct":100},"branches":{"total":2,"covered":2,"skipped":0,"pct":100}}
,"/home/imdias/workspace/AtelieFilhosDeAruanda-/frontend/src/context/FavoritesContext.tsx": {"lines":{"total":53,"covered":0,"skipped":0,"pct":0},"functions":{"total":12,"covered":0,"skipped":0,"pct":0},"statements":{"total":59,"covered":0,"skipped":0,"pct":0},"branches":{"total":14,"covered":0,"skipped":0,"pct":0}}
,"/home/imdias/workspace/AtelieFilhosDeAruanda-/frontend/src/context/ToastContext.tsx": {"lines":{"total":17,"covered":0,"skipped":0,"pct":0},"functions":{"total":12,"covered":0,"skipped":0,"pct":0},"statements":{"total":23,"covered":0,"skipped":0,"pct":0},"branches":{"total":13,"covered":0,"skipped":0,"pct":0}}
,"/home/imdias/workspace/AtelieFilhosDeAruanda-/frontend/src/hooks/useMercadoPago.ts": {"lines":{"total":32,"covered":0,"skipped":0,"pct":0},"functions":{"total":4,"covered":0,"skipped":0,"pct":0},"statements":{"total":32,"covered":0,"skipped":0,"pct":0},"branches":{"total":12,"covered":0,"skipped":0,"pct":0}}
,"/home/imdias/workspace/AtelieFilhosDeAruanda-/frontend/src/pages/AboutPage.tsx": {"lines":{"total":2,"covered":0,"skipped":0,"pct":0},"functions":{"total":1,"covered":0,"skipped":0,"pct":0},"statements":{"total":2,"covered":0,"skipped":0,"pct":0},"branches":{"total":0,"covered":0,"skipped":0,"pct":100}}
,"/home/imdias/workspace/AtelieFilhosDeAruanda-/frontend/src/pages/AddressesPage.tsx": {"lines":{"total":65,"covered":0,"skipped":0,"pct":0},"functions":{"total":19,"covered":0,"skipped":0,"pct":0},"statements":{"total":71,"covered":0,"skipped":0,"pct":0},"branches":{"total":68,"covered":0,"skipped":0,"pct":0}}
,"/home/imdias/workspace/AtelieFilhosDeAruanda-/frontend/src/pages/AtelieSubscribePage.tsx": {"lines":{"total":26,"covered":0,"skipped":0,"pct":0},"functions":{"total":18,"covered":0,"skipped":0,"pct":0},"statements":{"total":29,"covered":0,"skipped":0,"pct":0},"branches":{"total":38,"covered":0,"skipped":0,"pct":0}}
,"/home/imdias/workspace/AtelieFilhosDeAruanda-/frontend/src/pages/BenefitsPage.tsx": {"lines":{"total":21,"covered":0,"skipped":0,"pct":0},"functions":{"total":5,"covered":0,"skipped":0,"pct":0},"statements":{"total":21,"covered":0,"skipped":0,"pct":0},"branches":{"total":21,"covered":0,"skipped":0,"pct":0}}
,"/home/imdias/workspace/AtelieFilhosDeAruanda-/frontend/src/pages/CategoryPage.tsx": {"lines":{"total":32,"covered":0,"skipped":0,"pct":0},"functions":{"total":6,"covered":0,"skipped":0,"pct":0},"statements":{"total":34,"covered":0,"skipped":0,"pct":0},"branches":{"total":25,"covered":0,"skipped":0,"pct":0}}
,"/home/imdias/workspace/AtelieFilhosDeAruanda-/frontend/src/pages/CheckoutPage.tsx": {"lines":{"total":192,"covered":80,"skipped":0,"pct":41.66},"functions":{"total":46,"covered":15,"skipped":0,"pct":32.6},"statements":{"total":222,"covered":86,"skipped":0,"pct":38.73},"branches":{"total":243,"covered":73,"skipped":0,"pct":30.04}}
,"/home/imdias/workspace/AtelieFilhosDeAruanda-/frontend/src/pages/ContactPage.tsx": {"lines":{"total":18,"covered":0,"skipped":0,"pct":0},"functions":{"total":4,"covered":0,"skipped":0,"pct":0},"statements":{"total":19,"covered":0,"skipped":0,"pct":0},"branches":{"total":0,"covered":0,"skipped":0,"pct":100}}
,"/home/imdias/workspace/AtelieFilhosDeAruanda-/frontend/src/pages/EthicsPage.tsx": {"lines":{"total":2,"covered":0,"skipped":0,"pct":0},"functions":{"total":1,"covered":0,"skipped":0,"pct":0},"statements":{"total":2,"covered":0,"skipped":0,"pct":0},"branches":{"total":0,"covered":0,"skipped":0,"pct":100}}
,"/home/imdias/workspace/AtelieFilhosDeAruanda-/frontend/src/pages/FAQPage.tsx": {"lines":{"total":8,"covered":0,"skipped":0,"pct":0},"functions":{"total":4,"covered":0,"skipped":0,"pct":0},"statements":{"total":8,"covered":0,"skipped":0,"pct":0},"branches":{"total":4,"covered":0,"skipped":0,"pct":0}}
,"/home/imdias/workspace/AtelieFilhosDeAruanda-/frontend/src/pages/FavoritesPage.tsx": {"lines":{"total":29,"covered":0,"skipped":0,"pct":0},"functions":{"total":11,"covered":0,"skipped":0,"pct":0},"statements":{"total":35,"covered":0,"skipped":0,"pct":0},"branches":{"total":29,"covered":0,"skipped":0,"pct":0}}
,"/home/imdias/workspace/AtelieFilhosDeAruanda-/frontend/src/pages/HistoryPage.tsx": {"lines":{"total":23,"covered":0,"skipped":0,"pct":0},"functions":{"total":5,"covered":0,"skipped":0,"pct":0},"statements":{"total":24,"covered":0,"skipped":0,"pct":0},"branches":{"total":16,"covered":0,"skipped":0,"pct":0}}
,"/home/imdias/workspace/AtelieFilhosDeAruanda-/frontend/src/pages/Home.tsx": {"lines":{"total":13,"covered":0,"skipped":0,"pct":0},"functions":{"total":4,"covered":0,"skipped":0,"pct":0},"statements":{"total":13,"covered":0,"skipped":0,"pct":0},"branches":{"total":2,"covered":0,"skipped":0,"pct":0}}
,"/home/imdias/workspace/AtelieFilhosDeAruanda-/frontend/src/pages/OrderDetailPage.tsx": {"lines":{"total":25,"covered":0,"skipped":0,"pct":0},"functions":{"total":7,"covered":0,"skipped":0,"pct":0},"statements":{"total":28,"covered":0,"skipped":0,"pct":0},"branches":{"total":72,"covered":0,"skipped":0,"pct":0}}
,"/home/imdias/workspace/AtelieFilhosDeAruanda-/frontend/src/pages/OrdersPage.tsx": {"lines":{"total":57,"covered":0,"skipped":0,"pct":0},"functions":{"total":23,"covered":0,"skipped":0,"pct":0},"statements":{"total":60,"covered":0,"skipped":0,"pct":0},"branches":{"total":73,"covered":0,"skipped":0,"pct":0}}
,"/home/imdias/workspace/AtelieFilhosDeAruanda-/frontend/src/pages/PasswordResetPage.tsx": {"lines":{"total":36,"covered":0,"skipped":0,"pct":0},"functions":{"total":7,"covered":0,"skipped":0,"pct":0},"statements":{"total":37,"covered":0,"skipped":0,"pct":0},"branches":{"total":17,"covered":0,"skipped":0,"pct":0}}
,"/home/imdias/workspace/AtelieFilhosDeAruanda-/frontend/src/pages/ProductPage.tsx": {"lines":{"total":146,"covered":0,"skipped":0,"pct":0},"functions":{"total":38,"covered":0,"skipped":0,"pct":0},"statements":{"total":165,"covered":0,"skipped":0,"pct":0},"branches":{"total":217,"covered":0,"skipped":0,"pct":0}}
,"/home/imdias/workspace/AtelieFilhosDeAruanda-/frontend/src/pages/ProfilePage.tsx": {"lines":{"total":100,"covered":0,"skipped":0,"pct":0},"functions":{"total":22,"covered":0,"skipped":0,"pct":0},"statements":{"total":109,"covered":0,"skipped":0,"pct":0},"branches":{"total":91,"covered":0,"skipped":0,"pct":0}}
,"/home/imdias/workspace/AtelieFilhosDeAruanda-/frontend/src/pages/QuestionsPage.tsx": {"lines":{"total":22,"covered":0,"skipped":0,"pct":0},"functions":{"total":8,"covered":0,"skipped":0,"pct":0},"statements":{"total":25,"covered":0,"skipped":0,"pct":0},"branches":{"total":22,"covered":0,"skipped":0,"pct":0}}
,"/home/imdias/workspace/AtelieFilhosDeAruanda-/frontend/src/pages/ReturnsPolicyPage.tsx": {"lines":{"total":2,"covered":0,"skipped":0,"pct":0},"functions":{"total":1,"covered":0,"skipped":0,"pct":0},"statements":{"total":2,"covered":0,"skipped":0,"pct":0},"branches":{"total":0,"covered":0,"skipped":0,"pct":100}}
,"/home/imdias/workspace/AtelieFilhosDeAruanda-/frontend/src/pages/ReviewSubmissionPage.tsx": {"lines":{"total":29,"covered":0,"skipped":0,"pct":0},"functions":{"total":5,"covered":0,"skipped":0,"pct":0},"statements":{"total":29,"covered":0,"skipped":0,"pct":0},"branches":{"total":12,"covered":0,"skipped":0,"pct":0}}
,"/home/imdias/workspace/AtelieFilhosDeAruanda-/frontend/src/pages/ReviewsPage.tsx": {"lines":{"total":42,"covered":0,"skipped":0,"pct":0},"functions":{"total":20,"covered":0,"skipped":0,"pct":0},"statements":{"total":45,"covered":0,"skipped":0,"pct":0},"branches":{"total":36,"covered":0,"skipped":0,"pct":0}}
,"/home/imdias/workspace/AtelieFilhosDeAruanda-/frontend/src/pages/SavedCardsPage.tsx": {"lines":{"total":72,"covered":0,"skipped":0,"pct":0},"functions":{"total":23,"covered":0,"skipped":0,"pct":0},"statements":{"total":79,"covered":0,"skipped":0,"pct":0},"branches":{"total":59,"covered":0,"skipped":0,"pct":0}}
,"/home/imdias/workspace/AtelieFilhosDeAruanda-/frontend/src/pages/SearchPage.tsx": {"lines":{"total":17,"covered":0,"skipped":0,"pct":0},"functions":{"total":5,"covered":0,"skipped":0,"pct":0},"statements":{"total":17,"covered":0,"skipped":0,"pct":0},"branches":{"total":16,"covered":0,"skipped":0,"pct":0}}
,"/home/imdias/workspace/AtelieFilhosDeAruanda-/frontend/src/pages/ShippingPolicyPage.tsx": {"lines":{"total":2,"covered":0,"skipped":0,"pct":0},"functions":{"total":1,"covered":0,"skipped":0,"pct":0},"statements":{"total":2,"covered":0,"skipped":0,"pct":0},"branches":{"total":0,"covered":0,"skipped":0,"pct":100}}
,"/home/imdias/workspace/AtelieFilhosDeAruanda-/frontend/src/pages/ShopPage.tsx": {"lines":{"total":34,"covered":0,"skipped":0,"pct":0},"functions":{"total":9,"covered":0,"skipped":0,"pct":0},"statements":{"total":37,"covered":0,"skipped":0,"pct":0},"branches":{"total":22,"covered":0,"skipped":0,"pct":0}}
,"/home/imdias/workspace/AtelieFilhosDeAruanda-/frontend/src/pages/SubscriptionCheckoutPage.tsx": {"lines":{"total":96,"covered":0,"skipped":0,"pct":0},"functions":{"total":30,"covered":0,"skipped":0,"pct":0},"statements":{"total":113,"covered":0,"skipped":0,"pct":0},"branches":{"total":100,"covered":0,"skipped":0,"pct":0}}
,"/home/imdias/workspace/AtelieFilhosDeAruanda-/frontend/src/pages/SubscriptionDetailPage.tsx": {"lines":{"total":34,"covered":0,"skipped":0,"pct":0},"functions":{"total":9,"covered":0,"skipped":0,"pct":0},"statements":{"total":35,"covered":0,"skipped":0,"pct":0},"branches":{"total":41,"covered":0,"skipped":0,"pct":0}}
,"/home/imdias/workspace/AtelieFilhosDeAruanda-/frontend/src/pages/SubscriptionsPage.tsx": {"lines":{"total":40,"covered":0,"skipped":0,"pct":0},"functions":{"total":16,"covered":0,"skipped":0,"pct":0},"statements":{"total":45,"covered":0,"skipped":0,"pct":0},"branches":{"total":33,"covered":0,"skipped":0,"pct":0}}
,"/home/imdias/workspace/AtelieFilhosDeAruanda-/frontend/src/pages/TermsOfUsePage.tsx": {"lines":{"total":2,"covered":0,"skipped":0,"pct":0},"functions":{"total":1,"covered":0,"skipped":0,"pct":0},"statements":{"total":2,"covered":0,"skipped":0,"pct":0},"branches":{"total":0,"covered":0,"skipped":0,"pct":100}}
,"/home/imdias/workspace/AtelieFilhosDeAruanda-/frontend/src/pages/UnsubscribeNewsletter.tsx": {"lines":{"total":24,"covered":0,"skipped":0,"pct":0},"functions":{"total":3,"covered":0,"skipped":0,"pct":0},"statements":{"total":25,"covered":0,"skipped":0,"pct":0},"branches":{"total":16,"covered":0,"skipped":0,"pct":0}}
,"/home/imdias/workspace/AtelieFilhosDeAruanda-/frontend/src/pages/UserLayout.tsx": {"lines":{"total":24,"covered":0,"skipped":0,"pct":0},"functions":{"total":5,"covered":0,"skipped":0,"pct":0},"statements":{"total":26,"covered":0,"skipped":0,"pct":0},"branches":{"total":17,"covered":0,"skipped":0,"pct":0}}
,"/home/imdias/workspace/AtelieFilhosDeAruanda-/frontend/src/pages/VerifyNewsletter.tsx": {"lines":{"total":24,"covered":0,"skipped":0,"pct":0},"functions":{"total":3,"covered":0,"skipped":0,"pct":0},"statements":{"total":25,"covered":0,"skipped":0,"pct":0},"branches":{"total":16,"covered":0,"skipped":0,"pct":0}}
,"/home/imdias/workspace/AtelieFilhosDeAruanda-/frontend/src/services/addressService.ts": {"lines":{"total":5,"covered":0,"skipped":0,"pct":0},"functions":{"total":8,"covered":0,"skipped":0,"pct":0},"statements":{"total":9,"covered":0,"skipped":0,"pct":0},"branches":{"total":0,"covered":0,"skipped":0,"pct":100}}
,"/home/imdias/workspace/AtelieFilhosDeAruanda-/frontend/src/services/api.ts": {"lines":{"total":14,"covered":3,"skipped":0,"pct":21.42},"functions":{"total":3,"covered":0,"skipped":0,"pct":0},"statements":{"total":14,"covered":3,"skipped":0,"pct":21.42},"branches":{"total":11,"covered":1,"skipped":0,"pct":9.09}}
,"/home/imdias/workspace/AtelieFilhosDeAruanda-/frontend/src/services/authService.ts": {"lines":{"total":90,"covered":0,"skipped":0,"pct":0},"functions":{"total":20,"covered":0,"skipped":0,"pct":0},"statements":{"total":95,"covered":0,"skipped":0,"pct":0},"branches":{"total":24,"covered":0,"skipped":0,"pct":0}}
,"/home/imdias/workspace/AtelieFilhosDeAruanda-/frontend/src/services/cardService.ts": {"lines":{"total":4,"covered":0,"skipped":0,"pct":0},"functions":{"total":6,"covered":0,"skipped":0,"pct":0},"statements":{"total":7,"covered":0,"skipped":0,"pct":0},"branches":{"total":0,"covered":0,"skipped":0,"pct":100}}
,"/home/imdias/workspace/AtelieFilhosDeAruanda-/frontend/src/services/cartService.ts": {"lines":{"total":72,"covered":36,"skipped":0,"pct":50},"functions":{"total":13,"covered":8,"skipped":0,"pct":61.53},"statements":{"total":73,"covered":36,"skipped":0,"pct":49.31},"branches":{"total":60,"covered":27,"skipped":0,"pct":45}}
,"/home/imdias/workspace/AtelieFilhosDeAruanda-/frontend/src/services/contactService.ts": {"lines":{"total":5,"covered":0,"skipped":0,"pct":0},"functions":{"total":1,"covered":0,"skipped":0,"pct":0},"statements":{"total":5,"covered":0,"skipped":0,"pct":0},"branches":{"total":2,"covered":0,"skipped":0,"pct":0}}
,"/home/imdias/workspace/AtelieFilhosDeAruanda-/frontend/src/services/firebaseConfig.ts": {"lines":{"total":0,"covered":0,"skipped":0,"pct":0},"functions":{"total":0,"covered":0,"skipped":0,"pct":0},"statements":{"total":0,"covered":0,"skipped":0,"pct":0},"branches":{"total":0,"covered":0,"skipped":0,"pct":0}}
,"/home/imdias/workspace/AtelieFilhosDeAruanda-/frontend/src/services/marketingService.ts": {"lines":{"total":14,"covered":0,"skipped":0,"pct":0},"functions":{"total":3,"covered":0,"skipped":0,"pct":0},"statements":{"total":14,"covered":0,"skipped":0,"pct":0},"branches":{"total":8,"covered":0,"skipped":0,"pct":0}}
,"/home/imdias/workspace/AtelieFilhosDeAruanda-/frontend/src/services/orderService.ts": {"lines":{"total":43,"covered":0,"skipped":0,"pct":0},"functions":{"total":12,"covered":0,"skipped":0,"pct":0},"statements":{"total":49,"covered":0,"skipped":0,"pct":0},"branches":{"total":39,"covered":0,"skipped":0,"pct":0}}
,"/home/imdias/workspace/AtelieFilhosDeAruanda-/frontend/src/services/productService.ts": {"lines":{"total":50,"covered":3,"skipped":0,"pct":6},"functions":{"total":9,"covered":0,"skipped":0,"pct":0},"statements":{"total":57,"covered":3,"skipped":0,"pct":5.26},"branches":{"total":41,"covered":0,"skipped":0,"pct":0}}
,"/home/imdias/workspace/AtelieFilhosDeAruanda-/frontend/src/services/subscriptionService.ts": {"lines":{"total":8,"covered":0,"skipped":0,"pct":0},"functions":{"total":14,"covered":0,"skipped":0,"pct":0},"statements":{"total":15,"covered":0,"skipped":0,"pct":0},"branches":{"total":0,"covered":0,"skipped":0,"pct":100}}
,"/home/imdias/workspace/AtelieFilhosDeAruanda-/frontend/src/types/address.ts": {"lines":{"total":0,"covered":0,"skipped":0,"pct":0},"functions":{"total":0,"covered":0,"skipped":0,"pct":0},"statements":{"total":0,"covered":0,"skipped":0,"pct":0},"branches":{"total":0,"covered":0,"skipped":0,"pct":0}}
,"/home/imdias/workspace/AtelieFilhosDeAruanda-/frontend/src/types/auth.ts": {"lines":{"total":0,"covered":0,"skipped":0,"pct":0},"functions":{"total":0,"covered":0,"skipped":0,"pct":0},"statements":{"total":0,"covered":0,"skipped":0,"pct":0},"branches":{"total":0,"covered":0,"skipped":0,"pct":0}}
,"/home/imdias/workspace/AtelieFilhosDeAruanda-/frontend/src/types/cart.ts": {"lines":{"total":0,"covered":0,"skipped":0,"pct":0},"functions":{"total":0,"covered":0,"skipped":0,"pct":0},"statements":{"total":0,"covered":0,"skipped":0,"pct":0},"branches":{"total":0,"covered":0,"skipped":0,"pct":0}}
,"/home/imdias/workspace/AtelieFilhosDeAruanda-/frontend/src/types/index.ts": {"lines":{"total":0,"covered":0,"skipped":0,"pct":0},"functions":{"total":0,"covered":0,"skipped":0,"pct":0},"statements":{"total":0,"covered":0,"skipped":0,"pct":0},"branches":{"total":0,"covered":0,"skipped":0,"pct":0}}
,"/home/imdias/workspace/AtelieFilhosDeAruanda-/frontend/src/types/marketing.ts": {"lines":{"total":0,"covered":0,"skipped":0,"pct":0},"functions":{"total":0,"covered":0,"skipped":0,"pct":0},"statements":{"total":0,"covered":0,"skipped":0,"pct":0},"branches":{"total":0,"covered":0,"skipped":0,"pct":0}}
,"/home/imdias/workspace/AtelieFilhosDeAruanda-/frontend/src/types/order.ts": {"lines":{"total":0,"covered":0,"skipped":0,"pct":0},"functions":{"total":0,"covered":0,"skipped":0,"pct":0},"statements":{"total":0,"covered":0,"skipped":0,"pct":0},"branches":{"total":0,"covered":0,"skipped":0,"pct":0}}
,"/home/imdias/workspace/AtelieFilhosDeAruanda-/frontend/src/types/payment.ts": {"lines":{"total":0,"covered":0,"skipped":0,"pct":0},"functions":{"total":0,"covered":0,"skipped":0,"pct":0},"statements":{"total":0,"covered":0,"skipped":0,"pct":0},"branches":{"total":0,"covered":0,"skipped":0,"pct":0}}
,"/home/imdias/workspace/AtelieFilhosDeAruanda-/frontend/src/types/product.ts": {"lines":{"total":0,"covered":0,"skipped":0,"pct":0},"functions":{"total":0,"covered":0,"skipped":0,"pct":0},"statements":{"total":0,"covered":0,"skipped":0,"pct":0},"branches":{"total":0,"covered":0,"skipped":0,"pct":0}}
,"/home/imdias/workspace/AtelieFilhosDeAruanda-/frontend/src/types/safeAny.ts": {"lines":{"total":0,"covered":0,"skipped":0,"pct":0},"functions":{"total":0,"covered":0,"skipped":0,"pct":0},"statements":{"total":0,"covered":0,"skipped":0,"pct":0},"branches":{"total":0,"covered":0,"skipped":0,"pct":0}}
,"/home/imdias/workspace/AtelieFilhosDeAruanda-/frontend/src/types/subscription.ts": {"lines":{"total":0,"covered":0,"skipped":0,"pct":0},"functions":{"total":0,"covered":0,"skipped":0,"pct":0},"statements":{"total":0,"covered":0,"skipped":0,"pct":0},"branches":{"total":0,"covered":0,"skipped":0,"pct":0}}
,"/home/imdias/workspace/AtelieFilhosDeAruanda-/frontend/src/utils/cn.ts": {"lines":{"total":1,"covered":1,"skipped":0,"pct":100},"functions":{"total":1,"covered":1,"skipped":0,"pct":100},"statements":{"total":1,"covered":1,"skipped":0,"pct":100},"branches":{"total":0,"covered":0,"skipped":0,"pct":100}}
,"/home/imdias/workspace/AtelieFilhosDeAruanda-/frontend/src/utils/fiscal.ts": {"lines":{"total":48,"covered":21,"skipped":0,"pct":43.75},"functions":{"total":4,"covered":2,"skipped":0,"pct":50},"statements":{"total":64,"covered":24,"skipped":0,"pct":37.5},"branches":{"total":34,"covered":9,"skipped":0,"pct":26.47}}
,"/home/imdias/workspace/AtelieFilhosDeAruanda-/frontend/src/utils/imageUtils.ts": {"lines":{"total":36,"covered":10,"skipped":0,"pct":27.77},"functions":{"total":9,"covered":2,"skipped":0,"pct":22.22},"statements":{"total":40,"covered":10,"skipped":0,"pct":25},"branches":{"total":25,"covered":14,"skipped":0,"pct":56}}
,"/home/imdias/workspace/AtelieFilhosDeAruanda-/frontend/src/utils/nsfwModerator.ts": {"lines":{"total":29,"covered":0,"skipped":0,"pct":0},"functions":{"total":8,"covered":0,"skipped":0,"pct":0},"statements":{"total":31,"covered":0,"skipped":0,"pct":0},"branches":{"total":15,"covered":0,"skipped":0,"pct":0}}
}
