TN:
SF:src/App.tsx
FN:43,App
FNF:1
FNH:0
FNDA:0,App
DA:44,0
LF:1
LH:0
BRF:0
BRH:0
end_of_record
TN:
SF:src/main.tsx
FN:19,(anonymous_0)
FNF:1
FNH:0
FNDA:0,(anonymous_0)
DA:3,0
DA:4,0
DA:6,0
DA:17,0
DA:19,0
DA:20,0
DA:27,0
DA:28,0
DA:30,0
LF:9
LH:0
BRDA:3,0,0,0
BRDA:3,0,1,0
BRDA:17,1,0,0
BRDA:17,1,1,0
BRDA:28,2,0,0
BRDA:28,2,1,0
BRDA:32,3,0,0
BRDA:32,3,1,0
BRF:8
BRH:0
end_of_record
TN:
SF:src/vite-env.d.ts
FNF:0
FNH:0
LF:0
LH:0
BRF:0
BRH:0
end_of_record
TN:
SF:src/components/AuthModal.tsx
FN:17,(anonymous_0)
FN:26,(anonymous_1)
FN:42,(anonymous_2)
FN:68,(anonymous_3)
FN:81,(anonymous_4)
FN:100,(anonymous_5)
FN:105,(anonymous_6)
FN:116,(anonymous_7)
FN:121,(anonymous_8)
FN:138,(anonymous_9)
FN:152,(anonymous_10)
FN:166,(anonymous_11)
FN:216,(anonymous_12)
FN:229,(anonymous_13)
FN:235,(anonymous_14)
FN:244,(anonymous_15)
FN:276,(anonymous_16)
FN:294,(anonymous_17)
FN:307,(anonymous_18)
FN:320,(anonymous_19)
FN:326,(anonymous_20)
FN:347,(anonymous_21)
FN:369,(anonymous_22)
FN:388,(anonymous_23)
FN:409,(anonymous_24)
FN:428,(anonymous_25)
FNF:26
FNH:8
FNDA:12,(anonymous_0)
FNDA:0,(anonymous_1)
FNDA:0,(anonymous_2)
FNDA:30,(anonymous_3)
FNDA:0,(anonymous_4)
FNDA:0,(anonymous_5)
FNDA:1,(anonymous_6)
FNDA:1,(anonymous_7)
FNDA:2,(anonymous_8)
FNDA:0,(anonymous_9)
FNDA:0,(anonymous_10)
FNDA:0,(anonymous_11)
FNDA:2,(anonymous_12)
FNDA:2,(anonymous_13)
FNDA:0,(anonymous_14)
FNDA:0,(anonymous_15)
FNDA:1,(anonymous_16)
FNDA:0,(anonymous_17)
FNDA:0,(anonymous_18)
FNDA:0,(anonymous_19)
FNDA:0,(anonymous_20)
FNDA:0,(anonymous_21)
FNDA:0,(anonymous_22)
FNDA:0,(anonymous_23)
FNDA:0,(anonymous_24)
FNDA:0,(anonymous_25)
DA:17,2
DA:18,12
DA:23,12
DA:26,0
DA:42,2
DA:43,0
DA:66,2
DA:68,2
DA:69,30
DA:70,30
DA:71,30
DA:72,30
DA:73,30
DA:74,30
DA:75,30
DA:76,30
DA:77,30
DA:79,30
DA:81,13
DA:82,0
DA:83,0
DA:84,0
DA:87,0
DA:88,0
DA:89,0
DA:90,0
DA:91,0
DA:93,0
DA:94,0
DA:96,0
DA:100,13
DA:101,0
DA:102,0
DA:105,13
DA:106,1
DA:107,1
DA:108,1
DA:109,1
DA:110,1
DA:111,1
DA:112,1
DA:113,1
DA:116,13
DA:117,1
DA:118,1
DA:121,13
DA:122,2
DA:123,2
DA:124,2
DA:125,2
DA:126,2
DA:127,1
DA:128,1
DA:129,1
DA:131,1
DA:132,1
DA:134,2
DA:138,13
DA:139,0
DA:140,0
DA:141,0
DA:142,0
DA:143,0
DA:144,0
DA:146,0
DA:148,0
DA:152,13
DA:153,0
DA:154,0
DA:155,0
DA:156,0
DA:157,0
DA:158,0
DA:160,0
DA:162,0
DA:166,13
DA:167,0
DA:168,0
DA:169,0
DA:170,0
DA:171,0
DA:172,0
DA:174,0
DA:176,0
DA:180,13
DA:216,2
DA:229,2
DA:235,0
DA:244,0
DA:276,1
DA:294,0
DA:307,0
DA:320,0
DA:326,0
DA:347,0
DA:369,0
DA:388,0
DA:409,0
DA:428,0
LF:99
LH:49
BRDA:66,0,0,2
BRDA:66,0,1,0
BRDA:79,1,0,17
BRDA:79,1,1,13
BRDA:193,2,0,13
BRDA:193,2,1,12
BRDA:194,3,0,30
BRDA:194,3,1,1
BRDA:195,4,0,30
BRDA:195,4,1,0
BRDA:196,5,0,30
BRDA:196,5,1,0
BRDA:199,6,0,30
BRDA:199,6,1,12
BRDA:200,7,0,30
BRDA:200,7,1,1
BRDA:201,8,0,30
BRDA:201,8,1,0
BRDA:202,9,0,30
BRDA:202,9,1,0
BRDA:207,10,0,30
BRDA:207,10,1,12
BRDA:226,11,0,0
BRDA:226,11,1,12
BRDA:238,12,0,0
BRDA:238,12,1,12
BRDA:247,13,0,12
BRDA:247,13,1,1
BRDA:263,14,0,12
BRDA:263,14,1,0
BRDA:285,15,0,30
BRDA:285,15,1,1
BRDA:317,16,0,0
BRDA:317,16,1,1
BRDA:329,17,0,0
BRDA:329,17,1,1
BRDA:334,18,0,1
BRDA:334,18,1,0
BRDA:341,19,0,0
BRDA:341,19,1,1
BRDA:356,20,0,30
BRDA:356,20,1,0
BRDA:376,21,0,0
BRDA:376,21,1,0
BRDA:383,22,0,0
BRDA:383,22,1,0
BRDA:397,23,0,30
BRDA:397,23,1,0
BRDA:416,24,0,0
BRDA:416,24,1,0
BRDA:423,25,0,0
BRDA:423,25,1,0
BRF:52
BRH:30
end_of_record
TN:
SF:src/components/CartDrawer.tsx
FN:23,(anonymous_0)
FN:32,(anonymous_1)
FN:34,(anonymous_2)
FN:54,(anonymous_3)
FN:59,(anonymous_4)
FN:88,(anonymous_5)
FN:95,(anonymous_6)
FN:105,(anonymous_7)
FN:107,(anonymous_8)
FN:109,(anonymous_9)
FN:127,(anonymous_10)
FN:135,(anonymous_11)
FN:152,(anonymous_12)
FN:160,(anonymous_13)
FN:200,(anonymous_14)
FNF:15
FNH:11
FNDA:26,(anonymous_0)
FNDA:8,(anonymous_1)
FNDA:1,(anonymous_2)
FNDA:1,(anonymous_3)
FNDA:1,(anonymous_4)
FNDA:8,(anonymous_5)
FNDA:0,(anonymous_6)
FNDA:0,(anonymous_7)
FNDA:1,(anonymous_8)
FNDA:1,(anonymous_9)
FNDA:0,(anonymous_10)
FNDA:1,(anonymous_11)
FNDA:2,(anonymous_12)
FNDA:1,(anonymous_13)
FNDA:0,(anonymous_14)
DA:23,2
DA:24,26
DA:25,26
DA:26,26
DA:27,26
DA:28,26
DA:29,26
DA:30,26
DA:32,26
DA:34,26
DA:35,1
DA:36,1
DA:37,1
DA:38,1
DA:39,1
DA:40,1
DA:41,1
DA:42,0
DA:45,0
DA:46,0
DA:47,0
DA:48,0
DA:50,1
DA:54,26
DA:55,1
DA:56,1
DA:59,26
DA:60,1
DA:61,1
DA:62,1
DA:65,26
DA:67,9
DA:89,8
DA:95,0
DA:105,0
DA:107,1
DA:109,1
DA:127,0
DA:135,1
DA:153,2
DA:160,1
DA:201,0
DA:202,0
LF:43
LH:33
BRDA:35,0,0,0
BRDA:35,0,1,1
BRDA:41,1,0,0
BRDA:41,1,1,1
BRDA:60,2,0,0
BRDA:60,2,1,1
BRDA:65,3,0,17
BRDA:65,3,1,9
BRDA:81,4,0,1
BRDA:81,4,1,8
BRDA:92,5,0,8
BRDA:92,5,1,0
BRDA:120,6,0,26
BRDA:120,6,1,8
BRDA:126,7,0,8
BRDA:126,7,1,2
BRDA:148,8,0,8
BRDA:148,8,1,0
BRDA:150,9,0,8
BRDA:150,9,1,2
BRDA:153,10,0,1
BRDA:153,10,1,1
BRDA:183,11,0,8
BRDA:183,11,1,1
BRDA:194,12,0,8
BRDA:194,12,1,7
BRF:26
BRH:21
end_of_record
TN:
SF:src/components/FilterSidebar.tsx
FN:13,(anonymous_0)
FN:46,(anonymous_1)
FN:53,(anonymous_2)
FN:56,(anonymous_3)
FNF:4
FNH:0
FNDA:0,(anonymous_0)
FNDA:0,(anonymous_1)
FNDA:0,(anonymous_2)
FNDA:0,(anonymous_3)
DA:13,0
DA:20,0
DA:46,0
DA:54,0
DA:56,0
LF:5
LH:0
BRDA:24,0,0,0
BRDA:24,0,1,0
BRDA:29,1,0,0
BRDA:29,1,1,0
BRDA:47,2,0,0
BRDA:47,2,1,0
BRDA:50,3,0,0
BRDA:50,3,1,0
BRDA:56,4,0,0
BRDA:56,4,1,0
BRDA:57,5,0,0
BRDA:57,5,1,0
BRDA:60,6,0,0
BRDA:60,6,1,0
BRF:14
BRH:0
end_of_record
TN:
SF:src/components/Footer.tsx
FN:11,(anonymous_0)
FN:19,(anonymous_1)
FN:20,(anonymous_2)
FN:23,(anonymous_3)
FN:26,(anonymous_4)
FN:110,(anonymous_5)
FNF:6
FNH:0
FNDA:0,(anonymous_0)
FNDA:0,(anonymous_1)
FNDA:0,(anonymous_2)
FNDA:0,(anonymous_3)
FNDA:0,(anonymous_4)
FNDA:0,(anonymous_5)
DA:11,0
DA:12,0
DA:13,0
DA:14,0
DA:15,0
DA:16,0
DA:17,0
DA:19,0
DA:20,0
DA:21,0
DA:22,0
DA:23,0
DA:26,0
DA:27,0
DA:28,0
DA:29,0
DA:32,0
DA:33,0
DA:36,0
DA:37,0
DA:38,0
DA:39,0
DA:40,0
DA:43,0
DA:47,0
DA:48,0
DA:52,0
DA:56,0
DA:111,0
LF:29
LH:0
BRDA:28,0,0,0
BRDA:28,0,1,0
BRDA:39,1,0,0
BRDA:39,1,1,0
BRDA:49,2,0,0
BRDA:49,2,1,0
BRDA:76,3,0,0
BRDA:76,3,1,0
BRDA:91,4,0,0
BRDA:91,4,1,0
BRDA:100,5,0,0
BRDA:100,5,1,0
BRDA:100,5,2,0
BRDA:112,6,0,0
BRDA:112,6,1,0
BRF:15
BRH:0
end_of_record
TN:
SF:src/components/GlobalAlertModal.tsx
FN:4,(anonymous_0)
FN:8,(anonymous_1)
FN:9,(anonymous_2)
FN:16,(anonymous_3)
FN:25,(anonymous_4)
FN:41,(anonymous_5)
FNF:6
FNH:0
FNDA:0,(anonymous_0)
FNDA:0,(anonymous_1)
FNDA:0,(anonymous_2)
FNDA:0,(anonymous_3)
FNDA:0,(anonymous_4)
FNDA:0,(anonymous_5)
DA:4,0
DA:5,0
DA:6,0
DA:8,0
DA:9,0
DA:10,0
DA:11,0
DA:12,0
DA:15,0
DA:16,0
DA:19,0
DA:21,0
DA:25,0
DA:41,0
LF:14
LH:0
BRDA:19,0,0,0
BRDA:19,0,1,0
BRF:2
BRH:0
end_of_record
TN:
SF:src/components/Header.tsx
FN:13,(anonymous_0)
FN:25,(anonymous_1)
FN:32,(anonymous_2)
FN:34,(anonymous_3)
FN:40,(anonymous_4)
FN:47,(anonymous_5)
FN:49,(anonymous_6)
FN:58,(anonymous_7)
FN:62,(anonymous_8)
FN:71,(anonymous_9)
FN:143,(anonymous_10)
FN:153,(anonymous_11)
FN:179,(anonymous_12)
FN:183,(anonymous_13)
FN:196,(anonymous_14)
FN:197,(anonymous_15)
FNF:16
FNH:8
FNDA:19,(anonymous_0)
FNDA:6,(anonymous_1)
FNDA:6,(anonymous_2)
FNDA:0,(anonymous_3)
FNDA:6,(anonymous_4)
FNDA:0,(anonymous_5)
FNDA:1,(anonymous_6)
FNDA:1,(anonymous_7)
FNDA:7,(anonymous_8)
FNDA:1,(anonymous_9)
FNDA:0,(anonymous_10)
FNDA:0,(anonymous_11)
FNDA:0,(anonymous_12)
FNDA:0,(anonymous_13)
FNDA:0,(anonymous_14)
FNDA:0,(anonymous_15)
DA:13,1
DA:14,19
DA:15,19
DA:16,19
DA:18,19
DA:19,19
DA:20,19
DA:22,19
DA:23,19
DA:25,19
DA:26,6
DA:27,6
DA:28,6
DA:29,6
DA:32,19
DA:33,6
DA:34,6
DA:36,6
DA:37,6
DA:38,6
DA:40,6
DA:41,6
DA:42,6
DA:43,6
DA:47,19
DA:49,19
DA:50,1
DA:51,1
DA:52,1
DA:53,1
DA:54,1
DA:58,19
DA:59,1
DA:62,19
DA:63,7
DA:66,19
DA:71,1
DA:143,0
DA:153,0
DA:179,0
DA:183,0
DA:196,0
DA:197,0
LF:43
LH:37
BRDA:29,0,0,6
BRDA:29,0,1,0
BRDA:47,1,0,19
BRDA:47,1,1,18
BRDA:47,2,0,0
BRDA:47,2,1,0
BRDA:51,3,0,1
BRDA:51,3,1,0
BRDA:63,4,0,1
BRDA:63,4,1,6
BRDA:63,5,0,7
BRDA:63,5,1,7
BRDA:63,5,2,6
BRDA:72,6,0,3
BRDA:72,6,1,15
BRDA:95,7,0,4
BRDA:95,7,1,14
BRDA:101,8,0,4
BRDA:101,8,1,0
BRDA:104,9,0,0
BRDA:104,9,1,4
BRDA:108,10,0,4
BRDA:108,10,1,0
BRDA:116,11,0,0
BRDA:116,11,1,4
BRDA:120,12,0,4
BRDA:120,12,1,0
BRDA:158,13,0,19
BRDA:158,13,1,0
BRDA:178,14,0,3
BRDA:178,14,1,15
BRDA:182,15,0,14
BRDA:182,15,1,4
BRDA:196,16,0,19
BRDA:196,16,1,0
BRF:35
BRH:24
end_of_record
TN:
SF:src/components/Hero.tsx
FN:7,(anonymous_0)
FNF:1
FNH:0
FNDA:0,(anonymous_0)
DA:7,0
DA:8,0
LF:2
LH:0
BRF:0
BRH:0
end_of_record
TN:
SF:src/components/NavMenu.tsx
FN:13,(anonymous_0)
FN:20,(anonymous_1)
FN:25,(anonymous_2)
FN:50,(anonymous_3)
FN:58,(anonymous_4)
FN:73,(anonymous_5)
FN:104,(anonymous_6)
FN:105,(anonymous_7)
FN:120,(anonymous_8)
FN:134,(anonymous_9)
FNF:10
FNH:4
FNDA:32,(anonymous_0)
FNDA:192,(anonymous_1)
FNDA:0,(anonymous_2)
FNDA:0,(anonymous_3)
FNDA:0,(anonymous_4)
FNDA:48,(anonymous_5)
FNDA:0,(anonymous_6)
FNDA:0,(anonymous_7)
FNDA:0,(anonymous_8)
FNDA:48,(anonymous_9)
DA:13,1
DA:14,32
DA:15,32
DA:16,32
DA:17,32
DA:20,32
DA:21,192
DA:22,192
DA:25,32
DA:27,32
DA:34,32
DA:35,16
DA:50,0
DA:59,0
DA:74,48
DA:88,16
DA:104,0
DA:105,0
DA:121,0
DA:135,48
LF:20
LH:15
BRDA:21,0,0,0
BRDA:21,0,1,192
BRDA:21,1,0,192
BRDA:21,1,1,48
BRDA:22,2,0,192
BRDA:22,2,1,192
BRDA:34,3,0,16
BRDA:34,3,1,16
BRDA:40,4,0,16
BRDA:40,4,1,0
BRDA:51,5,0,0
BRDA:51,5,1,16
BRDA:53,6,0,0
BRDA:53,6,1,16
BRDA:56,7,0,16
BRDA:56,7,1,0
BRDA:62,8,0,0
BRDA:62,8,1,0
BRDA:77,9,0,0
BRDA:77,9,1,48
BRDA:94,10,0,16
BRDA:94,10,1,0
BRDA:97,11,0,16
BRDA:97,11,1,0
BRDA:108,12,0,0
BRDA:108,12,1,16
BRDA:108,13,0,32
BRDA:108,13,1,16
BRDA:110,14,0,0
BRDA:110,14,1,16
BRDA:111,15,0,0
BRDA:111,15,1,16
BRDA:115,16,0,0
BRDA:115,16,1,16
BRDA:117,17,0,16
BRDA:117,17,1,0
BRDA:124,18,0,0
BRDA:124,18,1,0
BRDA:138,19,0,0
BRDA:138,19,1,48
BRDA:141,20,0,0
BRDA:141,20,1,48
BRF:42
BRH:23
end_of_record
TN:
SF:src/components/ProductCard.tsx
FN:21,(anonymous_0)
FN:32,(anonymous_1)
FN:38,(anonymous_2)
FN:43,(anonymous_3)
FN:48,(anonymous_4)
FNF:5
FNH:2
FNDA:5,(anonymous_0)
FNDA:0,(anonymous_1)
FNDA:1,(anonymous_2)
FNDA:0,(anonymous_3)
FNDA:0,(anonymous_4)
DA:21,2
DA:22,5
DA:23,5
DA:24,5
DA:25,5
DA:27,5
DA:29,4
DA:30,4
DA:32,4
DA:33,0
DA:34,0
DA:35,0
DA:38,4
DA:39,1
DA:40,1
DA:41,1
DA:43,1
DA:44,0
DA:45,0
DA:46,0
DA:47,0
DA:48,0
DA:52,4
DA:53,5
DA:56,5
DA:57,5
DA:58,5
DA:59,5
DA:63,5
DA:68,5
DA:73,5
LF:31
LH:23
BRDA:27,0,0,0
BRDA:27,0,1,5
BRDA:52,1,0,4
BRDA:52,1,1,1
BRDA:53,2,0,5
BRDA:53,2,1,0
BRDA:56,3,0,5
BRDA:56,3,1,4
BRDA:59,4,0,5
BRDA:59,4,1,4
BRDA:59,5,0,0
BRDA:59,5,1,4
BRDA:66,6,0,5
BRDA:66,6,1,0
BRDA:71,7,0,5
BRDA:71,7,1,0
BRDA:81,8,0,0
BRDA:81,8,1,4
BRDA:82,9,0,0
BRDA:82,9,1,4
BRDA:84,10,0,0
BRDA:84,10,1,4
BRDA:87,11,0,0
BRDA:87,11,1,4
BRDA:94,12,0,5
BRDA:94,12,1,4
BRDA:94,12,2,0
BRDA:99,13,0,0
BRDA:99,13,1,4
BRDA:99,14,0,5
BRDA:99,14,1,0
BRDA:103,15,0,5
BRDA:103,15,1,1
BRDA:119,16,0,5
BRDA:119,16,1,4
BRDA:119,16,2,0
BRDA:121,17,0,5
BRDA:121,17,1,4
BRDA:121,17,2,0
BRDA:127,18,0,5
BRDA:127,18,1,0
BRDA:136,19,0,5
BRDA:136,19,1,0
BRDA:149,20,0,0
BRDA:149,20,1,4
BRDA:151,21,0,0
BRDA:151,21,1,4
BRDA:156,22,0,1
BRDA:156,22,1,3
BRF:49
BRH:31
end_of_record
TN:
SF:src/components/ReviewForm.tsx
FN:22,(anonymous_0)
FN:36,(anonymous_1)
FN:38,(anonymous_2)
FN:41,(anonymous_3)
FN:46,(anonymous_4)
FN:47,(anonymous_5)
FN:48,(anonymous_6)
FN:49,(anonymous_7)
FN:106,(anonymous_8)
FN:111,(anonymous_9)
FN:115,(anonymous_10)
FN:115,(anonymous_11)
FN:119,(anonymous_12)
FN:137,(anonymous_13)
FN:154,(anonymous_14)
FN:180,(anonymous_15)
FN:184,(anonymous_16)
FN:185,(anonymous_17)
FN:186,(anonymous_18)
FN:205,(anonymous_19)
FN:225,(anonymous_20)
FN:236,(anonymous_21)
FN:247,(anonymous_22)
FN:307,(anonymous_23)
FNF:24
FNH:0
FNDA:0,(anonymous_0)
FNDA:0,(anonymous_1)
FNDA:0,(anonymous_2)
FNDA:0,(anonymous_3)
FNDA:0,(anonymous_4)
FNDA:0,(anonymous_5)
FNDA:0,(anonymous_6)
FNDA:0,(anonymous_7)
FNDA:0,(anonymous_8)
FNDA:0,(anonymous_9)
FNDA:0,(anonymous_10)
FNDA:0,(anonymous_11)
FNDA:0,(anonymous_12)
FNDA:0,(anonymous_13)
FNDA:0,(anonymous_14)
FNDA:0,(anonymous_15)
FNDA:0,(anonymous_16)
FNDA:0,(anonymous_17)
FNDA:0,(anonymous_18)
FNDA:0,(anonymous_19)
FNDA:0,(anonymous_20)
FNDA:0,(anonymous_21)
FNDA:0,(anonymous_22)
FNDA:0,(anonymous_23)
DA:22,0
DA:23,0
DA:24,0
DA:25,0
DA:26,0
DA:28,0
DA:29,0
DA:30,0
DA:31,0
DA:32,0
DA:34,0
DA:36,0
DA:38,0
DA:41,0
DA:42,0
DA:43,0
DA:46,0
DA:47,0
DA:48,0
DA:49,0
DA:51,0
DA:52,0
DA:53,0
DA:56,0
DA:57,0
DA:58,0
DA:61,0
DA:62,0
DA:63,0
DA:66,0
DA:67,0
DA:69,0
DA:71,0
DA:72,0
DA:74,0
DA:75,0
DA:76,0
DA:79,0
DA:80,0
DA:81,0
DA:83,0
DA:84,0
DA:85,0
DA:88,0
DA:93,0
DA:94,0
DA:101,0
DA:102,0
DA:106,0
DA:107,0
DA:108,0
DA:111,0
DA:112,0
DA:113,0
DA:114,0
DA:115,0
DA:119,0
DA:120,0
DA:121,0
DA:122,0
DA:123,0
DA:126,0
DA:127,0
DA:129,0
DA:130,0
DA:132,0
DA:133,0
DA:134,0
DA:135,0
DA:137,0
DA:138,0
DA:141,0
DA:144,0
DA:150,0
DA:153,0
DA:154,0
DA:155,0
DA:158,0
DA:160,0
DA:164,0
DA:165,0
DA:175,0
DA:181,0
DA:184,0
DA:185,0
DA:186,0
DA:205,0
DA:226,0
DA:236,0
DA:247,0
DA:307,0
DA:308,0
LF:92
LH:0
BRDA:42,0,0,0
BRDA:42,0,1,0
BRDA:43,1,0,0
BRDA:43,1,1,0
BRDA:51,2,0,0
BRDA:51,2,1,0
BRDA:56,3,0,0
BRDA:56,3,1,0
BRDA:56,4,0,0
BRDA:56,4,1,0
BRDA:56,4,2,0
BRDA:56,4,3,0
BRDA:61,5,0,0
BRDA:61,5,1,0
BRDA:74,6,0,0
BRDA:74,6,1,0
BRDA:74,7,0,0
BRDA:74,7,1,0
BRDA:74,7,2,0
BRDA:79,8,0,0
BRDA:79,8,1,0
BRDA:83,9,0,0
BRDA:83,9,1,0
BRDA:84,10,0,0
BRDA:84,10,1,0
BRDA:93,11,0,0
BRDA:93,11,1,0
BRDA:108,12,0,0
BRDA:108,12,1,0
BRDA:113,13,0,0
BRDA:113,13,1,0
BRDA:121,14,0,0
BRDA:121,14,1,0
BRDA:130,15,0,0
BRDA:130,15,1,0
BRDA:155,16,0,0
BRDA:155,16,1,0
BRDA:158,17,0,0
BRDA:158,17,1,0
BRDA:158,17,2,0
BRDA:164,18,0,0
BRDA:164,18,1,0
BRDA:191,19,0,0
BRDA:191,19,1,0
BRDA:191,20,0,0
BRDA:191,20,1,0
BRDA:227,21,0,0
BRDA:227,21,1,0
BRDA:244,22,0,0
BRDA:244,22,1,0
BRDA:250,23,0,0
BRDA:250,23,1,0
BRDA:253,24,0,0
BRDA:253,24,1,0
BRDA:275,25,0,0
BRDA:275,25,1,0
BRDA:282,26,0,0
BRDA:282,26,1,0
BRDA:291,27,0,0
BRDA:291,27,1,0
BRDA:291,27,2,0
BRDA:293,28,0,0
BRDA:293,28,1,0
BRDA:293,29,0,0
BRDA:293,29,1,0
BRDA:293,29,2,0
BRDA:296,30,0,0
BRDA:296,30,1,0
BRF:68
BRH:0
end_of_record
TN:
SF:src/components/ReviewSection.tsx
FN:15,(anonymous_0)
FN:23,(anonymous_1)
FN:55,(anonymous_2)
FN:60,(anonymous_3)
FNF:4
FNH:1
FNDA:3,(anonymous_0)
FNDA:0,(anonymous_1)
FNDA:0,(anonymous_2)
FNDA:0,(anonymous_3)
DA:15,1
DA:16,3
DA:23,0
DA:28,3
DA:56,0
DA:61,0
LF:6
LH:3
BRDA:16,0,0,0
BRDA:16,0,1,3
BRDA:35,1,0,0
BRDA:35,1,1,3
BRDA:61,2,0,0
BRDA:61,2,1,0
BRDA:64,3,0,0
BRDA:64,3,1,0
BRDA:64,3,2,0
BRDA:65,4,0,0
BRDA:65,4,1,0
BRDA:76,5,0,0
BRDA:76,5,1,0
BRDA:80,6,0,0
BRDA:80,6,1,0
BRDA:91,7,0,0
BRDA:91,7,1,0
BRF:17
BRH:2
end_of_record
TN:
SF:src/components/ReviewSummary.tsx
FN:9,(anonymous_0)
FN:12,(anonymous_1)
FN:15,(anonymous_2)
FN:16,(anonymous_3)
FN:27,(anonymous_4)
FN:42,(anonymous_5)
FNF:6
FNH:0
FNDA:0,(anonymous_0)
FNDA:0,(anonymous_1)
FNDA:0,(anonymous_2)
FNDA:0,(anonymous_3)
FNDA:0,(anonymous_4)
FNDA:0,(anonymous_5)
DA:9,1
DA:10,0
DA:11,0
DA:12,0
DA:15,0
DA:16,0
DA:17,0
DA:18,0
DA:21,0
DA:28,0
DA:43,0
LF:11
LH:1
BRDA:9,0,0,0
BRDA:11,1,0,0
BRDA:11,1,1,0
BRDA:12,2,0,0
BRDA:12,2,1,0
BRDA:17,3,0,0
BRDA:17,3,1,0
BRDA:31,4,0,0
BRDA:31,4,1,0
BRF:9
BRH:0
end_of_record
TN:
SF:src/components/SEO.tsx
FN:19,(anonymous_0)
FNF:1
FNH:1
FNDA:3,(anonymous_0)
DA:19,1
DA:29,3
DA:30,3
DA:32,3
LF:4
LH:4
BRDA:21,0,0,3
BRDA:22,1,0,3
BRDA:23,2,0,3
BRDA:24,3,0,3
BRDA:25,4,0,3
BRDA:26,5,0,3
BRDA:30,6,0,3
BRDA:30,6,1,0
BRDA:30,7,0,0
BRDA:30,7,1,3
BRDA:55,8,0,3
BRDA:55,8,1,3
BRF:12
BRH:10
end_of_record
TN:
SF:src/components/ScrollToTop.tsx
FN:4,(anonymous_0)
FN:7,(anonymous_1)
FNF:2
FNH:0
FNDA:0,(anonymous_0)
FNDA:0,(anonymous_1)
DA:4,0
DA:5,0
DA:7,0
DA:9,0
DA:12,0
LF:5
LH:0
BRF:0
BRH:0
end_of_record
TN:
SF:src/components/SearchBar.tsx
FN:11,(anonymous_0)
FN:25,(anonymous_1)
FNF:2
FNH:2
FNDA:32,(anonymous_0)
FNDA:1,(anonymous_1)
DA:11,1
DA:13,32
DA:15,32
DA:17,32
DA:25,1
LF:5
LH:5
BRDA:20,0,0,16
BRDA:20,0,1,16
BRDA:26,1,0,16
BRDA:26,1,1,16
BRDA:27,2,0,16
BRDA:27,2,1,16
BRDA:33,3,0,16
BRDA:33,3,1,16
BRDA:38,4,0,16
BRDA:38,4,1,16
BRDA:42,5,0,32
BRDA:42,5,1,16
BRF:12
BRH:12
end_of_record
TN:
SF:src/components/VerifiedBadge.tsx
FN:13,(anonymous_0)
FNF:1
FNH:0
FNDA:0,(anonymous_0)
DA:13,1
DA:14,0
LF:2
LH:1
BRDA:13,0,0,0
BRDA:13,1,0,0
BRDA:20,2,0,0
BRDA:20,2,1,0
BRF:4
BRH:0
end_of_record
TN:
SF:src/components/checkout/CheckoutAddress.tsx
FN:28,(anonymous_0)
FN:52,(anonymous_1)
FN:75,(anonymous_2)
FN:125,(anonymous_3)
FN:170,(anonymous_4)
FNF:5
FNH:2
FNDA:16,(anonymous_0)
FNDA:6,(anonymous_1)
FNDA:0,(anonymous_2)
FNDA:0,(anonymous_3)
FNDA:0,(anonymous_4)
DA:28,1
DA:40,16
DA:42,16
DA:53,6
DA:54,6
DA:75,0
DA:126,0
DA:127,0
DA:128,0
DA:170,0
LF:10
LH:5
BRDA:50,0,0,16
BRDA:50,0,1,6
BRDA:53,1,0,6
BRDA:53,1,1,0
BRDA:57,2,0,0
BRDA:57,2,1,6
BRDA:61,3,0,0
BRDA:61,3,1,6
BRDA:62,4,0,6
BRDA:62,4,1,0
BRDA:82,5,0,0
BRDA:82,5,1,6
BRDA:95,6,0,0
BRDA:95,6,1,6
BRDA:97,7,0,0
BRDA:97,7,1,6
BRDA:107,8,0,16
BRDA:107,8,1,10
BRDA:128,9,0,0
BRDA:128,9,1,0
BRDA:130,10,0,0
BRDA:130,10,1,10
BRDA:132,11,0,10
BRDA:132,11,1,10
BRDA:138,12,0,10
BRDA:138,12,1,0
BRDA:165,13,0,10
BRDA:165,13,1,10
BRF:28
BRH:17
end_of_record
TN:
SF:src/components/checkout/CheckoutContact.tsx
FN:12,(anonymous_0)
FN:48,(anonymous_1)
FN:58,(anonymous_2)
FNF:3
FNH:1
FNDA:16,(anonymous_0)
FNDA:0,(anonymous_1)
FNDA:0,(anonymous_2)
DA:12,1
DA:20,16
DA:48,0
DA:58,0
LF:4
LH:2
BRDA:40,0,0,16
BRDA:40,0,1,0
BRDA:66,1,0,16
BRDA:66,1,1,0
BRDA:68,2,0,16
BRDA:68,2,1,0
BRDA:71,3,0,0
BRDA:71,3,1,16
BRDA:73,4,0,16
BRDA:73,4,1,0
BRF:10
BRH:5
end_of_record
TN:
SF:src/components/checkout/CheckoutPayment.tsx
FN:25,(anonymous_0)
FN:58,(anonymous_1)
FN:70,(anonymous_2)
FN:84,(anonymous_3)
FN:87,(anonymous_4)
FN:101,(anonymous_5)
FN:167,(anonymous_6)
FNF:7
FNH:1
FNDA:16,(anonymous_0)
FNDA:0,(anonymous_1)
FNDA:0,(anonymous_2)
FNDA:0,(anonymous_3)
FNDA:0,(anonymous_4)
FNDA:0,(anonymous_5)
FNDA:0,(anonymous_6)
DA:25,1
DA:44,16
DA:58,0
DA:70,0
DA:85,0
DA:87,0
DA:101,0
DA:167,0
LF:8
LH:2
BRDA:50,0,0,0
BRDA:50,0,1,16
BRDA:56,1,0,16
BRDA:56,1,1,12
BRDA:57,2,0,12
BRDA:57,2,1,0
BRDA:62,3,0,12
BRDA:62,3,1,0
BRDA:68,4,0,16
BRDA:68,4,1,16
BRDA:69,5,0,4
BRDA:69,5,1,12
BRDA:80,6,0,16
BRDA:80,6,1,4
BRDA:82,7,0,4
BRDA:82,7,1,0
BRDA:88,8,0,0
BRDA:88,8,1,0
BRDA:88,9,0,0
BRDA:88,9,1,0
BRDA:91,10,0,0
BRDA:91,10,1,0
BRDA:97,11,0,0
BRDA:97,11,1,0
BRDA:97,11,2,0
BRDA:102,12,0,0
BRDA:102,12,1,0
BRDA:109,13,0,4
BRDA:109,13,1,4
BRDA:115,14,0,0
BRDA:115,14,1,4
BRDA:115,15,0,4
BRDA:115,15,1,0
BRDA:120,16,0,0
BRDA:120,16,1,0
BRDA:123,17,0,0
BRDA:123,17,1,0
BRF:37
BRH:16
end_of_record
TN:
SF:src/components/checkout/CheckoutShipping.tsx
FN:14,(anonymous_0)
FN:36,(anonymous_1)
FN:46,(anonymous_2)
FNF:3
FNH:2
FNDA:16,(anonymous_0)
FNDA:14,(anonymous_1)
FNDA:0,(anonymous_2)
DA:14,1
DA:22,16
DA:37,14
DA:46,0
LF:4
LH:3
BRDA:29,0,0,2
BRDA:29,0,1,14
BRDA:34,1,0,14
BRDA:34,1,1,0
BRDA:39,2,0,14
BRDA:39,2,1,0
BRDA:64,3,0,0
BRDA:64,3,1,0
BRDA:66,4,0,0
BRDA:66,4,1,0
BRF:10
BRH:4
end_of_record
TN:
SF:src/components/checkout/CheckoutSummary.tsx
FN:21,(anonymous_0)
FN:35,(anonymous_1)
FN:44,(anonymous_2)
FN:51,(anonymous_3)
FN:115,(anonymous_4)
FN:116,(anonymous_5)
FN:127,(anonymous_6)
FNF:7
FNH:3
FNDA:16,(anonymous_0)
FNDA:76,(anonymous_1)
FNDA:16,(anonymous_2)
FNDA:0,(anonymous_3)
FNDA:0,(anonymous_4)
FNDA:0,(anonymous_5)
FNDA:0,(anonymous_6)
DA:21,1
DA:35,16
DA:36,76
DA:38,16
DA:45,16
DA:51,0
DA:116,0
DA:117,0
DA:128,0
LF:9
LH:5
BRDA:30,0,0,16
BRDA:31,1,0,16
BRDA:33,2,0,16
BRDA:49,3,0,16
BRDA:49,3,1,0
BRDA:75,4,0,16
BRDA:75,4,1,0
BRDA:77,5,0,16
BRDA:77,5,1,0
BRDA:80,6,0,16
BRDA:80,6,1,0
BRDA:87,7,0,16
BRDA:87,7,1,12
BRDA:87,7,2,12
BRDA:98,8,0,0
BRDA:98,8,1,16
BRDA:100,9,0,16
BRDA:100,9,1,0
BRDA:100,9,2,0
BRDA:108,10,0,16
BRDA:108,10,1,4
BRDA:108,10,2,0
BRDA:114,11,0,0
BRDA:114,11,1,0
BRDA:117,12,0,0
BRDA:117,12,1,0
BRDA:117,13,0,0
BRDA:117,13,1,0
BRDA:129,14,0,0
BRDA:129,14,1,0
BRF:30
BRH:14
end_of_record
TN:
SF:src/components/reviews/RatingSummary.tsx
FN:10,(anonymous_0)
FN:15,(anonymous_1)
FN:26,(anonymous_2)
FN:39,(anonymous_3)
FNF:4
FNH:2
FNDA:3,(anonymous_0)
FNDA:0,(anonymous_1)
FNDA:0,(anonymous_2)
FNDA:15,(anonymous_3)
DA:10,1
DA:11,3
DA:12,0
DA:16,0
DA:24,3
DA:26,3
DA:27,0
DA:28,0
DA:29,0
DA:33,3
DA:40,15
DA:41,15
LF:12
LH:7
BRDA:11,0,0,0
BRDA:11,0,1,3
BRDA:24,1,0,3
BRDA:24,1,1,2
BRDA:28,2,0,0
BRDA:28,2,1,0
BRDA:47,3,0,15
BRDA:47,3,1,5
BRDA:62,4,0,1
BRDA:62,4,1,2
BRDA:64,5,0,0
BRDA:64,5,1,1
BRF:12
BRH:8
end_of_record
TN:
SF:src/components/reviews/ReviewSkeletons.tsx
FN:3,(anonymous_0)
FN:7,(anonymous_1)
FN:15,(anonymous_2)
FN:17,(anonymous_3)
FN:23,(anonymous_4)
FNF:5
FNH:0
FNDA:0,(anonymous_0)
FNDA:0,(anonymous_1)
FNDA:0,(anonymous_2)
FNDA:0,(anonymous_3)
FNDA:0,(anonymous_4)
DA:3,1
DA:4,0
DA:8,0
DA:15,1
DA:16,0
DA:18,0
DA:23,1
DA:24,0
LF:8
LH:3
BRF:0
BRH:0
end_of_record
TN:
SF:src/components/reviews/UGCGallery.tsx
FN:10,(anonymous_0)
FN:13,(anonymous_1)
FN:27,(anonymous_2)
FN:30,(anonymous_3)
FN:63,(anonymous_4)
FNF:5
FNH:0
FNDA:0,(anonymous_0)
FNDA:0,(anonymous_1)
FNDA:0,(anonymous_2)
FNDA:0,(anonymous_3)
FNDA:0,(anonymous_4)
DA:10,1
DA:11,0
DA:13,0
DA:15,0
DA:17,0
DA:28,0
DA:30,0
DA:63,0
LF:8
LH:1
BRDA:13,0,0,0
BRDA:13,0,1,0
BRDA:15,1,0,0
BRDA:15,1,1,0
BRDA:33,2,0,0
BRDA:33,2,1,0
BRDA:60,3,0,0
BRDA:60,3,1,0
BRDA:69,4,0,0
BRDA:69,4,1,0
BRF:10
BRH:0
end_of_record
TN:
SF:src/components/ui/Button.tsx
FN:10,(anonymous_0)
FNF:1
FNH:1
FNDA:51,(anonymous_0)
DA:10,6
DA:20,51
DA:22,51
DA:28,51
DA:30,51
LF:5
LH:5
BRDA:12,0,0,51
BRDA:13,1,0,51
BRDA:14,2,0,51
BRDA:15,3,0,51
BRDA:17,4,0,51
BRDA:28,5,0,51
BRDA:28,5,1,1
BRDA:33,6,0,51
BRDA:33,6,1,43
BRDA:38,7,0,5
BRDA:38,7,1,46
BRDA:41,8,0,51
BRDA:41,8,1,5
BRF:13
BRH:13
end_of_record
TN:
SF:src/components/ui/MaskedInput.tsx
FN:21,(anonymous_0)
FN:23,(anonymous_1)
FN:69,(anonymous_2)
FNF:3
FNH:3
FNDA:42,(anonymous_0)
FNDA:19,(anonymous_1)
FNDA:8,(anonymous_2)
DA:20,3
DA:23,42
DA:24,19
DA:26,19
DA:27,9
DA:34,10
DA:35,2
DA:43,8
DA:44,6
DA:45,4
DA:51,2
DA:60,2
DA:61,1
DA:66,1
DA:69,42
DA:70,8
DA:71,8
DA:74,8
DA:75,8
DA:76,8
DA:77,8
DA:78,8
DA:80,8
DA:81,8
DA:86,42
DA:88,42
DA:123,3
LF:27
LH:27
BRDA:26,0,0,9
BRDA:26,0,1,10
BRDA:34,1,0,2
BRDA:34,1,1,8
BRDA:43,2,0,6
BRDA:43,2,1,2
BRDA:44,3,0,4
BRDA:44,3,1,2
BRDA:60,4,0,1
BRDA:60,4,1,1
BRDA:75,5,0,3
BRDA:75,5,1,5
BRDA:76,6,0,2
BRDA:76,6,1,6
BRDA:77,7,0,2
BRDA:77,7,1,6
BRDA:78,8,0,1
BRDA:78,8,1,7
BRDA:80,9,0,8
BRDA:80,9,1,0
BRDA:86,10,0,19
BRDA:86,10,1,23
BRDA:90,11,0,42
BRDA:90,11,1,9
BRDA:107,12,0,1
BRDA:107,12,1,41
BRDA:113,13,0,42
BRDA:113,13,1,1
BRF:28
BRH:27
end_of_record
TN:
SF:src/components/ui/OptimizedImage.tsx
FN:23,(anonymous_0)
FN:53,(anonymous_1)
FNF:2
FNH:2
FNDA:21,(anonymous_0)
FNDA:1,(anonymous_1)
DA:23,3
DA:33,21
DA:36,21
DA:40,21
DA:42,21
DA:53,1
DA:59,3
LF:7
LH:7
BRDA:28,0,0,21
BRDA:30,1,0,21
BRDA:36,2,0,8
BRDA:36,2,1,10
BRDA:37,3,0,3
BRDA:37,3,1,5
BRDA:38,4,0,10
BRDA:38,4,1,0
BRDA:45,5,0,1
BRDA:45,5,1,17
BRDA:49,6,0,4
BRDA:49,6,1,14
BRDA:50,7,0,4
BRDA:50,7,1,14
BRF:14
BRH:13
end_of_record
TN:
SF:src/components/ui/Spinner.tsx
FN:8,(anonymous_0)
FNF:1
FNH:1
FNDA:13,(anonymous_0)
DA:8,7
DA:9,13
LF:2
LH:2
BRDA:8,0,0,13
BRDA:8,1,0,13
BRF:2
BRH:2
end_of_record
TN:
SF:src/context/AuthContext.tsx
FN:23,(anonymous_0)
FN:24,(anonymous_1)
FN:25,(anonymous_2)
FN:30,(anonymous_3)
FN:41,(anonymous_4)
FN:52,(anonymous_5)
FN:59,(anonymous_6)
FN:66,(anonymous_7)
FN:68,(anonymous_8)
FN:73,(anonymous_9)
FN:76,(anonymous_10)
FN:83,(anonymous_11)
FN:109,(anonymous_12)
FNF:13
FNH:13
FNDA:7,(anonymous_0)
FNDA:4,(anonymous_1)
FNDA:4,(anonymous_2)
FNDA:5,(anonymous_3)
FNDA:5,(anonymous_4)
FNDA:1,(anonymous_5)
FNDA:7,(anonymous_6)
FNDA:4,(anonymous_7)
FNDA:1,(anonymous_8)
FNDA:4,(anonymous_9)
FNDA:1,(anonymous_10)
FNDA:1,(anonymous_11)
FNDA:12,(anonymous_12)
DA:21,1
DA:23,1
DA:24,7
DA:25,7
DA:26,7
DA:27,7
DA:28,7
DA:30,7
DA:31,5
DA:32,5
DA:33,5
DA:34,0
DA:36,5
DA:41,7
DA:42,5
DA:43,5
DA:44,5
DA:45,0
DA:47,5
DA:52,7
DA:53,1
DA:54,1
DA:55,1
DA:56,1
DA:59,7
DA:60,7
DA:61,5
DA:62,5
DA:66,7
DA:68,4
DA:69,1
DA:72,4
DA:73,4
DA:76,7
DA:77,1
DA:78,1
DA:79,1
DA:80,1
DA:83,7
DA:84,1
DA:85,1
DA:86,1
DA:87,1
DA:88,1
DA:91,7
DA:109,1
DA:110,12
DA:111,12
DA:112,4
DA:114,7
LF:50
LH:48
BRDA:31,0,0,5
BRDA:31,0,1,0
BRDA:42,1,0,5
BRDA:42,1,1,0
BRDA:60,2,0,5
BRDA:60,2,1,2
BRDA:60,3,0,7
BRDA:60,3,1,5
BRDA:111,4,0,4
BRDA:111,4,1,8
BRF:10
BRH:8
end_of_record
TN:
SF:src/context/CategoryContext.tsx
FN:14,(anonymous_0)
FN:19,(anonymous_1)
FN:26,(anonymous_2)
FN:27,(anonymous_3)
FN:37,(anonymous_4)
FN:54,(anonymous_5)
FNF:6
FNH:4
FNDA:109,(anonymous_0)
FNDA:64,(anonymous_1)
FNDA:0,(anonymous_2)
FNDA:0,(anonymous_3)
FNDA:64,(anonymous_4)
FNDA:32,(anonymous_5)
DA:12,10
DA:14,10
DA:15,109
DA:16,109
DA:17,109
DA:19,109
DA:20,64
DA:21,64
DA:22,64
DA:23,64
DA:25,14
DA:26,0
DA:27,0
DA:28,14
DA:30,0
DA:31,0
DA:33,14
DA:37,109
DA:38,64
DA:41,109
DA:54,10
DA:55,32
DA:56,32
DA:57,0
DA:59,32
LF:25
LH:20
BRDA:56,0,0,0
BRDA:56,0,1,32
BRF:2
BRH:1
end_of_record
TN:
SF:src/context/FavoritesContext.tsx
FN:22,(anonymous_0)
FN:28,(anonymous_1)
FN:41,(anonymous_2)
FN:50,(anonymous_3)
FN:54,(anonymous_4)
FN:56,(anonymous_5)
FN:59,(anonymous_6)
FN:63,(anonymous_7)
FN:87,(anonymous_8)
FN:89,(anonymous_9)
FN:89,(anonymous_10)
FN:122,(anonymous_11)
FNF:12
FNH:0
FNDA:0,(anonymous_0)
FNDA:0,(anonymous_1)
FNDA:0,(anonymous_2)
FNDA:0,(anonymous_3)
FNDA:0,(anonymous_4)
FNDA:0,(anonymous_5)
FNDA:0,(anonymous_6)
FNDA:0,(anonymous_7)
FNDA:0,(anonymous_8)
FNDA:0,(anonymous_9)
FNDA:0,(anonymous_10)
FNDA:0,(anonymous_11)
DA:16,0
DA:22,0
DA:23,0
DA:24,0
DA:25,0
DA:28,0
DA:29,0
DA:30,0
DA:32,0
DA:33,0
DA:34,0
DA:35,0
DA:38,0
DA:39,0
DA:41,0
DA:43,0
DA:45,0
DA:50,0
DA:51,0
DA:54,0
DA:55,0
DA:56,0
DA:59,0
DA:60,0
DA:63,0
DA:64,0
DA:65,0
DA:66,0
DA:68,0
DA:70,0
DA:72,0
DA:73,0
DA:74,0
DA:76,0
DA:77,0
DA:80,0
DA:81,0
DA:82,0
DA:83,0
DA:86,0
DA:87,0
DA:89,0
DA:93,0
DA:97,0
DA:99,0
DA:102,0
DA:104,0
DA:108,0
DA:122,0
DA:123,0
DA:124,0
DA:125,0
DA:127,0
LF:53
LH:0
BRDA:32,0,0,0
BRDA:32,0,1,0
BRDA:68,1,0,0
BRDA:68,1,1,0
BRDA:68,2,0,0
BRDA:68,2,1,0
BRDA:72,3,0,0
BRDA:72,3,1,0
BRDA:72,4,0,0
BRDA:72,4,1,0
BRDA:86,5,0,0
BRDA:86,5,1,0
BRDA:124,6,0,0
BRDA:124,6,1,0
BRF:14
BRH:0
end_of_record
TN:
SF:src/context/ToastContext.tsx
FN:21,(anonymous_0)
FN:24,(anonymous_1)
FN:26,(anonymous_2)
FN:28,(anonymous_3)
FN:29,(anonymous_4)
FN:29,(anonymous_5)
FN:33,(anonymous_6)
FN:34,(anonymous_7)
FN:34,(anonymous_8)
FN:41,(anonymous_9)
FN:55,(anonymous_10)
FN:65,(anonymous_11)
FNF:12
FNH:0
FNDA:0,(anonymous_0)
FNDA:0,(anonymous_1)
FNDA:0,(anonymous_2)
FNDA:0,(anonymous_3)
FNDA:0,(anonymous_4)
FNDA:0,(anonymous_5)
FNDA:0,(anonymous_6)
FNDA:0,(anonymous_7)
FNDA:0,(anonymous_8)
FNDA:0,(anonymous_9)
FNDA:0,(anonymous_10)
FNDA:0,(anonymous_11)
DA:15,0
DA:21,0
DA:22,0
DA:24,0
DA:25,0
DA:26,0
DA:28,0
DA:29,0
DA:33,0
DA:34,0
DA:37,0
DA:42,0
DA:55,0
DA:65,0
DA:66,0
DA:67,0
DA:68,0
LF:17
LH:0
BRDA:24,0,0,0
BRDA:44,1,0,0
BRDA:44,1,1,0
BRDA:45,2,0,0
BRDA:45,2,1,0
BRDA:49,3,0,0
BRDA:49,3,1,0
BRDA:50,4,0,0
BRDA:50,4,1,0
BRDA:51,5,0,0
BRDA:51,5,1,0
BRDA:67,6,0,0
BRDA:67,6,1,0
BRF:13
BRH:0
end_of_record
TN:
SF:src/hooks/useMercadoPago.ts
FN:29,(anonymous_0)
FN:40,(anonymous_1)
FN:43,(anonymous_2)
FN:98,(anonymous_3)
FNF:4
FNH:0
FNDA:0,(anonymous_0)
FNDA:0,(anonymous_1)
FNDA:0,(anonymous_2)
FNDA:0,(anonymous_3)
DA:29,0
DA:30,0
DA:31,0
DA:32,0
DA:33,0
DA:34,0
DA:35,0
DA:36,0
DA:37,0
DA:38,0
DA:40,0
DA:41,0
DA:43,0
DA:44,0
DA:45,0
DA:46,0
DA:48,0
DA:49,0
DA:50,0
DA:51,0
DA:52,0
DA:53,0
DA:55,0
DA:58,0
DA:59,0
DA:60,0
DA:61,0
DA:64,0
DA:65,0
DA:69,0
DA:70,0
DA:71,0
DA:72,0
DA:73,0
DA:74,0
DA:75,0
DA:76,0
DA:77,0
DA:78,0
DA:81,0
DA:82,0
DA:83,0
DA:84,0
DA:88,0
DA:89,0
DA:90,0
DA:91,0
DA:96,0
DA:98,0
DA:99,0
DA:103,0
LF:51
LH:0
BRDA:48,0,0,0
BRDA:48,0,1,0
BRDA:48,1,0,0
BRDA:48,1,1,0
BRDA:48,1,2,0
BRDA:50,2,0,0
BRDA:50,2,1,0
BRDA:58,3,0,0
BRDA:58,3,1,0
BRDA:69,4,0,0
BRDA:69,4,1,0
BRDA:72,5,0,0
BRDA:72,5,1,0
BRDA:73,6,0,0
BRDA:73,6,1,0
BRDA:74,7,0,0
BRDA:74,7,1,0
BRDA:75,8,0,0
BRDA:75,8,1,0
BRDA:76,9,0,0
BRDA:76,9,1,0
BRDA:82,10,0,0
BRDA:82,10,1,0
BRDA:89,11,0,0
BRDA:89,11,1,0
BRF:25
BRH:0
end_of_record
TN:
SF:src/pages/AboutPage.tsx
FN:5,(anonymous_0)
FNF:1
FNH:0
FNDA:0,(anonymous_0)
DA:5,0
DA:6,0
LF:2
LH:0
BRF:0
BRH:0
end_of_record
TN:
SF:src/pages/AddressesPage.tsx
FN:25,(anonymous_0)
FN:35,(anonymous_1)
FN:44,(anonymous_2)
FN:47,(anonymous_3)
FN:48,(anonymous_4)
FN:49,(anonymous_5)
FN:52,(anonymous_6)
FN:69,(anonymous_7)
FN:76,(anonymous_8)
FN:81,(anonymous_9)
FN:81,(anonymous_10)
FN:87,(anonymous_11)
FN:112,(anonymous_12)
FN:114,(anonymous_13)
FN:150,(anonymous_14)
FN:170,(anonymous_15)
FN:195,(anonymous_16)
FN:211,(anonymous_17)
FN:214,(anonymous_18)
FNF:19
FNH:0
FNDA:0,(anonymous_0)
FNDA:0,(anonymous_1)
FNDA:0,(anonymous_2)
FNDA:0,(anonymous_3)
FNDA:0,(anonymous_4)
FNDA:0,(anonymous_5)
FNDA:0,(anonymous_6)
FNDA:0,(anonymous_7)
FNDA:0,(anonymous_8)
FNDA:0,(anonymous_9)
FNDA:0,(anonymous_10)
FNDA:0,(anonymous_11)
FNDA:0,(anonymous_12)
FNDA:0,(anonymous_13)
FNDA:0,(anonymous_14)
FNDA:0,(anonymous_15)
FNDA:0,(anonymous_16)
FNDA:0,(anonymous_17)
FNDA:0,(anonymous_18)
DA:13,0
DA:25,0
DA:26,0
DA:27,0
DA:28,0
DA:29,0
DA:30,0
DA:31,0
DA:32,0
DA:33,0
DA:35,0
DA:36,0
DA:37,0
DA:38,0
DA:40,0
DA:44,0
DA:45,0
DA:46,0
DA:47,0
DA:48,0
DA:49,0
DA:52,0
DA:53,0
DA:54,0
DA:65,0
DA:66,0
DA:69,0
DA:70,0
DA:71,0
DA:72,0
DA:73,0
DA:76,0
DA:77,0
DA:78,0
DA:79,0
DA:80,0
DA:81,0
DA:83,0
DA:87,0
DA:88,0
DA:89,0
DA:90,0
DA:92,0
DA:93,0
DA:94,0
DA:96,0
DA:97,0
DA:98,0
DA:99,0
DA:100,0
DA:102,0
DA:104,0
DA:105,0
DA:107,0
DA:109,0
DA:112,0
DA:113,0
DA:114,0
DA:117,0
DA:119,0
DA:150,0
DA:170,0
DA:196,0
DA:211,0
DA:214,0
LF:65
LH:0
BRDA:36,0,0,0
BRDA:36,0,1,0
BRDA:37,1,0,0
BRDA:37,1,1,0
BRDA:53,2,0,0
BRDA:53,2,1,0
BRDA:55,3,0,0
BRDA:55,3,1,0
BRDA:56,4,0,0
BRDA:56,4,1,0
BRDA:57,5,0,0
BRDA:57,5,1,0
BRDA:58,6,0,0
BRDA:58,6,1,0
BRDA:59,7,0,0
BRDA:59,7,1,0
BRDA:60,8,0,0
BRDA:60,8,1,0
BRDA:61,9,0,0
BRDA:61,9,1,0
BRDA:62,10,0,0
BRDA:62,10,1,0
BRDA:63,11,0,0
BRDA:63,11,1,0
BRDA:77,12,0,0
BRDA:77,12,1,0
BRDA:78,13,0,0
BRDA:78,13,1,0
BRDA:78,14,0,0
BRDA:78,14,1,0
BRDA:89,15,0,0
BRDA:89,15,1,0
BRDA:90,16,0,0
BRDA:90,16,1,0
BRDA:92,17,0,0
BRDA:92,17,1,0
BRDA:92,18,0,0
BRDA:92,18,1,0
BRDA:92,18,2,0
BRDA:92,18,3,0
BRDA:99,19,0,0
BRDA:99,19,1,0
BRDA:114,20,0,0
BRDA:114,20,1,0
BRDA:117,21,0,0
BRDA:117,21,1,0
BRDA:137,22,0,0
BRDA:137,22,1,0
BRDA:144,23,0,0
BRDA:144,23,1,0
BRDA:148,24,0,0
BRDA:148,24,1,0
BRDA:172,25,0,0
BRDA:172,25,1,0
BRDA:172,26,0,0
BRDA:172,26,1,0
BRDA:180,27,0,0
BRDA:180,27,1,0
BRDA:184,28,0,0
BRDA:184,28,1,0
BRDA:203,29,0,0
BRDA:203,29,1,0
BRDA:203,30,0,0
BRDA:203,30,1,0
BRDA:206,31,0,0
BRDA:206,31,1,0
BRDA:214,32,0,0
BRDA:214,32,1,0
BRF:68
BRH:0
end_of_record
TN:
SF:src/pages/AtelieSubscribePage.tsx
FN:8,(anonymous_0)
FN:13,(anonymous_1)
FN:15,(anonymous_2)
FN:15,(anonymous_3)
FN:16,(anonymous_4)
FN:17,(anonymous_5)
FN:20,(anonymous_6)
FN:21,(anonymous_7)
FN:23,(anonymous_8)
FN:28,(anonymous_9)
FN:74,(anonymous_10)
FN:111,(anonymous_11)
FN:136,(anonymous_12)
FN:150,(anonymous_13)
FN:158,(anonymous_14)
FN:182,(anonymous_15)
FN:212,(anonymous_16)
FN:220,(anonymous_17)
FNF:18
FNH:0
FNDA:0,(anonymous_0)
FNDA:0,(anonymous_1)
FNDA:0,(anonymous_2)
FNDA:0,(anonymous_3)
FNDA:0,(anonymous_4)
FNDA:0,(anonymous_5)
FNDA:0,(anonymous_6)
FNDA:0,(anonymous_7)
FNDA:0,(anonymous_8)
FNDA:0,(anonymous_9)
FNDA:0,(anonymous_10)
FNDA:0,(anonymous_11)
FNDA:0,(anonymous_12)
FNDA:0,(anonymous_13)
FNDA:0,(anonymous_14)
FNDA:0,(anonymous_15)
FNDA:0,(anonymous_16)
FNDA:0,(anonymous_17)
DA:8,0
DA:9,0
DA:10,0
DA:11,0
DA:13,0
DA:14,0
DA:15,0
DA:16,0
DA:17,0
DA:20,0
DA:21,0
DA:23,0
DA:24,0
DA:25,0
DA:28,0
DA:29,0
DA:30,0
DA:33,0
DA:75,0
DA:112,0
DA:137,0
DA:151,0
DA:158,0
DA:183,0
DA:213,0
DA:220,0
LF:26
LH:0
BRDA:25,0,0,0
BRDA:25,0,1,0
BRDA:93,1,0,0
BRDA:93,1,1,0
BRDA:97,2,0,0
BRDA:97,2,1,0
BRDA:105,3,0,0
BRDA:105,3,1,0
BRDA:114,4,0,0
BRDA:114,4,1,0
BRDA:132,5,0,0
BRDA:132,5,1,0
BRDA:132,6,0,0
BRDA:132,6,1,0
BRDA:138,7,0,0
BRDA:138,7,1,0
BRDA:140,8,0,0
BRDA:140,8,1,0
BRDA:141,9,0,0
BRDA:141,9,1,0
BRDA:142,10,0,0
BRDA:142,10,1,0
BRDA:148,11,0,0
BRDA:148,11,1,0
BRDA:148,12,0,0
BRDA:148,12,1,0
BRDA:152,13,0,0
BRDA:152,13,1,0
BRDA:176,14,0,0
BRDA:176,14,1,0
BRDA:185,15,0,0
BRDA:185,15,1,0
BRDA:210,16,0,0
BRDA:210,16,1,0
BRDA:210,17,0,0
BRDA:210,17,1,0
BRDA:214,18,0,0
BRDA:214,18,1,0
BRF:38
BRH:0
end_of_record
TN:
SF:src/pages/BenefitsPage.tsx
FN:11,(anonymous_0)
FN:16,(anonymous_1)
FN:17,(anonymous_2)
FN:62,(anonymous_3)
FN:99,(anonymous_4)
FNF:5
FNH:0
FNDA:0,(anonymous_0)
FNDA:0,(anonymous_1)
FNDA:0,(anonymous_2)
FNDA:0,(anonymous_3)
FNDA:0,(anonymous_4)
DA:11,0
DA:12,0
DA:13,0
DA:14,0
DA:16,0
DA:17,0
DA:18,0
DA:19,0
DA:20,0
DA:22,0
DA:24,0
DA:25,0
DA:27,0
DA:29,0
DA:33,0
DA:36,0
DA:37,0
DA:44,0
DA:63,0
DA:100,0
DA:101,0
LF:21
LH:0
BRDA:18,0,0,0
BRDA:18,0,1,0
BRDA:36,1,0,0
BRDA:36,1,1,0
BRDA:54,2,0,0
BRDA:54,2,1,0
BRDA:72,3,0,0
BRDA:72,3,1,0
BRDA:72,4,0,0
BRDA:72,4,1,0
BRDA:79,5,0,0
BRDA:79,5,1,0
BRDA:80,6,0,0
BRDA:80,6,1,0
BRDA:89,7,0,0
BRDA:89,7,1,0
BRDA:90,8,0,0
BRDA:90,8,1,0
BRDA:90,8,2,0
BRDA:93,9,0,0
BRDA:93,9,1,0
BRF:21
BRH:0
end_of_record
TN:
SF:src/pages/CategoryPage.tsx
FN:14,(anonymous_0)
FN:21,(anonymous_1)
FN:22,(anonymous_2)
FN:28,(anonymous_3)
FN:76,(anonymous_4)
FN:159,(anonymous_5)
FN:182,(anonymous_6)
FNF:7
FNH:0
FNDA:0,(anonymous_0)
FNDA:0,(anonymous_1)
FNDA:0,(anonymous_2)
FNDA:0,(anonymous_3)
FNDA:0,(anonymous_4)
FNDA:0,(anonymous_5)
FNDA:0,(anonymous_6)
DA:14,0
DA:15,0
DA:16,0
DA:17,0
DA:18,0
DA:19,0
DA:21,0
DA:22,0
DA:23,0
DA:24,0
DA:25,0
DA:26,0
DA:27,0
DA:28,0
DA:31,0
DA:32,0
DA:33,0
DA:34,0
DA:36,0
DA:39,0
DA:41,0
DA:44,0
DA:47,0
DA:48,0
DA:58,0
DA:59,0
DA:74,0
DA:76,0
DA:77,0
DA:78,0
DA:96,0
DA:99,0
DA:160,0
DA:183,0
LF:34
LH:0
BRDA:23,0,0,0
BRDA:23,0,1,0
BRDA:28,1,0,0
BRDA:28,1,1,0
BRDA:28,1,2,0
BRDA:31,2,0,0
BRDA:31,2,1,0
BRDA:47,3,0,0
BRDA:47,3,1,0
BRDA:58,4,0,0
BRDA:58,4,1,0
BRDA:74,5,0,0
BRDA:74,5,1,0
BRDA:77,6,0,0
BRDA:77,6,1,0
BRDA:103,7,0,0
BRDA:103,7,1,0
BRDA:104,8,0,0
BRDA:104,8,1,0
BRDA:111,9,0,0
BRDA:111,9,1,0
BRDA:148,10,0,0
BRDA:148,10,1,0
BRDA:157,11,0,0
BRDA:157,11,1,0
BRDA:185,12,0,0
BRDA:185,12,1,0
BRF:27
BRH:0
end_of_record
TN:
SF:src/pages/CheckoutPage.tsx
FN:38,(anonymous_0)
FN:88,(anonymous_1)
FN:100,(anonymous_2)
FN:109,(anonymous_3)
FN:112,(anonymous_4)
FN:114,(anonymous_5)
FN:120,(anonymous_6)
FN:133,(anonymous_7)
FN:134,(anonymous_8)
FN:139,(anonymous_9)
FN:151,(anonymous_10)
FN:177,(anonymous_11)
FN:181,(anonymous_12)
FN:185,(anonymous_13)
FN:196,(anonymous_14)
FN:197,(anonymous_15)
FN:200,(anonymous_16)
FN:211,(anonymous_17)
FN:227,(anonymous_18)
FN:230,(anonymous_19)
FN:233,(anonymous_20)
FN:255,(anonymous_21)
FN:258,(anonymous_22)
FN:264,(anonymous_23)
FN:271,(anonymous_24)
FN:301,(anonymous_25)
FN:315,(anonymous_26)
FN:325,(anonymous_27)
FN:335,(anonymous_28)
FN:342,(anonymous_29)
FN:343,(anonymous_30)
FN:345,(anonymous_31)
FN:357,(anonymous_32)
FN:358,(anonymous_33)
FN:362,(anonymous_34)
FN:364,(anonymous_35)
FN:367,(anonymous_36)
FN:372,(anonymous_37)
FN:386,(anonymous_38)
FN:390,(anonymous_39)
FN:402,(anonymous_40)
FN:405,(anonymous_41)
FN:416,(anonymous_42)
FN:431,(anonymous_43)
FN:433,(anonymous_44)
FN:436,(anonymous_45)
FN:472,(anonymous_46)
FN:590,(anonymous_47)
FN:590,(anonymous_48)
FN:598,(anonymous_49)
FN:598,(anonymous_50)
FN:623,(anonymous_51)
FN:623,(anonymous_52)
FN:632,(anonymous_53)
FN:632,(anonymous_54)
FN:662,(anonymous_55)
FNF:56
FNH:32
FNDA:27,(anonymous_0)
FNDA:6,(anonymous_1)
FNDA:5,(anonymous_2)
FNDA:6,(anonymous_3)
FNDA:1,(anonymous_4)
FNDA:0,(anonymous_5)
FNDA:20,(anonymous_6)
FNDA:5,(anonymous_7)
FNDA:5,(anonymous_8)
FNDA:5,(anonymous_9)
FNDA:0,(anonymous_10)
FNDA:0,(anonymous_11)
FNDA:5,(anonymous_12)
FNDA:19,(anonymous_13)
FNDA:22,(anonymous_14)
FNDA:22,(anonymous_15)
FNDA:0,(anonymous_16)
FNDA:0,(anonymous_17)
FNDA:21,(anonymous_18)
FNDA:1,(anonymous_19)
FNDA:1,(anonymous_20)
FNDA:0,(anonymous_21)
FNDA:0,(anonymous_22)
FNDA:0,(anonymous_23)
FNDA:0,(anonymous_24)
FNDA:0,(anonymous_25)
FNDA:21,(anonymous_26)
FNDA:9,(anonymous_27)
FNDA:5,(anonymous_28)
FNDA:5,(anonymous_29)
FNDA:5,(anonymous_30)
FNDA:3,(anonymous_31)
FNDA:0,(anonymous_32)
FNDA:5,(anonymous_33)
FNDA:5,(anonymous_34)
FNDA:0,(anonymous_35)
FNDA:5,(anonymous_36)
FNDA:5,(anonymous_37)
FNDA:0,(anonymous_38)
FNDA:0,(anonymous_39)
FNDA:0,(anonymous_40)
FNDA:0,(anonymous_41)
FNDA:0,(anonymous_42)
FNDA:6,(anonymous_43)
FNDA:6,(anonymous_44)
FNDA:1,(anonymous_45)
FNDA:1,(anonymous_46)
FNDA:1,(anonymous_47)
FNDA:1,(anonymous_48)
FNDA:0,(anonymous_49)
FNDA:0,(anonymous_50)
FNDA:0,(anonymous_51)
FNDA:0,(anonymous_52)
FNDA:0,(anonymous_53)
FNDA:0,(anonymous_54)
FNDA:0,(anonymous_55)
DA:38,1
DA:39,27
DA:40,27
DA:41,27
DA:43,27
DA:44,27
DA:45,27
DA:46,27
DA:47,27
DA:48,27
DA:49,27
DA:51,27
DA:66,27
DA:67,27
DA:69,27
DA:70,27
DA:72,27
DA:74,27
DA:75,27
DA:77,27
DA:78,27
DA:79,27
DA:80,27
DA:81,27
DA:82,27
DA:83,27
DA:84,27
DA:85,27
DA:86,27
DA:88,27
DA:89,6
DA:90,6
DA:92,6
DA:93,1
DA:94,1
DA:96,5
DA:100,27
DA:101,5
DA:104,0
DA:109,27
DA:110,6
DA:111,6
DA:112,1
DA:113,5
DA:114,0
DA:120,27
DA:121,27
DA:128,27
DA:129,27
DA:131,27
DA:133,27
DA:134,5
DA:135,5
DA:136,5
DA:138,5
DA:139,5
DA:148,5
DA:149,2
DA:150,0
DA:151,0
DA:152,0
DA:155,3
DA:159,5
DA:160,0
DA:161,0
DA:162,0
DA:163,0
DA:167,5
DA:170,5
DA:171,4
DA:172,1
DA:173,1
DA:177,5
DA:178,5
DA:179,5
DA:181,5
DA:185,27
DA:186,19
DA:187,0
DA:188,0
DA:189,0
DA:190,0
DA:196,27
DA:197,22
DA:198,22
DA:199,0
DA:200,0
DA:201,0
DA:205,0
DA:210,0
DA:211,0
DA:212,0
DA:214,0
DA:218,0
DA:223,22
DA:227,27
DA:228,21
DA:230,21
DA:231,1
DA:232,1
DA:233,1
DA:234,1
DA:235,0
DA:236,0
DA:238,0
DA:239,0
DA:256,0
DA:259,0
DA:260,0
DA:261,0
DA:263,0
DA:264,0
DA:265,0
DA:267,0
DA:268,0
DA:272,0
DA:273,0
DA:274,0
DA:275,0
DA:276,0
DA:277,0
DA:278,0
DA:280,0
DA:281,0
DA:282,0
DA:284,0
DA:286,0
DA:288,0
DA:289,0
DA:290,0
DA:293,0
DA:297,0
DA:298,0
DA:301,0
DA:305,0
DA:307,0
DA:314,21
DA:315,21
DA:316,21
DA:317,21
DA:318,0
DA:319,0
DA:325,27
DA:326,9
DA:327,0
DA:328,0
DA:330,0
DA:335,27
DA:336,5
DA:337,5
DA:338,5
DA:339,5
DA:341,5
DA:342,5
DA:344,5
DA:345,5
DA:352,5
DA:354,0
DA:357,0
DA:358,5
DA:360,5
DA:361,5
DA:362,5
DA:363,5
DA:364,0
DA:365,0
DA:367,5
DA:368,5
DA:371,5
DA:372,5
DA:373,5
DA:374,0
DA:375,0
DA:377,0
DA:380,0
DA:382,5
DA:386,27
DA:387,0
DA:388,0
DA:389,0
DA:390,0
DA:399,0
DA:402,27
DA:403,0
DA:404,0
DA:405,0
DA:416,27
DA:417,0
DA:418,0
DA:419,0
DA:420,0
DA:421,0
DA:422,0
DA:424,0
DA:425,0
DA:427,0
DA:431,27
DA:432,6
DA:433,6
DA:436,27
DA:437,1
DA:440,1
DA:441,1
DA:443,1
DA:444,0
DA:447,0
DA:450,1
DA:451,1
DA:452,1
DA:454,1
DA:455,0
DA:456,0
DA:466,0
DA:470,1
DA:471,1
DA:472,1
DA:496,1
DA:497,0
DA:498,0
DA:499,0
DA:500,0
DA:501,0
DA:503,0
DA:504,0
DA:505,0
DA:506,0
DA:507,0
DA:508,0
DA:510,0
DA:512,0
DA:515,1
DA:516,1
DA:517,1
DA:520,0
DA:524,1
DA:528,27
DA:529,2
DA:547,25
DA:548,7
DA:557,18
DA:590,1
DA:598,0
DA:623,0
DA:632,0
DA:662,0
LF:245
LH:136
BRDA:40,0,0,27
BRDA:40,0,1,0
BRDA:52,1,0,27
BRDA:52,1,1,0
BRDA:53,2,0,27
BRDA:53,2,1,0
BRDA:54,3,0,27
BRDA:54,3,1,0
BRDA:59,4,0,27
BRDA:59,4,1,0
BRDA:63,5,0,27
BRDA:63,5,1,27
BRDA:83,6,0,27
BRDA:83,6,1,0
BRDA:90,7,0,6
BRDA:90,7,1,0
BRDA:92,8,0,1
BRDA:92,8,1,5
BRDA:93,9,0,1
BRDA:93,9,1,0
BRDA:94,10,0,1
BRDA:94,10,1,0
BRDA:101,11,0,5
BRDA:101,11,1,0
BRDA:110,12,0,6
BRDA:110,12,1,0
BRDA:110,13,0,6
BRDA:110,13,1,6
BRDA:111,14,0,1
BRDA:111,14,1,5
BRDA:111,15,0,6
BRDA:111,15,1,2
BRDA:111,15,2,2
BRDA:113,16,0,0
BRDA:113,16,1,5
BRDA:113,17,0,5
BRDA:113,17,1,4
BRDA:113,17,2,0
BRDA:120,18,0,27
BRDA:120,18,1,0
BRDA:121,19,0,0
BRDA:121,19,1,27
BRDA:122,20,0,0
BRDA:122,20,1,0
BRDA:122,21,0,0
BRDA:122,21,1,0
BRDA:128,22,0,27
BRDA:128,22,1,6
BRDA:129,23,0,22
BRDA:129,23,1,5
BRDA:131,24,0,27
BRDA:131,24,1,0
BRDA:138,25,0,5
BRDA:138,25,1,0
BRDA:138,26,0,5
BRDA:138,26,1,5
BRDA:141,27,0,5
BRDA:141,27,1,0
BRDA:142,28,0,5
BRDA:142,28,1,0
BRDA:143,29,0,5
BRDA:143,29,1,0
BRDA:144,30,0,5
BRDA:144,30,1,5
BRDA:148,31,0,2
BRDA:148,31,1,3
BRDA:149,32,0,0
BRDA:149,32,1,2
BRDA:149,33,0,2
BRDA:149,33,1,2
BRDA:151,34,0,0
BRDA:151,34,1,0
BRDA:152,35,0,0
BRDA:152,35,1,0
BRDA:159,36,0,0
BRDA:159,36,1,5
BRDA:159,37,0,5
BRDA:159,37,1,0
BRDA:162,38,0,0
BRDA:162,38,1,0
BRDA:163,39,0,0
BRDA:163,39,1,0
BRDA:170,40,0,4
BRDA:170,40,1,1
BRDA:170,41,0,5
BRDA:170,41,1,5
BRDA:170,41,2,5
BRDA:172,42,0,1
BRDA:172,42,1,0
BRDA:186,43,0,0
BRDA:186,43,1,19
BRDA:186,44,0,19
BRDA:186,44,1,0
BRDA:186,44,2,0
BRDA:189,45,0,0
BRDA:189,45,1,0
BRDA:190,46,0,0
BRDA:190,46,1,0
BRDA:198,47,0,0
BRDA:198,47,1,22
BRDA:198,48,0,22
BRDA:198,48,1,22
BRDA:198,48,2,22
BRDA:198,48,3,0
BRDA:198,48,4,0
BRDA:201,49,0,0
BRDA:201,49,1,0
BRDA:201,50,0,0
BRDA:201,50,1,0
BRDA:210,51,0,0
BRDA:210,51,1,0
BRDA:210,52,0,0
BRDA:210,52,1,0
BRDA:210,52,2,0
BRDA:211,53,0,0
BRDA:211,53,1,0
BRDA:214,54,0,0
BRDA:214,54,1,0
BRDA:231,55,0,1
BRDA:231,55,1,0
BRDA:231,56,0,1
BRDA:231,56,1,1
BRDA:231,56,2,1
BRDA:231,56,3,1
BRDA:232,57,0,1
BRDA:232,57,1,0
BRDA:234,58,0,1
BRDA:234,58,1,0
BRDA:236,59,0,0
BRDA:236,59,1,0
BRDA:256,60,0,0
BRDA:256,60,1,0
BRDA:259,61,0,0
BRDA:259,61,1,0
BRDA:263,62,0,0
BRDA:263,62,1,0
BRDA:263,63,0,0
BRDA:263,63,1,0
BRDA:264,64,0,0
BRDA:264,64,1,0
BRDA:268,65,0,0
BRDA:268,65,1,0
BRDA:276,66,0,0
BRDA:276,66,1,0
BRDA:278,67,0,0
BRDA:278,67,1,0
BRDA:278,68,0,0
BRDA:278,68,1,0
BRDA:281,69,0,0
BRDA:281,69,1,0
BRDA:284,70,0,0
BRDA:284,70,1,0
BRDA:286,71,0,0
BRDA:286,71,1,0
BRDA:294,72,0,0
BRDA:294,72,1,0
BRDA:314,73,0,1
BRDA:314,73,1,20
BRDA:317,74,0,0
BRDA:317,74,1,21
BRDA:326,75,0,0
BRDA:326,75,1,9
BRDA:326,76,0,9
BRDA:326,76,1,0
BRDA:336,77,0,0
BRDA:336,77,1,5
BRDA:336,78,0,5
BRDA:336,78,1,5
BRDA:344,79,0,5
BRDA:344,79,1,0
BRDA:347,80,0,3
BRDA:347,80,1,0
BRDA:348,81,0,3
BRDA:348,81,1,0
BRDA:349,82,0,3
BRDA:349,82,1,0
BRDA:350,83,0,3
BRDA:350,83,1,0
BRDA:363,84,0,0
BRDA:363,84,1,5
BRDA:371,85,0,5
BRDA:371,85,1,0
BRDA:373,86,0,5
BRDA:373,86,1,0
BRDA:375,87,0,0
BRDA:375,87,1,0
BRDA:377,88,0,0
BRDA:377,88,1,0
BRDA:388,89,0,0
BRDA:388,89,1,0
BRDA:392,90,0,0
BRDA:392,90,1,0
BRDA:392,91,0,0
BRDA:392,91,1,0
BRDA:393,92,0,0
BRDA:393,92,1,0
BRDA:397,93,0,0
BRDA:397,93,1,0
BRDA:417,94,0,0
BRDA:417,94,1,0
BRDA:417,95,0,0
BRDA:417,95,1,0
BRDA:424,96,0,0
BRDA:424,96,1,0
BRDA:441,97,0,1
BRDA:441,97,1,0
BRDA:441,98,0,0
BRDA:441,98,1,0
BRDA:443,99,0,0
BRDA:443,99,1,1
BRDA:452,100,0,1
BRDA:452,100,1,0
BRDA:454,101,0,0
BRDA:454,101,1,1
BRDA:454,102,0,1
BRDA:454,102,1,0
BRDA:454,102,2,0
BRDA:458,103,0,0
BRDA:458,103,1,0
BRDA:459,104,0,0
BRDA:459,104,1,0
BRDA:476,105,0,1
BRDA:476,105,1,0
BRDA:477,106,0,1
BRDA:477,106,1,0
BRDA:481,107,0,1
BRDA:481,107,1,0
BRDA:496,108,0,0
BRDA:496,108,1,1
BRDA:497,109,0,0
BRDA:497,109,1,0
BRDA:497,110,0,0
BRDA:497,110,1,0
BRDA:504,111,0,0
BRDA:504,111,1,0
BRDA:507,112,0,0
BRDA:507,112,1,0
BRDA:521,113,0,0
BRDA:521,113,1,0
BRDA:528,114,0,2
BRDA:528,114,1,25
BRDA:547,115,0,7
BRDA:547,115,1,18
BRDA:547,116,0,25
BRDA:547,116,1,7
BRDA:559,117,0,18
BRDA:559,117,1,18
BRDA:559,117,2,18
BRDA:559,117,3,0
BRDA:566,118,0,0
BRDA:566,118,1,0
BRDA:566,118,2,0
BRDA:569,119,0,0
BRDA:569,119,1,0
BRDA:667,120,0,27
BRDA:667,120,1,18
BRDA:670,121,0,0
BRDA:670,121,1,18
BRDA:673,122,0,27
BRDA:673,122,1,0
BRDA:674,123,0,27
BRDA:674,123,1,0
BRDA:680,124,0,27
BRDA:680,124,1,17
BRDA:680,124,2,17
BRDA:680,124,3,17
BRDA:680,124,4,17
BRDA:680,124,5,8
BRDA:680,124,6,8
BRDA:680,124,7,0
BRDA:680,124,8,8
BRDA:680,124,9,0
BRDA:680,124,10,0
BRDA:691,125,0,1
BRDA:691,125,1,17
BRF:275
BRH:115
end_of_record
TN:
SF:src/pages/ContactPage.tsx
FN:15,(anonymous_0)
FN:25,(anonymous_1)
FN:27,(anonymous_2)
FN:30,(anonymous_3)
FNF:4
FNH:0
FNDA:0,(anonymous_0)
FNDA:0,(anonymous_1)
FNDA:0,(anonymous_2)
FNDA:0,(anonymous_3)
DA:15,0
DA:16,0
DA:17,0
DA:18,0
DA:25,0
DA:26,0
DA:27,0
DA:30,0
DA:31,0
DA:32,0
DA:34,0
DA:35,0
DA:36,0
DA:37,0
DA:39,0
DA:40,0
DA:42,0
DA:46,0
LF:18
LH:0
BRF:0
BRH:0
end_of_record
TN:
SF:src/pages/EthicsPage.tsx
FN:5,(anonymous_0)
FNF:1
FNH:0
FNDA:0,(anonymous_0)
DA:5,0
DA:6,0
LF:2
LH:0
BRF:0
BRH:0
end_of_record
TN:
SF:src/pages/FAQPage.tsx
FN:10,(anonymous_0)
FN:16,(anonymous_1)
FN:32,(anonymous_2)
FN:70,(anonymous_3)
FNF:4
FNH:0
FNDA:0,(anonymous_0)
FNDA:0,(anonymous_1)
FNDA:0,(anonymous_2)
FNDA:0,(anonymous_3)
DA:10,0
DA:11,0
DA:13,0
DA:16,0
DA:32,0
DA:33,0
DA:56,0
DA:71,0
LF:8
LH:0
BRDA:20,0,0,0
BRDA:20,0,1,0
BRDA:23,1,0,0
BRDA:23,1,1,0
BRF:4
BRH:0
end_of_record
TN:
SF:src/pages/FavoritesPage.tsx
FN:14,(anonymous_0)
FN:22,(anonymous_1)
FN:37,(anonymous_2)
FN:42,(anonymous_3)
FN:44,(anonymous_4)
FN:44,(anonymous_5)
FN:50,(anonymous_6)
FN:70,(anonymous_7)
FN:79,(anonymous_8)
FN:98,(anonymous_9)
FN:124,(anonymous_10)
FNF:11
FNH:0
FNDA:0,(anonymous_0)
FNDA:0,(anonymous_1)
FNDA:0,(anonymous_2)
FNDA:0,(anonymous_3)
FNDA:0,(anonymous_4)
FNDA:0,(anonymous_5)
FNDA:0,(anonymous_6)
FNDA:0,(anonymous_7)
FNDA:0,(anonymous_8)
FNDA:0,(anonymous_9)
FNDA:0,(anonymous_10)
DA:14,0
DA:15,0
DA:16,0
DA:17,0
DA:18,0
DA:19,0
DA:20,0
DA:22,0
DA:23,0
DA:24,0
DA:26,0
DA:27,0
DA:28,0
DA:29,0
DA:31,0
DA:33,0
DA:37,0
DA:38,0
DA:42,0
DA:43,0
DA:44,0
DA:48,0
DA:50,0
DA:54,0
DA:60,0
DA:70,0
DA:79,0
DA:98,0
DA:125,0
LF:29
LH:0
BRDA:23,0,0,0
BRDA:23,0,1,0
BRDA:24,1,0,0
BRDA:24,1,1,0
BRDA:43,2,0,0
BRDA:43,2,1,0
BRDA:43,3,0,0
BRDA:43,3,1,0
BRDA:48,4,0,0
BRDA:48,4,1,0
BRDA:50,5,0,0
BRDA:50,5,1,0
BRDA:51,6,0,0
BRDA:51,6,1,0
BRDA:51,6,2,0
BRDA:54,7,0,0
BRDA:54,7,1,0
BRDA:54,8,0,0
BRDA:54,8,1,0
BRDA:71,9,0,0
BRDA:71,9,1,0
BRDA:80,10,0,0
BRDA:80,10,1,0
BRDA:89,11,0,0
BRDA:89,11,1,0
BRDA:110,12,0,0
BRDA:110,12,1,0
BRDA:135,13,0,0
BRDA:135,13,1,0
BRF:29
BRH:0
end_of_record
TN:
SF:src/pages/HistoryPage.tsx
FN:13,(anonymous_0)
FN:18,(anonymous_1)
FN:19,(anonymous_2)
FN:34,(anonymous_3)
FN:88,(anonymous_4)
FNF:5
FNH:0
FNDA:0,(anonymous_0)
FNDA:0,(anonymous_1)
FNDA:0,(anonymous_2)
FNDA:0,(anonymous_3)
FNDA:0,(anonymous_4)
DA:13,0
DA:14,0
DA:15,0
DA:16,0
DA:18,0
DA:19,0
DA:20,0
DA:21,0
DA:22,0
DA:23,0
DA:24,0
DA:25,0
DA:27,0
DA:28,0
DA:31,0
DA:34,0
DA:35,0
DA:36,0
DA:37,0
DA:38,0
DA:42,0
DA:44,0
DA:89,0
LF:23
LH:0
BRDA:20,0,0,0
BRDA:20,0,1,0
BRDA:21,1,0,0
BRDA:21,1,1,0
BRDA:35,2,0,0
BRDA:35,2,1,0
BRDA:36,3,0,0
BRDA:36,3,1,0
BRDA:36,4,0,0
BRDA:36,4,1,0
BRDA:42,5,0,0
BRDA:42,5,1,0
BRDA:65,6,0,0
BRDA:65,6,1,0
BRDA:69,7,0,0
BRDA:69,7,1,0
BRF:16
BRH:0
end_of_record
TN:
SF:src/pages/Home.tsx
FN:9,(anonymous_0)
FN:13,(anonymous_1)
FN:14,(anonymous_2)
FN:43,(anonymous_3)
FNF:4
FNH:0
FNDA:0,(anonymous_0)
FNDA:0,(anonymous_1)
FNDA:0,(anonymous_2)
FNDA:0,(anonymous_3)
DA:9,0
DA:10,0
DA:11,0
DA:13,0
DA:14,0
DA:15,0
DA:16,0
DA:17,0
DA:19,0
DA:21,0
DA:24,0
DA:27,0
DA:44,0
LF:13
LH:0
BRDA:39,0,0,0
BRDA:39,0,1,0
BRF:2
BRH:0
end_of_record
TN:
SF:src/pages/OrderDetailPage.tsx
FN:29,(anonymous_0)
FN:36,(anonymous_1)
FN:40,(anonymous_2)
FN:41,(anonymous_3)
FN:42,(anonymous_4)
FN:102,(anonymous_5)
FN:108,(anonymous_6)
FNF:7
FNH:0
FNDA:0,(anonymous_0)
FNDA:0,(anonymous_1)
FNDA:0,(anonymous_2)
FNDA:0,(anonymous_3)
FNDA:0,(anonymous_4)
FNDA:0,(anonymous_5)
FNDA:0,(anonymous_6)
DA:20,0
DA:29,0
DA:30,0
DA:31,0
DA:32,0
DA:33,0
DA:34,0
DA:36,0
DA:37,0
DA:38,0
DA:39,0
DA:40,0
DA:41,0
DA:42,0
DA:46,0
DA:48,0
DA:54,0
DA:62,0
DA:63,0
DA:64,0
DA:65,0
DA:67,0
DA:103,0
DA:109,0
DA:110,0
LF:25
LH:0
BRDA:37,0,0,0
BRDA:37,0,1,0
BRDA:46,1,0,0
BRDA:46,1,1,0
BRDA:48,2,0,0
BRDA:48,2,1,0
BRDA:54,3,0,0
BRDA:54,3,1,0
BRDA:54,4,0,0
BRDA:54,4,1,0
BRDA:57,5,0,0
BRDA:57,5,1,0
BRDA:62,6,0,0
BRDA:62,6,1,0
BRDA:62,6,2,0
BRDA:63,7,0,0
BRDA:63,7,1,0
BRDA:64,8,0,0
BRDA:64,8,1,0
BRDA:64,8,2,0
BRDA:65,9,0,0
BRDA:65,9,1,0
BRDA:69,10,0,0
BRDA:69,10,1,0
BRDA:82,11,0,0
BRDA:82,11,1,0
BRDA:82,11,2,0
BRDA:86,12,0,0
BRDA:86,12,1,0
BRDA:87,13,0,0
BRDA:87,13,1,0
BRDA:102,14,0,0
BRDA:102,14,1,0
BRDA:106,15,0,0
BRDA:106,15,1,0
BRDA:106,15,2,0
BRDA:107,16,0,0
BRDA:107,16,1,0
BRDA:107,16,2,0
BRDA:117,17,0,0
BRDA:117,17,1,0
BRDA:117,17,2,0
BRDA:117,17,3,0
BRDA:122,18,0,0
BRDA:122,18,1,0
BRDA:122,18,2,0
BRDA:139,19,0,0
BRDA:139,19,1,0
BRDA:142,20,0,0
BRDA:142,20,1,0
BRDA:143,21,0,0
BRDA:143,21,1,0
BRDA:145,22,0,0
BRDA:145,22,1,0
BRDA:148,23,0,0
BRDA:148,23,1,0
BRDA:153,24,0,0
BRDA:153,24,1,0
BRDA:153,25,0,0
BRDA:153,25,1,0
BRDA:159,26,0,0
BRDA:159,26,1,0
BRDA:165,27,0,0
BRDA:165,27,1,0
BRDA:178,28,0,0
BRDA:178,28,1,0
BRDA:180,29,0,0
BRDA:180,29,1,0
BRDA:182,30,0,0
BRDA:182,30,1,0
BRDA:188,31,0,0
BRDA:188,31,1,0
BRF:72
BRH:0
end_of_record
TN:
SF:src/pages/OrdersPage.tsx
FN:21,(anonymous_0)
FN:30,(anonymous_1)
FN:33,(anonymous_2)
FN:37,(anonymous_3)
FN:43,(anonymous_4)
FN:52,(anonymous_5)
FN:53,(anonymous_6)
FN:57,(anonymous_7)
FN:58,(anonymous_8)
FN:59,(anonymous_9)
FN:81,(anonymous_10)
FN:82,(anonymous_11)
FN:88,(anonymous_12)
FN:106,(anonymous_13)
FN:117,(anonymous_14)
FN:133,(anonymous_15)
FN:160,(anonymous_16)
FN:165,(anonymous_17)
FN:173,(anonymous_18)
FN:175,(anonymous_19)
FN:182,(anonymous_20)
FN:208,(anonymous_21)
FN:216,(anonymous_22)
FNF:23
FNH:0
FNDA:0,(anonymous_0)
FNDA:0,(anonymous_1)
FNDA:0,(anonymous_2)
FNDA:0,(anonymous_3)
FNDA:0,(anonymous_4)
FNDA:0,(anonymous_5)
FNDA:0,(anonymous_6)
FNDA:0,(anonymous_7)
FNDA:0,(anonymous_8)
FNDA:0,(anonymous_9)
FNDA:0,(anonymous_10)
FNDA:0,(anonymous_11)
FNDA:0,(anonymous_12)
FNDA:0,(anonymous_13)
FNDA:0,(anonymous_14)
FNDA:0,(anonymous_15)
FNDA:0,(anonymous_16)
FNDA:0,(anonymous_17)
FNDA:0,(anonymous_18)
FNDA:0,(anonymous_19)
FNDA:0,(anonymous_20)
FNDA:0,(anonymous_21)
FNDA:0,(anonymous_22)
DA:21,0
DA:22,0
DA:23,0
DA:24,0
DA:25,0
DA:26,0
DA:27,0
DA:28,0
DA:30,0
DA:31,0
DA:32,0
DA:34,0
DA:35,0
DA:38,0
DA:39,0
DA:43,0
DA:44,0
DA:45,0
DA:46,0
DA:48,0
DA:52,0
DA:53,0
DA:54,0
DA:57,0
DA:58,0
DA:59,0
DA:60,0
DA:61,0
DA:62,0
DA:63,0
DA:65,0
DA:66,0
DA:75,0
DA:78,0
DA:81,0
DA:82,0
DA:88,0
DA:89,0
DA:90,0
DA:91,0
DA:93,0
DA:94,0
DA:97,0
DA:106,0
DA:117,0
DA:133,0
DA:161,0
DA:165,0
DA:174,0
DA:176,0
DA:183,0
DA:184,0
DA:208,0
DA:217,0
DA:218,0
DA:219,0
DA:220,0
LF:57
LH:0
BRDA:44,0,0,0
BRDA:44,0,1,0
BRDA:45,1,0,0
BRDA:45,1,1,0
BRDA:59,2,0,0
BRDA:59,2,1,0
BRDA:60,3,0,0
BRDA:60,3,1,0
BRDA:61,4,0,0
BRDA:61,4,1,0
BRDA:61,4,2,0
BRDA:62,5,0,0
BRDA:62,5,1,0
BRDA:62,5,2,0
BRDA:63,6,0,0
BRDA:63,6,1,0
BRDA:65,7,0,0
BRDA:65,7,1,0
BRDA:65,8,0,0
BRDA:65,8,1,0
BRDA:65,8,2,0
BRDA:78,9,0,0
BRDA:78,9,1,0
BRDA:82,10,0,0
BRDA:82,10,1,0
BRDA:82,11,0,0
BRDA:82,11,1,0
BRDA:83,12,0,0
BRDA:83,12,1,0
BRDA:83,12,2,0
BRDA:83,12,3,0
BRDA:90,13,0,0
BRDA:90,13,1,0
BRDA:102,14,0,0
BRDA:102,14,1,0
BRDA:141,15,0,0
BRDA:141,15,1,0
BRDA:145,16,0,0
BRDA:145,16,1,0
BRDA:149,17,0,0
BRDA:149,17,1,0
BRDA:152,18,0,0
BRDA:152,18,1,0
BRDA:175,19,0,0
BRDA:175,19,1,0
BRDA:180,20,0,0
BRDA:180,20,1,0
BRDA:180,20,2,0
BRDA:181,21,0,0
BRDA:181,21,1,0
BRDA:181,21,2,0
BRDA:181,21,3,0
BRDA:192,22,0,0
BRDA:192,22,1,0
BRDA:193,23,0,0
BRDA:193,23,1,0
BRDA:194,24,0,0
BRDA:194,24,1,0
BRDA:198,25,0,0
BRDA:198,25,1,0
BRDA:198,25,2,0
BRDA:214,26,0,0
BRDA:214,26,1,0
BRDA:214,26,2,0
BRDA:217,27,0,0
BRDA:217,27,1,0
BRDA:218,28,0,0
BRDA:218,28,1,0
BRDA:218,28,2,0
BRDA:219,29,0,0
BRDA:219,29,1,0
BRDA:219,30,0,0
BRDA:219,30,1,0
BRF:73
BRH:0
end_of_record
TN:
SF:src/pages/PasswordResetPage.tsx
FN:8,(anonymous_0)
FN:19,(anonymous_1)
FN:26,(anonymous_2)
FN:43,(anonymous_3)
FN:83,(anonymous_4)
FN:99,(anonymous_5)
FN:124,(anonymous_6)
FNF:7
FNH:0
FNDA:0,(anonymous_0)
FNDA:0,(anonymous_1)
FNDA:0,(anonymous_2)
FNDA:0,(anonymous_3)
FNDA:0,(anonymous_4)
FNDA:0,(anonymous_5)
FNDA:0,(anonymous_6)
DA:8,0
DA:9,0
DA:10,0
DA:11,0
DA:13,0
DA:14,0
DA:15,0
DA:16,0
DA:17,0
DA:19,0
DA:20,0
DA:21,0
DA:22,0
DA:26,0
DA:27,0
DA:28,0
DA:30,0
DA:31,0
DA:32,0
DA:35,0
DA:36,0
DA:37,0
DA:39,0
DA:40,0
DA:41,0
DA:42,0
DA:43,0
DA:44,0
DA:45,0
DA:48,0
DA:49,0
DA:51,0
DA:55,0
DA:83,0
DA:99,0
DA:124,0
LF:36
LH:0
BRDA:20,0,0,0
BRDA:20,0,1,0
BRDA:28,1,0,0
BRDA:28,1,1,0
BRDA:30,2,0,0
BRDA:30,2,1,0
BRDA:49,3,0,0
BRDA:49,3,1,0
BRDA:65,4,0,0
BRDA:65,4,1,0
BRDA:107,5,0,0
BRDA:107,5,1,0
BRDA:116,6,0,0
BRDA:116,6,1,0
BRDA:116,6,2,0
BRDA:119,7,0,0
BRDA:119,7,1,0
BRF:17
BRH:0
end_of_record
TN:
SF:src/pages/ProductPage.tsx
FN:21,(anonymous_0)
FN:41,(anonymous_1)
FN:51,(anonymous_2)
FN:53,(anonymous_3)
FN:70,(anonymous_4)
FN:89,(anonymous_5)
FN:106,(anonymous_6)
FN:108,(anonymous_7)
FN:115,(anonymous_8)
FN:116,(anonymous_9)
FN:128,(anonymous_10)
FN:132,(anonymous_11)
FN:156,(anonymous_12)
FN:160,(anonymous_13)
FN:174,(anonymous_14)
FN:177,(anonymous_15)
FN:183,(anonymous_16)
FN:191,(anonymous_17)
FN:220,(anonymous_18)
FN:220,(anonymous_19)
FN:221,(anonymous_20)
FN:228,(anonymous_21)
FN:293,(anonymous_22)
FN:323,(anonymous_23)
FN:326,(anonymous_24)
FN:364,(anonymous_25)
FN:372,(anonymous_26)
FN:375,(anonymous_27)
FN:432,(anonymous_28)
FN:433,(anonymous_29)
FN:439,(anonymous_30)
FN:450,(anonymous_31)
FN:460,(anonymous_32)
FN:467,(anonymous_33)
FN:499,(anonymous_34)
FN:506,(anonymous_35)
FN:524,(anonymous_36)
FN:600,(anonymous_37)
FNF:38
FNH:13
FNDA:11,(anonymous_0)
FNDA:0,(anonymous_1)
FNDA:5,(anonymous_2)
FNDA:5,(anonymous_3)
FNDA:0,(anonymous_4)
FNDA:0,(anonymous_5)
FNDA:5,(anonymous_6)
FNDA:5,(anonymous_7)
FNDA:0,(anonymous_8)
FNDA:0,(anonymous_9)
FNDA:8,(anonymous_10)
FNDA:0,(anonymous_11)
FNDA:5,(anonymous_12)
FNDA:1,(anonymous_13)
FNDA:0,(anonymous_14)
FNDA:16,(anonymous_15)
FNDA:0,(anonymous_16)
FNDA:12,(anonymous_17)
FNDA:0,(anonymous_18)
FNDA:0,(anonymous_19)
FNDA:0,(anonymous_20)
FNDA:8,(anonymous_21)
FNDA:0,(anonymous_22)
FNDA:4,(anonymous_23)
FNDA:0,(anonymous_24)
FNDA:0,(anonymous_25)
FNDA:4,(anonymous_26)
FNDA:0,(anonymous_27)
FNDA:0,(anonymous_28)
FNDA:0,(anonymous_29)
FNDA:0,(anonymous_30)
FNDA:0,(anonymous_31)
FNDA:0,(anonymous_32)
FNDA:0,(anonymous_33)
FNDA:0,(anonymous_34)
FNDA:0,(anonymous_35)
FNDA:0,(anonymous_36)
FNDA:0,(anonymous_37)
DA:21,1
DA:22,11
DA:23,11
DA:24,11
DA:25,11
DA:26,11
DA:27,11
DA:28,11
DA:29,11
DA:30,11
DA:31,11
DA:32,11
DA:33,11
DA:35,11
DA:36,11
DA:37,11
DA:39,11
DA:41,11
DA:42,0
DA:43,0
DA:47,11
DA:48,11
DA:49,11
DA:51,11
DA:52,5
DA:53,5
DA:54,5
DA:55,5
DA:56,5
DA:57,3
DA:58,3
DA:59,3
DA:60,0
DA:61,0
DA:65,3
DA:66,3
DA:69,3
DA:70,0
DA:71,0
DA:72,0
DA:73,0
DA:74,0
DA:75,0
DA:76,0
DA:78,0
DA:84,3
DA:85,3
DA:86,3
DA:87,3
DA:88,0
DA:89,0
DA:91,3
DA:93,0
DA:94,0
DA:96,3
DA:98,1
DA:100,4
DA:103,5
DA:106,11
DA:107,5
DA:108,5
DA:109,5
DA:110,5
DA:111,5
DA:112,5
DA:114,5
DA:115,0
DA:116,0
DA:119,0
DA:121,5
DA:124,5
DA:128,11
DA:129,8
DA:130,0
DA:131,0
DA:132,0
DA:133,0
DA:134,0
DA:135,0
DA:138,0
DA:139,0
DA:140,0
DA:142,8
DA:146,11
DA:147,11
DA:148,11
DA:149,11
DA:151,11
DA:152,11
DA:156,11
DA:157,5
DA:160,11
DA:161,1
DA:163,1
DA:172,1
DA:173,1
DA:174,1
DA:177,11
DA:178,16
DA:179,16
DA:180,16
DA:183,11
DA:184,0
DA:185,0
DA:186,0
DA:187,0
DA:188,0
DA:191,11
DA:192,12
DA:193,12
DA:194,0
DA:206,12
DA:220,0
DA:221,0
DA:228,11
DA:229,8
DA:230,3
DA:239,8
DA:259,8
DA:262,11
DA:269,5
DA:278,4
DA:293,0
DA:324,4
DA:326,0
DA:364,0
DA:373,4
DA:375,0
DA:433,0
DA:435,0
DA:440,0
DA:451,0
DA:452,0
DA:457,0
DA:458,0
DA:459,0
DA:460,0
DA:463,0
DA:468,0
DA:469,0
DA:470,0
DA:499,0
DA:506,0
DA:525,0
DA:526,0
DA:601,0
LF:146
LH:88
BRDA:39,0,0,10
BRDA:39,0,1,0
BRDA:42,1,0,0
BRDA:42,1,1,0
BRDA:52,2,0,0
BRDA:52,2,1,5
BRDA:58,3,0,3
BRDA:58,3,1,0
BRDA:58,4,0,3
BRDA:58,4,1,3
BRDA:59,5,0,3
BRDA:59,5,1,0
BRDA:60,6,0,0
BRDA:60,6,1,0
BRDA:61,7,0,0
BRDA:61,7,1,0
BRDA:65,8,0,3
BRDA:65,8,1,0
BRDA:65,9,0,3
BRDA:65,9,1,3
BRDA:69,10,0,0
BRDA:69,10,1,3
BRDA:69,11,0,3
BRDA:69,11,1,0
BRDA:70,12,0,0
BRDA:70,12,1,0
BRDA:70,13,0,0
BRDA:70,13,1,0
BRDA:71,14,0,0
BRDA:71,14,1,0
BRDA:71,15,0,0
BRDA:71,15,1,0
BRDA:76,16,0,0
BRDA:76,16,1,0
BRDA:87,17,0,0
BRDA:87,17,1,3
BRDA:107,18,0,0
BRDA:107,18,1,5
BRDA:112,19,0,5
BRDA:112,19,1,2
BRDA:114,20,0,0
BRDA:114,20,1,5
BRDA:114,21,0,5
BRDA:114,21,1,0
BRDA:116,22,0,0
BRDA:116,22,1,0
BRDA:129,23,0,0
BRDA:129,23,1,8
BRDA:133,24,0,0
BRDA:133,24,1,0
BRDA:133,25,0,0
BRDA:133,25,1,0
BRDA:139,26,0,0
BRDA:139,26,1,0
BRDA:140,27,0,0
BRDA:140,27,1,0
BRDA:140,28,0,0
BRDA:140,28,1,0
BRDA:142,29,0,8
BRDA:142,29,1,5
BRDA:146,30,0,0
BRDA:146,30,1,10
BRDA:146,31,0,10
BRDA:146,31,1,6
BRDA:147,32,0,11
BRDA:147,32,1,10
BRDA:149,33,0,11
BRDA:149,33,1,10
BRDA:149,34,0,0
BRDA:149,34,1,10
BRDA:151,35,0,0
BRDA:151,35,1,10
BRDA:151,36,0,10
BRDA:151,36,1,8
BRDA:161,37,0,0
BRDA:161,37,1,1
BRDA:161,38,0,1
BRDA:161,38,1,1
BRDA:165,39,0,0
BRDA:165,39,1,1
BRDA:166,40,0,0
BRDA:166,40,1,1
BRDA:168,41,0,0
BRDA:168,41,1,1
BRDA:169,42,0,1
BRDA:169,42,1,1
BRDA:169,42,2,0
BRDA:178,43,0,0
BRDA:178,43,1,16
BRDA:180,44,0,16
BRDA:180,44,1,16
BRDA:180,44,2,16
BRDA:184,45,0,0
BRDA:184,45,1,0
BRDA:184,46,0,0
BRDA:184,46,1,0
BRDA:191,47,0,12
BRDA:192,48,0,0
BRDA:192,48,1,12
BRDA:193,49,0,0
BRDA:193,49,1,12
BRDA:208,50,0,4
BRDA:208,50,1,8
BRDA:210,51,0,12
BRDA:210,51,1,0
BRDA:211,52,0,4
BRDA:211,52,1,8
BRDA:212,53,0,4
BRDA:212,53,1,8
BRDA:214,54,0,4
BRDA:214,54,1,8
BRDA:215,55,0,4
BRDA:215,55,1,0
BRDA:216,56,0,2
BRDA:216,56,1,2
BRDA:216,57,0,4
BRDA:216,57,1,4
BRDA:219,58,0,4
BRDA:219,58,1,8
BRDA:220,59,0,0
BRDA:220,59,1,8
BRDA:221,60,0,0
BRDA:221,60,1,8
BRDA:229,61,0,5
BRDA:229,61,1,3
BRDA:236,62,0,1
BRDA:236,62,1,2
BRDA:243,63,0,8
BRDA:243,63,1,0
BRDA:243,63,2,0
BRDA:244,64,0,8
BRDA:244,64,1,2
BRDA:251,65,0,1
BRDA:251,65,1,2
BRDA:262,66,0,5
BRDA:262,66,1,6
BRDA:269,67,0,1
BRDA:269,67,1,4
BRDA:281,68,0,4
BRDA:281,68,1,0
BRDA:281,69,0,2
BRDA:281,69,1,2
BRDA:281,70,0,4
BRDA:281,70,1,4
BRDA:283,71,0,11
BRDA:283,71,1,0
BRDA:286,72,0,2
BRDA:286,72,1,2
BRDA:286,73,0,11
BRDA:286,73,1,4
BRDA:290,74,0,11
BRDA:290,74,1,0
BRDA:290,74,2,0
BRDA:299,75,0,0
BRDA:299,75,1,0
BRDA:321,76,0,11
BRDA:321,76,1,4
BRDA:327,77,0,4
BRDA:327,77,1,0
BRDA:331,78,0,4
BRDA:331,78,1,0
BRDA:345,79,0,11
BRDA:345,79,1,0
BRDA:345,79,2,0
BRDA:345,79,3,0
BRDA:357,80,0,11
BRDA:357,80,1,0
BRDA:376,81,0,4
BRDA:376,81,1,0
BRDA:389,82,0,11
BRDA:389,82,1,0
BRDA:392,83,0,2
BRDA:392,83,1,2
BRDA:392,84,0,11
BRDA:392,84,1,4
BRDA:402,85,0,11
BRDA:402,85,1,0
BRDA:411,86,0,11
BRDA:411,86,1,0
BRDA:421,87,0,11
BRDA:421,87,1,3
BRDA:421,87,2,1
BRDA:427,88,0,11
BRDA:427,88,1,2
BRDA:432,89,0,11
BRDA:432,89,1,0
BRDA:432,89,2,0
BRDA:437,90,0,0
BRDA:437,90,1,0
BRDA:441,91,0,0
BRDA:441,91,1,0
BRDA:452,92,0,0
BRDA:452,92,1,0
BRDA:452,92,2,0
BRDA:452,92,3,0
BRDA:458,93,0,0
BRDA:458,93,1,0
BRDA:459,94,0,0
BRDA:459,94,1,0
BRDA:470,95,0,0
BRDA:470,95,1,0
BRDA:473,96,0,0
BRDA:473,96,1,0
BRDA:496,97,0,0
BRDA:496,97,1,4
BRDA:499,98,0,0
BRDA:499,98,1,0
BRDA:500,99,0,11
BRDA:500,99,1,2
BRDA:513,100,0,2
BRDA:513,100,1,2
BRDA:515,101,0,0
BRDA:515,101,1,2
BRDA:550,102,0,0
BRDA:550,102,1,4
BRDA:556,103,0,11
BRDA:556,103,1,4
BRDA:556,104,0,0
BRDA:556,104,1,4
BRDA:557,105,0,0
BRDA:557,105,1,4
BRDA:594,106,0,0
BRDA:594,106,1,4
BRDA:598,107,0,0
BRDA:598,107,1,4
BRDA:610,108,0,11
BRDA:610,108,1,4
BRF:227
BRH:123
end_of_record
TN:
SF:src/pages/ProfilePage.tsx
FN:19,(anonymous_0)
FN:40,(anonymous_1)
FN:44,(anonymous_2)
FN:50,(anonymous_3)
FN:58,(anonymous_4)
FN:71,(anonymous_5)
FN:75,(anonymous_6)
FN:83,(anonymous_7)
FN:114,(anonymous_8)
FN:125,(anonymous_9)
FN:147,(anonymous_10)
FN:215,(anonymous_11)
FN:226,(anonymous_12)
FN:244,(anonymous_13)
FN:300,(anonymous_14)
FN:310,(anonymous_15)
FN:323,(anonymous_16)
FN:333,(anonymous_17)
FN:361,(anonymous_18)
FN:395,(anonymous_19)
FN:401,(anonymous_20)
FN:425,(anonymous_21)
FNF:22
FNH:19
FNDA:71,(anonymous_0)
FNDA:34,(anonymous_1)
FNDA:3,(anonymous_2)
FNDA:3,(anonymous_3)
FNDA:2,(anonymous_4)
FNDA:3,(anonymous_5)
FNDA:3,(anonymous_6)
FNDA:2,(anonymous_7)
FNDA:0,(anonymous_8)
FNDA:3,(anonymous_9)
FNDA:1,(anonymous_10)
FNDA:1,(anonymous_11)
FNDA:4,(anonymous_12)
FNDA:2,(anonymous_13)
FNDA:2,(anonymous_14)
FNDA:1,(anonymous_15)
FNDA:1,(anonymous_16)
FNDA:1,(anonymous_17)
FNDA:2,(anonymous_18)
FNDA:1,(anonymous_19)
FNDA:0,(anonymous_20)
FNDA:0,(anonymous_21)
DA:19,1
DA:20,71
DA:21,71
DA:23,71
DA:24,71
DA:25,71
DA:28,71
DA:29,71
DA:30,71
DA:31,71
DA:34,71
DA:38,71
DA:40,71
DA:41,34
DA:44,71
DA:45,3
DA:46,3
DA:47,3
DA:48,3
DA:49,3
DA:50,3
DA:52,0
DA:53,0
DA:55,3
DA:58,71
DA:59,2
DA:60,2
DA:61,2
DA:62,2
DA:63,1
DA:64,1
DA:66,1
DA:67,1
DA:71,71
DA:72,3
DA:73,3
DA:74,3
DA:75,3
DA:76,3
DA:77,3
DA:79,3
DA:83,71
DA:84,2
DA:85,2
DA:86,2
DA:87,2
DA:88,2
DA:90,2
DA:92,2
DA:93,2
DA:94,2
DA:95,2
DA:98,2
DA:103,1
DA:106,1
DA:109,1
DA:110,1
DA:111,1
DA:113,1
DA:114,1
DA:116,1
DA:117,1
DA:118,1
DA:119,1
DA:121,2
DA:125,71
DA:126,3
DA:127,3
DA:128,3
DA:130,3
DA:132,3
DA:133,1
DA:134,1
DA:136,1
DA:137,1
DA:138,1
DA:139,1
DA:141,0
DA:144,2
DA:145,1
DA:146,1
DA:147,1
DA:149,1
DA:150,1
DA:152,3
DA:156,71
DA:158,71
DA:215,1
DA:227,4
DA:228,4
DA:244,2
DA:300,2
DA:310,1
DA:323,1
DA:333,1
DA:361,2
DA:395,1
DA:401,0
DA:425,0
LF:99
LH:94
BRDA:35,0,0,71
BRDA:35,0,1,0
BRDA:36,1,0,71
BRDA:36,1,1,71
BRDA:53,2,0,0
BRDA:53,2,1,0
BRDA:59,3,0,0
BRDA:59,3,1,2
BRDA:73,4,0,3
BRDA:73,4,1,0
BRDA:84,5,0,0
BRDA:84,5,1,2
BRDA:84,6,0,2
BRDA:84,6,1,2
BRDA:84,6,2,2
BRDA:88,7,0,0
BRDA:88,7,1,2
BRDA:118,8,0,1
BRDA:118,8,1,1
BRDA:118,8,2,0
BRDA:132,9,0,1
BRDA:132,9,1,2
BRDA:134,10,0,1
BRDA:134,10,1,0
BRDA:134,11,0,0
BRDA:134,11,1,0
BRDA:136,12,0,1
BRDA:136,12,1,0
BRDA:150,13,0,1
BRDA:150,13,1,0
BRDA:156,14,0,0
BRDA:156,14,1,71
BRDA:165,15,0,0
BRDA:165,15,1,71
BRDA:168,16,0,71
BRDA:168,16,1,0
BRDA:168,16,2,0
BRDA:173,17,0,71
BRDA:173,17,1,71
BRDA:192,18,0,71
BRDA:192,18,1,0
BRDA:200,19,0,71
BRDA:200,19,1,15
BRDA:200,19,2,2
BRDA:208,20,0,71
BRDA:208,20,1,2
BRDA:218,21,0,0
BRDA:218,21,1,2
BRDA:218,22,0,2
BRDA:218,22,1,0
BRDA:225,23,0,71
BRDA:225,23,1,71
BRDA:227,24,0,4
BRDA:227,24,1,0
BRDA:227,25,0,4
BRDA:227,25,1,4
BRDA:243,26,0,71
BRDA:243,26,1,71
BRDA:307,27,0,71
BRDA:307,27,1,51
BRDA:309,28,0,34
BRDA:309,28,1,17
BRDA:314,29,0,51
BRDA:314,29,1,8
BRDA:339,30,0,8
BRDA:339,30,1,2
BRDA:346,31,0,0
BRDA:346,31,1,8
BRDA:356,32,0,51
BRDA:356,32,1,5
BRDA:365,33,0,1
BRDA:365,33,1,4
BRDA:367,34,0,5
BRDA:367,34,1,2
BRDA:371,35,0,51
BRDA:371,35,1,34
BRDA:371,35,2,34
BRDA:411,36,0,1
BRDA:411,36,1,33
BRDA:414,37,0,34
BRDA:414,37,1,10
BRDA:420,38,0,51
BRDA:420,38,1,4
BRDA:427,39,0,1
BRDA:427,39,1,3
BRDA:430,40,0,4
BRDA:430,40,1,1
BRF:87
BRH:65
end_of_record
TN:
SF:src/pages/QuestionsPage.tsx
FN:14,(anonymous_0)
FN:20,(anonymous_1)
FN:24,(anonymous_2)
FN:28,(anonymous_3)
FN:39,(anonymous_4)
FN:70,(anonymous_5)
FN:86,(anonymous_6)
FN:95,(anonymous_7)
FNF:8
FNH:0
FNDA:0,(anonymous_0)
FNDA:0,(anonymous_1)
FNDA:0,(anonymous_2)
FNDA:0,(anonymous_3)
FNDA:0,(anonymous_4)
FNDA:0,(anonymous_5)
FNDA:0,(anonymous_6)
FNDA:0,(anonymous_7)
DA:14,0
DA:15,0
DA:16,0
DA:17,0
DA:18,0
DA:20,0
DA:21,0
DA:22,0
DA:23,0
DA:25,0
DA:26,0
DA:29,0
DA:30,0
DA:33,0
DA:37,0
DA:39,0
DA:44,0
DA:50,0
DA:70,0
DA:87,0
DA:96,0
DA:97,0
LF:22
LH:0
BRDA:22,0,0,0
BRDA:22,0,1,0
BRDA:37,1,0,0
BRDA:37,1,1,0
BRDA:39,2,0,0
BRDA:39,2,1,0
BRDA:40,3,0,0
BRDA:40,3,1,0
BRDA:44,4,0,0
BRDA:44,4,1,0
BRDA:79,5,0,0
BRDA:79,5,1,0
BRDA:93,6,0,0
BRDA:93,6,1,0
BRDA:94,7,0,0
BRDA:94,7,1,0
BRDA:109,8,0,0
BRDA:109,8,1,0
BRDA:131,9,0,0
BRDA:131,9,1,0
BRDA:138,10,0,0
BRDA:138,10,1,0
BRF:22
BRH:0
end_of_record
TN:
SF:src/pages/ReturnsPolicyPage.tsx
FN:5,(anonymous_0)
FNF:1
FNH:0
FNDA:0,(anonymous_0)
DA:5,0
DA:6,0
LF:2
LH:0
BRF:0
BRH:0
end_of_record
TN:
SF:src/pages/ReviewSubmissionPage.tsx
FN:13,(anonymous_0)
FN:22,(anonymous_1)
FN:23,(anonymous_2)
FN:67,(anonymous_3)
FN:120,(anonymous_4)
FNF:5
FNH:0
FNDA:0,(anonymous_0)
FNDA:0,(anonymous_1)
FNDA:0,(anonymous_2)
FNDA:0,(anonymous_3)
FNDA:0,(anonymous_4)
DA:13,0
DA:14,0
DA:15,0
DA:17,0
DA:18,0
DA:19,0
DA:20,0
DA:22,0
DA:23,0
DA:24,0
DA:25,0
DA:26,0
DA:27,0
DA:30,0
DA:32,0
DA:33,0
DA:36,0
DA:37,0
DA:40,0
DA:41,0
DA:43,0
DA:47,0
DA:50,0
DA:51,0
DA:59,0
DA:60,0
DA:67,0
DA:77,0
DA:120,0
LF:29
LH:0
BRDA:24,0,0,0
BRDA:24,0,1,0
BRDA:41,1,0,0
BRDA:41,1,1,0
BRDA:50,2,0,0
BRDA:50,2,1,0
BRDA:59,3,0,0
BRDA:59,3,1,0
BRDA:95,4,0,0
BRDA:95,4,1,0
BRDA:98,5,0,0
BRDA:98,5,1,0
BRF:12
BRH:0
end_of_record
TN:
SF:src/pages/ReviewsPage.tsx
FN:21,(anonymous_0)
FN:29,(anonymous_1)
FN:36,(anonymous_2)
FN:44,(anonymous_3)
FN:50,(anonymous_4)
FN:61,(anonymous_5)
FN:62,(anonymous_6)
FN:62,(anonymous_7)
FN:75,(anonymous_8)
FN:85,(anonymous_9)
FN:99,(anonymous_10)
FN:111,(anonymous_11)
FN:120,(anonymous_12)
FN:150,(anonymous_13)
FN:159,(anonymous_14)
FN:170,(anonymous_15)
FN:171,(anonymous_16)
FN:192,(anonymous_17)
FN:199,(anonymous_18)
FN:209,(anonymous_19)
FNF:20
FNH:0
FNDA:0,(anonymous_0)
FNDA:0,(anonymous_1)
FNDA:0,(anonymous_2)
FNDA:0,(anonymous_3)
FNDA:0,(anonymous_4)
FNDA:0,(anonymous_5)
FNDA:0,(anonymous_6)
FNDA:0,(anonymous_7)
FNDA:0,(anonymous_8)
FNDA:0,(anonymous_9)
FNDA:0,(anonymous_10)
FNDA:0,(anonymous_11)
FNDA:0,(anonymous_12)
FNDA:0,(anonymous_13)
FNDA:0,(anonymous_14)
FNDA:0,(anonymous_15)
FNDA:0,(anonymous_16)
FNDA:0,(anonymous_17)
FNDA:0,(anonymous_18)
FNDA:0,(anonymous_19)
DA:21,0
DA:22,0
DA:23,0
DA:24,0
DA:25,0
DA:26,0
DA:27,0
DA:29,0
DA:30,0
DA:31,0
DA:35,0
DA:37,0
DA:38,0
DA:40,0
DA:42,0
DA:45,0
DA:46,0
DA:50,0
DA:51,0
DA:52,0
DA:53,0
DA:55,0
DA:59,0
DA:61,0
DA:62,0
DA:63,0
DA:66,0
DA:75,0
DA:86,0
DA:87,0
DA:99,0
DA:111,0
DA:120,0
DA:151,0
DA:160,0
DA:161,0
DA:170,0
DA:172,0
DA:193,0
DA:200,0
DA:201,0
DA:210,0
LF:42
LH:0
BRDA:31,0,0,0
BRDA:31,0,1,0
BRDA:37,1,0,0
BRDA:37,1,1,0
BRDA:51,2,0,0
BRDA:51,2,1,0
BRDA:52,3,0,0
BRDA:52,3,1,0
BRDA:59,4,0,0
BRDA:59,4,1,0
BRDA:71,5,0,0
BRDA:71,5,1,0
BRDA:83,6,0,0
BRDA:83,6,1,0
BRDA:112,7,0,0
BRDA:112,7,1,0
BRDA:121,8,0,0
BRDA:121,8,1,0
BRDA:131,9,0,0
BRDA:131,9,1,0
BRDA:135,10,0,0
BRDA:135,10,1,0
BRDA:145,11,0,0
BRDA:145,11,1,0
BRDA:157,12,0,0
BRDA:157,12,1,0
BRDA:187,13,0,0
BRDA:187,13,1,0
BRDA:197,14,0,0
BRDA:197,14,1,0
BRDA:207,15,0,0
BRDA:207,15,1,0
BRDA:213,16,0,0
BRDA:213,16,1,0
BRDA:214,17,0,0
BRDA:214,17,1,0
BRF:36
BRH:0
end_of_record
TN:
SF:src/pages/SavedCardsPage.tsx
FN:24,(anonymous_0)
FN:35,(anonymous_1)
FN:45,(anonymous_2)
FN:48,(anonymous_3)
FN:51,(anonymous_4)
FN:78,(anonymous_5)
FN:86,(anonymous_6)
FN:106,(anonymous_7)
FN:107,(anonymous_8)
FN:122,(anonymous_9)
FN:131,(anonymous_10)
FN:134,(anonymous_11)
FN:135,(anonymous_12)
FN:136,(anonymous_13)
FN:139,(anonymous_14)
FN:143,(anonymous_15)
FN:143,(anonymous_16)
FN:149,(anonymous_17)
FN:170,(anonymous_18)
FN:291,(anonymous_19)
FN:329,(anonymous_20)
FN:338,(anonymous_21)
FN:357,(anonymous_22)
FNF:23
FNH:0
FNDA:0,(anonymous_0)
FNDA:0,(anonymous_1)
FNDA:0,(anonymous_2)
FNDA:0,(anonymous_3)
FNDA:0,(anonymous_4)
FNDA:0,(anonymous_5)
FNDA:0,(anonymous_6)
FNDA:0,(anonymous_7)
FNDA:0,(anonymous_8)
FNDA:0,(anonymous_9)
FNDA:0,(anonymous_10)
FNDA:0,(anonymous_11)
FNDA:0,(anonymous_12)
FNDA:0,(anonymous_13)
FNDA:0,(anonymous_14)
FNDA:0,(anonymous_15)
FNDA:0,(anonymous_16)
FNDA:0,(anonymous_17)
FNDA:0,(anonymous_18)
FNDA:0,(anonymous_19)
FNDA:0,(anonymous_20)
FNDA:0,(anonymous_21)
FNDA:0,(anonymous_22)
DA:16,0
DA:24,0
DA:25,0
DA:26,0
DA:27,0
DA:28,0
DA:29,0
DA:30,0
DA:31,0
DA:32,0
DA:33,0
DA:35,0
DA:36,0
DA:37,0
DA:38,0
DA:40,0
DA:45,0
DA:46,0
DA:48,0
DA:49,0
DA:51,0
DA:52,0
DA:54,0
DA:55,0
DA:56,0
DA:57,0
DA:60,0
DA:61,0
DA:62,0
DA:79,0
DA:80,0
DA:81,0
DA:83,0
DA:87,0
DA:88,0
DA:89,0
DA:91,0
DA:92,0
DA:93,0
DA:94,0
DA:95,0
DA:96,0
DA:97,0
DA:98,0
DA:101,0
DA:103,0
DA:107,0
DA:108,0
DA:109,0
DA:114,0
DA:120,0
DA:122,0
DA:123,0
DA:124,0
DA:125,0
DA:126,0
DA:131,0
DA:132,0
DA:133,0
DA:134,0
DA:135,0
DA:136,0
DA:139,0
DA:140,0
DA:141,0
DA:142,0
DA:143,0
DA:145,0
DA:149,0
DA:150,0
DA:151,0
DA:152,0
DA:156,0
DA:158,0
DA:170,0
DA:291,0
DA:329,0
DA:339,0
DA:357,0
LF:79
LH:0
BRDA:36,0,0,0
BRDA:36,0,1,0
BRDA:37,1,0,0
BRDA:37,1,1,0
BRDA:49,2,0,0
BRDA:49,2,1,0
BRDA:49,3,0,0
BRDA:49,3,1,0
BRDA:49,3,2,0
BRDA:49,3,3,0
BRDA:52,4,0,0
BRDA:52,4,1,0
BRDA:52,5,0,0
BRDA:52,5,1,0
BRDA:55,6,0,0
BRDA:55,6,1,0
BRDA:79,7,0,0
BRDA:79,7,1,0
BRDA:93,8,0,0
BRDA:93,8,1,0
BRDA:101,9,0,0
BRDA:101,9,1,0
BRDA:107,10,0,0
BRDA:107,10,1,0
BRDA:124,11,0,0
BRDA:124,11,1,0
BRDA:140,12,0,0
BRDA:140,12,1,0
BRDA:151,13,0,0
BRDA:151,13,1,0
BRDA:156,14,0,0
BRDA:156,14,1,0
BRDA:179,15,0,0
BRDA:179,15,1,0
BRDA:179,16,0,0
BRDA:179,16,1,0
BRDA:201,17,0,0
BRDA:201,17,1,0
BRDA:201,17,2,0
BRDA:208,18,0,0
BRDA:208,18,1,0
BRDA:213,19,0,0
BRDA:213,19,1,0
BRDA:232,20,0,0
BRDA:232,20,1,0
BRDA:237,21,0,0
BRDA:237,21,1,0
BRDA:302,22,0,0
BRDA:302,22,1,0
BRDA:318,23,0,0
BRDA:318,23,1,0
BRDA:322,24,0,0
BRDA:322,24,1,0
BRDA:343,25,0,0
BRDA:343,25,1,0
BRDA:348,26,0,0
BRDA:348,26,1,0
BRDA:348,27,0,0
BRDA:348,27,1,0
BRDA:348,28,0,0
BRDA:348,28,1,0
BRDA:351,29,0,0
BRDA:351,29,1,0
BRF:63
BRH:0
end_of_record
TN:
SF:src/pages/SearchPage.tsx
FN:9,(anonymous_0)
FN:15,(anonymous_1)
FN:16,(anonymous_2)
FN:70,(anonymous_3)
FN:84,(anonymous_4)
FNF:5
FNH:0
FNDA:0,(anonymous_0)
FNDA:0,(anonymous_1)
FNDA:0,(anonymous_2)
FNDA:0,(anonymous_3)
FNDA:0,(anonymous_4)
DA:9,0
DA:10,0
DA:11,0
DA:12,0
DA:13,0
DA:15,0
DA:16,0
DA:17,0
DA:18,0
DA:20,0
DA:21,0
DA:23,0
DA:25,0
DA:28,0
DA:31,0
DA:71,0
DA:85,0
LF:17
LH:0
BRDA:11,0,0,0
BRDA:11,0,1,0
BRDA:34,1,0,0
BRDA:34,1,1,0
BRDA:35,2,0,0
BRDA:35,2,1,0
BRDA:49,3,0,0
BRDA:49,3,1,0
BRDA:58,4,0,0
BRDA:58,4,1,0
BRDA:61,5,0,0
BRDA:61,5,1,0
BRDA:67,6,0,0
BRDA:67,6,1,0
BRDA:81,7,0,0
BRDA:81,7,1,0
BRF:16
BRH:0
end_of_record
TN:
SF:src/pages/ShippingPolicyPage.tsx
FN:5,(anonymous_0)
FNF:1
FNH:0
FNDA:0,(anonymous_0)
DA:5,0
DA:6,0
LF:2
LH:0
BRF:0
BRH:0
end_of_record
TN:
SF:src/pages/ShopPage.tsx
FN:10,(anonymous_0)
FN:20,(anonymous_1)
FN:21,(anonymous_2)
FN:57,(anonymous_3)
FN:58,(anonymous_4)
FN:60,(anonymous_5)
FN:78,(anonymous_6)
FN:91,(anonymous_7)
FN:105,(anonymous_8)
FNF:9
FNH:0
FNDA:0,(anonymous_0)
FNDA:0,(anonymous_1)
FNDA:0,(anonymous_2)
FNDA:0,(anonymous_3)
FNDA:0,(anonymous_4)
FNDA:0,(anonymous_5)
FNDA:0,(anonymous_6)
FNDA:0,(anonymous_7)
FNDA:0,(anonymous_8)
DA:10,0
DA:11,0
DA:12,0
DA:13,0
DA:15,0
DA:16,0
DA:17,0
DA:18,0
DA:20,0
DA:21,0
DA:22,0
DA:23,0
DA:25,0
DA:26,0
DA:27,0
DA:28,0
DA:30,0
DA:38,0
DA:39,0
DA:41,0
DA:43,0
DA:46,0
DA:49,0
DA:57,0
DA:58,0
DA:61,0
DA:62,0
DA:63,0
DA:65,0
DA:67,0
DA:78,0
DA:92,0
DA:106,0
DA:107,0
LF:34
LH:0
BRDA:12,0,0,0
BRDA:12,0,1,0
BRDA:13,1,0,0
BRDA:13,1,1,0
BRDA:26,2,0,0
BRDA:26,2,1,0
BRDA:26,3,0,0
BRDA:26,3,1,0
BRDA:27,4,0,0
BRDA:27,4,1,0
BRDA:32,5,0,0
BRDA:32,5,1,0
BRDA:52,6,0,0
BRDA:52,6,1,0
BRDA:58,7,0,0
BRDA:58,7,1,0
BRDA:62,8,0,0
BRDA:62,8,1,0
BRDA:85,9,0,0
BRDA:85,9,1,0
BRDA:89,10,0,0
BRDA:89,10,1,0
BRF:22
BRH:0
end_of_record
TN:
SF:src/pages/SubscriptionCheckoutPage.tsx
FN:19,(anonymous_0)
FN:41,(anonymous_1)
FN:48,(anonymous_2)
FN:58,(anonymous_3)
FN:66,(anonymous_4)
FN:77,(anonymous_5)
FN:89,(anonymous_6)
FN:92,(anonymous_7)
FN:100,(anonymous_8)
FN:106,(anonymous_9)
FN:111,(anonymous_10)
FN:112,(anonymous_11)
FN:114,(anonymous_12)
FN:121,(anonymous_13)
FN:122,(anonymous_14)
FN:122,(anonymous_15)
FN:125,(anonymous_16)
FN:127,(anonymous_17)
FN:131,(anonymous_18)
FN:149,(anonymous_19)
FN:217,(anonymous_20)
FN:224,(anonymous_21)
FN:225,(anonymous_22)
FN:239,(anonymous_23)
FN:249,(anonymous_24)
FN:265,(anonymous_25)
FN:268,(anonymous_26)
FN:288,(anonymous_27)
FN:291,(anonymous_28)
FN:317,(anonymous_29)
FNF:30
FNH:0
FNDA:0,(anonymous_0)
FNDA:0,(anonymous_1)
FNDA:0,(anonymous_2)
FNDA:0,(anonymous_3)
FNDA:0,(anonymous_4)
FNDA:0,(anonymous_5)
FNDA:0,(anonymous_6)
FNDA:0,(anonymous_7)
FNDA:0,(anonymous_8)
FNDA:0,(anonymous_9)
FNDA:0,(anonymous_10)
FNDA:0,(anonymous_11)
FNDA:0,(anonymous_12)
FNDA:0,(anonymous_13)
FNDA:0,(anonymous_14)
FNDA:0,(anonymous_15)
FNDA:0,(anonymous_16)
FNDA:0,(anonymous_17)
FNDA:0,(anonymous_18)
FNDA:0,(anonymous_19)
FNDA:0,(anonymous_20)
FNDA:0,(anonymous_21)
FNDA:0,(anonymous_22)
FNDA:0,(anonymous_23)
FNDA:0,(anonymous_24)
FNDA:0,(anonymous_25)
FNDA:0,(anonymous_26)
FNDA:0,(anonymous_27)
FNDA:0,(anonymous_28)
FNDA:0,(anonymous_29)
DA:19,0
DA:20,0
DA:21,0
DA:22,0
DA:23,0
DA:25,0
DA:26,0
DA:27,0
DA:28,0
DA:31,0
DA:32,0
DA:33,0
DA:34,0
DA:37,0
DA:38,0
DA:39,0
DA:41,0
DA:42,0
DA:43,0
DA:44,0
DA:45,0
DA:48,0
DA:49,0
DA:50,0
DA:51,0
DA:52,0
DA:54,0
DA:55,0
DA:58,0
DA:59,0
DA:60,0
DA:61,0
DA:65,0
DA:66,0
DA:75,0
DA:76,0
DA:77,0
DA:78,0
DA:81,0
DA:83,0
DA:86,0
DA:89,0
DA:90,0
DA:91,0
DA:92,0
DA:93,0
DA:94,0
DA:95,0
DA:97,0
DA:100,0
DA:102,0
DA:106,0
DA:107,0
DA:108,0
DA:109,0
DA:111,0
DA:112,0
DA:113,0
DA:114,0
DA:116,0
DA:118,0
DA:121,0
DA:122,0
DA:125,0
DA:126,0
DA:127,0
DA:128,0
DA:131,0
DA:132,0
DA:134,0
DA:135,0
DA:136,0
DA:138,0
DA:139,0
DA:140,0
DA:143,0
DA:144,0
DA:145,0
DA:149,0
DA:151,0
DA:153,0
DA:154,0
DA:156,0
DA:160,0
DA:166,0
DA:183,0
DA:185,0
DA:217,0
DA:225,0
DA:240,0
DA:249,0
DA:266,0
DA:268,0
DA:289,0
DA:291,0
DA:317,0
LF:96
LH:0
BRDA:23,0,0,0
BRDA:23,0,1,0
BRDA:42,1,0,0
BRDA:42,1,1,0
BRDA:49,2,0,0
BRDA:49,2,1,0
BRDA:58,3,0,0
BRDA:58,3,1,0
BRDA:58,4,0,0
BRDA:58,4,1,0
BRDA:60,5,0,0
BRDA:60,5,1,0
BRDA:65,6,0,0
BRDA:65,6,1,0
BRDA:65,7,0,0
BRDA:65,7,1,0
BRDA:67,8,0,0
BRDA:67,8,1,0
BRDA:69,9,0,0
BRDA:69,9,1,0
BRDA:77,10,0,0
BRDA:77,10,1,0
BRDA:78,11,0,0
BRDA:78,11,1,0
BRDA:90,12,0,0
BRDA:90,12,1,0
BRDA:107,13,0,0
BRDA:107,13,1,0
BRDA:107,14,0,0
BRDA:107,14,1,0
BRDA:107,14,2,0
BRDA:113,15,0,0
BRDA:113,15,1,0
BRDA:114,16,0,0
BRDA:114,16,1,0
BRDA:126,17,0,0
BRDA:126,17,1,0
BRDA:128,18,0,0
BRDA:128,18,1,0
BRDA:132,19,0,0
BRDA:132,19,1,0
BRDA:132,20,0,0
BRDA:132,20,1,0
BRDA:134,21,0,0
BRDA:134,21,1,0
BRDA:134,22,0,0
BRDA:134,22,1,0
BRDA:134,22,2,0
BRDA:138,23,0,0
BRDA:138,23,1,0
BRDA:160,24,0,0
BRDA:160,24,1,0
BRDA:166,25,0,0
BRDA:166,25,1,0
BRDA:166,26,0,0
BRDA:166,26,1,0
BRDA:175,27,0,0
BRDA:175,27,1,0
BRDA:175,28,0,0
BRDA:175,28,1,0
BRDA:183,29,0,0
BRDA:183,29,1,0
BRDA:206,30,0,0
BRDA:206,30,1,0
BRDA:209,31,0,0
BRDA:209,31,1,0
BRDA:220,32,0,0
BRDA:220,32,1,0
BRDA:222,33,0,0
BRDA:222,33,1,0
BRDA:248,34,0,0
BRDA:248,34,1,0
BRDA:253,35,0,0
BRDA:253,35,1,0
BRDA:269,36,0,0
BRDA:269,36,1,0
BRDA:271,37,0,0
BRDA:271,37,1,0
BRDA:272,38,0,0
BRDA:272,38,1,0
BRDA:272,39,0,0
BRDA:272,39,1,0
BRDA:274,40,0,0
BRDA:274,40,1,0
BRDA:292,41,0,0
BRDA:292,41,1,0
BRDA:295,42,0,0
BRDA:295,42,1,0
BRDA:295,43,0,0
BRDA:295,43,1,0
BRDA:298,44,0,0
BRDA:298,44,1,0
BRDA:313,45,0,0
BRDA:313,45,1,0
BRDA:323,46,0,0
BRDA:323,46,1,0
BRDA:323,47,0,0
BRDA:323,47,1,0
BRDA:338,48,0,0
BRDA:338,48,1,0
BRF:100
BRH:0
end_of_record
TN:
SF:src/pages/SubscriptionDetailPage.tsx
FN:9,(anonymous_0)
FN:17,(anonymous_1)
FN:18,(anonymous_2)
FN:35,(anonymous_3)
FN:60,(anonymous_4)
FN:155,(anonymous_5)
FN:158,(anonymous_6)
FN:222,(anonymous_7)
FN:262,(anonymous_8)
FNF:9
FNH:0
FNDA:0,(anonymous_0)
FNDA:0,(anonymous_1)
FNDA:0,(anonymous_2)
FNDA:0,(anonymous_3)
FNDA:0,(anonymous_4)
FNDA:0,(anonymous_5)
FNDA:0,(anonymous_6)
FNDA:0,(anonymous_7)
FNDA:0,(anonymous_8)
DA:9,0
DA:10,0
DA:11,0
DA:13,0
DA:14,0
DA:15,0
DA:17,0
DA:18,0
DA:19,0
DA:20,0
DA:21,0
DA:22,0
DA:23,0
DA:24,0
DA:27,0
DA:29,0
DA:32,0
DA:35,0
DA:36,0
DA:37,0
DA:38,0
DA:40,0
DA:43,0
DA:44,0
DA:51,0
DA:52,0
DA:60,0
DA:61,0
DA:62,0
DA:65,0
DA:156,0
DA:158,0
DA:223,0
DA:263,0
LF:34
LH:0
BRDA:19,0,0,0
BRDA:19,0,1,0
BRDA:23,1,0,0
BRDA:23,1,1,0
BRDA:23,2,0,0
BRDA:23,2,1,0
BRDA:24,3,0,0
BRDA:24,3,1,0
BRDA:36,4,0,0
BRDA:36,4,1,0
BRDA:43,5,0,0
BRDA:43,5,1,0
BRDA:51,6,0,0
BRDA:51,6,1,0
BRDA:62,7,0,0
BRDA:62,7,1,0
BRDA:89,8,0,0
BRDA:89,8,1,0
BRDA:102,9,0,0
BRDA:102,9,1,0
BRDA:105,10,0,0
BRDA:105,10,1,0
BRDA:145,11,0,0
BRDA:145,11,1,0
BRDA:145,11,2,0
BRDA:160,12,0,0
BRDA:160,12,1,0
BRDA:165,13,0,0
BRDA:165,13,1,0
BRDA:168,14,0,0
BRDA:168,14,1,0
BRDA:173,15,0,0
BRDA:173,15,1,0
BRDA:214,16,0,0
BRDA:214,16,1,0
BRDA:218,17,0,0
BRDA:218,17,1,0
BRDA:218,17,2,0
BRDA:218,17,3,0
BRDA:237,18,0,0
BRDA:237,18,1,0
BRF:41
BRH:0
end_of_record
TN:
SF:src/pages/SubscriptionsPage.tsx
FN:13,(anonymous_0)
FN:19,(anonymous_1)
FN:28,(anonymous_2)
FN:31,(anonymous_3)
FN:35,(anonymous_4)
FN:41,(anonymous_5)
FN:50,(anonymous_6)
FN:51,(anonymous_7)
FN:56,(anonymous_8)
FN:60,(anonymous_9)
FN:62,(anonymous_10)
FN:100,(anonymous_11)
FN:123,(anonymous_12)
FN:158,(anonymous_13)
FN:178,(anonymous_14)
FN:185,(anonymous_15)
FNF:16
FNH:0
FNDA:0,(anonymous_0)
FNDA:0,(anonymous_1)
FNDA:0,(anonymous_2)
FNDA:0,(anonymous_3)
FNDA:0,(anonymous_4)
FNDA:0,(anonymous_5)
FNDA:0,(anonymous_6)
FNDA:0,(anonymous_7)
FNDA:0,(anonymous_8)
FNDA:0,(anonymous_9)
FNDA:0,(anonymous_10)
FNDA:0,(anonymous_11)
FNDA:0,(anonymous_12)
FNDA:0,(anonymous_13)
FNDA:0,(anonymous_14)
FNDA:0,(anonymous_15)
DA:13,0
DA:14,0
DA:15,0
DA:16,0
DA:17,0
DA:19,0
DA:20,0
DA:21,0
DA:22,0
DA:24,0
DA:28,0
DA:29,0
DA:30,0
DA:32,0
DA:33,0
DA:36,0
DA:37,0
DA:41,0
DA:42,0
DA:43,0
DA:45,0
DA:49,0
DA:50,0
DA:51,0
DA:54,0
DA:56,0
DA:60,0
DA:62,0
DA:63,0
DA:64,0
DA:65,0
DA:66,0
DA:67,0
DA:71,0
DA:77,0
DA:100,0
DA:124,0
DA:159,0
DA:178,0
DA:185,0
LF:40
LH:0
BRDA:20,0,0,0
BRDA:20,0,1,0
BRDA:21,1,0,0
BRDA:21,1,1,0
BRDA:42,2,0,0
BRDA:42,2,1,0
BRDA:43,3,0,0
BRDA:43,3,1,0
BRDA:45,4,0,0
BRDA:45,4,1,0
BRDA:54,5,0,0
BRDA:54,5,1,0
BRDA:57,6,0,0
BRDA:57,6,1,0
BRDA:63,7,0,0
BRDA:63,7,1,0
BRDA:63,7,2,0
BRDA:63,7,3,0
BRDA:71,8,0,0
BRDA:71,8,1,0
BRDA:128,9,0,0
BRDA:128,9,1,0
BRDA:148,10,0,0
BRDA:148,10,1,0
BRDA:149,11,0,0
BRDA:149,11,1,0
BRDA:154,12,0,0
BRDA:154,12,1,0
BRDA:154,12,2,0
BRDA:176,13,0,0
BRDA:176,13,1,0
BRDA:194,14,0,0
BRDA:194,14,1,0
BRF:33
BRH:0
end_of_record
TN:
SF:src/pages/TermsOfUsePage.tsx
FN:5,(anonymous_0)
FNF:1
FNH:0
FNDA:0,(anonymous_0)
DA:5,0
DA:6,0
LF:2
LH:0
BRF:0
BRH:0
end_of_record
TN:
SF:src/pages/UnsubscribeNewsletter.tsx
FN:7,(anonymous_0)
FN:13,(anonymous_1)
FN:21,(anonymous_2)
FNF:3
FNH:0
FNDA:0,(anonymous_0)
FNDA:0,(anonymous_1)
FNDA:0,(anonymous_2)
DA:7,0
DA:8,0
DA:9,0
DA:10,0
DA:11,0
DA:13,0
DA:14,0
DA:15,0
DA:16,0
DA:17,0
DA:18,0
DA:21,0
DA:22,0
DA:23,0
DA:25,0
DA:26,0
DA:27,0
DA:28,0
DA:30,0
DA:31,0
DA:32,0
DA:34,0
DA:39,0
DA:42,0
LF:24
LH:0
BRDA:15,0,0,0
BRDA:15,0,1,0
BRDA:22,1,0,0
BRDA:22,1,1,0
BRDA:26,2,0,0
BRDA:26,2,1,0
BRDA:28,3,0,0
BRDA:28,3,1,0
BRDA:31,4,0,0
BRDA:31,4,1,0
BRDA:44,5,0,0
BRDA:44,5,1,0
BRDA:51,6,0,0
BRDA:51,6,1,0
BRDA:64,7,0,0
BRDA:64,7,1,0
BRF:16
BRH:0
end_of_record
TN:
SF:src/pages/UserLayout.tsx
FN:15,(anonymous_0)
FN:20,(anonymous_1)
FN:21,(anonymous_2)
FN:39,(anonymous_3)
FN:66,(anonymous_4)
FNF:5
FNH:0
FNDA:0,(anonymous_0)
FNDA:0,(anonymous_1)
FNDA:0,(anonymous_2)
FNDA:0,(anonymous_3)
FNDA:0,(anonymous_4)
DA:15,0
DA:16,0
DA:17,0
DA:18,0
DA:20,0
DA:21,0
DA:22,0
DA:23,0
DA:24,0
DA:25,0
DA:27,0
DA:28,0
DA:29,0
DA:32,0
DA:33,0
DA:37,0
DA:38,0
DA:39,0
DA:42,0
DA:44,0
DA:53,0
DA:67,0
DA:71,0
DA:73,0
LF:24
LH:0
BRDA:23,0,0,0
BRDA:23,0,1,0
BRDA:42,1,0,0
BRDA:42,1,1,0
BRDA:67,2,0,0
BRDA:67,2,1,0
BRDA:69,3,0,0
BRDA:69,3,1,0
BRDA:69,3,2,0
BRDA:78,4,0,0
BRDA:78,4,1,0
BRDA:84,5,0,0
BRDA:84,5,1,0
BRDA:87,6,0,0
BRDA:87,6,1,0
BRDA:87,7,0,0
BRDA:87,7,1,0
BRF:17
BRH:0
end_of_record
TN:
SF:src/pages/VerifyNewsletter.tsx
FN:9,(anonymous_0)
FN:15,(anonymous_1)
FN:23,(anonymous_2)
FNF:3
FNH:0
FNDA:0,(anonymous_0)
FNDA:0,(anonymous_1)
FNDA:0,(anonymous_2)
DA:9,0
DA:10,0
DA:11,0
DA:12,0
DA:13,0
DA:15,0
DA:16,0
DA:17,0
DA:18,0
DA:19,0
DA:20,0
DA:23,0
DA:24,0
DA:25,0
DA:27,0
DA:28,0
DA:32,0
DA:33,0
DA:35,0
DA:36,0
DA:37,0
DA:39,0
DA:44,0
DA:47,0
LF:24
LH:0
BRDA:17,0,0,0
BRDA:17,0,1,0
BRDA:24,1,0,0
BRDA:24,1,1,0
BRDA:29,2,0,0
BRDA:29,2,1,0
BRDA:33,3,0,0
BRDA:33,3,1,0
BRDA:36,4,0,0
BRDA:36,4,1,0
BRDA:49,5,0,0
BRDA:49,5,1,0
BRDA:57,6,0,0
BRDA:57,6,1,0
BRDA:72,7,0,0
BRDA:72,7,1,0
BRF:16
BRH:0
end_of_record
TN:
SF:src/services/addressService.ts
FN:6,(anonymous_0)
FN:7,(anonymous_1)
FN:9,(anonymous_2)
FN:10,(anonymous_3)
FN:12,(anonymous_4)
FN:13,(anonymous_5)
FN:15,(anonymous_6)
FN:16,(anonymous_7)
FNF:8
FNH:0
FNDA:0,(anonymous_0)
FNDA:0,(anonymous_1)
FNDA:0,(anonymous_2)
FNDA:0,(anonymous_3)
FNDA:0,(anonymous_4)
FNDA:0,(anonymous_5)
FNDA:0,(anonymous_6)
FNDA:0,(anonymous_7)
DA:5,0
DA:7,0
DA:10,0
DA:13,0
DA:16,0
LF:5
LH:0
BRF:0
BRH:0
end_of_record
TN:
SF:src/services/api.ts
FN:12,(anonymous_0)
FN:22,(anonymous_1)
FN:23,(anonymous_2)
FNF:3
FNH:2
FNDA:52,(anonymous_0)
FNDA:0,(anonymous_1)
FNDA:2,(anonymous_2)
DA:4,11
DA:12,11
DA:13,52
DA:14,52
DA:15,1
DA:17,52
DA:21,11
DA:22,0
DA:25,2
DA:26,1
DA:27,1
DA:28,1
DA:29,1
DA:31,2
LF:14
LH:13
BRDA:5,0,0,11
BRDA:5,0,1,0
BRDA:14,1,0,1
BRDA:14,1,1,51
BRDA:14,2,0,52
BRDA:14,2,1,1
BRDA:25,3,0,1
BRDA:25,3,1,1
BRDA:25,4,0,2
BRDA:25,4,1,2
BRDA:25,4,2,2
BRF:11
BRH:10
end_of_record
TN:
SF:src/services/authService.ts
FN:14,(anonymous_0)
FN:19,(anonymous_1)
FN:24,(anonymous_2)
FN:47,(anonymous_3)
FN:73,(anonymous_4)
FN:88,(anonymous_5)
FN:95,(anonymous_6)
FN:100,(anonymous_7)
FN:105,(anonymous_8)
FN:114,(anonymous_9)
FN:118,(anonymous_10)
FN:130,(anonymous_11)
FN:141,(anonymous_12)
FN:155,(anonymous_13)
FN:166,(anonymous_14)
FN:180,(anonymous_15)
FN:186,(anonymous_16)
FN:192,(anonymous_17)
FN:196,(anonymous_18)
FN:216,(anonymous_19)
FNF:20
FNH:20
FNDA:1,(anonymous_0)
FNDA:1,(anonymous_1)
FNDA:3,(anonymous_2)
FNDA:3,(anonymous_3)
FNDA:2,(anonymous_4)
FNDA:1,(anonymous_5)
FNDA:1,(anonymous_6)
FNDA:1,(anonymous_7)
FNDA:3,(anonymous_8)
FNDA:2,(anonymous_9)
FNDA:3,(anonymous_10)
FNDA:2,(anonymous_11)
FNDA:2,(anonymous_12)
FNDA:2,(anonymous_13)
FNDA:2,(anonymous_14)
FNDA:6,(anonymous_15)
FNDA:2,(anonymous_16)
FNDA:4,(anonymous_17)
FNDA:1,(anonymous_18)
FNDA:2,(anonymous_19)
DA:13,1
DA:15,1
DA:16,1
DA:20,1
DA:21,1
DA:25,3
DA:26,3
DA:27,2
DA:28,1
DA:31,1
DA:33,1
DA:34,1
DA:36,1
DA:38,2
DA:39,2
DA:48,3
DA:49,3
DA:57,2
DA:58,1
DA:61,1
DA:63,1
DA:64,1
DA:66,1
DA:68,2
DA:69,2
DA:74,2
DA:75,2
DA:85,2
DA:89,1
DA:90,1
DA:91,1
DA:92,1
DA:96,1
DA:97,1
DA:101,1
DA:102,1
DA:106,3
DA:107,3
DA:108,3
DA:110,1
DA:114,2
DA:119,3
DA:120,2
DA:121,2
DA:124,1
DA:126,1
DA:127,1
DA:131,2
DA:132,2
DA:135,1
DA:137,1
DA:138,1
DA:142,2
DA:143,2
DA:147,1
DA:148,1
DA:156,2
DA:157,2
DA:160,1
DA:162,1
DA:163,1
DA:167,2
DA:168,2
DA:172,1
DA:173,1
DA:181,6
DA:182,5
DA:183,5
DA:186,4
DA:188,1
DA:189,1
DA:193,4
DA:194,3
DA:195,3
DA:196,3
DA:198,3
DA:199,1
DA:204,2
DA:208,2
DA:210,1
DA:211,1
DA:217,2
DA:218,2
DA:223,1
DA:224,1
DA:225,1
DA:226,1
DA:227,1
DA:230,1
DA:231,1
LF:90
LH:90
BRDA:27,0,0,1
BRDA:27,0,1,1
BRDA:57,1,0,1
BRDA:57,1,1,1
BRDA:108,2,0,3
BRDA:108,2,1,0
BRDA:119,3,0,1
BRDA:119,3,1,2
BRDA:124,4,0,1
BRDA:124,4,1,0
BRDA:160,5,0,1
BRDA:160,5,1,0
BRDA:181,6,0,1
BRDA:181,6,1,5
BRDA:186,7,0,4
BRDA:186,7,1,0
BRDA:193,8,0,1
BRDA:193,8,1,3
BRDA:193,9,0,4
BRDA:193,9,1,3
BRDA:198,10,0,1
BRDA:198,10,1,2
BRDA:224,11,0,1
BRDA:224,11,1,0
BRF:24
BRH:19
end_of_record
TN:
SF:src/services/cardService.ts
FN:6,(anonymous_0)
FN:7,(anonymous_1)
FN:9,(anonymous_2)
FN:10,(anonymous_3)
FN:12,(anonymous_4)
FN:13,(anonymous_5)
FNF:6
FNH:0
FNDA:0,(anonymous_0)
FNDA:0,(anonymous_1)
FNDA:0,(anonymous_2)
FNDA:0,(anonymous_3)
FNDA:0,(anonymous_4)
FNDA:0,(anonymous_5)
DA:5,0
DA:7,0
DA:10,0
DA:13,0
LF:4
LH:0
BRF:0
BRH:0
end_of_record
TN:
SF:src/services/cartService.ts
FN:11,(anonymous_0)
FN:21,(anonymous_1)
FN:44,(anonymous_2)
FN:61,(anonymous_3)
FN:64,(anonymous_4)
FN:85,(anonymous_5)
FN:88,(anonymous_6)
FN:95,(anonymous_7)
FN:98,(anonymous_8)
FN:109,(anonymous_9)
FN:126,(anonymous_10)
FN:136,(anonymous_11)
FN:137,(anonymous_12)
FNF:13
FNH:8
FNDA:20,(anonymous_0)
FNDA:12,(anonymous_1)
FNDA:7,(anonymous_2)
FNDA:6,(anonymous_3)
FNDA:1,(anonymous_4)
FNDA:1,(anonymous_5)
FNDA:1,(anonymous_6)
FNDA:0,(anonymous_7)
FNDA:0,(anonymous_8)
FNDA:1,(anonymous_9)
FNDA:0,(anonymous_10)
FNDA:0,(anonymous_11)
FNDA:0,(anonymous_12)
DA:11,2
DA:12,20
DA:13,20
DA:14,20
DA:16,0
DA:20,2
DA:22,12
DA:23,12
DA:24,12
DA:25,12
DA:27,12
DA:28,0
DA:29,0
DA:32,0
DA:33,0
DA:34,0
DA:35,0
DA:38,0
DA:41,12
DA:45,7
DA:46,7
DA:47,7
DA:49,7
DA:50,0
DA:51,0
DA:55,0
DA:58,7
DA:62,6
DA:63,6
DA:64,6
DA:65,1
DA:68,6
DA:69,1
DA:71,5
DA:81,6
DA:82,6
DA:86,1
DA:87,1
DA:88,1
DA:89,1
DA:91,1
DA:92,1
DA:96,0
DA:97,0
DA:98,0
DA:99,0
DA:102,0
DA:103,0
DA:104,0
DA:106,0
DA:110,1
DA:111,1
DA:112,1
DA:114,1
DA:115,0
DA:116,0
DA:120,0
DA:123,1
DA:127,0
DA:128,0
DA:129,0
DA:130,0
DA:133,0
DA:134,0
DA:136,0
DA:137,0
DA:138,0
DA:140,0
DA:141,0
DA:143,0
DA:147,0
DA:148,0
DA:150,0
LF:73
LH:36
BRDA:14,0,0,0
BRDA:14,0,1,20
BRDA:22,1,0,0
BRDA:22,1,1,12
BRDA:23,2,0,0
BRDA:23,2,1,12
BRDA:24,3,0,12
BRDA:24,3,1,7
BRDA:25,4,0,12
BRDA:25,4,1,0
BRDA:25,5,0,0
BRDA:25,5,1,0
BRDA:27,6,0,0
BRDA:27,6,1,12
BRDA:33,7,0,0
BRDA:33,7,1,0
BRDA:33,8,0,0
BRDA:33,8,1,0
BRDA:45,9,0,0
BRDA:45,9,1,7
BRDA:46,10,0,0
BRDA:46,10,1,7
BRDA:49,11,0,0
BRDA:49,11,1,7
BRDA:61,12,0,6
BRDA:61,13,0,6
BRDA:63,14,0,6
BRDA:63,14,1,6
BRDA:65,15,0,1
BRDA:65,15,1,1
BRDA:68,16,0,1
BRDA:68,16,1,5
BRDA:73,17,0,5
BRDA:73,17,1,0
BRDA:73,17,2,0
BRDA:75,18,0,5
BRDA:75,18,1,5
BRDA:75,18,2,5
BRDA:75,18,3,0
BRDA:75,18,4,0
BRDA:85,19,0,1
BRDA:87,20,0,1
BRDA:87,20,1,1
BRDA:89,21,0,1
BRDA:89,21,1,1
BRDA:95,22,0,0
BRDA:97,23,0,0
BRDA:97,23,1,0
BRDA:99,24,0,0
BRDA:99,24,1,0
BRDA:102,25,0,0
BRDA:102,25,1,0
BRDA:110,26,0,0
BRDA:110,26,1,1
BRDA:111,27,0,0
BRDA:111,27,1,1
BRDA:114,28,0,0
BRDA:114,28,1,1
BRDA:129,29,0,0
BRDA:129,29,1,0
BRDA:130,30,0,0
BRDA:130,30,1,0
BRDA:138,31,0,0
BRDA:138,31,1,0
BRDA:140,32,0,0
BRDA:140,32,1,0
BRF:66
BRH:30
end_of_record
TN:
SF:src/services/contactService.ts
FN:10,(anonymous_0)
FNF:1
FNH:0
FNDA:0,(anonymous_0)
DA:5,0
DA:11,0
DA:12,0
DA:13,0
DA:15,0
LF:5
LH:0
BRDA:15,0,0,0
BRDA:15,0,1,0
BRF:2
BRH:0
end_of_record
TN:
SF:src/services/firebaseConfig.ts
FNF:0
FNH:0
LF:0
LH:0
BRF:0
BRH:0
end_of_record
TN:
SF:src/services/marketingService.ts
FN:7,(anonymous_0)
FN:16,(anonymous_1)
FN:30,(anonymous_2)
FNF:3
FNH:0
FNDA:0,(anonymous_0)
FNDA:0,(anonymous_1)
FNDA:0,(anonymous_2)
DA:6,0
DA:8,0
DA:9,0
DA:10,0
DA:12,0
DA:17,0
DA:18,0
DA:23,0
DA:25,0
DA:26,0
DA:31,0
DA:32,0
DA:36,0
DA:38,0
LF:14
LH:0
BRDA:12,0,0,0
BRDA:12,0,1,0
BRDA:25,1,0,0
BRDA:25,1,1,0
BRDA:33,2,0,0
BRDA:33,2,1,0
BRDA:38,3,0,0
BRDA:38,3,1,0
BRF:8
BRH:0
end_of_record
TN:
SF:src/services/orderService.ts
FN:12,(anonymous_0)
FN:17,(anonymous_1)
FN:41,(anonymous_2)
FN:53,(anonymous_3)
FN:55,(anonymous_4)
FN:59,(anonymous_5)
FN:67,(anonymous_6)
FN:78,(anonymous_7)
FN:96,(anonymous_8)
FN:102,(anonymous_9)
FN:108,(anonymous_10)
FN:118,(anonymous_11)
FN:132,(anonymous_12)
FNF:13
FNH:13
FNDA:1,(anonymous_0)
FNDA:1,(anonymous_1)
FNDA:1,(anonymous_2)
FNDA:2,(anonymous_3)
FNDA:1,(anonymous_4)
FNDA:1,(anonymous_5)
FNDA:2,(anonymous_6)
FNDA:1,(anonymous_7)
FNDA:1,(anonymous_8)
FNDA:1,(anonymous_9)
FNDA:1,(anonymous_10)
FNDA:1,(anonymous_11)
FNDA:1,(anonymous_12)
DA:11,2
DA:13,1
DA:14,1
DA:17,1
DA:31,1
DA:34,1
DA:36,0
DA:37,0
DA:42,1
DA:43,1
DA:46,1
DA:48,0
DA:49,0
DA:54,2
DA:55,2
DA:56,2
DA:59,1
DA:62,2
DA:66,2
DA:67,2
DA:77,1
DA:78,1
DA:87,0
DA:89,0
DA:90,0
DA:97,1
DA:98,1
DA:99,1
DA:102,1
DA:104,0
DA:105,0
DA:109,1
DA:110,1
DA:111,1
DA:115,0
DA:119,1
DA:120,1
DA:121,1
DA:125,0
DA:131,2
DA:133,1
DA:134,1
DA:137,1
DA:139,0
DA:140,0
LF:45
LH:32
BRDA:15,0,0,1
BRDA:15,0,1,0
BRDA:15,1,0,0
BRDA:15,1,1,0
BRDA:15,2,0,0
BRDA:15,2,1,0
BRDA:16,3,0,1
BRDA:16,3,1,1
BRDA:17,4,0,1
BRDA:17,4,1,0
BRDA:19,5,0,1
BRDA:19,5,1,1
BRDA:23,6,0,1
BRDA:23,6,1,0
BRDA:24,7,0,1
BRDA:24,7,1,1
BRDA:25,8,0,1
BRDA:25,8,1,1
BRDA:26,9,0,1
BRDA:26,9,1,1
BRDA:27,10,0,1
BRDA:27,10,1,1
BRDA:28,11,0,1
BRDA:28,11,1,1
BRDA:53,12,0,2
BRDA:66,13,0,1
BRDA:66,13,1,1
BRDA:70,14,0,2
BRDA:70,14,1,0
BRDA:71,15,0,2
BRDA:71,15,1,2
BRDA:77,16,0,1
BRDA:77,16,1,0
BRDA:79,17,0,1
BRDA:79,17,1,0
BRDA:80,18,0,1
BRDA:80,18,1,0
BRDA:81,19,0,1
BRDA:81,19,1,0
BRDA:81,19,2,0
BRDA:82,20,0,1
BRDA:82,20,1,1
BRDA:83,21,0,1
BRDA:83,21,1,1
BRDA:97,22,0,0
BRDA:97,22,1,1
BRDA:102,23,0,1
BRDA:102,23,1,0
BRDA:109,24,0,0
BRDA:109,24,1,1
BRDA:109,25,0,1
BRDA:109,25,1,1
BRDA:119,26,0,0
BRDA:119,26,1,1
BRF:54
BRH:37
end_of_record
TN:
SF:src/services/productService.ts
FN:15,(anonymous_0)
FN:24,(anonymous_1)
FN:44,(anonymous_2)
FN:72,(anonymous_3)
FN:87,(anonymous_4)
FN:102,(anonymous_5)
FN:116,(anonymous_6)
FN:130,(anonymous_7)
FN:145,(anonymous_8)
FNF:9
FNH:9
FNDA:6,(anonymous_0)
FNDA:1,(anonymous_1)
FNDA:1,(anonymous_2)
FNDA:1,(anonymous_3)
FNDA:65,(anonymous_4)
FNDA:1,(anonymous_5)
FNDA:1,(anonymous_6)
FNDA:1,(anonymous_7)
FNDA:1,(anonymous_8)
DA:10,14
DA:15,14
DA:16,6
DA:17,5
DA:24,1
DA:40,14
DA:45,1
DA:46,1
DA:47,1
DA:48,1
DA:49,1
DA:50,1
DA:51,1
DA:53,1
DA:54,0
DA:56,1
DA:61,1
DA:62,1
DA:64,0
DA:65,0
DA:73,1
DA:74,1
DA:77,1
DA:79,0
DA:80,0
DA:88,65
DA:89,65
DA:92,1
DA:94,14
DA:95,14
DA:103,1
DA:104,1
DA:107,1
DA:109,0
DA:110,0
DA:117,1
DA:118,1
DA:121,1
DA:123,0
DA:124,0
DA:131,1
DA:132,1
DA:135,1
DA:137,0
DA:138,0
DA:146,1
DA:148,1
DA:151,1
DA:153,0
DA:154,0
LF:50
LH:37
BRDA:16,0,0,1
BRDA:16,0,1,5
BRDA:19,1,0,5
BRDA:19,1,1,2
BRDA:19,1,2,2
BRDA:20,2,0,6
BRDA:20,2,1,5
BRDA:20,2,2,4
BRDA:21,3,0,6
BRDA:21,3,1,5
BRDA:21,3,2,4
BRDA:22,4,0,6
BRDA:22,4,1,5
BRDA:23,5,0,6
BRDA:23,5,1,5
BRDA:24,6,0,6
BRDA:24,6,1,4
BRDA:26,7,0,1
BRDA:26,7,1,1
BRDA:26,7,2,0
BRDA:44,8,0,1
BRDA:47,9,0,1
BRDA:47,9,1,0
BRDA:48,10,0,0
BRDA:48,10,1,1
BRDA:49,11,0,0
BRDA:49,11,1,1
BRDA:50,12,0,0
BRDA:50,12,1,1
BRDA:51,13,0,1
BRDA:51,13,1,0
BRDA:53,14,0,1
BRDA:53,14,1,0
BRDA:61,15,0,1
BRDA:61,15,1,0
BRDA:61,16,0,0
BRDA:61,16,1,0
BRDA:92,17,0,1
BRDA:92,17,1,0
BRDA:107,18,0,1
BRDA:107,18,1,0
BRF:41
BRH:29
end_of_record
TN:
SF:src/services/subscriptionService.ts
FN:7,(anonymous_0)
FN:8,(anonymous_1)
FN:10,(anonymous_2)
FN:11,(anonymous_3)
FN:13,(anonymous_4)
FN:14,(anonymous_5)
FN:16,(anonymous_6)
FN:17,(anonymous_7)
FN:19,(anonymous_8)
FN:20,(anonymous_9)
FN:22,(anonymous_10)
FN:23,(anonymous_11)
FN:25,(anonymous_12)
FN:26,(anonymous_13)
FNF:14
FNH:0
FNDA:0,(anonymous_0)
FNDA:0,(anonymous_1)
FNDA:0,(anonymous_2)
FNDA:0,(anonymous_3)
FNDA:0,(anonymous_4)
FNDA:0,(anonymous_5)
FNDA:0,(anonymous_6)
FNDA:0,(anonymous_7)
FNDA:0,(anonymous_8)
FNDA:0,(anonymous_9)
FNDA:0,(anonymous_10)
FNDA:0,(anonymous_11)
FNDA:0,(anonymous_12)
FNDA:0,(anonymous_13)
DA:6,0
DA:8,0
DA:11,0
DA:14,0
DA:17,0
DA:20,0
DA:23,0
DA:26,0
LF:8
LH:0
BRF:0
BRH:0
end_of_record
TN:
SF:src/types/address.ts
FNF:0
FNH:0
LF:0
LH:0
BRF:0
BRH:0
end_of_record
TN:
SF:src/types/auth.ts
FNF:0
FNH:0
LF:0
LH:0
BRF:0
BRH:0
end_of_record
TN:
SF:src/types/cart.ts
FNF:0
FNH:0
LF:0
LH:0
BRF:0
BRH:0
end_of_record
TN:
SF:src/types/index.ts
FNF:0
FNH:0
LF:0
LH:0
BRF:0
BRH:0
end_of_record
TN:
SF:src/types/marketing.ts
FNF:0
FNH:0
LF:0
LH:0
BRF:0
BRH:0
end_of_record
TN:
SF:src/types/order.ts
FNF:0
FNH:0
LF:0
LH:0
BRF:0
BRH:0
end_of_record
TN:
SF:src/types/payment.ts
FNF:0
FNH:0
LF:0
LH:0
BRF:0
BRH:0
end_of_record
TN:
SF:src/types/product.ts
FNF:0
FNH:0
LF:0
LH:0
BRF:0
BRH:0
end_of_record
TN:
SF:src/types/safeAny.ts
FNF:0
FNH:0
LF:0
LH:0
BRF:0
BRH:0
end_of_record
TN:
SF:src/types/subscription.ts
FNF:0
FNH:0
LF:0
LH:0
BRF:0
BRH:0
end_of_record
TN:
SF:src/utils/cn.ts
FN:7,cn
FNF:1
FNH:1
FNDA:42,cn
DA:8,42
LF:1
LH:1
BRF:0
BRH:0
end_of_record
TN:
SF:src/utils/fiscal.ts
FN:9,(anonymous_0)
FN:16,(anonymous_1)
FN:52,(anonymous_2)
FN:95,(anonymous_3)
FNF:4
FNH:2
FNDA:2,(anonymous_0)
FNDA:1,(anonymous_1)
FNDA:0,(anonymous_2)
FNDA:0,(anonymous_3)
DA:9,1
DA:10,2
DA:16,1
DA:17,1
DA:19,1
DA:22,1
DA:24,0
DA:28,0
DA:29,0
DA:32,0
DA:33,0
DA:34,0
DA:37,0
DA:38,0
DA:39,0
DA:42,0
DA:43,0
DA:44,0
DA:46,0
DA:52,1
DA:53,0
DA:55,0
DA:58,0
DA:61,0
DA:62,0
DA:63,0
DA:64,0
DA:65,0
DA:67,0
DA:68,0
DA:69,0
DA:72,0
DA:73,0
DA:76,0
DA:77,0
DA:78,0
DA:79,0
DA:81,0
DA:82,0
DA:83,0
DA:86,0
DA:87,0
DA:89,0
DA:95,1
DA:96,0
DA:98,0
DA:100,0
DA:107,0
LF:48
LH:8
BRDA:19,0,0,0
BRDA:19,0,1,1
BRDA:22,1,0,1
BRDA:22,1,1,0
BRDA:33,2,0,0
BRDA:33,2,1,0
BRDA:33,3,0,0
BRDA:33,3,1,0
BRDA:34,4,0,0
BRDA:34,4,1,0
BRDA:43,5,0,0
BRDA:43,5,1,0
BRDA:43,6,0,0
BRDA:43,6,1,0
BRDA:44,7,0,0
BRDA:44,7,1,0
BRDA:55,8,0,0
BRDA:55,8,1,0
BRDA:58,9,0,0
BRDA:58,9,1,0
BRDA:69,10,0,0
BRDA:69,10,1,0
BRDA:72,11,0,0
BRDA:72,11,1,0
BRDA:73,12,0,0
BRDA:73,12,1,0
BRDA:83,13,0,0
BRDA:83,13,1,0
BRDA:86,14,0,0
BRDA:86,14,1,0
BRDA:87,15,0,0
BRDA:87,15,1,0
BRDA:98,16,0,0
BRDA:98,16,1,0
BRF:34
BRH:2
end_of_record
TN:
SF:src/utils/imageUtils.ts
FN:8,getOptimizedImageUrl
FN:30,getImageUrl
FN:52,(anonymous_2)
FN:79,(anonymous_3)
FN:80,(anonymous_4)
FN:86,(anonymous_5)
FN:87,(anonymous_6)
FN:89,(anonymous_7)
FN:90,(anonymous_8)
FNF:9
FNH:2
FNDA:18,getOptimizedImageUrl
FNDA:42,getImageUrl
FNDA:0,(anonymous_2)
FNDA:0,(anonymous_3)
FNDA:0,(anonymous_4)
FNDA:0,(anonymous_5)
FNDA:0,(anonymous_6)
FNDA:0,(anonymous_7)
FNDA:0,(anonymous_8)
DA:9,18
DA:10,18
DA:14,0
DA:15,0
DA:16,0
DA:17,0
DA:19,0
DA:23,0
DA:24,0
DA:27,0
DA:31,42
DA:32,0
DA:35,42
DA:36,21
DA:40,21
DA:41,42
DA:42,42
DA:52,6
DA:53,0
DA:54,0
DA:55,0
DA:57,0
DA:58,0
DA:62,0
DA:63,0
DA:66,0
DA:79,0
DA:80,0
DA:81,0
DA:86,6
DA:87,0
DA:88,0
DA:89,0
DA:90,0
DA:91,0
DA:92,0
LF:36
LH:10
BRDA:9,0,0,18
BRDA:9,0,1,0
BRDA:9,1,0,18
BRDA:9,1,1,18
BRDA:15,2,0,0
BRDA:15,2,1,0
BRDA:16,3,0,0
BRDA:16,3,1,0
BRDA:23,4,0,0
BRDA:23,4,1,0
BRDA:31,5,0,0
BRDA:31,5,1,42
BRDA:31,6,0,42
BRDA:31,6,1,42
BRDA:31,6,2,42
BRDA:31,6,3,42
BRDA:35,7,0,21
BRDA:35,7,1,21
BRDA:35,8,0,42
BRDA:35,8,1,37
BRDA:35,8,2,21
BRDA:40,9,0,21
BRDA:40,9,1,0
BRDA:57,10,0,0
BRDA:57,10,1,0
BRF:25
BRH:14
end_of_record
TN:
SF:src/utils/nsfwModerator.ts
FN:8,(anonymous_0)
FN:10,(anonymous_1)
FN:35,(anonymous_2)
FN:44,(anonymous_3)
FN:61,(anonymous_4)
FN:62,(anonymous_5)
FN:64,(anonymous_6)
FN:66,(anonymous_7)
FNF:8
FNH:0
FNDA:0,(anonymous_0)
FNDA:0,(anonymous_1)
FNDA:0,(anonymous_2)
FNDA:0,(anonymous_3)
FNDA:0,(anonymous_4)
FNDA:0,(anonymous_5)
FNDA:0,(anonymous_6)
FNDA:0,(anonymous_7)
DA:3,0
DA:8,0
DA:9,0
DA:10,0
DA:11,0
DA:17,0
DA:19,0
DA:22,0
DA:35,0
DA:39,0
DA:40,0
DA:43,0
DA:44,0
DA:45,0
DA:48,0
DA:49,0
DA:51,0
DA:61,0
DA:62,0
DA:63,0
DA:64,0
DA:65,0
DA:66,0
DA:67,0
DA:68,0
DA:69,0
DA:71,0
DA:74,0
DA:75,0
LF:29
LH:0
BRDA:9,0,0,0
BRDA:9,0,1,0
BRDA:37,1,0,0
BRDA:48,2,0,0
BRDA:48,2,1,0
BRDA:49,3,0,0
BRDA:49,3,1,0
BRDA:49,4,0,0
BRDA:49,4,1,0
BRDA:49,5,0,0
BRDA:49,5,1,0
BRDA:53,6,0,0
BRDA:53,6,1,0
BRDA:68,7,0,0
BRDA:68,7,1,0
BRF:15
BRH:0
end_of_record
