<?xml version="1.0" encoding="UTF-8"?>
<coverage generated="1770766343043" clover="3.2.0">
  <project timestamp="1770766343043" name="All files">
    <metrics statements="169" coveredstatements="97" conditionals="38" coveredconditionals="15" methods="60" coveredmethods="24" elements="267" coveredelements="136" complexity="0" loc="169" ncloc="169" packages="6" files="8" classes="8"/>
    <package name="src">
      <metrics statements="19" coveredstatements="17" conditionals="0" coveredconditionals="0" methods="9" coveredmethods="7"/>
      <file name="test-utils.tsx" path="/home/imdias/workspace/AtelieFilhosDeAruanda-/dashboard-admin/src/test-utils.tsx">
        <metrics statements="19" coveredstatements="17" conditionals="0" coveredconditionals="0" methods="9" coveredmethods="7"/>
        <line num="1" count="2" type="stmt"/>
        <line num="2" count="2" type="stmt"/>
        <line num="3" count="2" type="stmt"/>
        <line num="4" count="2" type="stmt"/>
        <line num="5" count="2" type="stmt"/>
        <line num="9" count="2" type="stmt"/>
        <line num="22" count="2" type="stmt"/>
        <line num="24" count="6" type="stmt"/>
        <line num="32" count="2" type="stmt"/>
        <line num="34" count="0" type="stmt"/>
        <line num="38" count="2" type="stmt"/>
        <line num="40" count="0" type="stmt"/>
        <line num="47" count="2" type="stmt"/>
        <line num="48" count="6" type="stmt"/>
        <line num="51" count="2" type="stmt"/>
        <line num="59" count="2" type="stmt"/>
        <line num="62" count="6" type="stmt"/>
        <line num="65" count="2" type="stmt"/>
        <line num="66" count="2" type="stmt"/>
      </file>
    </package>
    <package name="src.components.products">
      <metrics statements="39" coveredstatements="10" conditionals="18" coveredconditionals="3" methods="22" coveredmethods="2"/>
      <file name="MediaGallery.tsx" path="/home/imdias/workspace/AtelieFilhosDeAruanda-/dashboard-admin/src/components/products/MediaGallery.tsx">
        <metrics statements="24" coveredstatements="6" conditionals="10" coveredconditionals="1" methods="12" coveredmethods="1"/>
        <line num="12" count="12" type="stmt"/>
        <line num="14" count="12" type="stmt"/>
        <line num="15" count="0" type="cond" truecount="0" falsecount="2"/>
        <line num="16" count="0" type="stmt"/>
        <line num="17" count="0" type="stmt"/>
        <line num="19" count="0" type="stmt"/>
        <line num="20" count="0" type="stmt"/>
        <line num="21" count="0" type="stmt"/>
        <line num="22" count="0" type="stmt"/>
        <line num="29" count="0" type="stmt"/>
        <line num="33" count="0" type="stmt"/>
        <line num="34" count="0" type="stmt"/>
        <line num="38" count="12" type="stmt"/>
        <line num="39" count="0" type="stmt"/>
        <line num="42" count="12" type="stmt"/>
        <line num="43" count="0" type="stmt"/>
        <line num="46" count="12" type="stmt"/>
        <line num="48" count="0" type="stmt"/>
        <line num="49" count="0" type="cond" truecount="0" falsecount="2"/>
        <line num="52" count="12" type="stmt"/>
        <line num="68" count="0" type="stmt"/>
        <line num="74" count="0" type="stmt"/>
        <line num="80" count="0" type="stmt"/>
        <line num="86" count="0" type="stmt"/>
      </file>
      <file name="VariantsManager.tsx" path="/home/imdias/workspace/AtelieFilhosDeAruanda-/dashboard-admin/src/components/products/VariantsManager.tsx">
        <metrics statements="15" coveredstatements="4" conditionals="8" coveredconditionals="2" methods="10" coveredmethods="1"/>
        <line num="11" count="12" type="stmt"/>
        <line num="18" count="12" type="stmt"/>
        <line num="19" count="0" type="cond" truecount="0" falsecount="2"/>
        <line num="21" count="0" type="stmt"/>
        <line num="29" count="0" type="stmt"/>
        <line num="30" count="0" type="stmt"/>
        <line num="33" count="12" type="stmt"/>
        <line num="34" count="0" type="stmt"/>
        <line num="37" count="12" type="stmt"/>
        <line num="48" count="0" type="stmt"/>
        <line num="57" count="0" type="stmt"/>
        <line num="69" count="0" type="stmt"/>
        <line num="82" count="0" type="stmt"/>
        <line num="97" count="0" type="stmt"/>
        <line num="106" count="0" type="stmt"/>
      </file>
    </package>
    <package name="src.context">
      <metrics statements="53" coveredstatements="33" conditionals="8" coveredconditionals="4" methods="14" coveredmethods="8"/>
      <file name="AuthContext.tsx" path="/home/imdias/workspace/AtelieFilhosDeAruanda-/dashboard-admin/src/context/AuthContext.tsx">
        <metrics statements="26" coveredstatements="16" conditionals="2" coveredconditionals="1" methods="6" coveredmethods="5"/>
        <line num="11" count="2" type="stmt"/>
        <line num="14" count="13" type="stmt"/>
        <line num="15" count="13" type="stmt"/>
        <line num="17" count="13" type="stmt"/>
        <line num="18" count="6" type="stmt"/>
        <line num="19" count="6" type="stmt"/>
        <line num="20" count="6" type="cond" truecount="1" falsecount="1"/>
        <line num="21" count="6" type="stmt"/>
        <line num="22" count="6" type="stmt"/>
        <line num="25" count="0" type="stmt"/>
        <line num="28" count="0" type="stmt"/>
        <line num="29" count="0" type="stmt"/>
        <line num="31" count="0" type="stmt"/>
        <line num="32" count="0" type="stmt"/>
        <line num="33" count="0" type="stmt"/>
        <line num="35" count="0" type="stmt"/>
        <line num="39" count="6" type="stmt"/>
        <line num="42" count="13" type="stmt"/>
        <line num="43" count="1" type="stmt"/>
        <line num="44" count="1" type="stmt"/>
        <line num="47" count="13" type="stmt"/>
        <line num="48" count="0" type="stmt"/>
        <line num="49" count="0" type="stmt"/>
        <line num="50" count="0" type="stmt"/>
        <line num="53" count="13" type="stmt"/>
        <line num="60" count="9" type="stmt"/>
      </file>
      <file name="TenantContext.tsx" path="/home/imdias/workspace/AtelieFilhosDeAruanda-/dashboard-admin/src/context/TenantContext.tsx">
        <metrics statements="27" coveredstatements="17" conditionals="6" coveredconditionals="3" methods="8" coveredmethods="3"/>
        <line num="14" count="2" type="stmt"/>
        <line num="17" count="11" type="stmt"/>
        <line num="18" count="11" type="stmt"/>
        <line num="19" count="11" type="stmt"/>
        <line num="21" count="11" type="stmt"/>
        <line num="22" count="6" type="stmt"/>
        <line num="25" count="11" type="stmt"/>
        <line num="26" count="6" type="stmt"/>
        <line num="27" count="6" type="stmt"/>
        <line num="28" count="6" type="stmt"/>
        <line num="31" count="6" type="stmt"/>
        <line num="32" count="6" type="cond" truecount="2" falsecount="0"/>
        <line num="34" count="6" type="cond" truecount="1" falsecount="1"/>
        <line num="35" count="0" type="stmt"/>
        <line num="38" count="0" type="stmt"/>
        <line num="40" count="6" type="stmt"/>
        <line num="44" count="11" type="stmt"/>
        <line num="45" count="0" type="stmt"/>
        <line num="46" count="0" type="stmt"/>
        <line num="48" count="0" type="stmt"/>
        <line num="51" count="11" type="stmt"/>
        <line num="52" count="0" type="stmt"/>
        <line num="53" count="0" type="cond" truecount="0" falsecount="2"/>
        <line num="54" count="0" type="stmt"/>
        <line num="56" count="0" type="stmt"/>
        <line num="60" count="11" type="stmt"/>
        <line num="67" count="0" type="stmt"/>
      </file>
    </package>
    <package name="src.pages.auth">
      <metrics statements="11" coveredstatements="11" conditionals="2" coveredconditionals="2" methods="2" coveredmethods="2"/>
      <file name="LoginPage.tsx" path="/home/imdias/workspace/AtelieFilhosDeAruanda-/dashboard-admin/src/pages/auth/LoginPage.tsx">
        <metrics statements="11" coveredstatements="11" conditionals="2" coveredconditionals="2" methods="2" coveredmethods="2"/>
        <line num="8" count="9" type="stmt"/>
        <line num="9" count="9" type="stmt"/>
        <line num="10" count="9" type="stmt"/>
        <line num="11" count="9" type="stmt"/>
        <line num="13" count="9" type="stmt"/>
        <line num="14" count="2" type="stmt"/>
        <line num="15" count="2" type="stmt"/>
        <line num="16" count="1" type="stmt"/>
        <line num="17" count="1" type="stmt"/>
        <line num="19" count="1" type="stmt"/>
        <line num="23" count="9" type="stmt"/>
      </file>
    </package>
    <package name="src.pages.products">
      <metrics statements="36" coveredstatements="25" conditionals="10" coveredconditionals="6" methods="8" coveredmethods="5"/>
      <file name="ProductForm.tsx" path="/home/imdias/workspace/AtelieFilhosDeAruanda-/dashboard-admin/src/pages/products/ProductForm.tsx">
        <metrics statements="36" coveredstatements="25" conditionals="10" coveredconditionals="6" methods="8" coveredmethods="5"/>
        <line num="14" count="1" type="stmt"/>
        <line num="26" count="12" type="stmt"/>
        <line num="27" count="12" type="stmt"/>
        <line num="28" count="12" type="stmt"/>
        <line num="29" count="12" type="stmt"/>
        <line num="30" count="12" type="stmt"/>
        <line num="31" count="12" type="stmt"/>
        <line num="33" count="12" type="stmt"/>
        <line num="34" count="3" type="stmt"/>
        <line num="35" count="3" type="cond" truecount="1" falsecount="1"/>
        <line num="36" count="0" type="stmt"/>
        <line num="40" count="12" type="stmt"/>
        <line num="41" count="3" type="stmt"/>
        <line num="42" count="3" type="stmt"/>
        <line num="43" count="3" type="stmt"/>
        <line num="45" count="0" type="stmt"/>
        <line num="49" count="12" type="stmt"/>
        <line num="50" count="0" type="cond" truecount="0" falsecount="2"/>
        <line num="51" count="0" type="stmt"/>
        <line num="52" count="0" type="stmt"/>
        <line num="55" count="0" type="stmt"/>
        <line num="57" count="0" type="stmt"/>
        <line num="61" count="12" type="stmt"/>
        <line num="70" count="12" type="stmt"/>
        <line num="71" count="1" type="stmt"/>
        <line num="72" count="1" type="stmt"/>
        <line num="73" count="1" type="stmt"/>
        <line num="80" count="1" type="stmt"/>
        <line num="81" count="1" type="stmt"/>
        <line num="83" count="0" type="stmt"/>
        <line num="84" count="0" type="stmt"/>
        <line num="86" count="1" type="stmt"/>
        <line num="90" count="12" type="stmt"/>
        <line num="93" count="0" type="stmt"/>
        <line num="139" count="12" type="stmt"/>
        <line num="165" count="0" type="stmt"/>
      </file>
    </package>
    <package name="src.services">
      <metrics statements="11" coveredstatements="1" conditionals="0" coveredconditionals="0" methods="5" coveredmethods="0"/>
      <file name="MediaService.ts" path="/home/imdias/workspace/AtelieFilhosDeAruanda-/dashboard-admin/src/services/MediaService.ts">
        <metrics statements="11" coveredstatements="1" conditionals="0" coveredconditionals="0" methods="5" coveredmethods="0"/>
        <line num="10" count="1" type="stmt"/>
        <line num="12" count="0" type="stmt"/>
        <line num="13" count="0" type="stmt"/>
        <line num="16" count="0" type="stmt"/>
        <line num="19" count="0" type="stmt"/>
        <line num="23" count="0" type="stmt"/>
        <line num="24" count="0" type="stmt"/>
        <line num="26" count="0" type="stmt"/>
        <line num="30" count="0" type="stmt"/>
        <line num="31" count="0" type="stmt"/>
        <line num="32" count="0" type="stmt"/>
      </file>
    </package>
  </project>
</coverage>
