{"/home/imdias/workspace/AtelieFilhosDeAruanda-/dashboard-admin/src/test-utils.tsx": {"path":"/home/imdias/workspace/AtelieFilhosDeAruanda-/dashboard-admin/src/test-utils.tsx","statementMap":{"0":{"start":{"line":9,"column":0},"end":{"line":19,"column":null}},"1":{"start":{"line":9,"column":30},"end":{"line":19,"column":2}},"2":{"start":{"line":22,"column":0},"end":{"line":30,"column":null}},"3":{"start":{"line":22,"column":43},"end":{"line":30,"column":2}},"4":{"start":{"line":24,"column":28},"end":{"line":24,"column":47}},"5":{"start":{"line":32,"column":0},"end":{"line":36,"column":null}},"6":{"start":{"line":32,"column":45},"end":{"line":36,"column":2}},"7":{"start":{"line":34,"column":28},"end":{"line":34,"column":47}},"8":{"start":{"line":38,"column":0},"end":{"line":45,"column":null}},"9":{"start":{"line":38,"column":44},"end":{"line":45,"column":2}},"10":{"start":{"line":40,"column":28},"end":{"line":40,"column":47}},"11":{"start":{"line":51,"column":16},"end":{"line":51,"column":17}},"12":{"start":{"line":1,"column":0},"end":{"line":1,"column":null}},"13":{"start":{"line":2,"column":0},"end":{"line":2,"column":null}},"14":{"start":{"line":3,"column":0},"end":{"line":3,"column":null}},"15":{"start":{"line":4,"column":0},"end":{"line":4,"column":null}},"16":{"start":{"line":5,"column":0},"end":{"line":5,"column":null}},"17":{"start":{"line":65,"column":0},"end":{"line":65,"column":null}},"18":{"start":{"line":47,"column":24},"end":{"line":57,"column":null}},"19":{"start":{"line":48,"column":4},"end":{"line":55,"column":null}},"20":{"start":{"line":59,"column":21},"end":{"line":62,"column":null}},"21":{"start":{"line":62,"column":5},"end":{"line":62,"column":null}},"22":{"start":{"line":66,"column":18},"end":{"line":66,"column":null}}},"fnMap":{"0":{"name":"(anonymous_0)","decl":{"start":{"line":9,"column":23},"end":{"line":9,"column":30}},"loc":{"start":{"line":9,"column":30},"end":{"line":19,"column":2}},"line":9},"1":{"name":"(anonymous_1)","decl":{"start":{"line":22,"column":36},"end":{"line":22,"column":43}},"loc":{"start":{"line":22,"column":43},"end":{"line":30,"column":2}},"line":22},"2":{"name":"(anonymous_2)","decl":{"start":{"line":24,"column":22},"end":{"line":24,"column":28}},"loc":{"start":{"line":24,"column":28},"end":{"line":24,"column":47}},"line":24},"3":{"name":"(anonymous_3)","decl":{"start":{"line":32,"column":38},"end":{"line":32,"column":45}},"loc":{"start":{"line":32,"column":45},"end":{"line":36,"column":2}},"line":32},"4":{"name":"(anonymous_4)","decl":{"start":{"line":34,"column":22},"end":{"line":34,"column":28}},"loc":{"start":{"line":34,"column":28},"end":{"line":34,"column":47}},"line":34},"5":{"name":"(anonymous_5)","decl":{"start":{"line":38,"column":37},"end":{"line":38,"column":44}},"loc":{"start":{"line":38,"column":44},"end":{"line":45,"column":2}},"line":38},"6":{"name":"(anonymous_6)","decl":{"start":{"line":40,"column":22},"end":{"line":40,"column":28}},"loc":{"start":{"line":40,"column":28},"end":{"line":40,"column":47}},"line":40},"7":{"name":"(anonymous_7)","decl":{"start":{"line":47,"column":24},"end":{"line":47,"column":25}},"loc":{"start":{"line":47,"column":73},"end":{"line":57,"column":null}},"line":47},"8":{"name":"(anonymous_8)","decl":{"start":{"line":59,"column":21},"end":{"line":59,"column":null}},"loc":{"start":{"line":62,"column":5},"end":{"line":62,"column":null}},"line":62}},"branchMap":{},"s":{"0":5,"1":5,"2":5,"3":5,"4":13,"5":5,"6":1,"7":0,"8":5,"9":1,"10":0,"11":5,"12":5,"13":5,"14":5,"15":5,"16":5,"17":5,"18":5,"19":13,"20":5,"21":13,"22":5},"f":{"0":5,"1":5,"2":13,"3":1,"4":0,"5":1,"6":0,"7":13,"8":13},"b":{},"meta":{"lastBranch":0,"lastFunction":9,"lastStatement":23,"seen":{"s:9:0:19:Infinity":0,"f:9:23:9:30":0,"s:9:30:19:2":1,"s:22:0:30:Infinity":2,"f:22:36:22:43":1,"s:22:43:30:2":3,"f:24:22:24:28":2,"s:24:28:24:47":4,"s:32:0:36:Infinity":5,"f:32:38:32:45":3,"s:32:45:36:2":6,"f:34:22:34:28":4,"s:34:28:34:47":7,"s:38:0:45:Infinity":8,"f:38:37:38:44":5,"s:38:44:45:2":9,"f:40:22:40:28":6,"s:40:28:40:47":10,"s:51:16:51:17":11,"s:1:0:1:Infinity":12,"s:2:0:2:Infinity":13,"s:3:0:3:Infinity":14,"s:4:0:4:Infinity":15,"s:5:0:5:Infinity":16,"s:65:0:65:Infinity":17,"s:47:24:57:Infinity":18,"f:47:24:47:25":7,"s:48:4:55:Infinity":19,"s:59:21:62:Infinity":20,"f:59:21:59:Infinity":8,"s:62:5:62:Infinity":21,"s:66:18:66:Infinity":22}}}
,"/home/imdias/workspace/AtelieFilhosDeAruanda-/dashboard-admin/src/components/products/MediaGallery.tsx": {"path":"/home/imdias/workspace/AtelieFilhosDeAruanda-/dashboard-admin/src/components/products/MediaGallery.tsx","statementMap":{"0":{"start":{"line":12,"column":38},"end":{"line":12,"column":null}},"1":{"start":{"line":14,"column":25},"end":{"line":36,"column":null}},"2":{"start":{"line":15,"column":8},"end":{"line":35,"column":null}},"3":{"start":{"line":16,"column":12},"end":{"line":16,"column":null}},"4":{"start":{"line":17,"column":50},"end":{"line":17,"column":null}},"5":{"start":{"line":19,"column":12},"end":{"line":31,"column":null}},"6":{"start":{"line":20,"column":16},"end":{"line":30,"column":null}},"7":{"start":{"line":21,"column":37},"end":{"line":21,"column":null}},"8":{"start":{"line":22,"column":20},"end":{"line":27,"column":null}},"9":{"start":{"line":29,"column":20},"end":{"line":29,"column":null}},"10":{"start":{"line":33,"column":12},"end":{"line":33,"column":null}},"11":{"start":{"line":34,"column":12},"end":{"line":34,"column":null}},"12":{"start":{"line":38,"column":24},"end":{"line":40,"column":null}},"13":{"start":{"line":39,"column":8},"end":{"line":39,"column":null}},"14":{"start":{"line":39,"column":35},"end":{"line":39,"column":46}},"15":{"start":{"line":42,"column":20},"end":{"line":44,"column":null}},"16":{"start":{"line":43,"column":8},"end":{"line":43,"column":null}},"17":{"start":{"line":43,"column":33},"end":{"line":43,"column":63}},"18":{"start":{"line":46,"column":32},"end":{"line":50,"column":null}},"19":{"start":{"line":48,"column":23},"end":{"line":48,"column":null}},"20":{"start":{"line":49,"column":8},"end":{"line":49,"column":null}},"21":{"start":{"line":49,"column":32},"end":{"line":49,"column":71}},"22":{"start":{"line":52,"column":4},"end":{"line":97,"column":null}},"23":{"start":{"line":68,"column":20},"end":{"line":94,"column":null}},"24":{"start":{"line":74,"column":55},"end":{"line":74,"column":77}},"25":{"start":{"line":80,"column":51},"end":{"line":80,"column":null}},"26":{"start":{"line":86,"column":51},"end":{"line":86,"column":null}}},"fnMap":{"0":{"name":"MediaGallery","decl":{"start":{"line":11,"column":16},"end":{"line":11,"column":29}},"loc":{"start":{"line":11,"column":69},"end":{"line":99,"column":null}},"line":11},"1":{"name":"(anonymous_1)","decl":{"start":{"line":14,"column":25},"end":{"line":14,"column":32}},"loc":{"start":{"line":14,"column":75},"end":{"line":36,"column":null}},"line":14},"2":{"name":"(anonymous_2)","decl":{"start":{"line":38,"column":24},"end":{"line":38,"column":25}},"loc":{"start":{"line":38,"column":40},"end":{"line":40,"column":null}},"line":38},"3":{"name":"(anonymous_3)","decl":{"start":{"line":39,"column":30},"end":{"line":39,"column":35}},"loc":{"start":{"line":39,"column":35},"end":{"line":39,"column":46}},"line":39},"4":{"name":"(anonymous_4)","decl":{"start":{"line":42,"column":20},"end":{"line":42,"column":21}},"loc":{"start":{"line":42,"column":36},"end":{"line":44,"column":null}},"line":42},"5":{"name":"(anonymous_5)","decl":{"start":{"line":43,"column":27},"end":{"line":43,"column":33}},"loc":{"start":{"line":43,"column":33},"end":{"line":43,"column":63}},"line":43},"6":{"name":"(anonymous_6)","decl":{"start":{"line":46,"column":32},"end":{"line":46,"column":39}},"loc":{"start":{"line":46,"column":54},"end":{"line":50,"column":null}},"line":46},"7":{"name":"(anonymous_7)","decl":{"start":{"line":49,"column":27},"end":{"line":49,"column":32}},"loc":{"start":{"line":49,"column":32},"end":{"line":49,"column":71}},"line":49},"8":{"name":"(anonymous_8)","decl":{"start":{"line":67,"column":27},"end":{"line":67,"column":null}},"loc":{"start":{"line":68,"column":20},"end":{"line":94,"column":null}},"line":68},"9":{"name":"(anonymous_9)","decl":{"start":{"line":74,"column":49},"end":{"line":74,"column":55}},"loc":{"start":{"line":74,"column":55},"end":{"line":74,"column":77}},"line":74},"10":{"name":"(anonymous_10)","decl":{"start":{"line":80,"column":45},"end":{"line":80,"column":51}},"loc":{"start":{"line":80,"column":51},"end":{"line":80,"column":null}},"line":80},"11":{"name":"(anonymous_11)","decl":{"start":{"line":86,"column":45},"end":{"line":86,"column":51}},"loc":{"start":{"line":86,"column":51},"end":{"line":86,"column":null}},"line":86}},"branchMap":{"0":{"loc":{"start":{"line":15,"column":8},"end":{"line":35,"column":null}},"type":"if","locations":[{"start":{"line":15,"column":8},"end":{"line":35,"column":null}},{"start":{},"end":{}}],"line":15},"1":{"loc":{"start":{"line":49,"column":32},"end":{"line":49,"column":71}},"type":"cond-expr","locations":[{"start":{"line":49,"column":46},"end":{"line":49,"column":70}},{"start":{"line":49,"column":70},"end":{"line":49,"column":71}}],"line":49},"2":{"loc":{"start":{"line":61,"column":25},"end":{"line":61,"column":null}},"type":"cond-expr","locations":[{"start":{"line":61,"column":39},"end":{"line":61,"column":55}},{"start":{"line":61,"column":55},"end":{"line":61,"column":null}}],"line":61},"3":{"loc":{"start":{"line":81,"column":76},"end":{"line":81,"column":161}},"type":"cond-expr","locations":[{"start":{"line":81,"column":90},"end":{"line":81,"column":119}},{"start":{"line":81,"column":119},"end":{"line":81,"column":161}}],"line":81},"4":{"loc":{"start":{"line":83,"column":37},"end":{"line":83,"column":null}},"type":"cond-expr","locations":[{"start":{"line":83,"column":51},"end":{"line":83,"column":60}},{"start":{"line":83,"column":60},"end":{"line":83,"column":null}}],"line":83}},"s":{"0":14,"1":14,"2":0,"3":0,"4":0,"5":0,"6":0,"7":0,"8":0,"9":0,"10":0,"11":0,"12":14,"13":0,"14":0,"15":14,"16":0,"17":0,"18":14,"19":0,"20":0,"21":0,"22":14,"23":0,"24":0,"25":0,"26":0},"f":{"0":14,"1":0,"2":0,"3":0,"4":0,"5":0,"6":0,"7":0,"8":0,"9":0,"10":0,"11":0},"b":{"0":[0,0],"1":[0,0],"2":[0,14],"3":[0,0],"4":[0,0]},"meta":{"lastBranch":5,"lastFunction":12,"lastStatement":27,"seen":{"f:11:16:11:29":0,"s:12:38:12:Infinity":0,"s:14:25:36:Infinity":1,"f:14:25:14:32":1,"b:15:8:35:Infinity:undefined:undefined:undefined:undefined":0,"s:15:8:35:Infinity":2,"s:16:12:16:Infinity":3,"s:17:50:17:Infinity":4,"s:19:12:31:Infinity":5,"s:20:16:30:Infinity":6,"s:21:37:21:Infinity":7,"s:22:20:27:Infinity":8,"s:29:20:29:Infinity":9,"s:33:12:33:Infinity":10,"s:34:12:34:Infinity":11,"s:38:24:40:Infinity":12,"f:38:24:38:25":2,"s:39:8:39:Infinity":13,"f:39:30:39:35":3,"s:39:35:39:46":14,"s:42:20:44:Infinity":15,"f:42:20:42:21":4,"s:43:8:43:Infinity":16,"f:43:27:43:33":5,"s:43:33:43:63":17,"s:46:32:50:Infinity":18,"f:46:32:46:39":6,"s:48:23:48:Infinity":19,"s:49:8:49:Infinity":20,"f:49:27:49:32":7,"s:49:32:49:71":21,"b:49:46:49:70:49:70:49:71":1,"s:52:4:97:Infinity":22,"b:61:39:61:55:61:55:61:Infinity":2,"f:67:27:67:Infinity":8,"s:68:20:94:Infinity":23,"f:74:49:74:55":9,"s:74:55:74:77":24,"f:80:45:80:51":10,"s:80:51:80:Infinity":25,"b:81:90:81:119:81:119:81:161":3,"b:83:51:83:60:83:60:83:Infinity":4,"f:86:45:86:51":11,"s:86:51:86:Infinity":26}}}
,"/home/imdias/workspace/AtelieFilhosDeAruanda-/dashboard-admin/src/components/products/VariantsManager.tsx": {"path":"/home/imdias/workspace/AtelieFilhosDeAruanda-/dashboard-admin/src/components/products/VariantsManager.tsx","statementMap":{"0":{"start":{"line":11,"column":36},"end":{"line":16,"column":null}},"1":{"start":{"line":18,"column":22},"end":{"line":31,"column":null}},"2":{"start":{"line":19,"column":8},"end":{"line":19,"column":null}},"3":{"start":{"line":19,"column":29},"end":{"line":19,"column":null}},"4":{"start":{"line":21,"column":40},"end":{"line":27,"column":null}},"5":{"start":{"line":29,"column":8},"end":{"line":29,"column":null}},"6":{"start":{"line":30,"column":8},"end":{"line":30,"column":null}},"7":{"start":{"line":33,"column":26},"end":{"line":35,"column":null}},"8":{"start":{"line":34,"column":8},"end":{"line":34,"column":null}},"9":{"start":{"line":34,"column":38},"end":{"line":34,"column":49}},"10":{"start":{"line":37,"column":4},"end":{"line":117,"column":null}},"11":{"start":{"line":48,"column":39},"end":{"line":48,"column":null}},"12":{"start":{"line":57,"column":39},"end":{"line":60,"column":null}},"13":{"start":{"line":69,"column":39},"end":{"line":72,"column":null}},"14":{"start":{"line":82,"column":39},"end":{"line":82,"column":null}},"15":{"start":{"line":97,"column":20},"end":{"line":111,"column":null}},"16":{"start":{"line":106,"column":43},"end":{"line":106,"column":null}}},"fnMap":{"0":{"name":"VariantsManager","decl":{"start":{"line":10,"column":16},"end":{"line":10,"column":32}},"loc":{"start":{"line":10,"column":78},"end":{"line":119,"column":null}},"line":10},"1":{"name":"(anonymous_1)","decl":{"start":{"line":18,"column":22},"end":{"line":18,"column":28}},"loc":{"start":{"line":18,"column":28},"end":{"line":31,"column":null}},"line":18},"2":{"name":"(anonymous_2)","decl":{"start":{"line":33,"column":26},"end":{"line":33,"column":27}},"loc":{"start":{"line":33,"column":42},"end":{"line":35,"column":null}},"line":33},"3":{"name":"(anonymous_3)","decl":{"start":{"line":34,"column":33},"end":{"line":34,"column":38}},"loc":{"start":{"line":34,"column":38},"end":{"line":34,"column":49}},"line":34},"4":{"name":"(anonymous_4)","decl":{"start":{"line":48,"column":34},"end":{"line":48,"column":39}},"loc":{"start":{"line":48,"column":39},"end":{"line":48,"column":null}},"line":48},"5":{"name":"(anonymous_5)","decl":{"start":{"line":57,"column":34},"end":{"line":57,"column":39}},"loc":{"start":{"line":57,"column":39},"end":{"line":60,"column":null}},"line":57},"6":{"name":"(anonymous_6)","decl":{"start":{"line":69,"column":34},"end":{"line":69,"column":39}},"loc":{"start":{"line":69,"column":39},"end":{"line":72,"column":null}},"line":69},"7":{"name":"(anonymous_7)","decl":{"start":{"line":82,"column":34},"end":{"line":82,"column":39}},"loc":{"start":{"line":82,"column":39},"end":{"line":82,"column":null}},"line":82},"8":{"name":"(anonymous_8)","decl":{"start":{"line":96,"column":30},"end":{"line":96,"column":null}},"loc":{"start":{"line":97,"column":20},"end":{"line":111,"column":null}},"line":97},"9":{"name":"(anonymous_9)","decl":{"start":{"line":106,"column":37},"end":{"line":106,"column":43}},"loc":{"start":{"line":106,"column":43},"end":{"line":106,"column":null}},"line":106}},"branchMap":{"0":{"loc":{"start":{"line":19,"column":8},"end":{"line":19,"column":null}},"type":"if","locations":[{"start":{"line":19,"column":8},"end":{"line":19,"column":null}},{"start":{},"end":{}}],"line":19},"1":{"loc":{"start":{"line":24,"column":19},"end":{"line":24,"column":null}},"type":"binary-expr","locations":[{"start":{"line":24,"column":19},"end":{"line":24,"column":39}},{"start":{"line":24,"column":39},"end":{"line":24,"column":null}}],"line":24},"2":{"loc":{"start":{"line":25,"column":19},"end":{"line":25,"column":null}},"type":"binary-expr","locations":[{"start":{"line":25,"column":19},"end":{"line":25,"column":39}},{"start":{"line":25,"column":39},"end":{"line":25,"column":null}}],"line":25},"3":{"loc":{"start":{"line":113,"column":17},"end":{"line":114,"column":null}},"type":"binary-expr","locations":[{"start":{"line":113,"column":17},"end":{"line":113,"column":null}},{"start":{"line":114,"column":20},"end":{"line":114,"column":null}}],"line":113}},"s":{"0":14,"1":14,"2":0,"3":0,"4":0,"5":0,"6":0,"7":14,"8":0,"9":0,"10":14,"11":0,"12":0,"13":0,"14":0,"15":0,"16":0},"f":{"0":14,"1":0,"2":0,"3":0,"4":0,"5":0,"6":0,"7":0,"8":0,"9":0},"b":{"0":[0,0],"1":[0,0],"2":[0,0],"3":[14,14]},"meta":{"lastBranch":4,"lastFunction":10,"lastStatement":17,"seen":{"f:10:16:10:32":0,"s:11:36:16:Infinity":0,"s:18:22:31:Infinity":1,"f:18:22:18:28":1,"b:19:8:19:Infinity:undefined:undefined:undefined:undefined":0,"s:19:8:19:Infinity":2,"s:19:29:19:Infinity":3,"s:21:40:27:Infinity":4,"b:24:19:24:39:24:39:24:Infinity":1,"b:25:19:25:39:25:39:25:Infinity":2,"s:29:8:29:Infinity":5,"s:30:8:30:Infinity":6,"s:33:26:35:Infinity":7,"f:33:26:33:27":2,"s:34:8:34:Infinity":8,"f:34:33:34:38":3,"s:34:38:34:49":9,"s:37:4:117:Infinity":10,"f:48:34:48:39":4,"s:48:39:48:Infinity":11,"f:57:34:57:39":5,"s:57:39:60:Infinity":12,"f:69:34:69:39":6,"s:69:39:72:Infinity":13,"f:82:34:82:39":7,"s:82:39:82:Infinity":14,"f:96:30:96:Infinity":8,"s:97:20:111:Infinity":15,"f:106:37:106:43":9,"s:106:43:106:Infinity":16,"b:113:17:113:Infinity:114:20:114:Infinity":3}}}
,"/home/imdias/workspace/AtelieFilhosDeAruanda-/dashboard-admin/src/context/AuthContext.tsx": {"path":"/home/imdias/workspace/AtelieFilhosDeAruanda-/dashboard-admin/src/context/AuthContext.tsx","statementMap":{"0":{"start":{"line":11,"column":6},"end":{"line":11,"column":null}},"1":{"start":{"line":14,"column":44},"end":{"line":14,"column":null}},"2":{"start":{"line":15,"column":32},"end":{"line":15,"column":null}},"3":{"start":{"line":17,"column":2},"end":{"line":40,"column":null}},"4":{"start":{"line":18,"column":26},"end":{"line":37,"column":null}},"5":{"start":{"line":19,"column":20},"end":{"line":19,"column":null}},"6":{"start":{"line":20,"column":6},"end":{"line":23,"column":null}},"7":{"start":{"line":21,"column":8},"end":{"line":21,"column":null}},"8":{"start":{"line":22,"column":8},"end":{"line":22,"column":null}},"9":{"start":{"line":25,"column":6},"end":{"line":36,"column":null}},"10":{"start":{"line":28,"column":8},"end":{"line":28,"column":null}},"11":{"start":{"line":29,"column":8},"end":{"line":29,"column":null}},"12":{"start":{"line":31,"column":8},"end":{"line":31,"column":null}},"13":{"start":{"line":32,"column":8},"end":{"line":32,"column":null}},"14":{"start":{"line":33,"column":8},"end":{"line":33,"column":null}},"15":{"start":{"line":35,"column":8},"end":{"line":35,"column":null}},"16":{"start":{"line":39,"column":4},"end":{"line":39,"column":null}},"17":{"start":{"line":42,"column":16},"end":{"line":45,"column":null}},"18":{"start":{"line":43,"column":4},"end":{"line":43,"column":null}},"19":{"start":{"line":44,"column":4},"end":{"line":44,"column":null}},"20":{"start":{"line":47,"column":17},"end":{"line":51,"column":null}},"21":{"start":{"line":48,"column":4},"end":{"line":48,"column":null}},"22":{"start":{"line":49,"column":4},"end":{"line":49,"column":null}},"23":{"start":{"line":50,"column":4},"end":{"line":50,"column":null}},"24":{"start":{"line":53,"column":2},"end":{"line":56,"column":null}},"25":{"start":{"line":60,"column":23},"end":{"line":60,"column":null}}},"fnMap":{"0":{"name":"AuthProvider","decl":{"start":{"line":13,"column":16},"end":{"line":13,"column":29}},"loc":{"start":{"line":13,"column":68},"end":{"line":58,"column":null}},"line":13},"1":{"name":"(anonymous_1)","decl":{"start":{"line":17,"column":12},"end":{"line":17,"column":18}},"loc":{"start":{"line":17,"column":18},"end":{"line":40,"column":5}},"line":17},"2":{"name":"(anonymous_2)","decl":{"start":{"line":18,"column":26},"end":{"line":18,"column":38}},"loc":{"start":{"line":18,"column":38},"end":{"line":37,"column":null}},"line":18},"3":{"name":"(anonymous_3)","decl":{"start":{"line":42,"column":16},"end":{"line":42,"column":17}},"loc":{"start":{"line":42,"column":35},"end":{"line":45,"column":null}},"line":42},"4":{"name":"(anonymous_4)","decl":{"start":{"line":47,"column":17},"end":{"line":47,"column":23}},"loc":{"start":{"line":47,"column":23},"end":{"line":51,"column":null}},"line":47},"5":{"name":"(anonymous_5)","decl":{"start":{"line":60,"column":23},"end":{"line":60,"column":29}},"loc":{"start":{"line":60,"column":23},"end":{"line":60,"column":null}},"line":60}},"branchMap":{"0":{"loc":{"start":{"line":20,"column":6},"end":{"line":23,"column":null}},"type":"if","locations":[{"start":{"line":20,"column":6},"end":{"line":23,"column":null}},{"start":{},"end":{}}],"line":20}},"s":{"0":5,"1":27,"2":27,"3":27,"4":13,"5":13,"6":13,"7":13,"8":13,"9":0,"10":0,"11":0,"12":0,"13":0,"14":0,"15":0,"16":13,"17":27,"18":1,"19":1,"20":27,"21":0,"22":0,"23":0,"24":27,"25":9},"f":{"0":27,"1":13,"2":13,"3":1,"4":0,"5":9},"b":{"0":[13,0]},"meta":{"lastBranch":1,"lastFunction":6,"lastStatement":26,"seen":{"s:11:6:11:Infinity":0,"f:13:16:13:29":0,"s:14:44:14:Infinity":1,"s:15:32:15:Infinity":2,"s:17:2:40:Infinity":3,"f:17:12:17:18":1,"s:18:26:37:Infinity":4,"f:18:26:18:38":2,"s:19:20:19:Infinity":5,"b:20:6:23:Infinity:undefined:undefined:undefined:undefined":0,"s:20:6:23:Infinity":6,"s:21:8:21:Infinity":7,"s:22:8:22:Infinity":8,"s:25:6:36:Infinity":9,"s:28:8:28:Infinity":10,"s:29:8:29:Infinity":11,"s:31:8:31:Infinity":12,"s:32:8:32:Infinity":13,"s:33:8:33:Infinity":14,"s:35:8:35:Infinity":15,"s:39:4:39:Infinity":16,"s:42:16:45:Infinity":17,"f:42:16:42:17":3,"s:43:4:43:Infinity":18,"s:44:4:44:Infinity":19,"s:47:17:51:Infinity":20,"f:47:17:47:23":4,"s:48:4:48:Infinity":21,"s:49:4:49:Infinity":22,"s:50:4:50:Infinity":23,"s:53:2:56:Infinity":24,"s:60:23:60:Infinity":25,"f:60:23:60:29":5}}}
,"/home/imdias/workspace/AtelieFilhosDeAruanda-/dashboard-admin/src/context/TenantContext.tsx": {"path":"/home/imdias/workspace/AtelieFilhosDeAruanda-/dashboard-admin/src/context/TenantContext.tsx","statementMap":{"0":{"start":{"line":14,"column":6},"end":{"line":14,"column":null}},"1":{"start":{"line":17,"column":30},"end":{"line":17,"column":null}},"2":{"start":{"line":18,"column":42},"end":{"line":18,"column":null}},"3":{"start":{"line":19,"column":34},"end":{"line":19,"column":null}},"4":{"start":{"line":21,"column":4},"end":{"line":23,"column":null}},"5":{"start":{"line":22,"column":8},"end":{"line":22,"column":null}},"6":{"start":{"line":25,"column":24},"end":{"line":42,"column":null}},"7":{"start":{"line":26,"column":8},"end":{"line":41,"column":null}},"8":{"start":{"line":27,"column":25},"end":{"line":27,"column":null}},"9":{"start":{"line":28,"column":12},"end":{"line":28,"column":null}},"10":{"start":{"line":31,"column":28},"end":{"line":31,"column":null}},"11":{"start":{"line":32,"column":29},"end":{"line":32,"column":null}},"12":{"start":{"line":32,"column":44},"end":{"line":32,"column":60}},"13":{"start":{"line":34,"column":12},"end":{"line":36,"column":null}},"14":{"start":{"line":35,"column":16},"end":{"line":35,"column":null}},"15":{"start":{"line":38,"column":12},"end":{"line":38,"column":null}},"16":{"start":{"line":40,"column":12},"end":{"line":40,"column":null}},"17":{"start":{"line":44,"column":25},"end":{"line":49,"column":null}},"18":{"start":{"line":45,"column":8},"end":{"line":45,"column":null}},"19":{"start":{"line":46,"column":8},"end":{"line":46,"column":null}},"20":{"start":{"line":48,"column":8},"end":{"line":48,"column":null}},"21":{"start":{"line":51,"column":25},"end":{"line":58,"column":null}},"22":{"start":{"line":52,"column":23},"end":{"line":52,"column":null}},"23":{"start":{"line":52,"column":41},"end":{"line":52,"column":58}},"24":{"start":{"line":53,"column":8},"end":{"line":57,"column":null}},"25":{"start":{"line":54,"column":12},"end":{"line":54,"column":null}},"26":{"start":{"line":56,"column":12},"end":{"line":56,"column":null}},"27":{"start":{"line":60,"column":4},"end":{"line":63,"column":null}},"28":{"start":{"line":67,"column":25},"end":{"line":67,"column":null}}},"fnMap":{"0":{"name":"TenantProvider","decl":{"start":{"line":16,"column":16},"end":{"line":16,"column":31}},"loc":{"start":{"line":16,"column":70},"end":{"line":65,"column":null}},"line":16},"1":{"name":"(anonymous_1)","decl":{"start":{"line":21,"column":14},"end":{"line":21,"column":20}},"loc":{"start":{"line":21,"column":20},"end":{"line":23,"column":7}},"line":21},"2":{"name":"(anonymous_2)","decl":{"start":{"line":25,"column":24},"end":{"line":25,"column":36}},"loc":{"start":{"line":25,"column":36},"end":{"line":42,"column":null}},"line":25},"3":{"name":"(anonymous_3)","decl":{"start":{"line":32,"column":39},"end":{"line":32,"column":44}},"loc":{"start":{"line":32,"column":44},"end":{"line":32,"column":60}},"line":32},"4":{"name":"(anonymous_4)","decl":{"start":{"line":44,"column":25},"end":{"line":44,"column":26}},"loc":{"start":{"line":44,"column":45},"end":{"line":49,"column":null}},"line":44},"5":{"name":"(anonymous_5)","decl":{"start":{"line":51,"column":25},"end":{"line":51,"column":26}},"loc":{"start":{"line":51,"column":47},"end":{"line":58,"column":null}},"line":51},"6":{"name":"(anonymous_6)","decl":{"start":{"line":52,"column":36},"end":{"line":52,"column":41}},"loc":{"start":{"line":52,"column":41},"end":{"line":52,"column":58}},"line":52},"7":{"name":"(anonymous_7)","decl":{"start":{"line":67,"column":25},"end":{"line":67,"column":31}},"loc":{"start":{"line":67,"column":25},"end":{"line":67,"column":null}},"line":67}},"branchMap":{"0":{"loc":{"start":{"line":32,"column":29},"end":{"line":32,"column":null}},"type":"binary-expr","locations":[{"start":{"line":32,"column":29},"end":{"line":32,"column":65}},{"start":{"line":32,"column":65},"end":{"line":32,"column":null}}],"line":32},"1":{"loc":{"start":{"line":34,"column":12},"end":{"line":36,"column":null}},"type":"if","locations":[{"start":{"line":34,"column":12},"end":{"line":36,"column":null}},{"start":{},"end":{}}],"line":34},"2":{"loc":{"start":{"line":53,"column":8},"end":{"line":57,"column":null}},"type":"if","locations":[{"start":{"line":53,"column":8},"end":{"line":57,"column":null}},{"start":{},"end":{}}],"line":53}},"s":{"0":5,"1":25,"2":25,"3":25,"4":25,"5":13,"6":25,"7":13,"8":13,"9":13,"10":13,"11":13,"12":0,"13":13,"14":0,"15":0,"16":13,"17":25,"18":0,"19":0,"20":0,"21":25,"22":0,"23":0,"24":0,"25":0,"26":0,"27":25,"28":0},"f":{"0":25,"1":13,"2":13,"3":0,"4":0,"5":0,"6":0,"7":0},"b":{"0":[13,13],"1":[0,13],"2":[0,0]},"meta":{"lastBranch":3,"lastFunction":8,"lastStatement":29,"seen":{"s:14:6:14:Infinity":0,"f:16:16:16:31":0,"s:17:30:17:Infinity":1,"s:18:42:18:Infinity":2,"s:19:34:19:Infinity":3,"s:21:4:23:Infinity":4,"f:21:14:21:20":1,"s:22:8:22:Infinity":5,"s:25:24:42:Infinity":6,"f:25:24:25:36":2,"s:26:8:41:Infinity":7,"s:27:25:27:Infinity":8,"s:28:12:28:Infinity":9,"s:31:28:31:Infinity":10,"s:32:29:32:Infinity":11,"b:32:29:32:65:32:65:32:Infinity":0,"f:32:39:32:44":3,"s:32:44:32:60":12,"b:34:12:36:Infinity:undefined:undefined:undefined:undefined":1,"s:34:12:36:Infinity":13,"s:35:16:35:Infinity":14,"s:38:12:38:Infinity":15,"s:40:12:40:Infinity":16,"s:44:25:49:Infinity":17,"f:44:25:44:26":4,"s:45:8:45:Infinity":18,"s:46:8:46:Infinity":19,"s:48:8:48:Infinity":20,"s:51:25:58:Infinity":21,"f:51:25:51:26":5,"s:52:23:52:Infinity":22,"f:52:36:52:41":6,"s:52:41:52:58":23,"b:53:8:57:Infinity:undefined:undefined:undefined:undefined":2,"s:53:8:57:Infinity":24,"s:54:12:54:Infinity":25,"s:56:12:56:Infinity":26,"s:60:4:63:Infinity":27,"s:67:25:67:Infinity":28,"f:67:25:67:31":7}}}
,"/home/imdias/workspace/AtelieFilhosDeAruanda-/dashboard-admin/src/pages/auth/LoginPage.tsx": {"path":"/home/imdias/workspace/AtelieFilhosDeAruanda-/dashboard-admin/src/pages/auth/LoginPage.tsx","statementMap":{"0":{"start":{"line":8,"column":33},"end":{"line":8,"column":null}},"1":{"start":{"line":9,"column":16},"end":{"line":9,"column":null}},"2":{"start":{"line":10,"column":8},"end":{"line":10,"column":null}},"3":{"start":{"line":11,"column":24},"end":{"line":11,"column":null}},"4":{"start":{"line":13,"column":19},"end":{"line":21,"column":null}},"5":{"start":{"line":14,"column":4},"end":{"line":20,"column":null}},"6":{"start":{"line":15,"column":18},"end":{"line":15,"column":null}},"7":{"start":{"line":16,"column":6},"end":{"line":16,"column":null}},"8":{"start":{"line":17,"column":6},"end":{"line":17,"column":null}},"9":{"start":{"line":19,"column":6},"end":{"line":19,"column":null}},"10":{"start":{"line":23,"column":2},"end":{"line":59,"column":null}}},"fnMap":{"0":{"name":"LoginPage","decl":{"start":{"line":7,"column":16},"end":{"line":7,"column":28}},"loc":{"start":{"line":7,"column":28},"end":{"line":61,"column":null}},"line":7},"1":{"name":"(anonymous_1)","decl":{"start":{"line":13,"column":19},"end":{"line":13,"column":26}},"loc":{"start":{"line":13,"column":40},"end":{"line":21,"column":null}},"line":13}},"branchMap":{"0":{"loc":{"start":{"line":28,"column":9},"end":{"line":28,"column":null}},"type":"binary-expr","locations":[{"start":{"line":28,"column":9},"end":{"line":28,"column":18}},{"start":{"line":28,"column":18},"end":{"line":28,"column":null}}],"line":28}},"s":{"0":9,"1":9,"2":9,"3":9,"4":9,"5":2,"6":2,"7":1,"8":1,"9":1,"10":9},"f":{"0":9,"1":2},"b":{"0":[9,1]},"meta":{"lastBranch":1,"lastFunction":2,"lastStatement":11,"seen":{"f:7:16:7:28":0,"s:8:33:8:Infinity":0,"s:9:16:9:Infinity":1,"s:10:8:10:Infinity":2,"s:11:24:11:Infinity":3,"s:13:19:21:Infinity":4,"f:13:19:13:26":1,"s:14:4:20:Infinity":5,"s:15:18:15:Infinity":6,"s:16:6:16:Infinity":7,"s:17:6:17:Infinity":8,"s:19:6:19:Infinity":9,"s:23:2:59:Infinity":10,"b:28:9:28:18:28:18:28:Infinity":0}}}
,"/home/imdias/workspace/AtelieFilhosDeAruanda-/dashboard-admin/src/pages/orders/OrdersList.tsx": {"path":"/home/imdias/workspace/AtelieFilhosDeAruanda-/dashboard-admin/src/pages/orders/OrdersList.tsx","statementMap":{"0":{"start":{"line":7,"column":28},"end":{"line":7,"column":null}},"1":{"start":{"line":8,"column":30},"end":{"line":8,"column":null}},"2":{"start":{"line":9,"column":46},"end":{"line":9,"column":null}},"3":{"start":{"line":10,"column":46},"end":{"line":10,"column":null}},"4":{"start":{"line":11,"column":40},"end":{"line":11,"column":null}},"5":{"start":{"line":13,"column":4},"end":{"line":15,"column":null}},"6":{"start":{"line":14,"column":8},"end":{"line":14,"column":null}},"7":{"start":{"line":17,"column":23},"end":{"line":27,"column":null}},"8":{"start":{"line":18,"column":8},"end":{"line":18,"column":null}},"9":{"start":{"line":19,"column":8},"end":{"line":26,"column":null}},"10":{"start":{"line":20,"column":25},"end":{"line":20,"column":null}},"11":{"start":{"line":21,"column":12},"end":{"line":21,"column":null}},"12":{"start":{"line":23,"column":12},"end":{"line":23,"column":null}},"13":{"start":{"line":25,"column":12},"end":{"line":25,"column":null}},"14":{"start":{"line":29,"column":30},"end":{"line":33,"column":null}},"15":{"start":{"line":30,"column":8},"end":{"line":30,"column":null}},"16":{"start":{"line":31,"column":8},"end":{"line":31,"column":null}},"17":{"start":{"line":32,"column":8},"end":{"line":32,"column":null}},"18":{"start":{"line":35,"column":26},"end":{"line":45,"column":null}},"19":{"start":{"line":36,"column":8},"end":{"line":36,"column":null}},"20":{"start":{"line":36,"column":30},"end":{"line":36,"column":null}},"21":{"start":{"line":37,"column":8},"end":{"line":44,"column":null}},"22":{"start":{"line":38,"column":12},"end":{"line":38,"column":null}},"23":{"start":{"line":39,"column":12},"end":{"line":39,"column":null}},"24":{"start":{"line":39,"column":38},"end":{"line":39,"column":97}},"25":{"start":{"line":40,"column":12},"end":{"line":40,"column":null}},"26":{"start":{"line":42,"column":12},"end":{"line":42,"column":null}},"27":{"start":{"line":43,"column":12},"end":{"line":43,"column":null}},"28":{"start":{"line":47,"column":4},"end":{"line":139,"column":null}},"29":{"start":{"line":73,"column":32},"end":{"line":103,"column":null}},"30":{"start":{"line":94,"column":63},"end":{"line":94,"column":null}},"31":{"start":{"line":120,"column":45},"end":{"line":120,"column":null}},"32":{"start":{"line":124,"column":47},"end":{"line":124,"column":null}}},"fnMap":{"0":{"name":"OrdersPage","decl":{"start":{"line":6,"column":16},"end":{"line":6,"column":29}},"loc":{"start":{"line":6,"column":29},"end":{"line":141,"column":null}},"line":6},"1":{"name":"(anonymous_1)","decl":{"start":{"line":13,"column":14},"end":{"line":13,"column":20}},"loc":{"start":{"line":13,"column":20},"end":{"line":15,"column":7}},"line":13},"2":{"name":"(anonymous_2)","decl":{"start":{"line":17,"column":23},"end":{"line":17,"column":35}},"loc":{"start":{"line":17,"column":35},"end":{"line":27,"column":null}},"line":17},"3":{"name":"(anonymous_3)","decl":{"start":{"line":29,"column":30},"end":{"line":29,"column":31}},"loc":{"start":{"line":29,"column":46},"end":{"line":33,"column":null}},"line":29},"4":{"name":"(anonymous_4)","decl":{"start":{"line":35,"column":26},"end":{"line":35,"column":38}},"loc":{"start":{"line":35,"column":38},"end":{"line":45,"column":null}},"line":35},"5":{"name":"(anonymous_5)","decl":{"start":{"line":39,"column":33},"end":{"line":39,"column":38}},"loc":{"start":{"line":39,"column":38},"end":{"line":39,"column":97}},"line":39},"6":{"name":"(anonymous_6)","decl":{"start":{"line":72,"column":40},"end":{"line":72,"column":41}},"loc":{"start":{"line":73,"column":32},"end":{"line":103,"column":null}},"line":73},"7":{"name":"(anonymous_7)","decl":{"start":{"line":94,"column":57},"end":{"line":94,"column":63}},"loc":{"start":{"line":94,"column":63},"end":{"line":94,"column":null}},"line":94},"8":{"name":"(anonymous_8)","decl":{"start":{"line":120,"column":38},"end":{"line":120,"column":39}},"loc":{"start":{"line":120,"column":45},"end":{"line":120,"column":null}},"line":120},"9":{"name":"(anonymous_9)","decl":{"start":{"line":124,"column":41},"end":{"line":124,"column":47}},"loc":{"start":{"line":124,"column":47},"end":{"line":124,"column":null}},"line":124}},"branchMap":{"0":{"loc":{"start":{"line":36,"column":8},"end":{"line":36,"column":null}},"type":"if","locations":[{"start":{"line":36,"column":8},"end":{"line":36,"column":null}},{"start":{},"end":{}}],"line":36},"1":{"loc":{"start":{"line":39,"column":38},"end":{"line":39,"column":97}},"type":"cond-expr","locations":[{"start":{"line":39,"column":65},"end":{"line":39,"column":96}},{"start":{"line":39,"column":96},"end":{"line":39,"column":97}}],"line":39},"2":{"loc":{"start":{"line":57,"column":17},"end":{"line":106,"column":null}},"type":"cond-expr","locations":[{"start":{"line":58,"column":20},"end":{"line":58,"column":null}},{"start":{"line":60,"column":20},"end":{"line":106,"column":null}}],"line":57},"3":{"loc":{"start":{"line":80,"column":101},"end":{"line":83,"column":null}},"type":"cond-expr","locations":[{"start":{"line":80,"column":127},"end":{"line":80,"column":null}},{"start":{"line":81,"column":44},"end":{"line":83,"column":null}}],"line":80},"4":{"loc":{"start":{"line":81,"column":44},"end":{"line":83,"column":null}},"type":"cond-expr","locations":[{"start":{"line":81,"column":73},"end":{"line":81,"column":null}},{"start":{"line":82,"column":48},"end":{"line":83,"column":null}}],"line":81},"5":{"loc":{"start":{"line":82,"column":48},"end":{"line":83,"column":null}},"type":"cond-expr","locations":[{"start":{"line":82,"column":78},"end":{"line":82,"column":null}},{"start":{"line":83,"column":52},"end":{"line":83,"column":null}}],"line":82},"6":{"loc":{"start":{"line":92,"column":41},"end":{"line":100,"column":null}},"type":"binary-expr","locations":[{"start":{"line":92,"column":41},"end":{"line":92,"column":null}},{"start":{"line":93,"column":44},"end":{"line":100,"column":null}}],"line":92},"7":{"loc":{"start":{"line":111,"column":13},"end":{"line":137,"column":null}},"type":"binary-expr","locations":[{"start":{"line":111,"column":13},"end":{"line":111,"column":null}},{"start":{"line":112,"column":16},"end":{"line":137,"column":null}}],"line":111}},"s":{"0":7,"1":7,"2":7,"3":7,"4":7,"5":7,"6":2,"7":7,"8":2,"9":2,"10":2,"11":2,"12":0,"13":2,"14":7,"15":1,"16":1,"17":1,"18":7,"19":1,"20":0,"21":1,"22":1,"23":1,"24":2,"25":1,"26":0,"27":0,"28":7,"29":10,"30":1,"31":1,"32":0},"f":{"0":7,"1":2,"2":2,"3":1,"4":1,"5":2,"6":10,"7":1,"8":1,"9":0},"b":{"0":[0,1],"1":[1,1],"2":[2,5],"3":[5,5],"4":[4,1],"5":[1,0],"6":[10,9],"7":[7,2]},"meta":{"lastBranch":8,"lastFunction":10,"lastStatement":33,"seen":{"f:6:16:6:29":0,"s:7:28:7:Infinity":0,"s:8:30:8:Infinity":1,"s:9:46:9:Infinity":2,"s:10:46:10:Infinity":3,"s:11:40:11:Infinity":4,"s:13:4:15:Infinity":5,"f:13:14:13:20":1,"s:14:8:14:Infinity":6,"s:17:23:27:Infinity":7,"f:17:23:17:35":2,"s:18:8:18:Infinity":8,"s:19:8:26:Infinity":9,"s:20:25:20:Infinity":10,"s:21:12:21:Infinity":11,"s:23:12:23:Infinity":12,"s:25:12:25:Infinity":13,"s:29:30:33:Infinity":14,"f:29:30:29:31":3,"s:30:8:30:Infinity":15,"s:31:8:31:Infinity":16,"s:32:8:32:Infinity":17,"s:35:26:45:Infinity":18,"f:35:26:35:38":4,"b:36:8:36:Infinity:undefined:undefined:undefined:undefined":0,"s:36:8:36:Infinity":19,"s:36:30:36:Infinity":20,"s:37:8:44:Infinity":21,"s:38:12:38:Infinity":22,"s:39:12:39:Infinity":23,"f:39:33:39:38":5,"s:39:38:39:97":24,"b:39:65:39:96:39:96:39:97":1,"s:40:12:40:Infinity":25,"s:42:12:42:Infinity":26,"s:43:12:43:Infinity":27,"s:47:4:139:Infinity":28,"b:58:20:58:Infinity:60:20:106:Infinity":2,"f:72:40:72:41":6,"s:73:32:103:Infinity":29,"b:80:127:80:Infinity:81:44:83:Infinity":3,"b:81:73:81:Infinity:82:48:83:Infinity":4,"b:82:78:82:Infinity:83:52:83:Infinity":5,"b:92:41:92:Infinity:93:44:100:Infinity":6,"f:94:57:94:63":7,"s:94:63:94:Infinity":30,"b:111:13:111:Infinity:112:16:137:Infinity":7,"f:120:38:120:39":8,"s:120:45:120:Infinity":31,"f:124:41:124:47":9,"s:124:47:124:Infinity":32}}}
,"/home/imdias/workspace/AtelieFilhosDeAruanda-/dashboard-admin/src/pages/products/ProductForm.tsx": {"path":"/home/imdias/workspace/AtelieFilhosDeAruanda-/dashboard-admin/src/pages/products/ProductForm.tsx","statementMap":{"0":{"start":{"line":14,"column":15},"end":{"line":21,"column":null}},"1":{"start":{"line":26,"column":8},"end":{"line":26,"column":null}},"2":{"start":{"line":27,"column":13},"end":{"line":27,"column":null}},"3":{"start":{"line":28,"column":30},"end":{"line":28,"column":null}},"4":{"start":{"line":29,"column":24},"end":{"line":29,"column":null}},"5":{"start":{"line":30,"column":34},"end":{"line":30,"column":null}},"6":{"start":{"line":31,"column":77},"end":{"line":38,"column":null}},"7":{"start":{"line":40,"column":2},"end":{"line":45,"column":null}},"8":{"start":{"line":41,"column":4},"end":{"line":41,"column":null}},"9":{"start":{"line":42,"column":4},"end":{"line":44,"column":null}},"10":{"start":{"line":43,"column":6},"end":{"line":43,"column":null}},"11":{"start":{"line":47,"column":25},"end":{"line":54,"column":null}},"12":{"start":{"line":48,"column":4},"end":{"line":53,"column":null}},"13":{"start":{"line":49,"column":19},"end":{"line":49,"column":null}},"14":{"start":{"line":50,"column":6},"end":{"line":50,"column":null}},"15":{"start":{"line":52,"column":6},"end":{"line":52,"column":null}},"16":{"start":{"line":56,"column":22},"end":{"line":76,"column":null}},"17":{"start":{"line":57,"column":4},"end":{"line":57,"column":null}},"18":{"start":{"line":57,"column":13},"end":{"line":57,"column":null}},"19":{"start":{"line":58,"column":4},"end":{"line":75,"column":null}},"20":{"start":{"line":59,"column":22},"end":{"line":59,"column":null}},"21":{"start":{"line":62,"column":6},"end":{"line":69,"column":null}},"22":{"start":{"line":71,"column":6},"end":{"line":71,"column":null}},"23":{"start":{"line":71,"column":28},"end":{"line":71,"column":null}},"24":{"start":{"line":72,"column":6},"end":{"line":72,"column":null}},"25":{"start":{"line":72,"column":25},"end":{"line":72,"column":null}},"26":{"start":{"line":74,"column":6},"end":{"line":74,"column":null}},"27":{"start":{"line":78,"column":19},"end":{"line":97,"column":null}},"28":{"start":{"line":79,"column":4},"end":{"line":96,"column":null}},"29":{"start":{"line":80,"column":40},"end":{"line":85,"column":null}},"30":{"start":{"line":87,"column":6},"end":{"line":91,"column":null}},"31":{"start":{"line":88,"column":8},"end":{"line":88,"column":null}},"32":{"start":{"line":90,"column":8},"end":{"line":90,"column":null}},"33":{"start":{"line":92,"column":6},"end":{"line":92,"column":null}},"34":{"start":{"line":94,"column":6},"end":{"line":94,"column":null}},"35":{"start":{"line":95,"column":6},"end":{"line":95,"column":null}},"36":{"start":{"line":99,"column":2},"end":{"line":188,"column":null}},"37":{"start":{"line":102,"column":31},"end":{"line":102,"column":54}},"38":{"start":{"line":147,"column":18},"end":{"line":149,"column":null}},"39":{"start":{"line":173,"column":27},"end":{"line":173,"column":null}}},"fnMap":{"0":{"name":"ProductForm","decl":{"start":{"line":25,"column":16},"end":{"line":25,"column":30}},"loc":{"start":{"line":25,"column":30},"end":{"line":190,"column":null}},"line":25},"1":{"name":"(anonymous_1)","decl":{"start":{"line":40,"column":12},"end":{"line":40,"column":18}},"loc":{"start":{"line":40,"column":18},"end":{"line":45,"column":5}},"line":40},"2":{"name":"(anonymous_2)","decl":{"start":{"line":47,"column":25},"end":{"line":47,"column":37}},"loc":{"start":{"line":47,"column":37},"end":{"line":54,"column":null}},"line":47},"3":{"name":"(anonymous_3)","decl":{"start":{"line":56,"column":22},"end":{"line":56,"column":34}},"loc":{"start":{"line":56,"column":34},"end":{"line":76,"column":null}},"line":56},"4":{"name":"(anonymous_4)","decl":{"start":{"line":78,"column":19},"end":{"line":78,"column":26}},"loc":{"start":{"line":78,"column":45},"end":{"line":97,"column":null}},"line":78},"5":{"name":"(anonymous_5)","decl":{"start":{"line":102,"column":25},"end":{"line":102,"column":31}},"loc":{"start":{"line":102,"column":31},"end":{"line":102,"column":54}},"line":102},"6":{"name":"(anonymous_6)","decl":{"start":{"line":146,"column":32},"end":{"line":146,"column":33}},"loc":{"start":{"line":147,"column":18},"end":{"line":149,"column":null}},"line":147},"7":{"name":"(anonymous_7)","decl":{"start":{"line":173,"column":21},"end":{"line":173,"column":27}},"loc":{"start":{"line":173,"column":27},"end":{"line":173,"column":null}},"line":173}},"branchMap":{"0":{"loc":{"start":{"line":42,"column":4},"end":{"line":44,"column":null}},"type":"if","locations":[{"start":{"line":42,"column":4},"end":{"line":44,"column":null}},{"start":{},"end":{}}],"line":42},"1":{"loc":{"start":{"line":57,"column":4},"end":{"line":57,"column":null}},"type":"if","locations":[{"start":{"line":57,"column":4},"end":{"line":57,"column":null}},{"start":{},"end":{}}],"line":57},"2":{"loc":{"start":{"line":63,"column":15},"end":{"line":63,"column":null}},"type":"binary-expr","locations":[{"start":{"line":63,"column":15},"end":{"line":63,"column":33}},{"start":{"line":63,"column":33},"end":{"line":63,"column":57}},{"start":{"line":63,"column":57},"end":{"line":63,"column":null}}],"line":63},"3":{"loc":{"start":{"line":64,"column":21},"end":{"line":64,"column":null}},"type":"binary-expr","locations":[{"start":{"line":64,"column":21},"end":{"line":64,"column":44}},{"start":{"line":64,"column":44},"end":{"line":64,"column":null}}],"line":64},"4":{"loc":{"start":{"line":65,"column":15},"end":{"line":65,"column":null}},"type":"binary-expr","locations":[{"start":{"line":65,"column":15},"end":{"line":65,"column":32}},{"start":{"line":65,"column":32},"end":{"line":65,"column":null}}],"line":65},"5":{"loc":{"start":{"line":66,"column":15},"end":{"line":66,"column":null}},"type":"cond-expr","locations":[{"start":{"line":66,"column":45},"end":{"line":66,"column":62}},{"start":{"line":66,"column":62},"end":{"line":66,"column":null}}],"line":66},"6":{"loc":{"start":{"line":66,"column":62},"end":{"line":66,"column":null}},"type":"binary-expr","locations":[{"start":{"line":66,"column":62},"end":{"line":66,"column":95}},{"start":{"line":66,"column":95},"end":{"line":66,"column":null}}],"line":66},"7":{"loc":{"start":{"line":67,"column":19},"end":{"line":67,"column":null}},"type":"binary-expr","locations":[{"start":{"line":67,"column":19},"end":{"line":67,"column":49}},{"start":{"line":67,"column":49},"end":{"line":67,"column":69}},{"start":{"line":67,"column":69},"end":{"line":67,"column":null}}],"line":67},"8":{"loc":{"start":{"line":68,"column":18},"end":{"line":68,"column":null}},"type":"binary-expr","locations":[{"start":{"line":68,"column":18},"end":{"line":68,"column":38}},{"start":{"line":68,"column":38},"end":{"line":68,"column":null}}],"line":68},"9":{"loc":{"start":{"line":71,"column":6},"end":{"line":71,"column":null}},"type":"if","locations":[{"start":{"line":71,"column":6},"end":{"line":71,"column":null}},{"start":{},"end":{}}],"line":71},"10":{"loc":{"start":{"line":72,"column":6},"end":{"line":72,"column":null}},"type":"if","locations":[{"start":{"line":72,"column":6},"end":{"line":72,"column":null}},{"start":{},"end":{}}],"line":72},"11":{"loc":{"start":{"line":87,"column":6},"end":{"line":91,"column":null}},"type":"if","locations":[{"start":{"line":87,"column":6},"end":{"line":91,"column":null}},{"start":{"line":89,"column":13},"end":{"line":91,"column":null}}],"line":87},"12":{"loc":{"start":{"line":95,"column":23},"end":{"line":95,"column":49}},"type":"cond-expr","locations":[{"start":{"line":95,"column":28},"end":{"line":95,"column":42}},{"start":{"line":95,"column":42},"end":{"line":95,"column":49}}],"line":95},"13":{"loc":{"start":{"line":120,"column":15},"end":{"line":120,"column":null}},"type":"binary-expr","locations":[{"start":{"line":120,"column":15},"end":{"line":120,"column":31}},{"start":{"line":120,"column":31},"end":{"line":120,"column":null}}],"line":120},"14":{"loc":{"start":{"line":152,"column":15},"end":{"line":152,"column":null}},"type":"binary-expr","locations":[{"start":{"line":152,"column":15},"end":{"line":152,"column":34}},{"start":{"line":152,"column":34},"end":{"line":152,"column":null}}],"line":152},"15":{"loc":{"start":{"line":184,"column":13},"end":{"line":184,"column":null}},"type":"cond-expr","locations":[{"start":{"line":184,"column":28},"end":{"line":184,"column":44}},{"start":{"line":184,"column":44},"end":{"line":184,"column":null}}],"line":184}},"s":{"0":1,"1":14,"2":14,"3":14,"4":14,"5":14,"6":14,"7":14,"8":3,"9":3,"10":0,"11":14,"12":3,"13":3,"14":3,"15":0,"16":14,"17":0,"18":0,"19":0,"20":0,"21":0,"22":0,"23":0,"24":0,"25":0,"26":0,"27":14,"28":1,"29":1,"30":1,"31":0,"32":1,"33":1,"34":0,"35":0,"36":14,"37":0,"38":16,"39":0},"f":{"0":14,"1":3,"2":3,"3":0,"4":1,"5":0,"6":16,"7":0},"b":{"0":[0,3],"1":[0,0],"2":[0,0,0],"3":[0,0],"4":[0,0],"5":[0,0],"6":[0,0],"7":[0,0,0],"8":[0,0],"9":[0,0],"10":[0,0],"11":[0,1],"12":[0,0],"13":[14,1],"14":[14,1],"15":[2,12]},"meta":{"lastBranch":16,"lastFunction":8,"lastStatement":40,"seen":{"s:14:15:21:Infinity":0,"f:25:16:25:30":0,"s:26:8:26:Infinity":1,"s:27:13:27:Infinity":2,"s:28:30:28:Infinity":3,"s:29:24:29:Infinity":4,"s:30:34:30:Infinity":5,"s:31:77:38:Infinity":6,"s:40:2:45:Infinity":7,"f:40:12:40:18":1,"s:41:4:41:Infinity":8,"b:42:4:44:Infinity:undefined:undefined:undefined:undefined":0,"s:42:4:44:Infinity":9,"s:43:6:43:Infinity":10,"s:47:25:54:Infinity":11,"f:47:25:47:37":2,"s:48:4:53:Infinity":12,"s:49:19:49:Infinity":13,"s:50:6:50:Infinity":14,"s:52:6:52:Infinity":15,"s:56:22:76:Infinity":16,"f:56:22:56:34":3,"b:57:4:57:Infinity:undefined:undefined:undefined:undefined":1,"s:57:4:57:Infinity":17,"s:57:13:57:Infinity":18,"s:58:4:75:Infinity":19,"s:59:22:59:Infinity":20,"s:62:6:69:Infinity":21,"b:63:15:63:33:63:33:63:57:63:57:63:Infinity":2,"b:64:21:64:44:64:44:64:Infinity":3,"b:65:15:65:32:65:32:65:Infinity":4,"b:66:45:66:62:66:62:66:Infinity":5,"b:66:62:66:95:66:95:66:Infinity":6,"b:67:19:67:49:67:49:67:69:67:69:67:Infinity":7,"b:68:18:68:38:68:38:68:Infinity":8,"b:71:6:71:Infinity:undefined:undefined:undefined:undefined":9,"s:71:6:71:Infinity":22,"s:71:28:71:Infinity":23,"b:72:6:72:Infinity:undefined:undefined:undefined:undefined":10,"s:72:6:72:Infinity":24,"s:72:25:72:Infinity":25,"s:74:6:74:Infinity":26,"s:78:19:97:Infinity":27,"f:78:19:78:26":4,"s:79:4:96:Infinity":28,"s:80:40:85:Infinity":29,"b:87:6:91:Infinity:89:13:91:Infinity":11,"s:87:6:91:Infinity":30,"s:88:8:88:Infinity":31,"s:90:8:90:Infinity":32,"s:92:6:92:Infinity":33,"s:94:6:94:Infinity":34,"s:95:6:95:Infinity":35,"b:95:28:95:42:95:42:95:49":12,"s:99:2:188:Infinity":36,"f:102:25:102:31":5,"s:102:31:102:54":37,"b:120:15:120:31:120:31:120:Infinity":13,"f:146:32:146:33":6,"s:147:18:149:Infinity":38,"b:152:15:152:34:152:34:152:Infinity":14,"f:173:21:173:27":7,"s:173:27:173:Infinity":39,"b:184:28:184:44:184:44:184:Infinity":15}}}
,"/home/imdias/workspace/AtelieFilhosDeAruanda-/dashboard-admin/src/pages/settings/PaymentPage.tsx": {"path":"/home/imdias/workspace/AtelieFilhosDeAruanda-/dashboard-admin/src/pages/settings/PaymentPage.tsx","statementMap":{"0":{"start":{"line":8,"column":34},"end":{"line":8,"column":null}},"1":{"start":{"line":9,"column":30},"end":{"line":9,"column":null}},"2":{"start":{"line":10,"column":26},"end":{"line":10,"column":null}},"3":{"start":{"line":11,"column":46},"end":{"line":11,"column":null}},"4":{"start":{"line":12,"column":44},"end":{"line":12,"column":null}},"5":{"start":{"line":13,"column":38},"end":{"line":13,"column":null}},"6":{"start":{"line":15,"column":4},"end":{"line":17,"column":null}},"7":{"start":{"line":16,"column":8},"end":{"line":16,"column":null}},"8":{"start":{"line":19,"column":21},"end":{"line":32,"column":null}},"9":{"start":{"line":20,"column":8},"end":{"line":31,"column":null}},"10":{"start":{"line":21,"column":12},"end":{"line":21,"column":null}},"11":{"start":{"line":22,"column":25},"end":{"line":22,"column":null}},"12":{"start":{"line":24,"column":12},"end":{"line":24,"column":null}},"13":{"start":{"line":24,"column":42},"end":{"line":24,"column":89}},"14":{"start":{"line":25,"column":12},"end":{"line":25,"column":null}},"15":{"start":{"line":27,"column":12},"end":{"line":27,"column":null}},"16":{"start":{"line":28,"column":12},"end":{"line":28,"column":null}},"17":{"start":{"line":30,"column":12},"end":{"line":30,"column":null}},"18":{"start":{"line":34,"column":25},"end":{"line":41,"column":null}},"19":{"start":{"line":35,"column":8},"end":{"line":40,"column":null}},"20":{"start":{"line":36,"column":12},"end":{"line":36,"column":null}},"21":{"start":{"line":37,"column":12},"end":{"line":37,"column":null}},"22":{"start":{"line":37,"column":33},"end":{"line":37,"column":99}},"23":{"start":{"line":37,"column":47},"end":{"line":37,"column":98}},"24":{"start":{"line":39,"column":12},"end":{"line":39,"column":null}},"25":{"start":{"line":43,"column":25},"end":{"line":52,"column":null}},"26":{"start":{"line":44,"column":8},"end":{"line":44,"column":null}},"27":{"start":{"line":44,"column":110},"end":{"line":44,"column":null}},"28":{"start":{"line":45,"column":8},"end":{"line":51,"column":null}},"29":{"start":{"line":46,"column":12},"end":{"line":46,"column":null}},"30":{"start":{"line":47,"column":12},"end":{"line":47,"column":null}},"31":{"start":{"line":47,"column":33},"end":{"line":47,"column":62}},"32":{"start":{"line":47,"column":50},"end":{"line":47,"column":61}},"33":{"start":{"line":48,"column":12},"end":{"line":48,"column":null}},"34":{"start":{"line":48,"column":44},"end":{"line":48,"column":null}},"35":{"start":{"line":50,"column":12},"end":{"line":50,"column":null}},"36":{"start":{"line":54,"column":30},"end":{"line":70,"column":null}},"37":{"start":{"line":55,"column":8},"end":{"line":55,"column":null}},"38":{"start":{"line":55,"column":52},"end":{"line":55,"column":null}},"39":{"start":{"line":56,"column":8},"end":{"line":69,"column":null}},"40":{"start":{"line":57,"column":12},"end":{"line":63,"column":null}},"41":{"start":{"line":64,"column":12},"end":{"line":64,"column":null}},"42":{"start":{"line":65,"column":12},"end":{"line":65,"column":null}},"43":{"start":{"line":66,"column":12},"end":{"line":66,"column":null}},"44":{"start":{"line":68,"column":12},"end":{"line":68,"column":null}},"45":{"start":{"line":72,"column":29},"end":{"line":86,"column":null}},"46":{"start":{"line":73,"column":8},"end":{"line":73,"column":null}},"47":{"start":{"line":73,"column":30},"end":{"line":73,"column":null}},"48":{"start":{"line":74,"column":8},"end":{"line":85,"column":null}},"49":{"start":{"line":75,"column":12},"end":{"line":79,"column":null}},"50":{"start":{"line":80,"column":12},"end":{"line":80,"column":null}},"51":{"start":{"line":81,"column":12},"end":{"line":81,"column":null}},"52":{"start":{"line":82,"column":12},"end":{"line":82,"column":null}},"53":{"start":{"line":84,"column":12},"end":{"line":84,"column":null}},"54":{"start":{"line":88,"column":4},"end":{"line":257,"column":null}},"55":{"start":{"line":104,"column":35},"end":{"line":104,"column":null}},"56":{"start":{"line":137,"column":24},"end":{"line":201,"column":null}},"57":{"start":{"line":159,"column":64},"end":{"line":159,"column":null}},"58":{"start":{"line":168,"column":55},"end":{"line":168,"column":null}},"59":{"start":{"line":174,"column":55},"end":{"line":174,"column":null}},"60":{"start":{"line":189,"column":48},"end":{"line":189,"column":null}},"61":{"start":{"line":190,"column":48},"end":{"line":190,"column":null}},"62":{"start":{"line":192,"column":60},"end":{"line":192,"column":null}},"63":{"start":{"line":212,"column":51},"end":{"line":212,"column":77}},"64":{"start":{"line":224,"column":51},"end":{"line":224,"column":null}},"65":{"start":{"line":234,"column":51},"end":{"line":234,"column":null}},"66":{"start":{"line":241,"column":47},"end":{"line":241,"column":null}}},"fnMap":{"0":{"name":"PaymentPage","decl":{"start":{"line":7,"column":16},"end":{"line":7,"column":30}},"loc":{"start":{"line":7,"column":30},"end":{"line":259,"column":null}},"line":7},"1":{"name":"(anonymous_1)","decl":{"start":{"line":15,"column":14},"end":{"line":15,"column":20}},"loc":{"start":{"line":15,"column":20},"end":{"line":17,"column":7}},"line":15},"2":{"name":"(anonymous_2)","decl":{"start":{"line":19,"column":21},"end":{"line":19,"column":33}},"loc":{"start":{"line":19,"column":33},"end":{"line":32,"column":null}},"line":19},"3":{"name":"(anonymous_3)","decl":{"start":{"line":24,"column":37},"end":{"line":24,"column":42}},"loc":{"start":{"line":24,"column":42},"end":{"line":24,"column":89}},"line":24},"4":{"name":"(anonymous_4)","decl":{"start":{"line":34,"column":25},"end":{"line":34,"column":32}},"loc":{"start":{"line":34,"column":71},"end":{"line":41,"column":null}},"line":34},"5":{"name":"(anonymous_5)","decl":{"start":{"line":37,"column":25},"end":{"line":37,"column":33}},"loc":{"start":{"line":37,"column":33},"end":{"line":37,"column":99}},"line":37},"6":{"name":"(anonymous_6)","decl":{"start":{"line":37,"column":42},"end":{"line":37,"column":47}},"loc":{"start":{"line":37,"column":47},"end":{"line":37,"column":98}},"line":37},"7":{"name":"(anonymous_7)","decl":{"start":{"line":43,"column":25},"end":{"line":43,"column":32}},"loc":{"start":{"line":43,"column":47},"end":{"line":52,"column":null}},"line":43},"8":{"name":"(anonymous_8)","decl":{"start":{"line":47,"column":25},"end":{"line":47,"column":33}},"loc":{"start":{"line":47,"column":33},"end":{"line":47,"column":62}},"line":47},"9":{"name":"(anonymous_9)","decl":{"start":{"line":47,"column":45},"end":{"line":47,"column":50}},"loc":{"start":{"line":47,"column":50},"end":{"line":47,"column":61}},"line":47},"10":{"name":"(anonymous_10)","decl":{"start":{"line":54,"column":30},"end":{"line":54,"column":42}},"loc":{"start":{"line":54,"column":42},"end":{"line":70,"column":null}},"line":54},"11":{"name":"(anonymous_11)","decl":{"start":{"line":72,"column":29},"end":{"line":72,"column":36}},"loc":{"start":{"line":72,"column":66},"end":{"line":86,"column":null}},"line":72},"12":{"name":"(anonymous_12)","decl":{"start":{"line":104,"column":29},"end":{"line":104,"column":35}},"loc":{"start":{"line":104,"column":35},"end":{"line":104,"column":null}},"line":104},"13":{"name":"(anonymous_13)","decl":{"start":{"line":136,"column":35},"end":{"line":136,"column":null}},"loc":{"start":{"line":137,"column":24},"end":{"line":201,"column":null}},"line":137},"14":{"name":"(anonymous_14)","decl":{"start":{"line":159,"column":58},"end":{"line":159,"column":64}},"loc":{"start":{"line":159,"column":64},"end":{"line":159,"column":null}},"line":159},"15":{"name":"(anonymous_15)","decl":{"start":{"line":168,"column":49},"end":{"line":168,"column":55}},"loc":{"start":{"line":168,"column":55},"end":{"line":168,"column":null}},"line":168},"16":{"name":"(anonymous_16)","decl":{"start":{"line":174,"column":49},"end":{"line":174,"column":55}},"loc":{"start":{"line":174,"column":55},"end":{"line":174,"column":null}},"line":174},"17":{"name":"(anonymous_17)","decl":{"start":{"line":188,"column":52},"end":{"line":188,"column":53}},"loc":{"start":{"line":188,"column":64},"end":{"line":191,"column":null}},"line":188},"18":{"name":"(anonymous_18)","decl":{"start":{"line":192,"column":54},"end":{"line":192,"column":60}},"loc":{"start":{"line":192,"column":60},"end":{"line":192,"column":null}},"line":192},"19":{"name":"(anonymous_19)","decl":{"start":{"line":212,"column":45},"end":{"line":212,"column":51}},"loc":{"start":{"line":212,"column":51},"end":{"line":212,"column":77}},"line":212},"20":{"name":"(anonymous_20)","decl":{"start":{"line":224,"column":46},"end":{"line":224,"column":51}},"loc":{"start":{"line":224,"column":51},"end":{"line":224,"column":null}},"line":224},"21":{"name":"(anonymous_21)","decl":{"start":{"line":234,"column":46},"end":{"line":234,"column":51}},"loc":{"start":{"line":234,"column":51},"end":{"line":234,"column":null}},"line":234},"22":{"name":"(anonymous_22)","decl":{"start":{"line":241,"column":41},"end":{"line":241,"column":47}},"loc":{"start":{"line":241,"column":47},"end":{"line":241,"column":null}},"line":241}},"branchMap":{"0":{"loc":{"start":{"line":24,"column":42},"end":{"line":24,"column":89}},"type":"binary-expr","locations":[{"start":{"line":24,"column":42},"end":{"line":24,"column":73}},{"start":{"line":24,"column":73},"end":{"line":24,"column":89}}],"line":24},"1":{"loc":{"start":{"line":37,"column":47},"end":{"line":37,"column":98}},"type":"cond-expr","locations":[{"start":{"line":37,"column":61},"end":{"line":37,"column":97}},{"start":{"line":37,"column":97},"end":{"line":37,"column":98}}],"line":37},"2":{"loc":{"start":{"line":44,"column":8},"end":{"line":44,"column":null}},"type":"if","locations":[{"start":{"line":44,"column":8},"end":{"line":44,"column":null}},{"start":{},"end":{}}],"line":44},"3":{"loc":{"start":{"line":48,"column":12},"end":{"line":48,"column":null}},"type":"if","locations":[{"start":{"line":48,"column":12},"end":{"line":48,"column":null}},{"start":{},"end":{}}],"line":48},"4":{"loc":{"start":{"line":55,"column":8},"end":{"line":55,"column":null}},"type":"if","locations":[{"start":{"line":55,"column":8},"end":{"line":55,"column":null}},{"start":{},"end":{}}],"line":55},"5":{"loc":{"start":{"line":55,"column":12},"end":{"line":55,"column":52}},"type":"binary-expr","locations":[{"start":{"line":55,"column":12},"end":{"line":55,"column":33}},{"start":{"line":55,"column":33},"end":{"line":55,"column":52}}],"line":55},"6":{"loc":{"start":{"line":73,"column":8},"end":{"line":73,"column":null}},"type":"if","locations":[{"start":{"line":73,"column":8},"end":{"line":73,"column":null}},{"start":{},"end":{}}],"line":73},"7":{"loc":{"start":{"line":111,"column":13},"end":{"line":118,"column":null}},"type":"binary-expr","locations":[{"start":{"line":111,"column":13},"end":{"line":111,"column":null}},{"start":{"line":112,"column":16},"end":{"line":118,"column":null}}],"line":111},"8":{"loc":{"start":{"line":121,"column":13},"end":{"line":203,"column":null}},"type":"cond-expr","locations":[{"start":{"line":122,"column":16},"end":{"line":125,"column":null}},{"start":{"line":127,"column":16},"end":{"line":203,"column":null}}],"line":121},"9":{"loc":{"start":{"line":128,"column":21},"end":{"line":133,"column":null}},"type":"binary-expr","locations":[{"start":{"line":128,"column":21},"end":{"line":128,"column":47}},{"start":{"line":128,"column":47},"end":{"line":128,"column":null}},{"start":{"line":129,"column":24},"end":{"line":133,"column":null}}],"line":128},"10":{"loc":{"start":{"line":137,"column":106},"end":{"line":137,"column":244}},"type":"cond-expr","locations":[{"start":{"line":137,"column":144},"end":{"line":137,"column":195}},{"start":{"line":137,"column":195},"end":{"line":137,"column":244}}],"line":137},"11":{"loc":{"start":{"line":140,"column":128},"end":{"line":140,"column":204}},"type":"cond-expr","locations":[{"start":{"line":140,"column":147},"end":{"line":140,"column":178}},{"start":{"line":140,"column":178},"end":{"line":140,"column":204}}],"line":140},"12":{"loc":{"start":{"line":163,"column":114},"end":{"line":163,"column":167}},"type":"cond-expr","locations":[{"start":{"line":163,"column":133},"end":{"line":163,"column":152}},{"start":{"line":163,"column":152},"end":{"line":163,"column":167}}],"line":163},"13":{"loc":{"start":{"line":164,"column":45},"end":{"line":164,"column":null}},"type":"cond-expr","locations":[{"start":{"line":164,"column":64},"end":{"line":164,"column":80}},{"start":{"line":164,"column":80},"end":{"line":164,"column":null}}],"line":164},"14":{"loc":{"start":{"line":168,"column":74},"end":{"line":168,"column":127}},"type":"cond-expr","locations":[{"start":{"line":168,"column":112},"end":{"line":168,"column":119}},{"start":{"line":168,"column":119},"end":{"line":168,"column":127}}],"line":168},"15":{"loc":{"start":{"line":169,"column":122},"end":{"line":169,"column":234}},"type":"cond-expr","locations":[{"start":{"line":169,"column":160},"end":{"line":169,"column":190}},{"start":{"line":169,"column":190},"end":{"line":169,"column":234}}],"line":169},"16":{"loc":{"start":{"line":171,"column":41},"end":{"line":171,"column":null}},"type":"cond-expr","locations":[{"start":{"line":171,"column":79},"end":{"line":171,"column":97}},{"start":{"line":171,"column":97},"end":{"line":171,"column":null}}],"line":171},"17":{"loc":{"start":{"line":183,"column":29},"end":{"line":199,"column":null}},"type":"binary-expr","locations":[{"start":{"line":183,"column":29},"end":{"line":183,"column":null}},{"start":{"line":184,"column":32},"end":{"line":199,"column":null}}],"line":183},"18":{"loc":{"start":{"line":185,"column":37},"end":{"line":197,"column":null}},"type":"cond-expr","locations":[{"start":{"line":186,"column":40},"end":{"line":193,"column":null}},{"start":{"line":195,"column":40},"end":{"line":197,"column":null}}],"line":185},"19":{"loc":{"start":{"line":187,"column":70},"end":{"line":187,"column":126}},"type":"binary-expr","locations":[{"start":{"line":187,"column":70},"end":{"line":187,"column":122}},{"start":{"line":187,"column":122},"end":{"line":187,"column":126}}],"line":187},"20":{"loc":{"start":{"line":207,"column":13},"end":{"line":255,"column":null}},"type":"binary-expr","locations":[{"start":{"line":207,"column":13},"end":{"line":207,"column":null}},{"start":{"line":208,"column":16},"end":{"line":255,"column":null}}],"line":207},"21":{"loc":{"start":{"line":248,"column":42},"end":{"line":248,"column":null}},"type":"binary-expr","locations":[{"start":{"line":248,"column":42},"end":{"line":248,"column":63}},{"start":{"line":248,"column":63},"end":{"line":248,"column":null}}],"line":248}},"s":{"0":6,"1":6,"2":6,"3":6,"4":6,"5":6,"6":6,"7":2,"8":6,"9":3,"10":3,"11":3,"12":3,"13":6,"14":3,"15":0,"16":0,"17":3,"18":6,"19":0,"20":0,"21":0,"22":0,"23":0,"24":0,"25":6,"26":0,"27":0,"28":0,"29":0,"30":0,"31":0,"32":0,"33":0,"34":0,"35":0,"36":6,"37":0,"38":0,"39":0,"40":0,"41":0,"42":0,"43":0,"44":0,"45":6,"46":1,"47":0,"48":1,"49":1,"50":1,"51":1,"52":1,"53":0,"54":6,"55":0,"56":4,"57":0,"58":1,"59":0,"60":1,"61":1,"62":0,"63":0,"64":0,"65":0,"66":0},"f":{"0":6,"1":2,"2":3,"3":6,"4":0,"5":0,"6":0,"7":0,"8":0,"9":0,"10":0,"11":1,"12":0,"13":4,"14":0,"15":1,"16":0,"17":1,"18":0,"19":0,"20":0,"21":0,"22":0},"b":{"0":[6,6],"1":[0,0],"2":[0,0],"3":[0,0],"4":[0,0],"5":[0,0],"6":[0,1],"7":[6,0],"8":[2,4],"9":[4,0,0],"10":[1,3],"11":[4,0],"12":[4,0],"13":[4,0],"14":[0,1],"15":[1,3],"16":[1,3],"17":[4,1],"18":[1,0],"19":[1,1],"20":[6,0],"21":[0,0]},"meta":{"lastBranch":22,"lastFunction":23,"lastStatement":67,"seen":{"f:7:16:7:30":0,"s:8:34:8:Infinity":0,"s:9:30:9:Infinity":1,"s:10:26:10:Infinity":2,"s:11:46:11:Infinity":3,"s:12:44:12:Infinity":4,"s:13:38:13:Infinity":5,"s:15:4:17:Infinity":6,"f:15:14:15:20":1,"s:16:8:16:Infinity":7,"s:19:21:32:Infinity":8,"f:19:21:19:33":2,"s:20:8:31:Infinity":9,"s:21:12:21:Infinity":10,"s:22:25:22:Infinity":11,"s:24:12:24:Infinity":12,"f:24:37:24:42":3,"s:24:42:24:89":13,"b:24:42:24:73:24:73:24:89":0,"s:25:12:25:Infinity":14,"s:27:12:27:Infinity":15,"s:28:12:28:Infinity":16,"s:30:12:30:Infinity":17,"s:34:25:41:Infinity":18,"f:34:25:34:32":4,"s:35:8:40:Infinity":19,"s:36:12:36:Infinity":20,"s:37:12:37:Infinity":21,"f:37:25:37:33":5,"s:37:33:37:99":22,"f:37:42:37:47":6,"s:37:47:37:98":23,"b:37:61:37:97:37:97:37:98":1,"s:39:12:39:Infinity":24,"s:43:25:52:Infinity":25,"f:43:25:43:32":7,"b:44:8:44:Infinity:undefined:undefined:undefined:undefined":2,"s:44:8:44:Infinity":26,"s:44:110:44:Infinity":27,"s:45:8:51:Infinity":28,"s:46:12:46:Infinity":29,"s:47:12:47:Infinity":30,"f:47:25:47:33":8,"s:47:33:47:62":31,"f:47:45:47:50":9,"s:47:50:47:61":32,"b:48:12:48:Infinity:undefined:undefined:undefined:undefined":3,"s:48:12:48:Infinity":33,"s:48:44:48:Infinity":34,"s:50:12:50:Infinity":35,"s:54:30:70:Infinity":36,"f:54:30:54:42":10,"b:55:8:55:Infinity:undefined:undefined:undefined:undefined":4,"s:55:8:55:Infinity":37,"b:55:12:55:33:55:33:55:52":5,"s:55:52:55:Infinity":38,"s:56:8:69:Infinity":39,"s:57:12:63:Infinity":40,"s:64:12:64:Infinity":41,"s:65:12:65:Infinity":42,"s:66:12:66:Infinity":43,"s:68:12:68:Infinity":44,"s:72:29:86:Infinity":45,"f:72:29:72:36":11,"b:73:8:73:Infinity:undefined:undefined:undefined:undefined":6,"s:73:8:73:Infinity":46,"s:73:30:73:Infinity":47,"s:74:8:85:Infinity":48,"s:75:12:79:Infinity":49,"s:80:12:80:Infinity":50,"s:81:12:81:Infinity":51,"s:82:12:82:Infinity":52,"s:84:12:84:Infinity":53,"s:88:4:257:Infinity":54,"f:104:29:104:35":12,"s:104:35:104:Infinity":55,"b:111:13:111:Infinity:112:16:118:Infinity":7,"b:122:16:125:Infinity:127:16:203:Infinity":8,"b:128:21:128:47:128:47:128:Infinity:129:24:133:Infinity":9,"f:136:35:136:Infinity":13,"s:137:24:201:Infinity":56,"b:137:144:137:195:137:195:137:244":10,"b:140:147:140:178:140:178:140:204":11,"f:159:58:159:64":14,"s:159:64:159:Infinity":57,"b:163:133:163:152:163:152:163:167":12,"b:164:64:164:80:164:80:164:Infinity":13,"f:168:49:168:55":15,"s:168:55:168:Infinity":58,"b:168:112:168:119:168:119:168:127":14,"b:169:160:169:190:169:190:169:234":15,"b:171:79:171:97:171:97:171:Infinity":16,"f:174:49:174:55":16,"s:174:55:174:Infinity":59,"b:183:29:183:Infinity:184:32:199:Infinity":17,"b:186:40:193:Infinity:195:40:197:Infinity":18,"b:187:70:187:122:187:122:187:126":19,"f:188:52:188:53":17,"s:189:48:189:Infinity":60,"s:190:48:190:Infinity":61,"f:192:54:192:60":18,"s:192:60:192:Infinity":62,"b:207:13:207:Infinity:208:16:255:Infinity":20,"f:212:45:212:51":19,"s:212:51:212:77":63,"f:224:46:224:51":20,"s:224:51:224:Infinity":64,"f:234:46:234:51":21,"s:234:51:234:Infinity":65,"f:241:41:241:47":22,"s:241:47:241:Infinity":66,"b:248:42:248:63:248:63:248:Infinity":21}}}
,"/home/imdias/workspace/AtelieFilhosDeAruanda-/dashboard-admin/src/pages/settings/ShippingPage.tsx": {"path":"/home/imdias/workspace/AtelieFilhosDeAruanda-/dashboard-admin/src/pages/settings/ShippingPage.tsx","statementMap":{"0":{"start":{"line":7,"column":34},"end":{"line":7,"column":null}},"1":{"start":{"line":8,"column":30},"end":{"line":8,"column":null}},"2":{"start":{"line":9,"column":26},"end":{"line":9,"column":null}},"3":{"start":{"line":10,"column":46},"end":{"line":10,"column":null}},"4":{"start":{"line":11,"column":36},"end":{"line":11,"column":null}},"5":{"start":{"line":12,"column":44},"end":{"line":12,"column":null}},"6":{"start":{"line":13,"column":38},"end":{"line":13,"column":null}},"7":{"start":{"line":15,"column":4},"end":{"line":17,"column":null}},"8":{"start":{"line":16,"column":8},"end":{"line":16,"column":null}},"9":{"start":{"line":19,"column":21},"end":{"line":31,"column":null}},"10":{"start":{"line":20,"column":8},"end":{"line":30,"column":null}},"11":{"start":{"line":21,"column":12},"end":{"line":21,"column":null}},"12":{"start":{"line":22,"column":25},"end":{"line":22,"column":null}},"13":{"start":{"line":23,"column":12},"end":{"line":23,"column":null}},"14":{"start":{"line":23,"column":42},"end":{"line":23,"column":70}},"15":{"start":{"line":24,"column":12},"end":{"line":24,"column":null}},"16":{"start":{"line":26,"column":12},"end":{"line":26,"column":null}},"17":{"start":{"line":27,"column":12},"end":{"line":27,"column":null}},"18":{"start":{"line":29,"column":12},"end":{"line":29,"column":null}},"19":{"start":{"line":33,"column":25},"end":{"line":40,"column":null}},"20":{"start":{"line":34,"column":8},"end":{"line":39,"column":null}},"21":{"start":{"line":35,"column":12},"end":{"line":35,"column":null}},"22":{"start":{"line":36,"column":12},"end":{"line":36,"column":null}},"23":{"start":{"line":36,"column":33},"end":{"line":36,"column":99}},"24":{"start":{"line":36,"column":47},"end":{"line":36,"column":98}},"25":{"start":{"line":38,"column":12},"end":{"line":38,"column":null}},"26":{"start":{"line":42,"column":25},"end":{"line":51,"column":null}},"27":{"start":{"line":43,"column":8},"end":{"line":43,"column":null}},"28":{"start":{"line":43,"column":119},"end":{"line":43,"column":null}},"29":{"start":{"line":44,"column":8},"end":{"line":50,"column":null}},"30":{"start":{"line":45,"column":12},"end":{"line":45,"column":null}},"31":{"start":{"line":46,"column":12},"end":{"line":46,"column":null}},"32":{"start":{"line":46,"column":33},"end":{"line":46,"column":62}},"33":{"start":{"line":46,"column":50},"end":{"line":46,"column":61}},"34":{"start":{"line":47,"column":12},"end":{"line":47,"column":null}},"35":{"start":{"line":47,"column":44},"end":{"line":47,"column":null}},"36":{"start":{"line":49,"column":12},"end":{"line":49,"column":null}},"37":{"start":{"line":53,"column":30},"end":{"line":69,"column":null}},"38":{"start":{"line":54,"column":8},"end":{"line":54,"column":null}},"39":{"start":{"line":54,"column":52},"end":{"line":54,"column":null}},"40":{"start":{"line":55,"column":8},"end":{"line":68,"column":null}},"41":{"start":{"line":56,"column":12},"end":{"line":62,"column":null}},"42":{"start":{"line":63,"column":12},"end":{"line":63,"column":null}},"43":{"start":{"line":64,"column":12},"end":{"line":64,"column":null}},"44":{"start":{"line":65,"column":12},"end":{"line":65,"column":null}},"45":{"start":{"line":67,"column":12},"end":{"line":67,"column":null}},"46":{"start":{"line":71,"column":29},"end":{"line":79,"column":null}},"47":{"start":{"line":72,"column":8},"end":{"line":75,"column":null}},"48":{"start":{"line":73,"column":12},"end":{"line":73,"column":null}},"49":{"start":{"line":74,"column":12},"end":{"line":74,"column":null}},"50":{"start":{"line":76,"column":23},"end":{"line":76,"column":null}},"51":{"start":{"line":77,"column":8},"end":{"line":77,"column":null}},"52":{"start":{"line":78,"column":8},"end":{"line":78,"column":null}},"53":{"start":{"line":81,"column":29},"end":{"line":94,"column":null}},"54":{"start":{"line":82,"column":8},"end":{"line":82,"column":null}},"55":{"start":{"line":82,"column":30},"end":{"line":82,"column":null}},"56":{"start":{"line":83,"column":8},"end":{"line":93,"column":null}},"57":{"start":{"line":84,"column":12},"end":{"line":88,"column":null}},"58":{"start":{"line":89,"column":12},"end":{"line":89,"column":null}},"59":{"start":{"line":90,"column":12},"end":{"line":90,"column":null}},"60":{"start":{"line":92,"column":12},"end":{"line":92,"column":null}},"61":{"start":{"line":96,"column":4},"end":{"line":269,"column":null}},"62":{"start":{"line":112,"column":35},"end":{"line":112,"column":null}},"63":{"start":{"line":145,"column":24},"end":{"line":214,"column":null}},"64":{"start":{"line":167,"column":64},"end":{"line":167,"column":null}},"65":{"start":{"line":176,"column":55},"end":{"line":176,"column":null}},"66":{"start":{"line":182,"column":55},"end":{"line":182,"column":null}},"67":{"start":{"line":199,"column":61},"end":{"line":199,"column":null}},"68":{"start":{"line":225,"column":51},"end":{"line":225,"column":77}},"69":{"start":{"line":237,"column":51},"end":{"line":237,"column":null}},"70":{"start":{"line":247,"column":51},"end":{"line":247,"column":null}},"71":{"start":{"line":253,"column":47},"end":{"line":253,"column":null}}},"fnMap":{"0":{"name":"ShippingPage","decl":{"start":{"line":6,"column":16},"end":{"line":6,"column":31}},"loc":{"start":{"line":6,"column":31},"end":{"line":271,"column":null}},"line":6},"1":{"name":"(anonymous_1)","decl":{"start":{"line":15,"column":14},"end":{"line":15,"column":20}},"loc":{"start":{"line":15,"column":20},"end":{"line":17,"column":7}},"line":15},"2":{"name":"(anonymous_2)","decl":{"start":{"line":19,"column":21},"end":{"line":19,"column":33}},"loc":{"start":{"line":19,"column":33},"end":{"line":31,"column":null}},"line":19},"3":{"name":"(anonymous_3)","decl":{"start":{"line":23,"column":37},"end":{"line":23,"column":42}},"loc":{"start":{"line":23,"column":42},"end":{"line":23,"column":70}},"line":23},"4":{"name":"(anonymous_4)","decl":{"start":{"line":33,"column":25},"end":{"line":33,"column":32}},"loc":{"start":{"line":33,"column":71},"end":{"line":40,"column":null}},"line":33},"5":{"name":"(anonymous_5)","decl":{"start":{"line":36,"column":25},"end":{"line":36,"column":33}},"loc":{"start":{"line":36,"column":33},"end":{"line":36,"column":99}},"line":36},"6":{"name":"(anonymous_6)","decl":{"start":{"line":36,"column":42},"end":{"line":36,"column":47}},"loc":{"start":{"line":36,"column":47},"end":{"line":36,"column":98}},"line":36},"7":{"name":"(anonymous_7)","decl":{"start":{"line":42,"column":25},"end":{"line":42,"column":32}},"loc":{"start":{"line":42,"column":47},"end":{"line":51,"column":null}},"line":42},"8":{"name":"(anonymous_8)","decl":{"start":{"line":46,"column":25},"end":{"line":46,"column":33}},"loc":{"start":{"line":46,"column":33},"end":{"line":46,"column":62}},"line":46},"9":{"name":"(anonymous_9)","decl":{"start":{"line":46,"column":45},"end":{"line":46,"column":50}},"loc":{"start":{"line":46,"column":50},"end":{"line":46,"column":61}},"line":46},"10":{"name":"(anonymous_10)","decl":{"start":{"line":53,"column":30},"end":{"line":53,"column":42}},"loc":{"start":{"line":53,"column":42},"end":{"line":69,"column":null}},"line":53},"11":{"name":"(anonymous_11)","decl":{"start":{"line":71,"column":29},"end":{"line":71,"column":36}},"loc":{"start":{"line":71,"column":71},"end":{"line":79,"column":null}},"line":71},"12":{"name":"(anonymous_12)","decl":{"start":{"line":81,"column":29},"end":{"line":81,"column":41}},"loc":{"start":{"line":81,"column":41},"end":{"line":94,"column":null}},"line":81},"13":{"name":"(anonymous_13)","decl":{"start":{"line":112,"column":29},"end":{"line":112,"column":35}},"loc":{"start":{"line":112,"column":35},"end":{"line":112,"column":null}},"line":112},"14":{"name":"(anonymous_14)","decl":{"start":{"line":144,"column":35},"end":{"line":144,"column":null}},"loc":{"start":{"line":145,"column":24},"end":{"line":214,"column":null}},"line":145},"15":{"name":"(anonymous_15)","decl":{"start":{"line":167,"column":58},"end":{"line":167,"column":64}},"loc":{"start":{"line":167,"column":64},"end":{"line":167,"column":null}},"line":167},"16":{"name":"(anonymous_16)","decl":{"start":{"line":176,"column":49},"end":{"line":176,"column":55}},"loc":{"start":{"line":176,"column":55},"end":{"line":176,"column":null}},"line":176},"17":{"name":"(anonymous_17)","decl":{"start":{"line":182,"column":49},"end":{"line":182,"column":55}},"loc":{"start":{"line":182,"column":55},"end":{"line":182,"column":null}},"line":182},"18":{"name":"(anonymous_18)","decl":{"start":{"line":199,"column":54},"end":{"line":199,"column":55}},"loc":{"start":{"line":199,"column":61},"end":{"line":199,"column":null}},"line":199},"19":{"name":"(anonymous_19)","decl":{"start":{"line":225,"column":45},"end":{"line":225,"column":51}},"loc":{"start":{"line":225,"column":51},"end":{"line":225,"column":77}},"line":225},"20":{"name":"(anonymous_20)","decl":{"start":{"line":237,"column":46},"end":{"line":237,"column":51}},"loc":{"start":{"line":237,"column":51},"end":{"line":237,"column":null}},"line":237},"21":{"name":"(anonymous_21)","decl":{"start":{"line":247,"column":46},"end":{"line":247,"column":51}},"loc":{"start":{"line":247,"column":51},"end":{"line":247,"column":null}},"line":247},"22":{"name":"(anonymous_22)","decl":{"start":{"line":253,"column":41},"end":{"line":253,"column":47}},"loc":{"start":{"line":253,"column":47},"end":{"line":253,"column":null}},"line":253}},"branchMap":{"0":{"loc":{"start":{"line":36,"column":47},"end":{"line":36,"column":98}},"type":"cond-expr","locations":[{"start":{"line":36,"column":61},"end":{"line":36,"column":97}},{"start":{"line":36,"column":97},"end":{"line":36,"column":98}}],"line":36},"1":{"loc":{"start":{"line":43,"column":8},"end":{"line":43,"column":null}},"type":"if","locations":[{"start":{"line":43,"column":8},"end":{"line":43,"column":null}},{"start":{},"end":{}}],"line":43},"2":{"loc":{"start":{"line":47,"column":12},"end":{"line":47,"column":null}},"type":"if","locations":[{"start":{"line":47,"column":12},"end":{"line":47,"column":null}},{"start":{},"end":{}}],"line":47},"3":{"loc":{"start":{"line":54,"column":8},"end":{"line":54,"column":null}},"type":"if","locations":[{"start":{"line":54,"column":8},"end":{"line":54,"column":null}},{"start":{},"end":{}}],"line":54},"4":{"loc":{"start":{"line":54,"column":12},"end":{"line":54,"column":52}},"type":"binary-expr","locations":[{"start":{"line":54,"column":12},"end":{"line":54,"column":33}},{"start":{"line":54,"column":33},"end":{"line":54,"column":52}}],"line":54},"5":{"loc":{"start":{"line":72,"column":8},"end":{"line":75,"column":null}},"type":"if","locations":[{"start":{"line":72,"column":8},"end":{"line":75,"column":null}},{"start":{},"end":{}}],"line":72},"6":{"loc":{"start":{"line":78,"column":22},"end":{"line":78,"column":55}},"type":"cond-expr","locations":[{"start":{"line":78,"column":31},"end":{"line":78,"column":51}},{"start":{"line":78,"column":51},"end":{"line":78,"column":55}}],"line":78},"7":{"loc":{"start":{"line":82,"column":8},"end":{"line":82,"column":null}},"type":"if","locations":[{"start":{"line":82,"column":8},"end":{"line":82,"column":null}},{"start":{},"end":{}}],"line":82},"8":{"loc":{"start":{"line":119,"column":13},"end":{"line":126,"column":null}},"type":"binary-expr","locations":[{"start":{"line":119,"column":13},"end":{"line":119,"column":null}},{"start":{"line":120,"column":16},"end":{"line":126,"column":null}}],"line":119},"9":{"loc":{"start":{"line":129,"column":13},"end":{"line":216,"column":null}},"type":"cond-expr","locations":[{"start":{"line":130,"column":16},"end":{"line":133,"column":null}},{"start":{"line":135,"column":16},"end":{"line":216,"column":null}}],"line":129},"10":{"loc":{"start":{"line":136,"column":21},"end":{"line":141,"column":null}},"type":"binary-expr","locations":[{"start":{"line":136,"column":21},"end":{"line":136,"column":47}},{"start":{"line":136,"column":47},"end":{"line":136,"column":null}},{"start":{"line":137,"column":24},"end":{"line":141,"column":null}}],"line":136},"11":{"loc":{"start":{"line":145,"column":106},"end":{"line":145,"column":248}},"type":"cond-expr","locations":[{"start":{"line":145,"column":144},"end":{"line":145,"column":199}},{"start":{"line":145,"column":199},"end":{"line":145,"column":248}}],"line":145},"12":{"loc":{"start":{"line":148,"column":128},"end":{"line":148,"column":206}},"type":"cond-expr","locations":[{"start":{"line":148,"column":147},"end":{"line":148,"column":180}},{"start":{"line":148,"column":180},"end":{"line":148,"column":206}}],"line":148},"13":{"loc":{"start":{"line":171,"column":114},"end":{"line":171,"column":168}},"type":"cond-expr","locations":[{"start":{"line":171,"column":133},"end":{"line":171,"column":153}},{"start":{"line":171,"column":153},"end":{"line":171,"column":168}}],"line":171},"14":{"loc":{"start":{"line":172,"column":45},"end":{"line":172,"column":null}},"type":"cond-expr","locations":[{"start":{"line":172,"column":64},"end":{"line":172,"column":80}},{"start":{"line":172,"column":80},"end":{"line":172,"column":null}}],"line":172},"15":{"loc":{"start":{"line":177,"column":122},"end":{"line":177,"column":240}},"type":"cond-expr","locations":[{"start":{"line":177,"column":160},"end":{"line":177,"column":190}},{"start":{"line":177,"column":190},"end":{"line":177,"column":240}}],"line":177},"16":{"loc":{"start":{"line":179,"column":60},"end":{"line":179,"column":null}},"type":"cond-expr","locations":[{"start":{"line":179,"column":98},"end":{"line":179,"column":109}},{"start":{"line":179,"column":109},"end":{"line":179,"column":null}}],"line":179},"17":{"loc":{"start":{"line":191,"column":29},"end":{"line":212,"column":null}},"type":"binary-expr","locations":[{"start":{"line":191,"column":29},"end":{"line":191,"column":null}},{"start":{"line":192,"column":32},"end":{"line":212,"column":null}}],"line":191},"18":{"loc":{"start":{"line":220,"column":13},"end":{"line":267,"column":null}},"type":"binary-expr","locations":[{"start":{"line":220,"column":13},"end":{"line":220,"column":null}},{"start":{"line":221,"column":16},"end":{"line":267,"column":null}}],"line":220},"19":{"loc":{"start":{"line":260,"column":42},"end":{"line":260,"column":null}},"type":"binary-expr","locations":[{"start":{"line":260,"column":42},"end":{"line":260,"column":63}},{"start":{"line":260,"column":63},"end":{"line":260,"column":null}}],"line":260}},"s":{"0":10,"1":10,"2":10,"3":10,"4":10,"5":10,"6":10,"7":10,"8":3,"9":10,"10":3,"11":3,"12":3,"13":3,"14":6,"15":3,"16":0,"17":0,"18":3,"19":10,"20":1,"21":1,"22":1,"23":1,"24":2,"25":0,"26":10,"27":0,"28":0,"29":0,"30":0,"31":0,"32":0,"33":0,"34":0,"35":0,"36":0,"37":10,"38":0,"39":0,"40":0,"41":0,"42":0,"43":0,"44":0,"45":0,"46":10,"47":1,"48":0,"49":0,"50":1,"51":1,"52":1,"53":10,"54":1,"55":0,"56":1,"57":1,"58":1,"59":1,"60":0,"61":10,"62":0,"63":14,"64":1,"65":1,"66":0,"67":1,"68":0,"69":0,"70":0,"71":0},"f":{"0":10,"1":3,"2":3,"3":6,"4":1,"5":1,"6":2,"7":0,"8":0,"9":0,"10":0,"11":1,"12":1,"13":0,"14":14,"15":1,"16":1,"17":0,"18":1,"19":0,"20":0,"21":0,"22":0},"b":{"0":[1,1],"1":[0,0],"2":[0,0],"3":[0,0],"4":[0,0],"5":[0,1],"6":[1,0],"7":[0,1],"8":[10,0],"9":[3,7],"10":[7,0,0],"11":[2,12],"12":[6,8],"13":[6,8],"14":[6,8],"15":[2,12],"16":[2,12],"17":[14,2],"18":[10,0],"19":[0,0]},"meta":{"lastBranch":20,"lastFunction":23,"lastStatement":72,"seen":{"f:6:16:6:31":0,"s:7:34:7:Infinity":0,"s:8:30:8:Infinity":1,"s:9:26:9:Infinity":2,"s:10:46:10:Infinity":3,"s:11:36:11:Infinity":4,"s:12:44:12:Infinity":5,"s:13:38:13:Infinity":6,"s:15:4:17:Infinity":7,"f:15:14:15:20":1,"s:16:8:16:Infinity":8,"s:19:21:31:Infinity":9,"f:19:21:19:33":2,"s:20:8:30:Infinity":10,"s:21:12:21:Infinity":11,"s:22:25:22:Infinity":12,"s:23:12:23:Infinity":13,"f:23:37:23:42":3,"s:23:42:23:70":14,"s:24:12:24:Infinity":15,"s:26:12:26:Infinity":16,"s:27:12:27:Infinity":17,"s:29:12:29:Infinity":18,"s:33:25:40:Infinity":19,"f:33:25:33:32":4,"s:34:8:39:Infinity":20,"s:35:12:35:Infinity":21,"s:36:12:36:Infinity":22,"f:36:25:36:33":5,"s:36:33:36:99":23,"f:36:42:36:47":6,"s:36:47:36:98":24,"b:36:61:36:97:36:97:36:98":0,"s:38:12:38:Infinity":25,"s:42:25:51:Infinity":26,"f:42:25:42:32":7,"b:43:8:43:Infinity:undefined:undefined:undefined:undefined":1,"s:43:8:43:Infinity":27,"s:43:119:43:Infinity":28,"s:44:8:50:Infinity":29,"s:45:12:45:Infinity":30,"s:46:12:46:Infinity":31,"f:46:25:46:33":8,"s:46:33:46:62":32,"f:46:45:46:50":9,"s:46:50:46:61":33,"b:47:12:47:Infinity:undefined:undefined:undefined:undefined":2,"s:47:12:47:Infinity":34,"s:47:44:47:Infinity":35,"s:49:12:49:Infinity":36,"s:53:30:69:Infinity":37,"f:53:30:53:42":10,"b:54:8:54:Infinity:undefined:undefined:undefined:undefined":3,"s:54:8:54:Infinity":38,"b:54:12:54:33:54:33:54:52":4,"s:54:52:54:Infinity":39,"s:55:8:68:Infinity":40,"s:56:12:62:Infinity":41,"s:63:12:63:Infinity":42,"s:64:12:64:Infinity":43,"s:65:12:65:Infinity":44,"s:67:12:67:Infinity":45,"s:71:29:79:Infinity":46,"f:71:29:71:36":11,"b:72:8:75:Infinity:undefined:undefined:undefined:undefined":5,"s:72:8:75:Infinity":47,"s:73:12:73:Infinity":48,"s:74:12:74:Infinity":49,"s:76:23:76:Infinity":50,"s:77:8:77:Infinity":51,"s:78:8:78:Infinity":52,"b:78:31:78:51:78:51:78:55":6,"s:81:29:94:Infinity":53,"f:81:29:81:41":12,"b:82:8:82:Infinity:undefined:undefined:undefined:undefined":7,"s:82:8:82:Infinity":54,"s:82:30:82:Infinity":55,"s:83:8:93:Infinity":56,"s:84:12:88:Infinity":57,"s:89:12:89:Infinity":58,"s:90:12:90:Infinity":59,"s:92:12:92:Infinity":60,"s:96:4:269:Infinity":61,"f:112:29:112:35":13,"s:112:35:112:Infinity":62,"b:119:13:119:Infinity:120:16:126:Infinity":8,"b:130:16:133:Infinity:135:16:216:Infinity":9,"b:136:21:136:47:136:47:136:Infinity:137:24:141:Infinity":10,"f:144:35:144:Infinity":14,"s:145:24:214:Infinity":63,"b:145:144:145:199:145:199:145:248":11,"b:148:147:148:180:148:180:148:206":12,"f:167:58:167:64":15,"s:167:64:167:Infinity":64,"b:171:133:171:153:171:153:171:168":13,"b:172:64:172:80:172:80:172:Infinity":14,"f:176:49:176:55":16,"s:176:55:176:Infinity":65,"b:177:160:177:190:177:190:177:240":15,"b:179:98:179:109:179:109:179:Infinity":16,"f:182:49:182:55":17,"s:182:55:182:Infinity":66,"b:191:29:191:Infinity:192:32:212:Infinity":17,"f:199:54:199:55":18,"s:199:61:199:Infinity":67,"b:220:13:220:Infinity:221:16:267:Infinity":18,"f:225:45:225:51":19,"s:225:51:225:77":68,"f:237:46:237:51":20,"s:237:51:237:Infinity":69,"f:247:46:247:51":21,"s:247:51:247:Infinity":70,"f:253:41:253:47":22,"s:253:47:253:Infinity":71,"b:260:42:260:63:260:63:260:Infinity":19}}}
,"/home/imdias/workspace/AtelieFilhosDeAruanda-/dashboard-admin/src/services/MediaService.ts": {"path":"/home/imdias/workspace/AtelieFilhosDeAruanda-/dashboard-admin/src/services/MediaService.ts","statementMap":{"0":{"start":{"line":10,"column":28},"end":{"line":34,"column":null}},"1":{"start":{"line":12,"column":25},"end":{"line":12,"column":null}},"2":{"start":{"line":13,"column":8},"end":{"line":13,"column":null}},"3":{"start":{"line":16,"column":25},"end":{"line":18,"column":null}},"4":{"start":{"line":19,"column":8},"end":{"line":19,"column":null}},"5":{"start":{"line":23,"column":8},"end":{"line":23,"column":null}},"6":{"start":{"line":24,"column":8},"end":{"line":24,"column":null}},"7":{"start":{"line":24,"column":37},"end":{"line":24,"column":62}},"8":{"start":{"line":26,"column":8},"end":{"line":26,"column":null}},"9":{"start":{"line":30,"column":8},"end":{"line":30,"column":null}},"10":{"start":{"line":31,"column":8},"end":{"line":31,"column":null}},"11":{"start":{"line":31,"column":37},"end":{"line":31,"column":62}},"12":{"start":{"line":32,"column":8},"end":{"line":32,"column":null}}},"fnMap":{"0":{"name":"(anonymous_0)","decl":{"start":{"line":11,"column":12},"end":{"line":11,"column":19}},"loc":{"start":{"line":11,"column":59},"end":{"line":20,"column":null}},"line":11},"1":{"name":"(anonymous_1)","decl":{"start":{"line":22,"column":22},"end":{"line":22,"column":29}},"loc":{"start":{"line":22,"column":66},"end":{"line":27,"column":null}},"line":22},"2":{"name":"(anonymous_2)","decl":{"start":{"line":24,"column":26},"end":{"line":24,"column":37}},"loc":{"start":{"line":24,"column":37},"end":{"line":24,"column":62}},"line":24},"3":{"name":"(anonymous_3)","decl":{"start":{"line":29,"column":20},"end":{"line":29,"column":27}},"loc":{"start":{"line":29,"column":81},"end":{"line":33,"column":null}},"line":29},"4":{"name":"(anonymous_4)","decl":{"start":{"line":31,"column":26},"end":{"line":31,"column":37}},"loc":{"start":{"line":31,"column":37},"end":{"line":31,"column":62}},"line":31}},"branchMap":{},"s":{"0":1,"1":0,"2":0,"3":0,"4":0,"5":0,"6":0,"7":0,"8":0,"9":0,"10":0,"11":0,"12":0},"f":{"0":0,"1":0,"2":0,"3":0,"4":0},"b":{},"meta":{"lastBranch":0,"lastFunction":5,"lastStatement":13,"seen":{"s:10:28:34:Infinity":0,"f:11:12:11:19":0,"s:12:25:12:Infinity":1,"s:13:8:13:Infinity":2,"s:16:25:18:Infinity":3,"s:19:8:19:Infinity":4,"f:22:22:22:29":1,"s:23:8:23:Infinity":5,"s:24:8:24:Infinity":6,"f:24:26:24:37":2,"s:24:37:24:62":7,"s:26:8:26:Infinity":8,"f:29:20:29:27":3,"s:30:8:30:Infinity":9,"s:31:8:31:Infinity":10,"f:31:26:31:37":4,"s:31:37:31:62":11,"s:32:8:32:Infinity":12}}}
}
