TN:
SF:src/App.tsx
FN:36,(anonymous_0)
FN:42,AppRoutes
FN:93,App
FNF:3
FNH:0
FNDA:0,(anonymous_0)
FNDA:0,AppRoutes
FNDA:0,App
DA:36,0
DA:37,0
DA:38,0
DA:39,0
DA:43,0
DA:94,0
LF:6
LH:0
BRDA:38,0,0,0
BRDA:38,0,1,0
BRDA:39,1,0,0
BRDA:39,1,1,0
BRF:4
BRH:0
end_of_record
TN:
SF:src/api/axios.ts
FN:14,(anonymous_0)
FN:32,(anonymous_1)
FN:39,(anonymous_2)
FN:43,(anonymous_3)
FNF:4
FNH:0
FNDA:0,(anonymous_0)
FNDA:0,(anonymous_1)
FNDA:0,(anonymous_2)
FNDA:0,(anonymous_3)
DA:4,0
DA:6,0
DA:13,0
DA:17,0
DA:18,0
DA:20,0
DA:21,0
DA:22,0
DA:26,0
DA:27,0
DA:30,0
DA:33,0
DA:34,0
DA:38,0
DA:40,0
DA:41,0
DA:44,0
DA:45,0
DA:46,0
DA:47,0
DA:49,0
DA:50,0
DA:53,0
LF:23
LH:0
BRDA:17,0,0,0
BRDA:17,0,1,0
BRDA:21,1,0,0
BRDA:21,1,1,0
BRDA:21,2,0,0
BRDA:21,2,1,0
BRDA:26,3,0,0
BRDA:26,3,1,0
BRDA:45,4,0,0
BRDA:45,4,1,0
BRDA:49,5,0,0
BRDA:49,5,1,0
BRF:12
BRH:0
end_of_record
TN:
SF:src/components/common/RichTextEditor.tsx
FN:27,RichTextEditor
FNF:1
FNH:0
FNDA:0,RichTextEditor
DA:10,0
DA:20,0
DA:28,0
LF:3
LH:0
BRDA:36,0,0,0
BRDA:36,0,1,0
BRF:2
BRH:0
end_of_record
TN:
SF:src/components/layout/DashboardLayout.tsx
FN:20,DashboardLayout
FN:30,(anonymous_1)
FN:31,(anonymous_2)
FN:34,(anonymous_3)
FN:90,(anonymous_4)
FN:95,(anonymous_5)
FN:100,(anonymous_6)
FN:115,(anonymous_7)
FN:144,(anonymous_8)
FN:164,(anonymous_9)
FNF:10
FNH:10
FNDA:7,DashboardLayout
FNDA:1,(anonymous_1)
FNDA:1,(anonymous_2)
FNDA:1,(anonymous_3)
FNDA:172,(anonymous_4)
FNDA:133,(anonymous_5)
FNDA:1,(anonymous_6)
FNDA:116,(anonymous_7)
FNDA:56,(anonymous_8)
FNDA:1,(anonymous_9)
DA:11,1
DA:21,7
DA:22,7
DA:23,7
DA:24,7
DA:30,7
DA:31,1
DA:34,7
DA:36,7
DA:90,7
DA:91,172
DA:93,172
DA:94,28
DA:95,133
DA:97,28
DA:100,1
DA:115,116
DA:122,144
DA:123,144
DA:142,7
DA:144,56
DA:159,7
DA:164,1
LF:23
LH:23
BRDA:90,0,0,172
BRDA:93,1,0,28
BRDA:93,1,1,144
BRDA:95,2,0,133
BRDA:95,2,1,133
BRDA:103,3,0,0
BRDA:103,3,1,28
BRDA:110,4,0,20
BRDA:110,4,1,8
BRDA:113,5,0,28
BRDA:113,5,1,20
BRDA:130,6,0,7
BRDA:130,6,1,137
BRDA:175,7,0,7
BRDA:175,7,1,1
BRDA:191,8,0,1
BRDA:191,8,1,6
BRF:17
BRH:16
end_of_record
TN:
SF:src/components/layout/StoreSelector.tsx
FN:6,StoreSelector
FN:16,(anonymous_1)
FN:37,(anonymous_2)
FN:43,(anonymous_3)
FN:46,(anonymous_4)
FNF:5
FNH:4
FNDA:8,StoreSelector
FNDA:2,(anonymous_1)
FNDA:0,(anonymous_2)
FNDA:4,(anonymous_3)
FNDA:1,(anonymous_4)
DA:7,8
DA:8,8
DA:10,8
DA:11,7
DA:13,6
DA:16,2
DA:37,0
DA:44,4
DA:47,1
DA:48,1
LF:10
LH:9
BRDA:10,0,0,1
BRDA:10,0,1,7
BRDA:11,1,0,1
BRDA:11,1,1,6
BRDA:20,2,0,0
BRDA:20,2,1,6
BRDA:30,3,0,8
BRDA:30,3,1,2
BRDA:33,4,0,8
BRDA:33,4,1,2
BRDA:52,5,0,4
BRDA:52,5,1,2
BRDA:57,6,0,2
BRDA:57,6,1,2
BRDA:62,7,0,2
BRDA:62,7,1,2
BRDA:67,8,0,4
BRDA:67,8,1,2
BRF:18
BRH:17
end_of_record
TN:
SF:src/components/products/CreatableCategorySelect.tsx
FN:12,CreatableCategorySelect
FN:14,(anonymous_1)
FN:23,(anonymous_2)
FN:25,(anonymous_3)
FN:43,(anonymous_4)
FN:46,(anonymous_5)
FN:59,(anonymous_6)
FN:61,(anonymous_7)
FN:67,(anonymous_8)
FNF:9
FNH:6
FNDA:21,CreatableCategorySelect
FNDA:24,(anonymous_1)
FNDA:16,(anonymous_2)
FNDA:1,(anonymous_3)
FNDA:21,(anonymous_4)
FNDA:0,(anonymous_5)
FNDA:0,(anonymous_6)
FNDA:0,(anonymous_7)
FNDA:23,(anonymous_8)
DA:14,24
DA:21,21
DA:23,16
DA:25,21
DA:26,1
DA:27,0
DA:28,0
DA:32,1
DA:34,0
DA:35,1
DA:37,1
DA:43,21
DA:44,21
DA:45,0
DA:46,0
DA:48,0
DA:51,21
DA:59,0
DA:62,0
DA:67,23
LF:20
LH:12
BRDA:21,0,0,0
BRDA:21,0,1,21
BRDA:23,1,0,21
BRDA:23,1,1,13
BRDA:26,2,0,0
BRDA:26,2,1,1
BRDA:32,3,0,0
BRDA:32,3,1,1
BRDA:32,4,0,1
BRDA:32,4,1,1
BRDA:32,4,2,1
BRDA:32,4,3,0
BRDA:35,5,0,1
BRDA:35,5,1,0
BRDA:35,6,0,1
BRDA:35,6,1,1
BRDA:35,6,2,1
BRDA:44,7,0,21
BRDA:44,7,1,0
BRDA:62,8,0,0
BRDA:62,8,1,0
BRDA:69,9,0,1
BRDA:69,9,1,22
BRDA:69,10,0,0
BRDA:69,10,1,22
BRDA:70,11,0,0
BRDA:70,11,1,23
BRDA:70,12,0,0
BRDA:70,12,1,0
BRDA:72,13,0,1
BRDA:72,13,1,22
BRDA:72,14,0,0
BRDA:72,14,1,22
BRDA:80,15,0,21
BRDA:80,15,1,1
BRF:35
BRH:22
end_of_record
TN:
SF:src/components/products/MediaGallery.tsx
FN:12,MediaGallery
FN:16,(anonymous_1)
FN:44,(anonymous_2)
FN:45,(anonymous_3)
FN:48,(anonymous_4)
FN:49,(anonymous_5)
FN:52,(anonymous_6)
FN:79,(anonymous_7)
FN:92,(anonymous_8)
FN:101,(anonymous_9)
FN:110,(anonymous_10)
FN:117,(anonymous_11)
FN:133,(anonymous_12)
FNF:13
FNH:1
FNDA:21,MediaGallery
FNDA:0,(anonymous_1)
FNDA:0,(anonymous_2)
FNDA:0,(anonymous_3)
FNDA:0,(anonymous_4)
FNDA:0,(anonymous_5)
FNDA:0,(anonymous_6)
FNDA:0,(anonymous_7)
FNDA:0,(anonymous_8)
FNDA:0,(anonymous_9)
FNDA:0,(anonymous_10)
FNDA:0,(anonymous_11)
FNDA:0,(anonymous_12)
DA:13,21
DA:14,21
DA:16,21
DA:17,0
DA:18,0
DA:20,0
DA:21,0
DA:22,0
DA:24,0
DA:33,0
DA:34,0
DA:38,0
DA:39,0
DA:44,21
DA:45,0
DA:48,21
DA:49,0
DA:52,21
DA:53,0
DA:56,21
DA:80,0
DA:93,0
DA:101,0
DA:110,0
DA:117,0
DA:133,0
LF:26
LH:7
BRDA:17,0,0,0
BRDA:17,0,1,0
BRDA:27,1,0,0
BRDA:27,1,1,0
BRDA:28,2,0,0
BRDA:28,2,1,0
BRDA:33,3,0,0
BRDA:33,3,1,0
BRDA:38,4,0,0
BRDA:38,4,1,0
BRDA:81,5,0,0
BRDA:81,5,1,0
BRDA:81,6,0,0
BRDA:81,6,1,0
BRDA:81,6,2,0
BRDA:81,6,3,0
BRDA:106,7,0,0
BRDA:106,7,1,0
BRDA:111,8,0,0
BRDA:111,8,1,0
BRDA:113,9,0,0
BRDA:113,9,1,0
BRF:22
BRH:0
end_of_record
TN:
SF:src/components/products/VariantsManager.tsx
FN:11,VariantsManager
FN:12,(anonymous_1)
FN:13,(anonymous_2)
FN:22,(anonymous_3)
FN:66,(anonymous_4)
FN:75,(anonymous_5)
FNF:6
FNH:2
FNDA:20,VariantsManager
FNDA:0,(anonymous_1)
FNDA:0,(anonymous_2)
FNDA:4,(anonymous_3)
FNDA:0,(anonymous_4)
FNDA:0,(anonymous_5)
DA:12,20
DA:13,0
DA:16,20
DA:17,16
DA:20,4
DA:23,4
DA:66,0
DA:75,0
LF:8
LH:5
BRDA:16,0,0,16
BRDA:16,0,1,4
BRDA:25,1,0,0
BRDA:25,1,1,4
BRDA:28,2,0,0
BRDA:28,2,1,0
BRDA:28,2,2,0
BRDA:40,3,0,4
BRDA:40,3,1,4
BRDA:44,4,0,4
BRDA:44,4,1,0
BRDA:51,5,0,4
BRDA:51,5,1,0
BRDA:51,5,2,0
BRDA:57,6,0,4
BRDA:57,6,1,0
BRDA:63,7,0,4
BRDA:63,7,1,4
BRDA:23,8,0,4
BRDA:23,8,1,0
BRF:20
BRH:11
end_of_record
TN:
SF:src/components/settings/fiscal/CertificateUploadForm.tsx
FN:18,CertificateUploadForm
FN:28,(anonymous_1)
FN:33,(anonymous_2)
FN:38,(anonymous_3)
FN:47,(anonymous_4)
FN:54,(anonymous_5)
FN:74,(anonymous_6)
FN:95,(anonymous_7)
FN:167,(anonymous_8)
FN:206,(anonymous_9)
FN:231,(anonymous_10)
FN:257,(anonymous_11)
FN:282,(anonymous_12)
FN:289,(anonymous_13)
FNF:14
FNH:0
FNDA:0,CertificateUploadForm
FNDA:0,(anonymous_1)
FNDA:0,(anonymous_2)
FNDA:0,(anonymous_3)
FNDA:0,(anonymous_4)
FNDA:0,(anonymous_5)
FNDA:0,(anonymous_6)
FNDA:0,(anonymous_7)
FNDA:0,(anonymous_8)
FNDA:0,(anonymous_9)
FNDA:0,(anonymous_10)
FNDA:0,(anonymous_11)
FNDA:0,(anonymous_12)
FNDA:0,(anonymous_13)
DA:19,0
DA:20,0
DA:21,0
DA:22,0
DA:23,0
DA:24,0
DA:26,0
DA:28,0
DA:29,0
DA:30,0
DA:33,0
DA:34,0
DA:35,0
DA:38,0
DA:39,0
DA:40,0
DA:41,0
DA:42,0
DA:43,0
DA:47,0
DA:48,0
DA:49,0
DA:50,0
DA:54,0
DA:55,0
DA:56,0
DA:57,0
DA:59,0
DA:60,0
DA:61,0
DA:62,0
DA:65,0
DA:66,0
DA:67,0
DA:68,0
DA:71,0
DA:74,0
DA:75,0
DA:76,0
DA:77,0
DA:78,0
DA:80,0
DA:81,0
DA:82,0
DA:85,0
DA:86,0
DA:87,0
DA:88,0
DA:90,0
DA:91,0
DA:95,0
DA:96,0
DA:97,0
DA:98,0
DA:100,0
DA:101,0
DA:105,0
DA:107,0
DA:167,0
DA:206,0
DA:231,0
DA:257,0
DA:282,0
DA:289,0
LF:64
LH:0
BRDA:18,0,0,0
BRDA:42,1,0,0
BRDA:42,1,1,0
BRDA:49,2,0,0
BRDA:49,2,1,0
BRDA:59,3,0,0
BRDA:59,3,1,0
BRDA:65,4,0,0
BRDA:65,4,1,0
BRDA:76,5,0,0
BRDA:76,5,1,0
BRDA:80,6,0,0
BRDA:80,6,1,0
BRDA:91,7,0,0
BRDA:91,7,1,0
BRDA:101,8,0,0
BRDA:101,8,1,0
BRDA:111,9,0,0
BRDA:111,9,1,0
BRDA:119,10,0,0
BRDA:119,10,1,0
BRDA:119,10,2,0
BRDA:122,11,0,0
BRDA:122,11,1,0
BRDA:125,12,0,0
BRDA:125,12,1,0
BRDA:126,13,0,0
BRDA:126,13,1,0
BRDA:129,14,0,0
BRDA:129,14,1,0
BRDA:130,15,0,0
BRDA:130,15,1,0
BRDA:132,16,0,0
BRDA:132,16,1,0
BRDA:181,17,0,0
BRDA:181,17,1,0
BRDA:181,17,2,0
BRDA:196,18,0,0
BRDA:196,18,1,0
BRDA:219,19,0,0
BRDA:219,19,1,0
BRDA:228,20,0,0
BRDA:228,20,1,0
BRDA:235,21,0,0
BRDA:235,21,1,0
BRDA:237,22,0,0
BRDA:237,22,1,0
BRDA:238,23,0,0
BRDA:238,23,1,0
BRDA:248,24,0,0
BRDA:248,24,1,0
BRDA:265,25,0,0
BRDA:265,25,1,0
BRDA:280,26,0,0
BRDA:280,26,1,0
BRDA:293,27,0,0
BRDA:293,27,1,0
BRDA:295,28,0,0
BRDA:295,28,1,0
BRDA:300,29,0,0
BRDA:300,29,1,0
BRDA:310,30,0,0
BRDA:310,30,1,0
BRDA:310,30,2,0
BRDA:313,31,0,0
BRDA:313,31,1,0
BRF:66
BRH:0
end_of_record
TN:
SF:src/components/settings/fiscal/EmissionConfigForm.tsx
FN:15,EmissionConfigForm
FN:27,(anonymous_1)
FN:42,(anonymous_2)
FN:58,(anonymous_3)
FN:72,(anonymous_4)
FNF:5
FNH:0
FNDA:0,EmissionConfigForm
FNDA:0,(anonymous_1)
FNDA:0,(anonymous_2)
FNDA:0,(anonymous_3)
FNDA:0,(anonymous_4)
DA:16,0
DA:27,0
DA:42,0
DA:58,0
DA:72,0
LF:5
LH:0
BRDA:44,0,0,0
BRDA:44,0,1,0
BRDA:57,1,0,0
BRDA:57,1,1,0
BRDA:57,2,0,0
BRDA:57,2,1,0
BRDA:71,3,0,0
BRDA:71,3,1,0
BRDA:71,4,0,0
BRDA:71,4,1,0
BRF:10
BRH:0
end_of_record
TN:
SF:src/components/settings/fiscal/IssuerDataForm.tsx
FN:22,IssuerDataForm
FN:38,(anonymous_1)
FN:50,(anonymous_2)
FN:62,(anonymous_3)
FN:79,(anonymous_4)
FN:91,(anonymous_5)
FN:103,(anonymous_6)
FN:115,(anonymous_7)
FN:127,(anonymous_8)
FN:139,(anonymous_9)
FN:152,(anonymous_10)
FNF:11
FNH:0
FNDA:0,IssuerDataForm
FNDA:0,(anonymous_1)
FNDA:0,(anonymous_2)
FNDA:0,(anonymous_3)
FNDA:0,(anonymous_4)
FNDA:0,(anonymous_5)
FNDA:0,(anonymous_6)
FNDA:0,(anonymous_7)
FNDA:0,(anonymous_8)
FNDA:0,(anonymous_9)
FNDA:0,(anonymous_10)
DA:26,0
DA:38,0
DA:50,0
DA:62,0
DA:79,0
DA:91,0
DA:103,0
DA:115,0
DA:127,0
DA:139,0
DA:152,0
LF:11
LH:0
BRF:0
BRH:0
end_of_record
TN:
SF:src/components/shipping/CustomShippingConfig.tsx
FN:16,CustomShippingConfig
FN:27,(anonymous_1)
FN:37,(anonymous_2)
FN:44,(anonymous_3)
FN:55,(anonymous_4)
FN:117,(anonymous_5)
FN:133,(anonymous_6)
FN:146,(anonymous_7)
FN:158,(anonymous_8)
FNF:9
FNH:0
FNDA:0,CustomShippingConfig
FNDA:0,(anonymous_1)
FNDA:0,(anonymous_2)
FNDA:0,(anonymous_3)
FNDA:0,(anonymous_4)
FNDA:0,(anonymous_5)
FNDA:0,(anonymous_6)
FNDA:0,(anonymous_7)
FNDA:0,(anonymous_8)
DA:17,0
DA:18,0
DA:19,0
DA:20,0
DA:21,0
DA:23,0
DA:24,0
DA:25,0
DA:27,0
DA:28,0
DA:29,0
DA:30,0
DA:31,0
DA:32,0
DA:37,0
DA:38,0
DA:39,0
DA:40,0
DA:42,0
DA:43,0
DA:44,0
DA:46,0
DA:47,0
DA:49,0
DA:50,0
DA:51,0
DA:52,0
DA:53,0
DA:54,0
DA:55,0
DA:56,0
DA:57,0
DA:62,0
DA:64,0
DA:65,0
DA:66,0
DA:68,0
DA:69,0
DA:71,0
DA:72,0
DA:74,0
DA:77,0
DA:79,0
DA:80,0
DA:81,0
DA:85,0
DA:87,0
DA:89,0
DA:92,0
DA:94,0
DA:95,0
DA:96,0
DA:97,0
DA:98,0
DA:100,0
DA:101,0
DA:102,0
DA:103,0
DA:104,0
DA:105,0
DA:107,0
DA:108,0
DA:109,0
DA:111,0
DA:113,0
DA:117,0
DA:118,0
DA:121,0
DA:133,0
DA:146,0
DA:158,0
LF:71
LH:0
BRDA:23,0,0,0
BRDA:23,0,1,0
BRDA:24,1,0,0
BRDA:24,1,1,0
BRDA:25,2,0,0
BRDA:25,2,1,0
BRDA:28,3,0,0
BRDA:28,3,1,0
BRDA:28,4,0,0
BRDA:28,4,1,0
BRDA:30,5,0,0
BRDA:30,5,1,0
BRDA:49,6,0,0
BRDA:49,6,1,0
BRDA:50,7,0,0
BRDA:50,7,1,0
BRDA:51,8,0,0
BRDA:51,8,1,0
BRDA:53,9,0,0
BRDA:53,9,1,0
BRDA:56,10,0,0
BRDA:56,10,1,0
BRDA:62,11,0,0
BRDA:62,11,1,0
BRDA:66,12,0,0
BRDA:66,12,1,0
BRDA:71,13,0,0
BRDA:71,13,1,0
BRDA:71,14,0,0
BRDA:71,14,1,0
BRDA:72,15,0,0
BRDA:72,15,1,0
BRDA:74,16,0,0
BRDA:74,16,1,0
BRDA:74,16,2,0
BRDA:77,17,0,0
BRDA:77,17,1,0
BRDA:80,18,0,0
BRDA:80,18,1,0
BRDA:92,19,0,0
BRDA:92,19,1,0
BRDA:145,20,0,0
BRDA:145,20,1,0
BRDA:145,21,0,0
BRDA:145,21,1,0
BRDA:157,22,0,0
BRDA:157,22,1,0
BRDA:157,23,0,0
BRDA:157,23,1,0
BRDA:174,24,0,0
BRDA:174,24,1,0
BRDA:177,25,0,0
BRDA:177,25,1,0
BRDA:180,26,0,0
BRDA:180,26,1,0
BRDA:185,27,0,0
BRDA:185,27,1,0
BRDA:185,28,0,0
BRDA:185,28,1,0
BRDA:194,29,0,0
BRDA:194,29,1,0
BRDA:194,30,0,0
BRDA:194,30,1,0
BRDA:200,31,0,0
BRDA:200,31,1,0
BRDA:206,32,0,0
BRDA:206,32,1,0
BRDA:206,32,2,0
BRDA:219,33,0,0
BRDA:219,33,1,0
BRDA:266,34,0,0
BRDA:266,34,1,0
BRDA:266,34,2,0
BRDA:269,35,0,0
BRDA:269,35,1,0
BRDA:269,36,0,0
BRDA:269,36,1,0
BRDA:272,37,0,0
BRDA:272,37,1,0
BRF:79
BRH:0
end_of_record
TN:
SF:src/components/shipping/MandaBemConfig.tsx
FN:19,MandaBemConfig
FN:28,(anonymous_1)
FN:58,(anonymous_2)
FN:68,(anonymous_3)
FN:96,(anonymous_4)
FN:112,(anonymous_5)
FN:126,(anonymous_6)
FN:153,(anonymous_7)
FN:172,(anonymous_8)
FN:182,(anonymous_9)
FNF:10
FNH:0
FNDA:0,MandaBemConfig
FNDA:0,(anonymous_1)
FNDA:0,(anonymous_2)
FNDA:0,(anonymous_3)
FNDA:0,(anonymous_4)
FNDA:0,(anonymous_5)
FNDA:0,(anonymous_6)
FNDA:0,(anonymous_7)
FNDA:0,(anonymous_8)
FNDA:0,(anonymous_9)
DA:20,0
DA:21,0
DA:22,0
DA:23,0
DA:24,0
DA:25,0
DA:26,0
DA:28,0
DA:29,0
DA:41,0
DA:58,0
DA:68,0
DA:96,0
DA:112,0
DA:126,0
DA:153,0
DA:172,0
DA:182,0
LF:18
LH:0
BRDA:20,0,0,0
BRDA:20,0,1,0
BRDA:21,1,0,0
BRDA:21,1,1,0
BRDA:22,2,0,0
BRDA:22,2,1,0
BRDA:23,3,0,0
BRDA:23,3,1,0
BRDA:24,4,0,0
BRDA:24,4,1,0
BRDA:25,5,0,0
BRDA:25,5,1,0
BRDA:26,6,0,0
BRDA:26,6,1,0
BRDA:33,7,0,0
BRDA:33,7,1,0
BRDA:34,8,0,0
BRDA:34,8,1,0
BRDA:35,9,0,0
BRDA:35,9,1,0
BRDA:111,10,0,0
BRDA:111,10,1,0
BRDA:111,11,0,0
BRDA:111,11,1,0
BRDA:111,11,2,0
BRDA:125,12,0,0
BRDA:125,12,1,0
BRDA:125,13,0,0
BRDA:125,13,1,0
BRDA:125,13,2,0
BRDA:152,14,0,0
BRDA:152,14,1,0
BRDA:152,15,0,0
BRDA:152,15,1,0
BRDA:152,15,2,0
BRF:35
BRH:0
end_of_record
TN:
SF:src/components/shipping/MelhorEnvioConfig.tsx
FN:28,MelhorEnvioConfig
FN:34,parseRules
FN:35,(anonymous_2)
FN:49,generateSpel
FN:57,(anonymous_4)
FN:59,(anonymous_5)
FN:72,(anonymous_6)
FN:73,(anonymous_7)
FN:74,(anonymous_8)
FN:78,(anonymous_9)
FN:79,(anonymous_10)
FN:87,(anonymous_11)
FN:88,(anonymous_12)
FN:88,(anonymous_13)
FN:91,(anonymous_14)
FN:92,(anonymous_15)
FN:92,(anonymous_16)
FN:109,(anonymous_17)
FN:121,(anonymous_18)
FN:138,(anonymous_19)
FN:141,(anonymous_20)
FN:177,(anonymous_21)
FN:184,(anonymous_22)
FN:192,(anonymous_23)
FN:196,(anonymous_24)
FN:205,(anonymous_25)
FN:211,(anonymous_26)
FNF:27
FNH:0
FNDA:0,MelhorEnvioConfig
FNDA:0,parseRules
FNDA:0,(anonymous_2)
FNDA:0,generateSpel
FNDA:0,(anonymous_4)
FNDA:0,(anonymous_5)
FNDA:0,(anonymous_6)
FNDA:0,(anonymous_7)
FNDA:0,(anonymous_8)
FNDA:0,(anonymous_9)
FNDA:0,(anonymous_10)
FNDA:0,(anonymous_11)
FNDA:0,(anonymous_12)
FNDA:0,(anonymous_13)
FNDA:0,(anonymous_14)
FNDA:0,(anonymous_15)
FNDA:0,(anonymous_16)
FNDA:0,(anonymous_17)
FNDA:0,(anonymous_18)
FNDA:0,(anonymous_19)
FNDA:0,(anonymous_20)
FNDA:0,(anonymous_21)
FNDA:0,(anonymous_22)
FNDA:0,(anonymous_23)
FNDA:0,(anonymous_24)
FNDA:0,(anonymous_25)
FNDA:0,(anonymous_26)
DA:16,1
DA:26,1
DA:29,0
DA:30,0
DA:31,0
DA:32,0
DA:35,0
DA:37,0
DA:38,0
DA:39,0
DA:40,0
DA:50,0
DA:51,0
DA:52,0
DA:53,0
DA:54,0
DA:57,0
DA:58,0
DA:59,0
DA:60,0
DA:63,0
DA:72,0
DA:73,0
DA:74,0
DA:78,0
DA:79,0
DA:87,0
DA:88,0
DA:91,0
DA:92,0
DA:95,0
DA:109,0
DA:121,0
DA:139,0
DA:141,0
DA:178,0
DA:184,0
DA:192,0
DA:196,0
DA:205,0
DA:211,0
LF:41
LH:2
BRDA:29,0,0,0
BRDA:29,0,1,0
BRDA:30,1,0,0
BRDA:30,1,1,0
BRDA:31,2,0,0
BRDA:31,2,1,0
BRDA:32,3,0,0
BRDA:32,3,1,0
BRDA:39,4,0,0
BRDA:39,4,1,0
BRDA:43,5,0,0
BRDA:43,5,1,0
BRDA:43,6,0,0
BRDA:43,6,1,0
BRDA:44,7,0,0
BRDA:44,7,1,0
BRDA:44,8,0,0
BRDA:44,8,1,0
BRDA:51,9,0,0
BRDA:51,9,1,0
BRDA:52,10,0,0
BRDA:52,10,1,0
BRDA:53,11,0,0
BRDA:53,11,1,0
BRDA:54,12,0,0
BRDA:54,12,1,0
BRDA:74,13,0,0
BRDA:74,13,1,0
BRDA:92,14,0,0
BRDA:92,14,1,0
BRDA:142,15,0,0
BRDA:142,15,1,0
BRDA:148,16,0,0
BRDA:148,16,1,0
BRDA:170,17,0,0
BRDA:170,17,1,0
BRDA:203,18,0,0
BRDA:203,18,1,0
BRDA:203,19,0,0
BRDA:203,19,1,0
BRF:40
BRH:0
end_of_record
TN:
SF:src/components/ui/BaseModal.tsx
FN:13,(anonymous_0)
FN:20,(anonymous_1)
FN:21,(anonymous_2)
FN:28,(anonymous_3)
FNF:4
FNH:3
FNDA:33,(anonymous_0)
FNDA:33,(anonymous_1)
FNDA:0,(anonymous_2)
FNDA:33,(anonymous_3)
DA:13,3
DA:20,33
DA:21,33
DA:22,0
DA:24,33
DA:25,4
DA:26,4
DA:28,33
DA:29,33
DA:30,33
DA:34,33
DA:36,4
LF:12
LH:11
BRDA:18,0,0,33
BRDA:22,1,0,0
BRDA:22,1,1,0
BRDA:24,2,0,4
BRDA:24,2,1,29
BRDA:34,3,0,29
BRDA:34,3,1,4
BRF:7
BRH:5
end_of_record
TN:
SF:src/components/ui/Button.tsx
FN:10,(anonymous_0)
FNF:1
FNH:1
FNDA:119,(anonymous_0)
DA:10,5
DA:19,119
DA:21,119
DA:29,119
DA:35,119
LF:5
LH:5
BRDA:12,0,0,119
BRDA:13,1,0,119
BRDA:14,2,0,119
BRDA:15,3,0,119
BRDA:37,4,0,119
BRDA:37,4,1,119
BRDA:41,5,0,119
BRDA:41,5,1,4
BRF:8
BRH:8
end_of_record
TN:
SF:src/components/ui/ComingSoonModal.tsx
FN:10,ComingSoonModal
FNF:1
FNH:1
FNDA:21,ComingSoonModal
DA:11,21
DA:13,0
LF:2
LH:1
BRDA:11,0,0,21
BRDA:11,0,1,0
BRDA:29,1,0,0
BRDA:29,1,1,0
BRDA:33,2,0,21
BRDA:33,2,1,0
BRF:6
BRH:2
end_of_record
TN:
SF:src/components/ui/FeatureGateModal.tsx
FN:10,FeatureGateModal
FNF:1
FNH:0
FNDA:0,FeatureGateModal
DA:11,0
DA:13,0
LF:2
LH:0
BRDA:11,0,0,0
BRDA:11,0,1,0
BRF:2
BRH:0
end_of_record
TN:
SF:src/components/ui/GlobalOverlay.tsx
FN:5,(anonymous_0)
FNF:1
FNH:0
FNDA:0,(anonymous_0)
DA:5,0
DA:6,0
DA:8,0
DA:10,0
LF:4
LH:0
BRDA:8,0,0,0
BRDA:8,0,1,0
BRF:2
BRH:0
end_of_record
TN:
SF:src/components/ui/MaskedInput.tsx
FN:19,(anonymous_0)
FN:21,(anonymous_1)
FN:67,(anonymous_2)
FNF:3
FNH:0
FNDA:0,(anonymous_0)
FNDA:0,(anonymous_1)
FNDA:0,(anonymous_2)
DA:18,0
DA:21,0
DA:22,0
DA:24,0
DA:25,0
DA:32,0
DA:33,0
DA:41,0
DA:42,0
DA:43,0
DA:49,0
DA:58,0
DA:59,0
DA:64,0
DA:67,0
DA:68,0
DA:69,0
DA:72,0
DA:73,0
DA:74,0
DA:75,0
DA:76,0
DA:78,0
DA:79,0
DA:84,0
DA:86,0
DA:117,0
LF:27
LH:0
BRDA:24,0,0,0
BRDA:24,0,1,0
BRDA:32,1,0,0
BRDA:32,1,1,0
BRDA:41,2,0,0
BRDA:41,2,1,0
BRDA:42,3,0,0
BRDA:42,3,1,0
BRDA:58,4,0,0
BRDA:58,4,1,0
BRDA:73,5,0,0
BRDA:73,5,1,0
BRDA:74,6,0,0
BRDA:74,6,1,0
BRDA:75,7,0,0
BRDA:75,7,1,0
BRDA:76,8,0,0
BRDA:76,8,1,0
BRDA:78,9,0,0
BRDA:78,9,1,0
BRDA:84,10,0,0
BRDA:84,10,1,0
BRDA:88,11,0,0
BRDA:88,11,1,0
BRDA:101,12,0,0
BRDA:101,12,1,0
BRDA:107,13,0,0
BRDA:107,13,1,0
BRF:28
BRH:0
end_of_record
TN:
SF:src/components/ui/Skeleton.tsx
FN:9,(anonymous_0)
FNF:1
FNH:1
FNDA:60,(anonymous_0)
DA:9,1
DA:10,60
LF:2
LH:2
BRDA:9,0,0,60
BRDA:14,1,0,60
BRDA:14,1,1,50
BRDA:15,2,0,60
BRDA:15,2,1,0
BRDA:16,3,0,60
BRDA:16,3,1,10
BRF:7
BRH:6
end_of_record
TN:
SF:src/components/ui/Spinner.tsx
FN:8,(anonymous_0)
FNF:1
FNH:1
FNDA:4,(anonymous_0)
DA:8,5
DA:9,4
LF:2
LH:2
BRDA:8,0,0,4
BRDA:8,1,0,4
BRF:2
BRH:2
end_of_record
TN:
SF:src/components/ui/TokenModal.tsx
FN:12,TokenModal
FN:36,(anonymous_1)
FN:51,(anonymous_2)
FNF:3
FNH:0
FNDA:0,TokenModal
FNDA:0,(anonymous_1)
FNDA:0,(anonymous_2)
DA:13,0
DA:15,0
DA:36,0
DA:52,0
LF:4
LH:0
BRDA:52,0,0,0
BRDA:52,0,1,0
BRF:2
BRH:0
end_of_record
TN:
SF:src/context/AuthContext.tsx
FN:14,AuthProvider
FN:18,(anonymous_1)
FN:19,(anonymous_2)
FN:43,(anonymous_3)
FN:48,(anonymous_4)
FN:61,(anonymous_5)
FNF:6
FNH:5
FNDA:45,AuthProvider
FNDA:22,(anonymous_1)
FNDA:22,(anonymous_2)
FNDA:1,(anonymous_3)
FNDA:0,(anonymous_4)
FNDA:70,(anonymous_5)
DA:12,7
DA:15,45
DA:16,45
DA:18,45
DA:19,22
DA:20,22
DA:21,22
DA:22,22
DA:23,22
DA:26,0
DA:29,0
DA:30,0
DA:32,0
DA:33,0
DA:34,0
DA:36,0
DA:40,22
DA:43,45
DA:44,1
DA:45,1
DA:48,45
DA:49,0
DA:50,0
DA:51,0
DA:54,45
DA:61,70
LF:26
LH:16
BRDA:21,0,0,22
BRDA:21,0,1,0
BRF:2
BRH:1
end_of_record
TN:
SF:src/context/LoadingContext.tsx
FN:20,(anonymous_0)
FN:22,(anonymous_1)
FN:29,(anonymous_2)
FN:34,(anonymous_3)
FN:37,(anonymous_4)
FN:48,(anonymous_5)
FNF:6
FNH:0
FNDA:0,(anonymous_0)
FNDA:0,(anonymous_1)
FNDA:0,(anonymous_2)
FNDA:0,(anonymous_3)
FNDA:0,(anonymous_4)
FNDA:0,(anonymous_5)
DA:7,0
DA:17,0
DA:20,0
DA:22,0
DA:23,0
DA:24,0
DA:25,0
DA:29,0
DA:30,0
DA:31,0
DA:34,0
DA:35,0
DA:37,0
DA:38,0
DA:41,0
DA:48,0
DA:49,0
DA:50,0
DA:51,0
DA:53,0
LF:20
LH:0
BRDA:22,0,0,0
BRDA:24,1,0,0
BRDA:24,1,1,0
BRDA:50,2,0,0
BRDA:50,2,1,0
BRF:5
BRH:0
end_of_record
TN:
SF:src/context/TenantContext.tsx
FN:18,TenantProvider
FN:24,(anonymous_1)
FN:33,(anonymous_2)
FN:40,(anonymous_3)
FN:52,(anonymous_4)
FN:59,(anonymous_5)
FN:60,(anonymous_6)
FN:75,(anonymous_7)
FNF:8
FNH:3
FNDA:64,TenantProvider
FNDA:41,(anonymous_1)
FNDA:1,(anonymous_2)
FNDA:0,(anonymous_3)
FNDA:0,(anonymous_4)
FNDA:0,(anonymous_5)
FNDA:0,(anonymous_6)
FNDA:0,(anonymous_7)
DA:16,7
DA:19,64
DA:20,64
DA:21,64
DA:22,64
DA:24,64
DA:25,41
DA:26,1
DA:27,40
DA:28,22
DA:33,64
DA:34,1
DA:35,1
DA:36,1
DA:39,1
DA:40,1
DA:42,1
DA:43,0
DA:46,0
DA:48,1
DA:52,64
DA:53,0
DA:54,0
DA:56,0
DA:59,64
DA:60,0
DA:61,0
DA:62,0
DA:64,0
DA:68,64
DA:75,0
LF:31
LH:21
BRDA:25,0,0,1
BRDA:25,0,1,40
BRDA:25,1,0,41
BRDA:25,1,1,23
BRDA:27,2,0,22
BRDA:27,2,1,18
BRDA:27,3,0,40
BRDA:27,3,1,22
BRDA:40,4,0,1
BRDA:40,4,1,1
BRDA:42,5,0,0
BRDA:42,5,1,1
BRDA:61,6,0,0
BRDA:61,6,1,0
BRF:14
BRH:11
end_of_record
TN:
SF:src/context/ToastContext.tsx
FN:19,(anonymous_0)
FN:22,(anonymous_1)
FN:24,(anonymous_2)
FN:26,(anonymous_3)
FN:27,(anonymous_4)
FN:27,(anonymous_5)
FN:31,(anonymous_6)
FN:32,(anonymous_7)
FN:32,(anonymous_8)
FN:39,(anonymous_9)
FN:56,(anonymous_10)
FN:68,(anonymous_11)
FNF:12
FNH:5
FNDA:28,(anonymous_0)
FNDA:6,(anonymous_1)
FNDA:6,(anonymous_2)
FNDA:0,(anonymous_3)
FNDA:0,(anonymous_4)
FNDA:0,(anonymous_5)
FNDA:0,(anonymous_6)
FNDA:0,(anonymous_7)
FNDA:0,(anonymous_8)
FNDA:6,(anonymous_9)
FNDA:0,(anonymous_10)
FNDA:63,(anonymous_11)
DA:17,7
DA:19,7
DA:20,28
DA:22,28
DA:23,6
DA:24,6
DA:26,6
DA:27,0
DA:31,28
DA:32,0
DA:35,28
DA:40,6
DA:56,0
DA:68,7
DA:69,63
DA:70,63
DA:71,0
DA:73,63
LF:18
LH:14
BRDA:22,0,0,6
BRDA:44,1,0,5
BRDA:44,1,1,1
BRDA:45,2,0,1
BRDA:45,2,1,5
BRDA:46,3,0,0
BRDA:46,3,1,6
BRDA:49,4,0,6
BRDA:49,4,1,5
BRDA:50,5,0,6
BRDA:50,5,1,1
BRDA:51,6,0,6
BRDA:51,6,1,0
BRDA:70,7,0,0
BRDA:70,7,1,63
BRF:15
BRH:12
end_of_record
TN:
SF:src/hooks/useDebounce.ts
FN:9,useDebounce
FN:12,(anonymous_1)
FN:14,(anonymous_2)
FN:22,(anonymous_3)
FNF:4
FNH:0
FNDA:0,useDebounce
FNDA:0,(anonymous_1)
FNDA:0,(anonymous_2)
FNDA:0,(anonymous_3)
DA:10,0
DA:12,0
DA:14,0
DA:15,0
DA:22,0
DA:23,0
DA:27,0
LF:7
LH:0
BRF:0
BRH:0
end_of_record
TN:
SF:src/hooks/useStockAlerts.ts
FN:19,(anonymous_0)
FN:24,(anonymous_1)
FN:25,(anonymous_2)
FN:28,useStockAlerts
FN:35,(anonymous_4)
FN:51,(anonymous_5)
FN:55,(anonymous_6)
FN:62,(anonymous_7)
FN:71,(anonymous_8)
FN:76,(anonymous_9)
FN:81,(anonymous_10)
FN:91,(anonymous_11)
FN:95,(anonymous_12)
FN:99,(anonymous_13)
FN:106,(anonymous_14)
FN:110,(anonymous_15)
FN:111,(anonymous_16)
FN:115,(anonymous_17)
FNF:18
FNH:0
FNDA:0,(anonymous_0)
FNDA:0,(anonymous_1)
FNDA:0,(anonymous_2)
FNDA:0,useStockAlerts
FNDA:0,(anonymous_4)
FNDA:0,(anonymous_5)
FNDA:0,(anonymous_6)
FNDA:0,(anonymous_7)
FNDA:0,(anonymous_8)
FNDA:0,(anonymous_9)
FNDA:0,(anonymous_10)
FNDA:0,(anonymous_11)
FNDA:0,(anonymous_12)
FNDA:0,(anonymous_13)
FNDA:0,(anonymous_14)
FNDA:0,(anonymous_15)
FNDA:0,(anonymous_16)
FNDA:0,(anonymous_17)
DA:6,0
DA:19,0
DA:20,0
DA:23,0
DA:24,0
DA:25,0
DA:29,0
DA:30,0
DA:31,0
DA:32,0
DA:33,0
DA:35,0
DA:36,0
DA:37,0
DA:38,0
DA:42,0
DA:43,0
DA:45,0
DA:47,0
DA:51,0
DA:52,0
DA:55,0
DA:56,0
DA:57,0
DA:58,0
DA:59,0
DA:60,0
DA:61,0
DA:62,0
DA:64,0
DA:65,0
DA:67,0
DA:71,0
DA:72,0
DA:73,0
DA:76,0
DA:77,0
DA:78,0
DA:81,0
DA:82,0
DA:83,0
DA:88,0
DA:91,0
DA:92,0
DA:93,0
DA:95,0
DA:99,0
DA:100,0
DA:101,0
DA:102,0
DA:103,0
DA:106,0
DA:107,0
DA:109,0
DA:110,0
DA:111,0
DA:115,0
DA:118,0
LF:58
LH:0
BRDA:20,0,0,0
BRDA:20,0,1,0
BRDA:23,1,0,0
BRDA:23,1,1,0
BRDA:56,2,0,0
BRDA:56,2,1,0
BRDA:72,3,0,0
BRDA:72,3,1,0
BRDA:77,4,0,0
BRDA:77,4,1,0
BRDA:82,5,0,0
BRDA:82,5,1,0
BRDA:92,6,0,0
BRDA:92,6,1,0
BRDA:100,7,0,0
BRDA:100,7,1,0
BRDA:107,8,0,0
BRDA:107,8,1,0
BRDA:110,9,0,0
BRDA:110,9,1,0
BRDA:113,10,0,0
BRDA:113,10,1,0
BRDA:115,11,0,0
BRDA:115,11,1,0
BRDA:115,12,0,0
BRDA:115,12,1,0
BRF:26
BRH:0
end_of_record
TN:
SF:src/pages/analytics/VisualAnalytics.tsx
FN:15,VisualAnalytics
FN:20,(anonymous_1)
FN:21,loadData
FN:44,(anonymous_3)
FN:56,(anonymous_4)
FN:59,(anonymous_5)
FN:143,(anonymous_6)
FN:147,(anonymous_7)
FN:185,(anonymous_8)
FN:190,(anonymous_9)
FN:243,KPICard
FN:288,MetricProgress
FNF:12
FNH:0
FNDA:0,VisualAnalytics
FNDA:0,(anonymous_1)
FNDA:0,loadData
FNDA:0,(anonymous_3)
FNDA:0,(anonymous_4)
FNDA:0,(anonymous_5)
FNDA:0,(anonymous_6)
FNDA:0,(anonymous_7)
FNDA:0,(anonymous_8)
FNDA:0,(anonymous_9)
FNDA:0,KPICard
FNDA:0,MetricProgress
DA:13,0
DA:16,0
DA:17,0
DA:18,0
DA:20,0
DA:22,0
DA:23,0
DA:24,0
DA:25,0
DA:27,0
DA:30,0
DA:31,0
DA:38,0
DA:44,0
DA:46,0
DA:57,0
DA:59,0
DA:143,0
DA:147,0
DA:186,0
DA:190,0
DA:244,0
DA:251,0
DA:289,0
DA:290,0
DA:295,0
LF:26
LH:0
BRDA:30,0,0,0
BRDA:30,0,1,0
BRDA:30,1,0,0
BRDA:30,1,1,0
BRDA:62,2,0,0
BRDA:62,2,1,0
BRDA:67,3,0,0
BRDA:67,3,1,0
BRDA:67,4,0,0
BRDA:67,4,1,0
BRDA:147,5,0,0
BRDA:147,5,1,0
BRDA:190,6,0,0
BRDA:190,6,1,0
BRDA:257,7,0,0
BRDA:257,7,1,0
BRDA:260,8,0,0
BRDA:260,8,1,0
BRDA:262,9,0,0
BRDA:262,9,1,0
BRDA:270,10,0,0
BRDA:270,10,1,0
BRDA:272,11,0,0
BRDA:272,11,1,0
BRDA:303,12,0,0
BRDA:303,12,1,0
BRF:26
BRH:0
end_of_record
TN:
SF:src/pages/auth/LoginPage.tsx
FN:9,LoginPage
FN:16,(anonymous_1)
FNF:2
FNH:2
FNDA:14,LoginPage
FNDA:2,(anonymous_1)
DA:10,14
DA:11,14
DA:12,14
DA:13,14
DA:14,14
DA:16,14
DA:17,2
DA:18,2
DA:19,2
DA:20,1
DA:21,1
DA:22,1
DA:24,1
DA:26,2
DA:30,14
LF:15
LH:15
BRF:0
BRH:0
end_of_record
TN:
SF:src/pages/categories/CategoriesPage.tsx
FN:11,CategoriesPage
FN:22,(anonymous_1)
FN:26,(anonymous_2)
FN:38,(anonymous_3)
FN:45,(anonymous_4)
FN:45,(anonymous_5)
FN:55,(anonymous_6)
FN:81,(anonymous_7)
FN:100,(anonymous_8)
FN:110,(anonymous_9)
FN:123,(anonymous_10)
FN:140,(anonymous_11)
FN:146,(anonymous_12)
FN:149,(anonymous_13)
FN:153,(anonymous_14)
FNF:15
FNH:0
FNDA:0,CategoriesPage
FNDA:0,(anonymous_1)
FNDA:0,(anonymous_2)
FNDA:0,(anonymous_3)
FNDA:0,(anonymous_4)
FNDA:0,(anonymous_5)
FNDA:0,(anonymous_6)
FNDA:0,(anonymous_7)
FNDA:0,(anonymous_8)
FNDA:0,(anonymous_9)
FNDA:0,(anonymous_10)
FNDA:0,(anonymous_11)
FNDA:0,(anonymous_12)
FNDA:0,(anonymous_13)
FNDA:0,(anonymous_14)
DA:12,0
DA:13,0
DA:14,0
DA:16,0
DA:17,0
DA:18,0
DA:19,0
DA:20,0
DA:22,0
DA:23,0
DA:26,0
DA:27,0
DA:28,0
DA:29,0
DA:30,0
DA:32,0
DA:34,0
DA:38,0
DA:39,0
DA:40,0
DA:42,0
DA:43,0
DA:44,0
DA:45,0
DA:46,0
DA:48,0
DA:49,0
DA:51,0
DA:55,0
DA:56,0
DA:57,0
DA:58,0
DA:59,0
DA:60,0
DA:61,0
DA:62,0
DA:63,0
DA:64,0
DA:66,0
DA:67,0
DA:69,0
DA:73,0
DA:81,0
DA:101,0
DA:111,0
DA:123,0
DA:140,0
DA:146,0
DA:149,0
DA:153,0
LF:50
LH:0
BRDA:40,0,0,0
BRDA:40,0,1,0
BRDA:99,1,0,0
BRDA:99,1,1,0
BRDA:107,2,0,0
BRDA:107,2,1,0
BRDA:114,3,0,0
BRDA:114,3,1,0
BRDA:115,4,0,0
BRDA:115,4,1,0
BRDA:119,5,0,0
BRDA:119,5,1,0
BRDA:157,6,0,0
BRDA:157,6,1,0
BRF:14
BRH:0
end_of_record
TN:
SF:src/pages/configs/ConfigPage.tsx
FN:10,ConfigPage
FN:21,(anonymous_1)
FN:25,(anonymous_2)
FN:37,(anonymous_3)
FN:41,(anonymous_4)
FN:41,(anonymous_5)
FN:49,(anonymous_6)
FN:74,(anonymous_7)
FN:101,(anonymous_8)
FN:119,(anonymous_9)
FN:125,(anonymous_10)
FN:143,(anonymous_11)
FN:156,(anonymous_12)
FN:166,(anonymous_13)
FN:172,(anonymous_14)
FNF:15
FNH:0
FNDA:0,ConfigPage
FNDA:0,(anonymous_1)
FNDA:0,(anonymous_2)
FNDA:0,(anonymous_3)
FNDA:0,(anonymous_4)
FNDA:0,(anonymous_5)
FNDA:0,(anonymous_6)
FNDA:0,(anonymous_7)
FNDA:0,(anonymous_8)
FNDA:0,(anonymous_9)
FNDA:0,(anonymous_10)
FNDA:0,(anonymous_11)
FNDA:0,(anonymous_12)
FNDA:0,(anonymous_13)
FNDA:0,(anonymous_14)
DA:11,0
DA:12,0
DA:13,0
DA:16,0
DA:17,0
DA:18,0
DA:19,0
DA:21,0
DA:22,0
DA:25,0
DA:26,0
DA:27,0
DA:28,0
DA:29,0
DA:31,0
DA:33,0
DA:37,0
DA:38,0
DA:39,0
DA:40,0
DA:41,0
DA:42,0
DA:44,0
DA:45,0
DA:49,0
DA:50,0
DA:51,0
DA:52,0
DA:53,0
DA:54,0
DA:55,0
DA:56,0
DA:57,0
DA:59,0
DA:60,0
DA:62,0
DA:66,0
DA:74,0
DA:102,0
DA:103,0
DA:104,0
DA:108,0
DA:109,0
DA:110,0
DA:120,0
DA:125,0
DA:143,0
DA:156,0
DA:166,0
DA:172,0
LF:50
LH:0
BRDA:38,0,0,0
BRDA:38,0,1,0
BRDA:84,1,0,0
BRDA:84,1,1,0
BRDA:96,2,0,0
BRDA:96,2,1,0
BRDA:102,3,0,0
BRDA:102,3,1,0
BRF:8
BRH:0
end_of_record
TN:
SF:src/pages/dashboard/DashboardHome.tsx
FN:7,DashboardHome
FN:12,(anonymous_1)
FN:17,(anonymous_2)
FN:41,(anonymous_3)
FN:53,(anonymous_4)
FN:80,(anonymous_5)
FN:101,(anonymous_6)
FNF:7
FNH:0
FNDA:0,DashboardHome
FNDA:0,(anonymous_1)
FNDA:0,(anonymous_2)
FNDA:0,(anonymous_3)
FNDA:0,(anonymous_4)
FNDA:0,(anonymous_5)
FNDA:0,(anonymous_6)
DA:8,0
DA:9,0
DA:10,0
DA:12,0
DA:13,0
DA:17,0
DA:18,0
DA:19,0
DA:20,0
DA:21,0
DA:23,0
DA:25,0
DA:29,0
DA:30,0
DA:42,0
DA:54,0
DA:64,0
DA:71,0
DA:80,0
DA:102,0
LF:20
LH:0
BRDA:29,0,0,0
BRDA:29,0,1,0
BRDA:29,1,0,0
BRDA:29,1,1,0
BRDA:90,2,0,0
BRDA:90,2,1,0
BRDA:118,3,0,0
BRDA:118,3,1,0
BRDA:142,4,0,0
BRDA:142,4,1,0
BRF:10
BRH:0
end_of_record
TN:
SF:src/pages/fiscal/Reports.tsx
FN:17,(anonymous_0)
FN:23,(anonymous_1)
FN:61,(anonymous_2)
FN:68,(anonymous_3)
FN:86,(anonymous_4)
FN:111,(anonymous_5)
FNF:6
FNH:0
FNDA:0,(anonymous_0)
FNDA:0,(anonymous_1)
FNDA:0,(anonymous_2)
FNDA:0,(anonymous_3)
FNDA:0,(anonymous_4)
FNDA:0,(anonymous_5)
DA:17,0
DA:18,0
DA:19,0
DA:20,0
DA:21,0
DA:23,0
DA:24,0
DA:25,0
DA:26,0
DA:27,0
DA:28,0
DA:30,0
DA:32,0
DA:36,0
DA:43,0
DA:50,0
DA:61,0
DA:68,0
DA:86,0
DA:112,0
LF:20
LH:0
BRDA:88,0,0,0
BRDA:88,0,1,0
BRDA:104,1,0,0
BRDA:104,1,1,0
BRDA:114,2,0,0
BRDA:114,2,1,0
BRDA:115,3,0,0
BRDA:115,3,1,0
BRDA:130,4,0,0
BRDA:130,4,1,0
BRF:10
BRH:0
end_of_record
TN:
SF:src/pages/marketing/AbandonedCartPage.tsx
FN:11,AbandonedCartPage
FN:22,(anonymous_1)
FN:26,(anonymous_2)
FN:31,(anonymous_3)
FN:42,(anonymous_4)
FN:55,(anonymous_5)
FN:67,(anonymous_6)
FN:69,(anonymous_7)
FN:73,(anonymous_8)
FN:80,(anonymous_9)
FN:86,(anonymous_10)
FN:125,(anonymous_11)
FN:148,(anonymous_12)
FN:170,(anonymous_13)
FN:189,(anonymous_14)
FN:208,(anonymous_15)
FN:224,(anonymous_16)
FN:268,(anonymous_17)
FN:278,(anonymous_18)
FN:287,(anonymous_19)
FN:291,(anonymous_20)
FN:303,(anonymous_21)
FN:318,(anonymous_22)
FNF:23
FNH:0
FNDA:0,AbandonedCartPage
FNDA:0,(anonymous_1)
FNDA:0,(anonymous_2)
FNDA:0,(anonymous_3)
FNDA:0,(anonymous_4)
FNDA:0,(anonymous_5)
FNDA:0,(anonymous_6)
FNDA:0,(anonymous_7)
FNDA:0,(anonymous_8)
FNDA:0,(anonymous_9)
FNDA:0,(anonymous_10)
FNDA:0,(anonymous_11)
FNDA:0,(anonymous_12)
FNDA:0,(anonymous_13)
FNDA:0,(anonymous_14)
FNDA:0,(anonymous_15)
FNDA:0,(anonymous_16)
FNDA:0,(anonymous_17)
FNDA:0,(anonymous_18)
FNDA:0,(anonymous_19)
FNDA:0,(anonymous_20)
FNDA:0,(anonymous_21)
FNDA:0,(anonymous_22)
DA:12,0
DA:13,0
DA:14,0
DA:15,0
DA:16,0
DA:19,0
DA:20,0
DA:22,0
DA:23,0
DA:26,0
DA:27,0
DA:28,0
DA:29,0
DA:31,0
DA:33,0
DA:34,0
DA:36,0
DA:38,0
DA:42,0
DA:43,0
DA:44,0
DA:45,0
DA:46,0
DA:47,0
DA:49,0
DA:51,0
DA:55,0
DA:56,0
DA:57,0
DA:58,0
DA:64,0
DA:67,0
DA:68,0
DA:69,0
DA:70,0
DA:73,0
DA:74,0
DA:75,0
DA:76,0
DA:77,0
DA:80,0
DA:81,0
DA:82,0
DA:86,0
DA:87,0
DA:88,0
DA:89,0
DA:92,0
DA:99,0
DA:101,0
DA:102,0
DA:104,0
DA:125,0
DA:149,0
DA:170,0
DA:189,0
DA:208,0
DA:224,0
DA:268,0
DA:278,0
DA:287,0
DA:292,0
DA:303,0
DA:318,0
LF:64
LH:0
BRDA:43,0,0,0
BRDA:43,0,1,0
BRDA:56,1,0,0
BRDA:56,1,1,0
BRDA:57,2,0,0
BRDA:57,2,1,0
BRDA:62,3,0,0
BRDA:62,3,1,0
BRDA:62,4,0,0
BRDA:62,4,1,0
BRDA:68,5,0,0
BRDA:68,5,1,0
BRDA:69,6,0,0
BRDA:69,6,1,0
BRDA:74,7,0,0
BRDA:74,7,1,0
BRDA:75,8,0,0
BRDA:75,8,1,0
BRDA:87,9,0,0
BRDA:87,9,1,0
BRDA:88,10,0,0
BRDA:88,10,1,0
BRDA:92,11,0,0
BRDA:92,11,1,0
BRDA:99,12,0,0
BRDA:99,12,1,0
BRDA:101,13,0,0
BRDA:101,13,1,0
BRDA:102,14,0,0
BRDA:102,14,1,0
BRDA:120,15,0,0
BRDA:120,15,1,0
BRDA:121,16,0,0
BRDA:121,16,1,0
BRDA:124,17,0,0
BRDA:124,17,1,0
BRDA:127,18,0,0
BRDA:127,18,1,0
BRDA:188,19,0,0
BRDA:188,19,1,0
BRDA:188,20,0,0
BRDA:188,20,1,0
BRDA:189,21,0,0
BRDA:189,21,1,0
BRDA:189,22,0,0
BRDA:189,22,1,0
BRDA:195,23,0,0
BRDA:195,23,1,0
BRDA:207,24,0,0
BRDA:207,24,1,0
BRDA:277,25,0,0
BRDA:277,25,1,0
BRDA:286,26,0,0
BRDA:286,26,1,0
BRDA:302,27,0,0
BRDA:302,27,1,0
BRF:56
BRH:0
end_of_record
TN:
SF:src/pages/marketing/AutomationsPage.tsx
FN:3,AutomationsPage
FNF:1
FNH:0
FNDA:0,AutomationsPage
DA:4,0
LF:1
LH:0
BRF:0
BRH:0
end_of_record
TN:
SF:src/pages/marketing/CampaignsPage.tsx
FN:26,CampaignsPage
FN:42,(anonymous_1)
FN:46,(anonymous_2)
FN:49,(anonymous_3)
FN:60,(anonymous_4)
FN:65,(anonymous_5)
FN:72,(anonymous_6)
FN:111,(anonymous_7)
FN:123,(anonymous_8)
FN:135,(anonymous_9)
FN:148,(anonymous_10)
FN:169,(anonymous_11)
FN:187,(anonymous_12)
FN:201,(anonymous_13)
FN:209,(anonymous_14)
FN:226,(anonymous_15)
FN:235,(anonymous_16)
FN:238,(anonymous_17)
FN:249,(anonymous_18)
FN:262,(anonymous_19)
FN:283,(anonymous_20)
FN:287,(anonymous_21)
FN:310,(anonymous_22)
FN:332,(anonymous_23)
FN:335,(anonymous_24)
FN:351,(anonymous_25)
FN:355,(anonymous_26)
FNF:27
FNH:0
FNDA:0,CampaignsPage
FNDA:0,(anonymous_1)
FNDA:0,(anonymous_2)
FNDA:0,(anonymous_3)
FNDA:0,(anonymous_4)
FNDA:0,(anonymous_5)
FNDA:0,(anonymous_6)
FNDA:0,(anonymous_7)
FNDA:0,(anonymous_8)
FNDA:0,(anonymous_9)
FNDA:0,(anonymous_10)
FNDA:0,(anonymous_11)
FNDA:0,(anonymous_12)
FNDA:0,(anonymous_13)
FNDA:0,(anonymous_14)
FNDA:0,(anonymous_15)
FNDA:0,(anonymous_16)
FNDA:0,(anonymous_17)
FNDA:0,(anonymous_18)
FNDA:0,(anonymous_19)
FNDA:0,(anonymous_20)
FNDA:0,(anonymous_21)
FNDA:0,(anonymous_22)
FNDA:0,(anonymous_23)
FNDA:0,(anonymous_24)
FNDA:0,(anonymous_25)
FNDA:0,(anonymous_26)
DA:27,0
DA:28,0
DA:29,0
DA:30,0
DA:31,0
DA:32,0
DA:33,0
DA:40,0
DA:42,0
DA:43,0
DA:44,0
DA:45,0
DA:46,0
DA:49,0
DA:50,0
DA:51,0
DA:52,0
DA:54,0
DA:56,0
DA:60,0
DA:61,0
DA:62,0
DA:63,0
DA:64,0
DA:65,0
DA:68,0
DA:72,0
DA:73,0
DA:74,0
DA:75,0
DA:76,0
DA:77,0
DA:81,0
DA:83,0
DA:87,0
DA:93,0
DA:94,0
DA:101,0
DA:102,0
DA:104,0
DA:105,0
DA:107,0
DA:111,0
DA:112,0
DA:113,0
DA:114,0
DA:115,0
DA:116,0
DA:118,0
DA:119,0
DA:123,0
DA:124,0
DA:125,0
DA:126,0
DA:127,0
DA:128,0
DA:130,0
DA:131,0
DA:135,0
DA:136,0
DA:137,0
DA:138,0
DA:139,0
DA:140,0
DA:142,0
DA:143,0
DA:148,0
DA:149,0
DA:150,0
DA:151,0
DA:152,0
DA:153,0
DA:154,0
DA:158,0
DA:170,0
DA:171,0
DA:174,0
DA:187,0
DA:201,0
DA:209,0
DA:226,0
DA:235,0
DA:239,0
DA:249,0
DA:262,0
DA:283,0
DA:287,0
DA:311,0
DA:332,0
DA:336,0
DA:337,0
DA:344,0
DA:351,0
DA:355,0
LF:94
LH:0
BRDA:64,0,0,0
BRDA:64,0,1,0
BRDA:76,1,0,0
BRDA:76,1,1,0
BRDA:79,2,0,0
BRDA:79,2,1,0
BRDA:85,3,0,0
BRDA:85,3,1,0
BRDA:99,4,0,0
BRDA:99,4,1,0
BRDA:99,5,0,0
BRDA:99,5,1,0
BRDA:112,6,0,0
BRDA:112,6,1,0
BRDA:124,7,0,0
BRDA:124,7,1,0
BRDA:136,8,0,0
BRDA:136,8,1,0
BRDA:149,9,0,0
BRDA:149,9,1,0
BRDA:149,9,2,0
BRDA:149,9,3,0
BRDA:149,9,4,0
BRDA:172,10,0,0
BRDA:172,10,1,0
BRDA:172,11,0,0
BRDA:172,11,1,0
BRDA:188,12,0,0
BRDA:188,12,1,0
BRDA:274,13,0,0
BRDA:274,13,1,0
BRDA:283,14,0,0
BRDA:283,14,1,0
BRDA:306,15,0,0
BRDA:306,15,1,0
BRDA:308,16,0,0
BRDA:308,16,1,0
BRDA:323,17,0,0
BRDA:323,17,1,0
BRDA:330,18,0,0
BRDA:330,18,1,0
BRDA:342,19,0,0
BRDA:342,19,1,0
BRDA:350,20,0,0
BRDA:350,20,1,0
BRF:45
BRH:0
end_of_record
TN:
SF:src/pages/marketing/CouponList.tsx
FN:7,CouponList
FN:13,(anonymous_1)
FN:17,(anonymous_2)
FN:29,(anonymous_3)
FN:34,(anonymous_4)
FN:39,(anonymous_5)
FN:48,(anonymous_6)
FN:51,(anonymous_7)
FN:51,(anonymous_8)
FN:57,(anonymous_9)
FN:61,(anonymous_10)
FN:61,(anonymous_11)
FN:110,(anonymous_12)
FN:120,(anonymous_13)
FN:127,(anonymous_14)
FN:134,(anonymous_15)
FN:152,(anonymous_16)
FNF:17
FNH:0
FNDA:0,CouponList
FNDA:0,(anonymous_1)
FNDA:0,(anonymous_2)
FNDA:0,(anonymous_3)
FNDA:0,(anonymous_4)
FNDA:0,(anonymous_5)
FNDA:0,(anonymous_6)
FNDA:0,(anonymous_7)
FNDA:0,(anonymous_8)
FNDA:0,(anonymous_9)
FNDA:0,(anonymous_10)
FNDA:0,(anonymous_11)
FNDA:0,(anonymous_12)
FNDA:0,(anonymous_13)
FNDA:0,(anonymous_14)
FNDA:0,(anonymous_15)
FNDA:0,(anonymous_16)
DA:8,0
DA:9,0
DA:10,0
DA:11,0
DA:13,0
DA:14,0
DA:17,0
DA:18,0
DA:19,0
DA:20,0
DA:21,0
DA:23,0
DA:25,0
DA:29,0
DA:30,0
DA:31,0
DA:34,0
DA:35,0
DA:36,0
DA:39,0
DA:40,0
DA:41,0
DA:43,0
DA:45,0
DA:48,0
DA:49,0
DA:50,0
DA:51,0
DA:53,0
DA:57,0
DA:58,0
DA:59,0
DA:60,0
DA:61,0
DA:63,0
DA:67,0
DA:111,0
DA:120,0
DA:127,0
DA:134,0
DA:152,0
LF:41
LH:0
BRDA:40,0,0,0
BRDA:40,0,1,0
BRDA:51,1,0,0
BRDA:51,1,1,0
BRDA:58,2,0,0
BRDA:58,2,1,0
BRDA:84,3,0,0
BRDA:84,3,1,0
BRDA:86,4,0,0
BRDA:86,4,1,0
BRDA:103,5,0,0
BRDA:103,5,1,0
BRDA:114,6,0,0
BRDA:114,6,1,0
BRDA:117,7,0,0
BRDA:117,7,1,0
BRDA:121,8,0,0
BRDA:121,8,1,0
BRDA:154,9,0,0
BRDA:154,9,1,0
BRF:20
BRH:0
end_of_record
TN:
SF:src/pages/marketing/CouponModal.tsx
FN:14,CouponModal
FN:26,(anonymous_1)
FN:43,(anonymous_2)
FN:70,(anonymous_3)
FN:81,(anonymous_4)
FN:97,(anonymous_5)
FN:111,(anonymous_6)
FN:122,(anonymous_7)
FN:135,(anonymous_8)
FNF:9
FNH:0
FNDA:0,CouponModal
FNDA:0,(anonymous_1)
FNDA:0,(anonymous_2)
FNDA:0,(anonymous_3)
FNDA:0,(anonymous_4)
FNDA:0,(anonymous_5)
FNDA:0,(anonymous_6)
FNDA:0,(anonymous_7)
FNDA:0,(anonymous_8)
DA:15,0
DA:23,0
DA:24,0
DA:26,0
DA:27,0
DA:28,0
DA:30,0
DA:41,0
DA:43,0
DA:44,0
DA:45,0
DA:46,0
DA:47,0
DA:48,0
DA:49,0
DA:51,0
DA:53,0
DA:57,0
DA:70,0
DA:81,0
DA:97,0
DA:111,0
DA:122,0
DA:135,0
LF:24
LH:0
BRDA:27,0,0,0
BRDA:27,0,1,0
BRDA:41,1,0,0
BRDA:41,1,1,0
BRDA:48,2,0,0
BRDA:48,2,1,0
BRDA:51,3,0,0
BRDA:51,3,1,0
BRDA:61,4,0,0
BRDA:61,4,1,0
BRDA:90,5,0,0
BRDA:90,5,1,0
BRDA:96,6,0,0
BRDA:96,6,1,0
BRDA:97,7,0,0
BRDA:97,7,1,0
BRDA:98,8,0,0
BRDA:98,8,1,0
BRDA:110,9,0,0
BRDA:110,9,1,0
BRDA:111,10,0,0
BRDA:111,10,1,0
BRDA:121,11,0,0
BRDA:121,11,1,0
BRDA:122,12,0,0
BRDA:122,12,1,0
BRDA:134,13,0,0
BRDA:134,13,1,0
BRDA:135,14,0,0
BRDA:135,14,1,0
BRDA:157,15,0,0
BRDA:157,15,1,0
BRF:32
BRH:0
end_of_record
TN:
SF:src/pages/marketing/EmailMarketingHub.tsx
FN:98,EmailMarketingHub
FN:169,(anonymous_1)
FN:179,(anonymous_2)
FN:189,(anonymous_3)
FN:190,(anonymous_4)
FN:193,(anonymous_5)
FN:197,(anonymous_6)
FN:207,(anonymous_7)
FN:208,(anonymous_8)
FN:220,(anonymous_9)
FN:229,(anonymous_10)
FN:240,(anonymous_11)
FN:247,(anonymous_12)
FN:257,(anonymous_13)
FN:266,(anonymous_14)
FN:266,(anonymous_15)
FN:277,(anonymous_16)
FN:287,(anonymous_17)
FN:299,(anonymous_18)
FN:303,(anonymous_19)
FN:303,(anonymous_20)
FN:311,(anonymous_21)
FN:320,(anonymous_22)
FN:342,(anonymous_23)
FN:351,(anonymous_24)
FN:363,(anonymous_25)
FN:375,(anonymous_26)
FN:386,(anonymous_27)
FN:391,(anonymous_28)
FN:406,(anonymous_29)
FN:423,(anonymous_30)
FN:434,(anonymous_31)
FN:439,(anonymous_32)
FN:440,(anonymous_33)
FN:451,(anonymous_34)
FN:487,(anonymous_35)
FN:496,(anonymous_36)
FN:498,(anonymous_37)
FN:500,(anonymous_38)
FN:504,(anonymous_39)
FN:519,(anonymous_40)
FN:528,(anonymous_41)
FN:532,(anonymous_42)
FN:541,(anonymous_43)
FN:569,(anonymous_44)
FN:572,(anonymous_45)
FN:596,(anonymous_46)
FN:614,(anonymous_47)
FN:630,(anonymous_48)
FN:637,(anonymous_49)
FN:640,(anonymous_50)
FN:655,(anonymous_51)
FN:666,(anonymous_52)
FN:669,(anonymous_53)
FN:684,(anonymous_54)
FN:701,(anonymous_55)
FN:710,(anonymous_56)
FN:711,(anonymous_57)
FN:721,(anonymous_58)
FN:732,(anonymous_59)
FN:743,(anonymous_60)
FN:746,(anonymous_61)
FN:753,(anonymous_62)
FN:783,(anonymous_63)
FN:797,(anonymous_64)
FN:814,(anonymous_65)
FN:822,(anonymous_66)
FN:825,(anonymous_67)
FN:834,(anonymous_68)
FN:863,(anonymous_69)
FN:871,(anonymous_70)
FN:888,(anonymous_71)
FN:889,(anonymous_72)
FN:893,(anonymous_73)
FN:904,(anonymous_74)
FN:921,(anonymous_75)
FN:930,(anonymous_76)
FN:934,(anonymous_77)
FN:947,(anonymous_78)
FN:949,(anonymous_79)
FN:951,(anonymous_80)
FN:961,(anonymous_81)
FN:968,(anonymous_82)
FN:972,(anonymous_83)
FN:974,(anonymous_84)
FN:982,(anonymous_85)
FN:1030,(anonymous_86)
FN:1033,(anonymous_87)
FN:1044,(anonymous_88)
FN:1069,(anonymous_89)
FN:1073,(anonymous_90)
FN:1077,(anonymous_91)
FN:1102,(anonymous_92)
FN:1109,(anonymous_93)
FN:1119,(anonymous_94)
FN:1123,(anonymous_95)
FN:1126,(anonymous_96)
FN:1140,(anonymous_97)
FN:1153,(anonymous_98)
FN:1157,(anonymous_99)
FN:1178,(anonymous_100)
FN:1185,(anonymous_101)
FN:1196,(anonymous_102)
FN:1200,(anonymous_103)
FN:1205,(anonymous_104)
FN:1210,(anonymous_105)
FN:1211,(anonymous_106)
FN:1240,(anonymous_107)
FN:1243,(anonymous_108)
FNF:109
FNH:0
FNDA:0,EmailMarketingHub
FNDA:0,(anonymous_1)
FNDA:0,(anonymous_2)
FNDA:0,(anonymous_3)
FNDA:0,(anonymous_4)
FNDA:0,(anonymous_5)
FNDA:0,(anonymous_6)
FNDA:0,(anonymous_7)
FNDA:0,(anonymous_8)
FNDA:0,(anonymous_9)
FNDA:0,(anonymous_10)
FNDA:0,(anonymous_11)
FNDA:0,(anonymous_12)
FNDA:0,(anonymous_13)
FNDA:0,(anonymous_14)
FNDA:0,(anonymous_15)
FNDA:0,(anonymous_16)
FNDA:0,(anonymous_17)
FNDA:0,(anonymous_18)
FNDA:0,(anonymous_19)
FNDA:0,(anonymous_20)
FNDA:0,(anonymous_21)
FNDA:0,(anonymous_22)
FNDA:0,(anonymous_23)
FNDA:0,(anonymous_24)
FNDA:0,(anonymous_25)
FNDA:0,(anonymous_26)
FNDA:0,(anonymous_27)
FNDA:0,(anonymous_28)
FNDA:0,(anonymous_29)
FNDA:0,(anonymous_30)
FNDA:0,(anonymous_31)
FNDA:0,(anonymous_32)
FNDA:0,(anonymous_33)
FNDA:0,(anonymous_34)
FNDA:0,(anonymous_35)
FNDA:0,(anonymous_36)
FNDA:0,(anonymous_37)
FNDA:0,(anonymous_38)
FNDA:0,(anonymous_39)
FNDA:0,(anonymous_40)
FNDA:0,(anonymous_41)
FNDA:0,(anonymous_42)
FNDA:0,(anonymous_43)
FNDA:0,(anonymous_44)
FNDA:0,(anonymous_45)
FNDA:0,(anonymous_46)
FNDA:0,(anonymous_47)
FNDA:0,(anonymous_48)
FNDA:0,(anonymous_49)
FNDA:0,(anonymous_50)
FNDA:0,(anonymous_51)
FNDA:0,(anonymous_52)
FNDA:0,(anonymous_53)
FNDA:0,(anonymous_54)
FNDA:0,(anonymous_55)
FNDA:0,(anonymous_56)
FNDA:0,(anonymous_57)
FNDA:0,(anonymous_58)
FNDA:0,(anonymous_59)
FNDA:0,(anonymous_60)
FNDA:0,(anonymous_61)
FNDA:0,(anonymous_62)
FNDA:0,(anonymous_63)
FNDA:0,(anonymous_64)
FNDA:0,(anonymous_65)
FNDA:0,(anonymous_66)
FNDA:0,(anonymous_67)
FNDA:0,(anonymous_68)
FNDA:0,(anonymous_69)
FNDA:0,(anonymous_70)
FNDA:0,(anonymous_71)
FNDA:0,(anonymous_72)
FNDA:0,(anonymous_73)
FNDA:0,(anonymous_74)
FNDA:0,(anonymous_75)
FNDA:0,(anonymous_76)
FNDA:0,(anonymous_77)
FNDA:0,(anonymous_78)
FNDA:0,(anonymous_79)
FNDA:0,(anonymous_80)
FNDA:0,(anonymous_81)
FNDA:0,(anonymous_82)
FNDA:0,(anonymous_83)
FNDA:0,(anonymous_84)
FNDA:0,(anonymous_85)
FNDA:0,(anonymous_86)
FNDA:0,(anonymous_87)
FNDA:0,(anonymous_88)
FNDA:0,(anonymous_89)
FNDA:0,(anonymous_90)
FNDA:0,(anonymous_91)
FNDA:0,(anonymous_92)
FNDA:0,(anonymous_93)
FNDA:0,(anonymous_94)
FNDA:0,(anonymous_95)
FNDA:0,(anonymous_96)
FNDA:0,(anonymous_97)
FNDA:0,(anonymous_98)
FNDA:0,(anonymous_99)
FNDA:0,(anonymous_100)
FNDA:0,(anonymous_101)
FNDA:0,(anonymous_102)
FNDA:0,(anonymous_103)
FNDA:0,(anonymous_104)
FNDA:0,(anonymous_105)
FNDA:0,(anonymous_106)
FNDA:0,(anonymous_107)
FNDA:0,(anonymous_108)
DA:80,0
DA:88,0
DA:99,0
DA:100,0
DA:103,0
DA:104,0
DA:105,0
DA:106,0
DA:109,0
DA:110,0
DA:111,0
DA:112,0
DA:113,0
DA:114,0
DA:124,0
DA:125,0
DA:126,0
DA:127,0
DA:139,0
DA:140,0
DA:141,0
DA:142,0
DA:143,0
DA:156,0
DA:165,0
DA:166,0
DA:169,0
DA:170,0
DA:171,0
DA:172,0
DA:173,0
DA:175,0
DA:179,0
DA:180,0
DA:181,0
DA:182,0
DA:183,0
DA:185,0
DA:189,0
DA:190,0
DA:191,0
DA:193,0
DA:197,0
DA:198,0
DA:199,0
DA:200,0
DA:204,0
DA:205,0
DA:207,0
DA:208,0
DA:212,0
DA:214,0
DA:216,0
DA:220,0
DA:221,0
DA:222,0
DA:223,0
DA:225,0
DA:229,0
DA:230,0
DA:231,0
DA:232,0
DA:233,0
DA:235,0
DA:240,0
DA:241,0
DA:242,0
DA:247,0
DA:248,0
DA:249,0
DA:250,0
DA:253,0
DA:257,0
DA:258,0
DA:259,0
DA:260,0
DA:264,0
DA:265,0
DA:266,0
DA:267,0
DA:269,0
DA:270,0
DA:271,0
DA:273,0
DA:277,0
DA:278,0
DA:279,0
DA:280,0
DA:285,0
DA:286,0
DA:287,0
DA:288,0
DA:289,0
DA:291,0
DA:292,0
DA:293,0
DA:295,0
DA:299,0
DA:300,0
DA:301,0
DA:302,0
DA:303,0
DA:304,0
DA:306,0
DA:311,0
DA:312,0
DA:313,0
DA:314,0
DA:316,0
DA:320,0
DA:321,0
DA:322,0
DA:323,0
DA:324,0
DA:325,0
DA:327,0
DA:329,0
DA:330,0
DA:331,0
DA:332,0
DA:334,0
DA:335,0
DA:336,0
DA:338,0
DA:342,0
DA:343,0
DA:344,0
DA:345,0
DA:347,0
DA:348,0
DA:351,0
DA:352,0
DA:353,0
DA:354,0
DA:355,0
DA:356,0
DA:358,0
DA:359,0
DA:363,0
DA:364,0
DA:365,0
DA:366,0
DA:367,0
DA:368,0
DA:370,0
DA:371,0
DA:375,0
DA:376,0
DA:377,0
DA:378,0
DA:379,0
DA:381,0
DA:386,0
DA:387,0
DA:388,0
DA:391,0
DA:392,0
DA:393,0
DA:406,0
DA:407,0
DA:408,0
DA:410,0
DA:411,0
DA:412,0
DA:413,0
DA:415,0
DA:416,0
DA:417,0
DA:419,0
DA:423,0
DA:424,0
DA:425,0
DA:426,0
DA:427,0
DA:428,0
DA:430,0
DA:434,0
DA:435,0
DA:436,0
DA:437,0
DA:438,0
DA:439,0
DA:440,0
DA:442,0
DA:444,0
DA:445,0
DA:451,0
DA:452,0
DA:453,0
DA:487,0
DA:488,0
DA:489,0
DA:490,0
DA:492,0
DA:496,0
DA:497,0
DA:498,0
DA:500,0
DA:504,0
DA:505,0
DA:506,0
DA:507,0
DA:508,0
DA:509,0
DA:511,0
DA:512,0
DA:514,0
DA:519,0
DA:520,0
DA:521,0
DA:522,0
DA:523,0
DA:524,0
DA:528,0
DA:532,0
DA:533,0
DA:542,0
DA:570,0
DA:572,0
DA:597,0
DA:614,0
DA:630,0
DA:631,0
DA:638,0
DA:640,0
DA:656,0
DA:657,0
DA:667,0
DA:670,0
DA:671,0
DA:684,0
DA:701,0
DA:711,0
DA:712,0
DA:722,0
DA:732,0
DA:743,0
DA:746,0
DA:753,0
DA:783,0
DA:797,0
DA:814,0
DA:822,0
DA:825,0
DA:834,0
DA:863,0
DA:872,0
DA:888,0
DA:889,0
DA:893,0
DA:904,0
DA:922,0
DA:923,0
DA:930,0
DA:934,0
DA:948,0
DA:949,0
DA:950,0
DA:951,0
DA:961,0
DA:968,0
DA:972,0
DA:974,0
DA:982,0
DA:1031,0
DA:1033,0
DA:1044,0
DA:1069,0
DA:1073,0
DA:1077,0
DA:1102,0
DA:1109,0
DA:1119,0
DA:1123,0
DA:1126,0
DA:1140,0
DA:1141,0
DA:1154,0
DA:1157,0
DA:1178,0
DA:1185,0
DA:1196,0
DA:1200,0
DA:1205,0
DA:1210,0
DA:1211,0
DA:1227,0
DA:1241,0
DA:1243,0
LF:289
LH:0
BRDA:170,0,0,0
BRDA:170,0,1,0
BRDA:172,1,0,0
BRDA:172,1,1,0
BRDA:180,2,0,0
BRDA:180,2,1,0
BRDA:181,3,0,0
BRDA:181,3,1,0
BRDA:183,4,0,0
BRDA:183,4,1,0
BRDA:185,5,0,0
BRDA:185,5,1,0
BRDA:191,6,0,0
BRDA:191,6,1,0
BRDA:197,7,0,0
BRDA:198,8,0,0
BRDA:198,8,1,0
BRDA:206,9,0,0
BRDA:206,9,1,0
BRDA:209,10,0,0
BRDA:209,10,1,0
BRDA:210,11,0,0
BRDA:210,11,1,0
BRDA:230,12,0,0
BRDA:230,12,1,0
BRDA:247,13,0,0
BRDA:247,13,1,0
BRDA:249,14,0,0
BRDA:249,14,1,0
BRDA:249,15,0,0
BRDA:249,15,1,0
BRDA:258,16,0,0
BRDA:258,16,1,0
BRDA:266,17,0,0
BRDA:266,17,1,0
BRDA:270,18,0,0
BRDA:270,18,1,0
BRDA:271,19,0,0
BRDA:271,19,1,0
BRDA:283,20,0,0
BRDA:283,20,1,0
BRDA:292,21,0,0
BRDA:292,21,1,0
BRDA:293,22,0,0
BRDA:293,22,1,0
BRDA:300,23,0,0
BRDA:300,23,1,0
BRDA:304,24,0,0
BRDA:304,24,1,0
BRDA:324,25,0,0
BRDA:324,25,1,0
BRDA:332,26,0,0
BRDA:332,26,1,0
BRDA:335,27,0,0
BRDA:335,27,1,0
BRDA:336,28,0,0
BRDA:336,28,1,0
BRDA:343,29,0,0
BRDA:343,29,1,0
BRDA:352,30,0,0
BRDA:352,30,1,0
BRDA:364,31,0,0
BRDA:364,31,1,0
BRDA:376,32,0,0
BRDA:376,32,1,0
BRDA:387,33,0,0
BRDA:387,33,1,0
BRDA:416,34,0,0
BRDA:416,34,1,0
BRDA:417,35,0,0
BRDA:417,35,1,0
BRDA:424,36,0,0
BRDA:424,36,1,0
BRDA:435,37,0,0
BRDA:435,37,1,0
BRDA:435,38,0,0
BRDA:435,38,1,0
BRDA:462,39,0,0
BRDA:462,39,1,0
BRDA:467,40,0,0
BRDA:467,40,1,0
BRDA:468,41,0,0
BRDA:468,41,1,0
BRDA:469,42,0,0
BRDA:469,42,1,0
BRDA:476,43,0,0
BRDA:476,43,1,0
BRDA:490,44,0,0
BRDA:490,44,1,0
BRDA:497,45,0,0
BRDA:497,45,1,0
BRDA:520,46,0,0
BRDA:520,46,1,0
BRDA:520,46,2,0
BRDA:520,46,3,0
BRDA:528,47,0,0
BRDA:528,47,1,0
BRDA:557,48,0,0
BRDA:557,48,1,0
BRDA:561,49,0,0
BRDA:561,49,1,0
BRDA:575,50,0,0
BRDA:575,50,1,0
BRDA:578,51,0,0
BRDA:578,51,1,0
BRDA:578,52,0,0
BRDA:578,52,1,0
BRDA:578,53,0,0
BRDA:578,53,1,0
BRDA:594,54,0,0
BRDA:594,54,1,0
BRDA:605,55,0,0
BRDA:605,55,1,0
BRDA:606,56,0,0
BRDA:606,56,1,0
BRDA:607,57,0,0
BRDA:607,57,1,0
BRDA:612,58,0,0
BRDA:612,58,1,0
BRDA:643,59,0,0
BRDA:643,59,1,0
BRDA:651,60,0,0
BRDA:651,60,1,0
BRDA:661,61,0,0
BRDA:661,61,1,0
BRDA:675,62,0,0
BRDA:675,62,1,0
BRDA:687,63,0,0
BRDA:687,63,1,0
BRDA:695,64,0,0
BRDA:695,64,1,0
BRDA:715,65,0,0
BRDA:715,65,1,0
BRDA:763,66,0,0
BRDA:763,66,1,0
BRDA:768,67,0,0
BRDA:768,67,1,0
BRDA:780,68,0,0
BRDA:780,68,1,0
BRDA:821,69,0,0
BRDA:821,69,1,0
BRDA:822,70,0,0
BRDA:822,70,1,0
BRDA:859,71,0,0
BRDA:859,71,1,0
BRDA:866,72,0,0
BRDA:866,72,1,0
BRDA:880,73,0,0
BRDA:880,73,1,0
BRDA:881,74,0,0
BRDA:881,74,1,0
BRDA:881,75,0,0
BRDA:881,75,1,0
BRDA:882,76,0,0
BRDA:882,76,1,0
BRDA:886,77,0,0
BRDA:886,77,1,0
BRDA:892,78,0,0
BRDA:892,78,1,0
BRDA:898,79,0,0
BRDA:898,79,1,0
BRDA:899,80,0,0
BRDA:899,80,1,0
BRDA:900,81,0,0
BRDA:900,81,1,0
BRDA:902,82,0,0
BRDA:902,82,1,0
BRDA:914,83,0,0
BRDA:914,83,1,0
BRDA:919,84,0,0
BRDA:919,84,1,0
BRDA:950,85,0,0
BRDA:950,85,1,0
BRDA:972,86,0,0
BRDA:972,86,1,0
BRDA:972,87,0,0
BRDA:972,87,1,0
BRDA:988,88,0,0
BRDA:988,88,1,0
BRDA:988,89,0,0
BRDA:988,89,1,0
BRDA:1036,90,0,0
BRDA:1036,90,1,0
BRDA:1041,91,0,0
BRDA:1041,91,1,0
BRDA:1044,92,0,0
BRDA:1044,92,1,0
BRDA:1089,93,0,0
BRDA:1089,93,1,0
BRDA:1092,94,0,0
BRDA:1092,94,1,0
BRDA:1130,95,0,0
BRDA:1130,95,1,0
BRDA:1160,96,0,0
BRDA:1160,96,1,0
BRDA:1160,97,0,0
BRDA:1160,97,1,0
BRDA:1200,98,0,0
BRDA:1200,98,1,0
BRDA:1200,99,0,0
BRDA:1200,99,1,0
BRDA:1210,100,0,0
BRDA:1210,100,1,0
BRDA:1211,101,0,0
BRDA:1211,101,1,0
BRDA:1219,102,0,0
BRDA:1219,102,1,0
BRDA:1246,103,0,0
BRDA:1246,103,1,0
BRDA:1257,104,0,0
BRDA:1257,104,1,0
BRDA:1258,105,0,0
BRDA:1258,105,1,0
BRDA:1259,106,0,0
BRDA:1259,106,1,0
BRF:215
BRH:0
end_of_record
TN:
SF:src/pages/marketing/EmailQueuePage.tsx
FN:18,EmailQueuePage
FN:23,(anonymous_1)
FN:34,(anonymous_2)
FN:37,(anonymous_3)
FN:40,(anonymous_4)
FN:49,(anonymous_5)
FN:59,(anonymous_6)
FN:63,(anonymous_7)
FN:63,(anonymous_8)
FN:69,(anonymous_9)
FN:71,(anonymous_10)
FN:107,(anonymous_11)
FN:110,(anonymous_12)
FN:143,(anonymous_13)
FN:168,(anonymous_14)
FN:176,(anonymous_15)
FN:192,(anonymous_16)
FNF:17
FNH:0
FNDA:0,EmailQueuePage
FNDA:0,(anonymous_1)
FNDA:0,(anonymous_2)
FNDA:0,(anonymous_3)
FNDA:0,(anonymous_4)
FNDA:0,(anonymous_5)
FNDA:0,(anonymous_6)
FNDA:0,(anonymous_7)
FNDA:0,(anonymous_8)
FNDA:0,(anonymous_9)
FNDA:0,(anonymous_10)
FNDA:0,(anonymous_11)
FNDA:0,(anonymous_12)
FNDA:0,(anonymous_13)
FNDA:0,(anonymous_14)
FNDA:0,(anonymous_15)
FNDA:0,(anonymous_16)
DA:19,0
DA:20,0
DA:21,0
DA:23,0
DA:24,0
DA:25,0
DA:26,0
DA:28,0
DA:30,0
DA:34,0
DA:35,0
DA:36,0
DA:37,0
DA:40,0
DA:41,0
DA:42,0
DA:43,0
DA:45,0
DA:49,0
DA:50,0
DA:51,0
DA:52,0
DA:53,0
DA:55,0
DA:59,0
DA:60,0
DA:61,0
DA:62,0
DA:63,0
DA:65,0
DA:69,0
DA:71,0
DA:72,0
DA:73,0
DA:74,0
DA:75,0
DA:76,0
DA:80,0
DA:108,0
DA:110,0
DA:144,0
DA:168,0
DA:176,0
DA:192,0
LF:44
LH:0
BRDA:50,0,0,0
BRDA:50,0,1,0
BRDA:60,1,0,0
BRDA:60,1,1,0
BRDA:69,2,0,0
BRDA:69,2,1,0
BRDA:72,3,0,0
BRDA:72,3,1,0
BRDA:72,3,2,0
BRDA:72,3,3,0
BRDA:100,4,0,0
BRDA:100,4,1,0
BRDA:113,5,0,0
BRDA:113,5,1,0
BRDA:116,6,0,0
BRDA:116,6,1,0
BRDA:116,7,0,0
BRDA:116,7,1,0
BRDA:116,8,0,0
BRDA:116,8,1,0
BRDA:134,9,0,0
BRDA:134,9,1,0
BRDA:138,10,0,0
BRDA:138,10,1,0
BRDA:152,11,0,0
BRDA:152,11,1,0
BRDA:153,12,0,0
BRDA:153,12,1,0
BRDA:154,13,0,0
BRDA:154,13,1,0
BRDA:162,14,0,0
BRDA:162,14,1,0
BRDA:166,15,0,0
BRDA:166,15,1,0
BRDA:166,15,2,0
BRDA:192,16,0,0
BRDA:192,16,1,0
BRF:37
BRH:0
end_of_record
TN:
SF:src/pages/marketing/EmailTemplatesPage.tsx
FN:21,EmailTemplatesPage
FN:38,(anonymous_1)
FN:42,(anonymous_2)
FN:57,(anonymous_3)
FN:61,(anonymous_4)
FN:66,(anonymous_5)
FN:66,(anonymous_6)
FN:77,(anonymous_7)
FN:85,(anonymous_8)
FN:104,(anonymous_9)
FN:109,(anonymous_10)
FN:109,(anonymous_11)
FN:126,(anonymous_12)
FN:138,(anonymous_13)
FN:152,(anonymous_14)
FN:163,(anonymous_15)
FN:176,(anonymous_16)
FN:185,(anonymous_17)
FN:188,(anonymous_18)
FN:198,(anonymous_19)
FN:205,(anonymous_20)
FN:227,(anonymous_21)
FN:230,(anonymous_22)
FN:250,(anonymous_23)
FN:274,(anonymous_24)
FN:297,(anonymous_25)
FN:308,(anonymous_26)
FN:312,(anonymous_27)
FN:326,(anonymous_28)
FNF:29
FNH:0
FNDA:0,EmailTemplatesPage
FNDA:0,(anonymous_1)
FNDA:0,(anonymous_2)
FNDA:0,(anonymous_3)
FNDA:0,(anonymous_4)
FNDA:0,(anonymous_5)
FNDA:0,(anonymous_6)
FNDA:0,(anonymous_7)
FNDA:0,(anonymous_8)
FNDA:0,(anonymous_9)
FNDA:0,(anonymous_10)
FNDA:0,(anonymous_11)
FNDA:0,(anonymous_12)
FNDA:0,(anonymous_13)
FNDA:0,(anonymous_14)
FNDA:0,(anonymous_15)
FNDA:0,(anonymous_16)
FNDA:0,(anonymous_17)
FNDA:0,(anonymous_18)
FNDA:0,(anonymous_19)
FNDA:0,(anonymous_20)
FNDA:0,(anonymous_21)
FNDA:0,(anonymous_22)
FNDA:0,(anonymous_23)
FNDA:0,(anonymous_24)
FNDA:0,(anonymous_25)
FNDA:0,(anonymous_26)
FNDA:0,(anonymous_27)
FNDA:0,(anonymous_28)
DA:22,0
DA:23,0
DA:24,0
DA:25,0
DA:26,0
DA:27,0
DA:28,0
DA:29,0
DA:38,0
DA:39,0
DA:42,0
DA:43,0
DA:44,0
DA:48,0
DA:49,0
DA:51,0
DA:53,0
DA:57,0
DA:58,0
DA:61,0
DA:62,0
DA:63,0
DA:64,0
DA:65,0
DA:66,0
DA:67,0
DA:68,0
DA:70,0
DA:71,0
DA:73,0
DA:77,0
DA:78,0
DA:79,0
DA:80,0
DA:81,0
DA:85,0
DA:86,0
DA:87,0
DA:95,0
DA:97,0
DA:98,0
DA:100,0
DA:104,0
DA:105,0
DA:106,0
DA:107,0
DA:108,0
DA:109,0
DA:110,0
DA:111,0
DA:113,0
DA:114,0
DA:118,0
DA:126,0
DA:138,0
DA:152,0
DA:163,0
DA:176,0
DA:185,0
DA:189,0
DA:198,0
DA:205,0
DA:228,0
DA:230,0
DA:250,0
DA:274,0
DA:297,0
DA:308,0
DA:313,0
DA:326,0
LF:70
LH:0
BRDA:62,0,0,0
BRDA:62,0,1,0
BRDA:66,1,0,0
BRDA:66,1,1,0
BRDA:83,2,0,0
BRDA:83,2,1,0
BRDA:106,3,0,0
BRDA:106,3,1,0
BRDA:110,4,0,0
BRDA:110,4,1,0
BRDA:225,5,0,0
BRDA:225,5,1,0
BRDA:233,6,0,0
BRDA:233,6,1,0
BRDA:241,7,0,0
BRDA:241,7,1,0
BRDA:262,8,0,0
BRDA:262,8,1,0
BRDA:307,9,0,0
BRDA:307,9,1,0
BRDA:308,10,0,0
BRDA:308,10,1,0
BRF:22
BRH:0
end_of_record
TN:
SF:src/pages/marketing/ProductFavoritesRanking.tsx
FN:16,ProductFavoritesRanking
FN:24,(anonymous_1)
FN:28,(anonymous_2)
FN:40,(anonymous_3)
FN:65,(anonymous_4)
FN:66,(anonymous_5)
FN:84,(anonymous_6)
FN:90,(anonymous_7)
FN:105,(anonymous_8)
FN:135,(anonymous_9)
FN:161,(anonymous_10)
FNF:11
FNH:0
FNDA:0,ProductFavoritesRanking
FNDA:0,(anonymous_1)
FNDA:0,(anonymous_2)
FNDA:0,(anonymous_3)
FNDA:0,(anonymous_4)
FNDA:0,(anonymous_5)
FNDA:0,(anonymous_6)
FNDA:0,(anonymous_7)
FNDA:0,(anonymous_8)
FNDA:0,(anonymous_9)
FNDA:0,(anonymous_10)
DA:17,0
DA:18,0
DA:19,0
DA:20,0
DA:21,0
DA:22,0
DA:24,0
DA:25,0
DA:28,0
DA:29,0
DA:30,0
DA:31,0
DA:32,0
DA:34,0
DA:36,0
DA:40,0
DA:41,0
DA:43,0
DA:44,0
DA:45,0
DA:53,0
DA:54,0
DA:55,0
DA:57,0
DA:58,0
DA:60,0
DA:64,0
DA:65,0
DA:67,0
DA:68,0
DA:69,0
DA:72,0
DA:84,0
DA:90,0
DA:105,0
DA:136,0
DA:161,0
LF:37
LH:0
BRDA:41,0,0,0
BRDA:41,0,1,0
BRDA:67,1,0,0
BRDA:67,1,1,0
BRDA:68,2,0,0
BRDA:68,2,1,0
BRDA:85,3,0,0
BRDA:85,3,1,0
BRDA:91,4,0,0
BRDA:91,4,1,0
BRDA:111,5,0,0
BRDA:111,5,1,0
BRDA:116,6,0,0
BRDA:116,6,1,0
BRDA:141,7,0,0
BRDA:141,7,1,0
BRDA:165,8,0,0
BRDA:165,8,1,0
BRDA:171,9,0,0
BRDA:171,9,1,0
BRF:20
BRH:0
end_of_record
TN:
SF:src/pages/marketing/ReviewManagementPage.tsx
FN:16,(anonymous_0)
FN:31,(anonymous_1)
FN:47,(anonymous_2)
FN:51,(anonymous_3)
FN:54,(anonymous_4)
FN:54,(anonymous_5)
FN:60,(anonymous_6)
FN:63,(anonymous_7)
FN:63,(anonymous_8)
FN:70,(anonymous_9)
FN:81,(anonymous_10)
FN:82,(anonymous_11)
FN:85,(anonymous_12)
FN:86,(anonymous_13)
FN:88,(anonymous_14)
FN:106,(anonymous_15)
FN:112,(anonymous_16)
FN:134,(anonymous_17)
FN:137,(anonymous_18)
FN:150,(anonymous_19)
FN:153,(anonymous_20)
FN:168,(anonymous_21)
FN:168,(anonymous_22)
FN:194,(anonymous_23)
FN:195,(anonymous_24)
FN:207,(anonymous_25)
FN:213,(anonymous_26)
FN:214,(anonymous_27)
FN:215,(anonymous_28)
FN:229,(anonymous_29)
FN:241,(anonymous_30)
FN:256,(anonymous_31)
FN:263,(anonymous_32)
FN:272,(anonymous_33)
FN:295,(anonymous_34)
FN:305,(anonymous_35)
FN:305,(anonymous_36)
FN:313,(anonymous_37)
FNF:38
FNH:0
FNDA:0,(anonymous_0)
FNDA:0,(anonymous_1)
FNDA:0,(anonymous_2)
FNDA:0,(anonymous_3)
FNDA:0,(anonymous_4)
FNDA:0,(anonymous_5)
FNDA:0,(anonymous_6)
FNDA:0,(anonymous_7)
FNDA:0,(anonymous_8)
FNDA:0,(anonymous_9)
FNDA:0,(anonymous_10)
FNDA:0,(anonymous_11)
FNDA:0,(anonymous_12)
FNDA:0,(anonymous_13)
FNDA:0,(anonymous_14)
FNDA:0,(anonymous_15)
FNDA:0,(anonymous_16)
FNDA:0,(anonymous_17)
FNDA:0,(anonymous_18)
FNDA:0,(anonymous_19)
FNDA:0,(anonymous_20)
FNDA:0,(anonymous_21)
FNDA:0,(anonymous_22)
FNDA:0,(anonymous_23)
FNDA:0,(anonymous_24)
FNDA:0,(anonymous_25)
FNDA:0,(anonymous_26)
FNDA:0,(anonymous_27)
FNDA:0,(anonymous_28)
FNDA:0,(anonymous_29)
FNDA:0,(anonymous_30)
FNDA:0,(anonymous_31)
FNDA:0,(anonymous_32)
FNDA:0,(anonymous_33)
FNDA:0,(anonymous_34)
FNDA:0,(anonymous_35)
FNDA:0,(anonymous_36)
FNDA:0,(anonymous_37)
DA:16,0
DA:17,0
DA:18,0
DA:19,0
DA:20,0
DA:25,0
DA:31,0
DA:32,0
DA:33,0
DA:34,0
DA:39,0
DA:41,0
DA:43,0
DA:47,0
DA:48,0
DA:51,0
DA:52,0
DA:53,0
DA:54,0
DA:56,0
DA:60,0
DA:61,0
DA:62,0
DA:63,0
DA:64,0
DA:66,0
DA:70,0
DA:71,0
DA:72,0
DA:73,0
DA:74,0
DA:75,0
DA:77,0
DA:81,0
DA:82,0
DA:85,0
DA:86,0
DA:87,0
DA:88,0
DA:90,0
DA:94,0
DA:106,0
DA:112,0
DA:135,0
DA:137,0
DA:151,0
DA:153,0
DA:168,0
DA:195,0
DA:196,0
DA:208,0
DA:214,0
DA:215,0
DA:230,0
DA:242,0
DA:256,0
DA:263,0
DA:272,0
DA:295,0
DA:305,0
DA:313,0
LF:61
LH:0
BRDA:36,0,0,0
BRDA:36,0,1,0
BRDA:37,1,0,0
BRDA:37,1,1,0
BRDA:39,2,0,0
BRDA:39,2,1,0
BRDA:71,3,0,0
BRDA:71,3,1,0
BRDA:71,4,0,0
BRDA:71,4,1,0
BRDA:87,5,0,0
BRDA:87,5,1,0
BRDA:102,6,0,0
BRDA:102,6,1,0
BRDA:138,7,0,0
BRDA:138,7,1,0
BRDA:140,8,0,0
BRDA:140,8,1,0
BRDA:140,9,0,0
BRDA:140,9,1,0
BRDA:141,10,0,0
BRDA:141,10,1,0
BRDA:154,11,0,0
BRDA:154,11,1,0
BRDA:157,12,0,0
BRDA:157,12,1,0
BRDA:179,13,0,0
BRDA:179,13,1,0
BRDA:181,14,0,0
BRDA:181,14,1,0
BRDA:195,15,0,0
BRDA:195,15,1,0
BRDA:215,16,0,0
BRDA:215,16,1,0
BRDA:223,17,0,0
BRDA:223,17,1,0
BRDA:224,18,0,0
BRDA:224,18,1,0
BRDA:233,19,0,0
BRDA:233,19,1,0
BRDA:234,20,0,0
BRDA:234,20,1,0
BRDA:237,21,0,0
BRDA:237,21,1,0
BRDA:243,22,0,0
BRDA:243,22,1,0
BRDA:253,23,0,0
BRDA:253,23,1,0
BRDA:272,24,0,0
BRDA:272,24,1,0
BRDA:290,25,0,0
BRDA:290,25,1,0
BRF:52
BRH:0
end_of_record
TN:
SF:src/pages/marketing/SignaturesPage.tsx
FN:20,SignaturesPage
FN:40,(anonymous_1)
FN:45,(anonymous_2)
FN:59,(anonymous_3)
FN:64,(anonymous_4)
FN:79,(anonymous_5)
FN:94,(anonymous_6)
FN:105,(anonymous_7)
FN:111,(anonymous_8)
FN:114,(anonymous_9)
FN:125,(anonymous_10)
FN:191,(anonymous_11)
FN:194,(anonymous_12)
FN:232,(anonymous_13)
FN:240,(anonymous_14)
FN:248,(anonymous_15)
FN:295,(anonymous_16)
FN:303,(anonymous_17)
FN:318,(anonymous_18)
FN:326,(anonymous_19)
FN:335,(anonymous_20)
FN:345,(anonymous_21)
FNF:22
FNH:0
FNDA:0,SignaturesPage
FNDA:0,(anonymous_1)
FNDA:0,(anonymous_2)
FNDA:0,(anonymous_3)
FNDA:0,(anonymous_4)
FNDA:0,(anonymous_5)
FNDA:0,(anonymous_6)
FNDA:0,(anonymous_7)
FNDA:0,(anonymous_8)
FNDA:0,(anonymous_9)
FNDA:0,(anonymous_10)
FNDA:0,(anonymous_11)
FNDA:0,(anonymous_12)
FNDA:0,(anonymous_13)
FNDA:0,(anonymous_14)
FNDA:0,(anonymous_15)
FNDA:0,(anonymous_16)
FNDA:0,(anonymous_17)
FNDA:0,(anonymous_18)
FNDA:0,(anonymous_19)
FNDA:0,(anonymous_20)
FNDA:0,(anonymous_21)
DA:21,0
DA:22,0
DA:23,0
DA:24,0
DA:25,0
DA:26,0
DA:28,0
DA:40,0
DA:41,0
DA:45,0
DA:46,0
DA:47,0
DA:48,0
DA:49,0
DA:50,0
DA:53,0
DA:55,0
DA:59,0
DA:60,0
DA:61,0
DA:64,0
DA:65,0
DA:66,0
DA:79,0
DA:80,0
DA:81,0
DA:82,0
DA:83,0
DA:84,0
DA:85,0
DA:87,0
DA:88,0
DA:90,0
DA:94,0
DA:95,0
DA:96,0
DA:97,0
DA:98,0
DA:99,0
DA:101,0
DA:105,0
DA:106,0
DA:107,0
DA:108,0
DA:109,0
DA:110,0
DA:111,0
DA:112,0
DA:114,0
DA:116,0
DA:117,0
DA:119,0
DA:120,0
DA:125,0
DA:126,0
DA:127,0
DA:160,0
DA:192,0
DA:194,0
DA:232,0
DA:240,0
DA:248,0
DA:295,0
DA:303,0
DA:318,0
DA:326,0
DA:335,0
DA:345,0
LF:68
LH:0
BRDA:49,0,0,0
BRDA:49,0,1,0
BRDA:49,1,0,0
BRDA:49,1,1,0
BRDA:60,2,0,0
BRDA:60,2,1,0
BRDA:95,3,0,0
BRDA:95,3,1,0
BRDA:106,4,0,0
BRDA:106,4,1,0
BRDA:106,5,0,0
BRDA:106,5,1,0
BRDA:136,6,0,0
BRDA:136,6,1,0
BRDA:141,7,0,0
BRDA:141,7,1,0
BRDA:142,8,0,0
BRDA:142,8,1,0
BRDA:143,9,0,0
BRDA:143,9,1,0
BRDA:150,10,0,0
BRDA:150,10,1,0
BRDA:182,11,0,0
BRDA:182,11,1,0
BRDA:184,12,0,0
BRDA:184,12,1,0
BRDA:195,13,0,0
BRDA:195,13,1,0
BRDA:199,14,0,0
BRDA:199,14,1,0
BRDA:202,15,0,0
BRDA:202,15,1,0
BRDA:269,16,0,0
BRDA:269,16,1,0
BRDA:276,17,0,0
BRDA:276,17,1,0
BRDA:278,18,0,0
BRDA:278,18,1,0
BRDA:342,19,0,0
BRDA:342,19,1,0
BRDA:357,20,0,0
BRDA:357,20,1,0
BRDA:358,21,0,0
BRDA:358,21,1,0
BRF:44
BRH:0
end_of_record
TN:
SF:src/pages/marketing/SubscribersPage.tsx
FN:5,SubscribersPage
FN:18,(anonymous_1)
FN:22,(anonymous_2)
FN:34,(anonymous_3)
FN:38,(anonymous_4)
FN:45,(anonymous_5)
FN:60,(anonymous_6)
FN:86,(anonymous_7)
FN:113,(anonymous_8)
FNF:9
FNH:0
FNDA:0,SubscribersPage
FNDA:0,(anonymous_1)
FNDA:0,(anonymous_2)
FNDA:0,(anonymous_3)
FNDA:0,(anonymous_4)
FNDA:0,(anonymous_5)
FNDA:0,(anonymous_6)
FNDA:0,(anonymous_7)
FNDA:0,(anonymous_8)
DA:14,0
DA:15,0
DA:16,0
DA:18,0
DA:19,0
DA:22,0
DA:23,0
DA:24,0
DA:25,0
DA:26,0
DA:28,0
DA:30,0
DA:34,0
DA:35,0
DA:36,0
DA:37,0
DA:38,0
DA:40,0
DA:41,0
DA:45,0
DA:46,0
DA:49,0
DA:60,0
DA:87,0
DA:113,0
LF:25
LH:0
BRDA:35,0,0,0
BRDA:35,0,1,0
BRDA:66,1,0,0
BRDA:66,1,1,0
BRDA:79,2,0,0
BRDA:79,2,1,0
BRDA:97,3,0,0
BRDA:97,3,1,0
BRDA:99,4,0,0
BRDA:99,4,1,0
BRDA:100,5,0,0
BRDA:100,5,1,0
BRDA:102,6,0,0
BRDA:102,6,1,0
BRF:14
BRH:0
end_of_record
TN:
SF:src/pages/orders/OrderDetailModal.tsx
FN:18,OrderDetailModal
FN:31,(anonymous_1)
FN:94,(anonymous_2)
FN:156,(anonymous_3)
FN:182,(anonymous_4)
FN:193,(anonymous_5)
FN:204,(anonymous_6)
FN:215,(anonymous_7)
FN:226,(anonymous_8)
FNF:9
FNH:3
FNDA:10,OrderDetailModal
FNDA:6,(anonymous_1)
FNDA:0,(anonymous_2)
FNDA:0,(anonymous_3)
FNDA:0,(anonymous_4)
FNDA:0,(anonymous_5)
FNDA:0,(anonymous_6)
FNDA:0,(anonymous_7)
FNDA:1,(anonymous_8)
DA:29,10
DA:31,6
DA:32,6
DA:39,6
DA:46,6
DA:94,0
DA:157,0
DA:182,0
DA:193,0
DA:204,0
DA:215,0
DA:226,1
LF:12
LH:6
BRDA:29,0,0,4
BRDA:29,0,1,6
BRDA:40,1,0,6
BRDA:40,1,1,0
BRDA:80,2,0,0
BRDA:80,2,1,6
BRDA:110,3,0,0
BRDA:110,3,1,6
BRDA:131,4,0,10
BRDA:131,4,1,6
BRDA:132,5,0,10
BRDA:132,5,1,0
BRDA:180,6,0,10
BRDA:180,6,1,6
BRDA:180,6,2,6
BRDA:187,7,0,1
BRDA:187,7,1,5
BRDA:191,8,0,10
BRDA:191,8,1,0
BRDA:191,8,2,0
BRDA:191,8,3,0
BRDA:198,9,0,0
BRDA:198,9,1,0
BRDA:202,10,0,10
BRDA:202,10,1,0
BRDA:202,10,2,0
BRDA:209,11,0,0
BRDA:209,11,1,0
BRDA:213,12,0,10
BRDA:213,12,1,0
BRDA:213,12,2,0
BRDA:220,13,0,0
BRDA:220,13,1,0
BRDA:224,14,0,10
BRDA:224,14,1,6
BRDA:224,14,2,6
BRDA:224,14,3,6
BRDA:224,14,4,6
BRF:38
BRH:21
end_of_record
TN:
SF:src/pages/orders/OrdersList.tsx
FN:11,OrdersPage
FN:26,(anonymous_1)
FN:30,(anonymous_2)
FN:42,(anonymous_3)
FN:46,(anonymous_4)
FN:49,(anonymous_5)
FN:54,(anonymous_6)
FN:59,(anonymous_7)
FN:70,(anonymous_8)
FN:73,(anonymous_9)
FN:82,(anonymous_10)
FN:99,(anonymous_11)
FN:103,(anonymous_12)
FN:111,(anonymous_13)
FN:115,(anonymous_14)
FN:122,(anonymous_15)
FN:144,(anonymous_16)
FN:164,(anonymous_17)
FN:184,(anonymous_18)
FN:187,(anonymous_19)
FN:215,(anonymous_20)
FN:227,(anonymous_21)
FN:249,(anonymous_22)
FN:259,(anonymous_23)
FN:263,(anonymous_24)
FN:284,(anonymous_25)
FNF:26
FNH:13
FNDA:10,OrdersPage
FNDA:2,(anonymous_1)
FNDA:2,(anonymous_2)
FNDA:1,(anonymous_3)
FNDA:1,(anonymous_4)
FNDA:1,(anonymous_5)
FNDA:1,(anonymous_6)
FNDA:2,(anonymous_7)
FNDA:0,(anonymous_8)
FNDA:0,(anonymous_9)
FNDA:0,(anonymous_10)
FNDA:0,(anonymous_11)
FNDA:0,(anonymous_12)
FNDA:0,(anonymous_13)
FNDA:0,(anonymous_14)
FNDA:16,(anonymous_15)
FNDA:0,(anonymous_16)
FNDA:10,(anonymous_17)
FNDA:16,(anonymous_18)
FNDA:1,(anonymous_19)
FNDA:0,(anonymous_20)
FNDA:0,(anonymous_21)
FNDA:0,(anonymous_22)
FNDA:1,(anonymous_23)
FNDA:0,(anonymous_24)
FNDA:0,(anonymous_25)
DA:12,10
DA:13,10
DA:14,10
DA:15,10
DA:16,10
DA:17,10
DA:18,10
DA:19,10
DA:20,10
DA:21,10
DA:22,10
DA:24,10
DA:26,10
DA:27,2
DA:30,10
DA:31,2
DA:32,2
DA:33,2
DA:34,2
DA:36,0
DA:38,2
DA:42,10
DA:43,1
DA:44,1
DA:45,1
DA:46,1
DA:49,10
DA:50,1
DA:51,1
DA:54,10
DA:55,1
DA:56,1
DA:57,1
DA:58,1
DA:59,2
DA:60,1
DA:61,1
DA:63,0
DA:64,0
DA:66,1
DA:70,10
DA:71,0
DA:72,0
DA:73,0
DA:74,0
DA:75,0
DA:77,0
DA:78,0
DA:82,10
DA:83,0
DA:84,0
DA:85,0
DA:86,0
DA:88,0
DA:90,0
DA:91,0
DA:92,0
DA:93,0
DA:95,0
DA:99,10
DA:100,0
DA:101,0
DA:102,0
DA:103,0
DA:104,0
DA:106,0
DA:107,0
DA:111,10
DA:112,0
DA:113,0
DA:114,0
DA:115,0
DA:116,0
DA:118,0
DA:122,10
DA:123,16
DA:127,10
DA:144,0
DA:165,10
DA:185,16
DA:187,1
DA:215,0
DA:227,0
DA:249,0
DA:259,1
DA:263,0
DA:284,0
LF:87
LH:48
BRDA:24,0,0,10
BRDA:24,0,1,9
BRDA:55,1,0,0
BRDA:55,1,1,1
BRDA:59,2,0,1
BRDA:59,2,1,1
BRDA:73,3,0,0
BRDA:73,3,1,0
BRDA:74,4,0,0
BRDA:74,4,1,0
BRDA:92,5,0,0
BRDA:92,5,1,0
BRDA:100,6,0,0
BRDA:100,6,1,0
BRDA:103,7,0,0
BRDA:103,7,1,0
BRDA:104,8,0,0
BRDA:104,8,1,0
BRDA:112,9,0,0
BRDA:112,9,1,0
BRDA:115,10,0,0
BRDA:115,10,1,0
BRDA:116,11,0,0
BRDA:116,11,1,0
BRDA:123,12,0,16
BRDA:123,12,1,0
BRDA:163,13,0,2
BRDA:163,13,1,8
BRDA:174,14,0,0
BRDA:174,14,1,8
BRDA:196,15,0,8
BRDA:196,15,1,8
BRDA:197,16,0,7
BRDA:197,16,1,1
BRDA:198,17,0,1
BRDA:198,17,1,0
BRDA:199,18,0,0
BRDA:199,18,1,0
BRDA:200,19,0,0
BRDA:200,19,1,0
BRDA:208,20,0,16
BRDA:208,20,1,0
BRDA:220,21,0,16
BRDA:220,21,1,0
BRDA:232,22,0,16
BRDA:232,22,1,16
BRDA:232,22,2,16
BRF:47
BRH:19
end_of_record
TN:
SF:src/pages/products/ProductForm.tsx
FN:36,ProductForm
FN:86,(anonymous_1)
FN:95,(anonymous_2)
FN:98,(anonymous_3)
FN:102,(anonymous_4)
FN:112,(anonymous_5)
FN:160,(anonymous_6)
FN:166,(anonymous_7)
FN:170,(anonymous_8)
FN:200,(anonymous_9)
FN:215,(anonymous_10)
FN:229,(anonymous_11)
FN:243,(anonymous_12)
FN:276,(anonymous_13)
FN:286,(anonymous_14)
FN:290,(anonymous_15)
FN:293,(anonymous_16)
FN:299,(anonymous_17)
FN:299,(anonymous_18)
FN:302,(anonymous_19)
FN:310,(anonymous_20)
FN:320,(anonymous_21)
FN:352,(anonymous_22)
FN:361,(anonymous_23)
FN:403,(anonymous_24)
FN:471,(anonymous_25)
FN:480,(anonymous_26)
FN:491,(anonymous_27)
FN:502,(anonymous_28)
FN:512,(anonymous_29)
FN:521,(anonymous_30)
FN:530,(anonymous_31)
FN:568,(anonymous_32)
FN:575,(anonymous_33)
FN:586,(anonymous_34)
FN:593,(anonymous_35)
FN:604,(anonymous_36)
FN:611,(anonymous_37)
FN:622,(anonymous_38)
FN:629,(anonymous_39)
FN:663,(anonymous_40)
FN:670,(anonymous_41)
FN:674,(anonymous_42)
FN:750,(anonymous_43)
FN:755,(anonymous_44)
FN:757,(anonymous_45)
FN:759,(anonymous_46)
FN:759,(anonymous_47)
FN:781,(anonymous_48)
FNF:49
FNH:20
FNDA:21,ProductForm
FNDA:3,(anonymous_1)
FNDA:3,(anonymous_2)
FNDA:0,(anonymous_3)
FNDA:0,(anonymous_4)
FNDA:3,(anonymous_5)
FNDA:3,(anonymous_6)
FNDA:0,(anonymous_7)
FNDA:0,(anonymous_8)
FNDA:1,(anonymous_9)
FNDA:0,(anonymous_10)
FNDA:0,(anonymous_11)
FNDA:1,(anonymous_12)
FNDA:0,(anonymous_13)
FNDA:0,(anonymous_14)
FNDA:1,(anonymous_15)
FNDA:0,(anonymous_16)
FNDA:0,(anonymous_17)
FNDA:0,(anonymous_18)
FNDA:1,(anonymous_19)
FNDA:1,(anonymous_20)
FNDA:1,(anonymous_21)
FNDA:0,(anonymous_22)
FNDA:1,(anonymous_23)
FNDA:0,(anonymous_24)
FNDA:0,(anonymous_25)
FNDA:0,(anonymous_26)
FNDA:0,(anonymous_27)
FNDA:1,(anonymous_28)
FNDA:1,(anonymous_29)
FNDA:0,(anonymous_30)
FNDA:0,(anonymous_31)
FNDA:20,(anonymous_32)
FNDA:0,(anonymous_33)
FNDA:20,(anonymous_34)
FNDA:0,(anonymous_35)
FNDA:20,(anonymous_36)
FNDA:0,(anonymous_37)
FNDA:20,(anonymous_38)
FNDA:0,(anonymous_39)
FNDA:21,(anonymous_40)
FNDA:1,(anonymous_41)
FNDA:0,(anonymous_42)
FNDA:0,(anonymous_43)
FNDA:0,(anonymous_44)
FNDA:0,(anonymous_45)
FNDA:0,(anonymous_46)
FNDA:0,(anonymous_47)
FNDA:0,(anonymous_48)
DA:20,1
DA:37,21
DA:38,21
DA:39,21
DA:42,21
DA:43,21
DA:44,21
DA:45,21
DA:48,21
DA:49,21
DA:50,21
DA:51,21
DA:53,21
DA:62,21
DA:63,21
DA:65,21
DA:80,21
DA:86,21
DA:87,3
DA:88,3
DA:89,3
DA:91,0
DA:95,21
DA:96,3
DA:97,3
DA:98,0
DA:99,0
DA:101,0
DA:102,0
DA:103,0
DA:104,0
DA:108,3
DA:112,21
DA:113,3
DA:114,3
DA:127,3
DA:128,3
DA:129,3
DA:130,3
DA:131,3
DA:133,0
DA:134,0
DA:135,0
DA:148,3
DA:149,0
DA:150,0
DA:152,0
DA:153,0
DA:154,0
DA:156,0
DA:160,21
DA:161,3
DA:162,3
DA:163,3
DA:166,21
DA:167,0
DA:168,0
DA:170,0
DA:171,0
DA:175,0
DA:176,0
DA:177,0
DA:180,0
DA:181,0
DA:182,0
DA:183,0
DA:184,0
DA:185,0
DA:186,0
DA:189,0
DA:190,0
DA:191,0
DA:192,0
DA:193,0
DA:196,0
DA:200,21
DA:202,1
DA:205,1
DA:206,1
DA:207,1
DA:209,1
DA:210,1
DA:212,1
DA:215,21
DA:216,0
DA:217,0
DA:226,0
DA:227,0
DA:228,0
DA:229,0
DA:230,0
DA:231,0
DA:233,0
DA:236,0
DA:240,0
DA:243,21
DA:245,1
DA:247,1
DA:251,1
DA:255,1
DA:256,0
DA:257,0
DA:260,1
DA:264,1
DA:268,1
DA:276,1
DA:278,1
DA:286,0
DA:290,1
DA:291,1
DA:292,1
DA:293,0
DA:295,1
DA:298,1
DA:299,0
DA:300,0
DA:302,1
DA:306,1
DA:307,1
DA:310,21
DA:311,1
DA:312,0
DA:313,0
DA:315,1
DA:316,1
DA:320,21
DA:321,1
DA:322,0
DA:323,0
DA:326,1
DA:327,1
DA:328,1
DA:331,1
DA:332,0
DA:333,0
DA:334,0
DA:336,0
DA:337,0
DA:338,0
DA:339,0
DA:344,1
DA:345,0
DA:346,0
DA:347,0
DA:352,1
DA:353,0
DA:354,0
DA:355,0
DA:359,1
DA:360,1
DA:361,1
DA:363,1
DA:383,1
DA:384,0
DA:386,1
DA:388,1
DA:391,0
DA:392,0
DA:393,0
DA:394,0
DA:396,1
DA:400,21
DA:403,0
DA:471,0
DA:480,0
DA:491,0
DA:502,1
DA:512,1
DA:521,0
DA:531,0
DA:532,0
DA:533,0
DA:569,20
DA:575,0
DA:587,20
DA:593,0
DA:605,20
DA:611,0
DA:623,20
DA:629,0
DA:664,21
DA:671,1
DA:672,1
DA:675,0
DA:676,0
DA:677,0
DA:751,0
DA:756,0
DA:757,0
DA:759,0
DA:781,0
LF:191
LH:96
BRDA:98,0,0,0
BRDA:98,0,1,0
BRDA:101,1,0,0
BRDA:101,1,1,0
BRDA:103,2,0,0
BRDA:103,2,1,0
BRDA:113,3,0,3
BRDA:113,3,1,0
BRDA:136,4,0,0
BRDA:136,4,1,0
BRDA:137,5,0,3
BRDA:137,5,1,0
BRDA:138,6,0,3
BRDA:138,6,1,0
BRDA:139,7,0,3
BRDA:139,7,1,0
BRDA:140,8,0,3
BRDA:140,8,1,0
BRDA:141,9,0,3
BRDA:141,9,1,0
BRDA:142,10,0,3
BRDA:142,10,1,0
BRDA:143,11,0,3
BRDA:143,11,1,0
BRDA:144,12,0,3
BRDA:144,12,1,0
BRDA:145,13,0,3
BRDA:145,13,1,0
BRDA:146,14,0,3
BRDA:146,14,1,0
BRDA:148,15,0,0
BRDA:148,15,1,3
BRDA:149,16,0,0
BRDA:149,16,1,0
BRDA:152,17,0,0
BRDA:152,17,1,0
BRDA:168,18,0,0
BRDA:168,18,1,0
BRDA:170,19,0,0
BRDA:170,19,1,0
BRDA:171,20,0,0
BRDA:171,20,1,0
BRDA:175,21,0,0
BRDA:175,21,1,0
BRDA:183,22,0,0
BRDA:183,22,1,0
BRDA:183,23,0,0
BRDA:183,23,1,0
BRDA:185,24,0,0
BRDA:185,24,1,0
BRDA:185,25,0,0
BRDA:185,25,1,0
BRDA:191,26,0,0
BRDA:191,26,1,0
BRDA:191,26,2,0
BRDA:191,26,3,0
BRDA:192,27,0,0
BRDA:192,27,1,0
BRDA:206,28,0,1
BRDA:206,28,1,0
BRDA:209,29,0,1
BRDA:209,29,1,0
BRDA:218,30,0,0
BRDA:218,30,1,0
BRDA:219,31,0,0
BRDA:219,31,1,0
BRDA:220,32,0,0
BRDA:220,32,1,0
BRDA:221,33,0,0
BRDA:221,33,1,0
BRDA:222,34,0,0
BRDA:222,34,1,0
BRDA:223,35,0,0
BRDA:223,35,1,0
BRDA:226,36,0,0
BRDA:226,36,1,0
BRDA:226,37,0,0
BRDA:226,37,1,0
BRDA:228,38,0,0
BRDA:228,38,1,0
BRDA:230,39,0,0
BRDA:230,39,1,0
BRDA:245,40,0,0
BRDA:245,40,1,1
BRDA:247,41,0,0
BRDA:247,41,1,1
BRDA:248,42,0,0
BRDA:248,42,1,0
BRDA:251,43,0,1
BRDA:251,43,1,0
BRDA:252,44,0,0
BRDA:252,44,1,1
BRDA:253,45,0,0
BRDA:253,45,1,0
BRDA:255,46,0,0
BRDA:255,46,1,1
BRDA:255,47,0,1
BRDA:255,47,1,0
BRDA:260,48,0,0
BRDA:260,48,1,1
BRDA:261,49,0,0
BRDA:261,49,1,0
BRDA:264,50,0,1
BRDA:264,50,1,0
BRDA:265,51,0,0
BRDA:265,51,1,1
BRDA:268,52,0,1
BRDA:268,52,1,0
BRDA:269,53,0,0
BRDA:269,53,1,1
BRDA:276,54,0,1
BRDA:276,54,1,1
BRDA:279,55,0,1
BRDA:279,55,1,1
BRDA:284,56,0,1
BRDA:284,56,1,1
BRDA:284,57,0,1
BRDA:284,57,1,1
BRDA:285,58,0,0
BRDA:285,58,1,1
BRDA:293,59,0,0
BRDA:293,59,1,0
BRDA:298,60,0,0
BRDA:298,60,1,1
BRDA:299,61,0,0
BRDA:299,61,1,0
BRDA:311,62,0,0
BRDA:311,62,1,1
BRDA:311,63,0,1
BRDA:311,63,1,0
BRDA:321,64,0,0
BRDA:321,64,1,1
BRDA:322,65,0,0
BRDA:322,65,1,0
BRDA:331,66,0,0
BRDA:331,66,1,1
BRDA:331,67,0,1
BRDA:331,67,1,0
BRDA:344,68,0,0
BRDA:344,68,1,1
BRDA:345,69,0,0
BRDA:345,69,1,0
BRDA:353,70,0,0
BRDA:353,70,1,0
BRDA:354,71,0,0
BRDA:354,71,1,0
BRDA:359,72,0,1
BRDA:359,72,1,0
BRDA:359,73,0,1
BRDA:359,73,1,0
BRDA:360,74,0,1
BRDA:360,74,1,0
BRDA:365,75,0,1
BRDA:365,75,1,1
BRDA:374,76,0,1
BRDA:374,76,1,1
BRDA:375,77,0,1
BRDA:375,77,1,1
BRDA:376,78,0,1
BRDA:376,78,1,1
BRDA:377,79,0,1
BRDA:377,79,1,1
BRDA:383,80,0,0
BRDA:383,80,1,1
BRDA:393,81,0,0
BRDA:393,81,1,0
BRDA:393,81,2,0
BRDA:393,81,3,0
BRDA:394,82,0,0
BRDA:394,82,1,0
BRDA:407,83,0,0
BRDA:407,83,1,21
BRDA:432,84,0,21
BRDA:432,84,1,1
BRDA:457,85,0,0
BRDA:457,85,1,21
BRDA:527,86,0,21
BRDA:527,86,1,0
BRDA:545,87,0,0
BRDA:545,87,1,21
BRDA:546,88,0,0
BRDA:546,88,1,21
BRDA:574,89,0,20
BRDA:574,89,1,0
BRDA:575,90,0,0
BRDA:575,90,1,0
BRDA:579,91,0,21
BRDA:579,91,1,0
BRDA:592,92,0,20
BRDA:592,92,1,0
BRDA:593,93,0,0
BRDA:593,93,1,0
BRDA:597,94,0,21
BRDA:597,94,1,0
BRDA:610,95,0,20
BRDA:610,95,1,0
BRDA:611,96,0,0
BRDA:611,96,1,0
BRDA:615,97,0,21
BRDA:615,97,1,0
BRDA:628,98,0,20
BRDA:628,98,1,0
BRDA:629,99,0,0
BRDA:629,99,1,0
BRDA:633,100,0,21
BRDA:633,100,1,0
BRDA:681,101,0,1
BRDA:681,101,1,20
BRDA:684,102,0,21
BRDA:684,102,1,1
BRDA:704,103,0,0
BRDA:704,103,1,21
BRDA:710,104,0,21
BRDA:710,104,1,0
BRDA:727,105,0,0
BRDA:727,105,1,21
BRDA:740,106,0,21
BRDA:740,106,1,0
BRDA:749,107,0,21
BRDA:749,107,1,21
BRDA:756,108,0,0
BRDA:756,108,1,0
BRDA:766,109,0,0
BRDA:766,109,1,0
BRDA:792,110,0,21
BRDA:792,110,1,20
BRDA:793,111,0,1
BRDA:793,111,1,20
BRF:228
BRH:84
end_of_record
TN:
SF:src/pages/products/ProductsPage.tsx
FN:12,ProductsPage
FN:22,(anonymous_1)
FN:26,(anonymous_2)
FN:51,(anonymous_3)
FN:56,(anonymous_4)
FN:56,(anonymous_5)
FN:70,(anonymous_6)
FN:74,(anonymous_7)
FN:91,(anonymous_8)
FN:100,(anonymous_9)
FN:114,(anonymous_10)
FN:130,(anonymous_11)
FN:138,(anonymous_12)
FN:148,(anonymous_13)
FN:170,(anonymous_14)
FN:198,(anonymous_15)
FN:203,(anonymous_16)
FN:204,(anonymous_17)
FN:215,(anonymous_18)
FN:246,(anonymous_19)
FN:265,(anonymous_20)
FN:272,(anonymous_21)
FN:279,(anonymous_22)
FNF:23
FNH:0
FNDA:0,ProductsPage
FNDA:0,(anonymous_1)
FNDA:0,(anonymous_2)
FNDA:0,(anonymous_3)
FNDA:0,(anonymous_4)
FNDA:0,(anonymous_5)
FNDA:0,(anonymous_6)
FNDA:0,(anonymous_7)
FNDA:0,(anonymous_8)
FNDA:0,(anonymous_9)
FNDA:0,(anonymous_10)
FNDA:0,(anonymous_11)
FNDA:0,(anonymous_12)
FNDA:0,(anonymous_13)
FNDA:0,(anonymous_14)
FNDA:0,(anonymous_15)
FNDA:0,(anonymous_16)
FNDA:0,(anonymous_17)
FNDA:0,(anonymous_18)
FNDA:0,(anonymous_19)
FNDA:0,(anonymous_20)
FNDA:0,(anonymous_21)
FNDA:0,(anonymous_22)
DA:14,0
DA:15,0
DA:16,0
DA:17,0
DA:18,0
DA:19,0
DA:20,0
DA:22,0
DA:23,0
DA:26,0
DA:27,0
DA:28,0
DA:29,0
DA:34,0
DA:37,0
DA:38,0
DA:40,0
DA:41,0
DA:44,0
DA:45,0
DA:47,0
DA:51,0
DA:52,0
DA:54,0
DA:56,0
DA:57,0
DA:60,0
DA:61,0
DA:62,0
DA:63,0
DA:65,0
DA:70,0
DA:71,0
DA:74,0
DA:75,0
DA:76,0
DA:77,0
DA:78,0
DA:80,0
DA:83,0
DA:88,0
DA:90,0
DA:92,0
DA:94,0
DA:98,0
DA:101,0
DA:102,0
DA:103,0
DA:106,0
DA:114,0
DA:130,0
DA:138,0
DA:148,0
DA:171,0
DA:199,0
DA:204,0
DA:205,0
DA:207,0
DA:208,0
DA:210,0
DA:216,0
DA:217,0
DA:218,0
DA:247,0
DA:248,0
DA:250,0
DA:265,0
DA:272,0
DA:279,0
LF:69
LH:0
BRDA:37,0,0,0
BRDA:37,0,1,0
BRDA:57,1,0,0
BRDA:57,1,1,0
BRDA:62,2,0,0
BRDA:62,2,1,0
BRDA:75,3,0,0
BRDA:75,3,1,0
BRDA:88,4,0,0
BRDA:88,4,1,0
BRDA:92,5,0,0
BRDA:92,5,1,0
BRDA:94,6,0,0
BRDA:94,6,1,0
BRDA:95,7,0,0
BRDA:95,7,1,0
BRDA:96,8,0,0
BRDA:96,8,1,0
BRDA:96,9,0,0
BRDA:96,9,1,0
BRDA:96,10,0,0
BRDA:96,10,1,0
BRDA:98,11,0,0
BRDA:98,11,1,0
BRDA:101,12,0,0
BRDA:101,12,1,0
BRDA:101,13,0,0
BRDA:101,13,1,0
BRDA:101,14,0,0
BRDA:101,14,1,0
BRDA:102,15,0,0
BRDA:102,15,1,0
BRDA:102,16,0,0
BRDA:102,16,1,0
BRDA:102,17,0,0
BRDA:102,17,1,0
BRDA:169,18,0,0
BRDA:169,18,1,0
BRDA:191,19,0,0
BRDA:191,19,1,0
BRDA:204,20,0,0
BRDA:204,20,1,0
BRDA:205,21,0,0
BRDA:205,21,1,0
BRDA:207,22,0,0
BRDA:207,22,1,0
BRDA:207,23,0,0
BRDA:207,23,1,0
BRDA:208,24,0,0
BRDA:208,24,1,0
BRDA:208,24,2,0
BRDA:210,25,0,0
BRDA:210,25,1,0
BRDA:239,26,0,0
BRDA:239,26,1,0
BRDA:242,27,0,0
BRDA:242,27,1,0
BRDA:247,28,0,0
BRDA:247,28,1,0
BRDA:248,29,0,0
BRDA:248,29,1,0
BRDA:253,30,0,0
BRDA:253,30,1,0
BRDA:253,31,0,0
BRDA:253,31,1,0
BRDA:255,32,0,0
BRDA:255,32,1,0
BRDA:261,33,0,0
BRDA:261,33,1,0
BRDA:266,34,0,0
BRDA:266,34,1,0
BRDA:267,35,0,0
BRDA:267,35,1,0
BRDA:269,36,0,0
BRDA:269,36,1,0
BRF:75
BRH:0
end_of_record
TN:
SF:src/pages/settings/AiConfigPage.tsx
FN:11,AiConfigPage
FN:22,(anonymous_1)
FN:27,(anonymous_2)
FN:31,(anonymous_3)
FN:47,(anonymous_4)
FN:49,(anonymous_5)
FN:52,(anonymous_6)
FNF:7
FNH:7
FNDA:17,AiConfigPage
FNDA:4,(anonymous_1)
FNDA:4,(anonymous_2)
FNDA:1,(anonymous_3)
FNDA:1,(anonymous_4)
FNDA:1,(anonymous_5)
FNDA:2,(anonymous_6)
DA:12,17
DA:13,17
DA:14,17
DA:16,17
DA:22,17
DA:23,4
DA:27,17
DA:28,4
DA:29,4
DA:30,4
DA:31,3
DA:33,4
DA:34,1
DA:41,1
DA:43,4
DA:47,17
DA:48,1
DA:49,1
DA:52,17
DA:53,2
DA:54,2
DA:55,2
DA:56,2
DA:58,2
DA:59,2
DA:60,1
DA:62,1
DA:63,1
DA:64,1
DA:66,2
DA:70,17
LF:31
LH:31
BRDA:31,0,0,3
BRDA:31,0,1,0
BRDA:33,1,0,1
BRDA:33,1,1,3
BRDA:37,2,0,1
BRDA:37,2,1,0
BRDA:64,3,0,1
BRDA:64,3,1,0
BRDA:84,4,0,17
BRDA:84,4,1,1
BRDA:92,5,0,17
BRDA:92,5,1,1
BRDA:168,6,0,6
BRDA:168,6,1,11
BRF:14
BRH:11
end_of_record
TN:
SF:src/pages/settings/AuditLogPage.tsx
FN:5,AuditLogPage
FN:10,(anonymous_1)
FN:15,(anonymous_2)
FN:39,(anonymous_3)
FN:73,(anonymous_4)
FNF:5
FNH:5
FNDA:11,AuditLogPage
FNDA:5,(anonymous_1)
FNDA:5,(anonymous_2)
FNDA:1,(anonymous_3)
FNDA:3,(anonymous_4)
DA:6,11
DA:7,11
DA:8,11
DA:10,11
DA:11,5
DA:15,11
DA:16,5
DA:17,5
DA:18,5
DA:21,5
DA:23,0
DA:25,5
DA:29,11
DA:39,1
DA:74,3
LF:15
LH:14
BRDA:19,0,0,5
BRDA:19,0,1,4
BRDA:52,1,0,6
BRDA:52,1,1,5
BRDA:66,2,0,2
BRDA:66,2,1,3
BRDA:78,3,0,3
BRDA:78,3,1,2
BRF:8
BRH:8
end_of_record
TN:
SF:src/pages/settings/ClientsPage.tsx
FN:6,ClientsPage
FN:11,(anonymous_1)
FN:12,(anonymous_2)
FN:16,(anonymous_3)
FN:28,(anonymous_4)
FN:50,(anonymous_5)
FN:73,(anonymous_6)
FNF:7
FNH:0
FNDA:0,ClientsPage
FNDA:0,(anonymous_1)
FNDA:0,(anonymous_2)
FNDA:0,(anonymous_3)
FNDA:0,(anonymous_4)
FNDA:0,(anonymous_5)
FNDA:0,(anonymous_6)
DA:7,0
DA:8,0
DA:9,0
DA:11,0
DA:12,0
DA:13,0
DA:14,0
DA:16,0
DA:17,0
DA:19,0
DA:21,0
DA:25,0
DA:28,0
DA:29,0
DA:33,0
DA:50,0
DA:74,0
LF:17
LH:0
BRDA:29,0,0,0
BRDA:29,0,1,0
BRDA:56,1,0,0
BRDA:56,1,1,0
BRDA:61,2,0,0
BRDA:61,2,1,0
BRDA:78,3,0,0
BRDA:78,3,1,0
BRDA:90,4,0,0
BRDA:90,4,1,0
BRDA:95,5,0,0
BRDA:95,5,1,0
BRDA:106,6,0,0
BRDA:106,6,1,0
BRDA:107,7,0,0
BRDA:107,7,1,0
BRDA:111,8,0,0
BRDA:111,8,1,0
BRF:18
BRH:0
end_of_record
TN:
SF:src/pages/settings/EmailSettingsPage.tsx
FN:5,EmailSettingsPage
FN:32,(anonymous_1)
FN:36,(anonymous_2)
FN:51,(anonymous_3)
FN:122,(anonymous_4)
FN:136,(anonymous_5)
FN:153,(anonymous_6)
FN:154,(anonymous_7)
FN:160,(anonymous_8)
FN:180,(anonymous_9)
FN:195,(anonymous_10)
FN:208,(anonymous_11)
FN:223,(anonymous_12)
FN:227,(anonymous_13)
FNF:14
FNH:9
FNDA:23,EmailSettingsPage
FNDA:5,(anonymous_1)
FNDA:5,(anonymous_2)
FNDA:2,(anonymous_3)
FNDA:1,(anonymous_4)
FNDA:0,(anonymous_5)
FNDA:1,(anonymous_6)
FNDA:2,(anonymous_7)
FNDA:119,(anonymous_8)
FNDA:0,(anonymous_9)
FNDA:0,(anonymous_10)
FNDA:0,(anonymous_11)
FNDA:0,(anonymous_12)
FNDA:1,(anonymous_13)
DA:6,23
DA:16,23
DA:26,23
DA:27,23
DA:28,23
DA:29,23
DA:30,23
DA:32,23
DA:33,5
DA:36,23
DA:37,5
DA:38,5
DA:39,5
DA:40,4
DA:41,4
DA:44,1
DA:47,5
DA:51,23
DA:52,2
DA:53,2
DA:54,2
DA:55,2
DA:57,2
DA:58,2
DA:59,1
DA:61,1
DA:62,1
DA:64,2
DA:68,23
DA:69,5
DA:76,17
DA:122,1
DA:136,0
DA:154,2
DA:155,1
DA:156,1
DA:161,119
DA:180,0
DA:195,0
DA:208,0
DA:223,0
DA:227,1
LF:42
LH:37
BRDA:40,0,0,4
BRDA:40,0,1,0
BRDA:68,1,0,5
BRDA:68,1,1,18
BRDA:88,2,0,17
BRDA:88,2,1,1
BRDA:95,3,0,23
BRDA:95,3,1,1
BRDA:155,4,0,1
BRDA:155,4,1,0
BRDA:155,5,0,1
BRDA:155,5,1,1
BRDA:194,6,0,0
BRDA:194,6,1,17
BRDA:195,7,0,0
BRDA:195,7,1,0
BRDA:195,8,0,0
BRDA:195,8,1,0
BRDA:219,9,0,1
BRDA:219,9,1,16
BRDA:230,10,0,1
BRDA:230,10,1,16
BRDA:246,11,0,2
BRDA:246,11,1,15
BRDA:249,12,0,2
BRDA:249,12,1,15
BRDA:254,13,0,2
BRDA:254,13,1,15
BRF:28
BRH:21
end_of_record
TN:
SF:src/pages/settings/FiscalSettings.tsx
FN:11,FiscalSettings
FN:37,(anonymous_1)
FN:41,(anonymous_2)
FN:54,(anonymous_3)
FN:55,(anonymous_4)
FN:87,(anonymous_5)
FN:114,(anonymous_6)
FN:124,(anonymous_7)
FN:137,(anonymous_8)
FN:153,(anonymous_9)
FN:166,(anonymous_10)
FN:195,(anonymous_11)
FN:201,(anonymous_12)
FN:213,(anonymous_13)
FN:213,(anonymous_14)
FN:219,(anonymous_15)
FN:219,(anonymous_16)
FN:247,(anonymous_17)
FN:248,(anonymous_18)
FN:263,(anonymous_19)
FN:269,(anonymous_20)
FN:303,(anonymous_21)
FNF:22
FNH:0
FNDA:0,FiscalSettings
FNDA:0,(anonymous_1)
FNDA:0,(anonymous_2)
FNDA:0,(anonymous_3)
FNDA:0,(anonymous_4)
FNDA:0,(anonymous_5)
FNDA:0,(anonymous_6)
FNDA:0,(anonymous_7)
FNDA:0,(anonymous_8)
FNDA:0,(anonymous_9)
FNDA:0,(anonymous_10)
FNDA:0,(anonymous_11)
FNDA:0,(anonymous_12)
FNDA:0,(anonymous_13)
FNDA:0,(anonymous_14)
FNDA:0,(anonymous_15)
FNDA:0,(anonymous_16)
FNDA:0,(anonymous_17)
FNDA:0,(anonymous_18)
FNDA:0,(anonymous_19)
FNDA:0,(anonymous_20)
FNDA:0,(anonymous_21)
DA:12,0
DA:15,0
DA:16,0
DA:19,0
DA:22,0
DA:25,0
DA:28,0
DA:29,0
DA:31,0
DA:37,0
DA:38,0
DA:41,0
DA:42,0
DA:43,0
DA:44,0
DA:50,0
DA:51,0
DA:54,0
DA:55,0
DA:58,0
DA:60,0
DA:73,0
DA:81,0
DA:83,0
DA:87,0
DA:89,0
DA:90,0
DA:91,0
DA:94,0
DA:95,0
DA:96,0
DA:114,0
DA:115,0
DA:117,0
DA:118,0
DA:120,0
DA:124,0
DA:125,0
DA:126,0
DA:127,0
DA:128,0
DA:129,0
DA:131,0
DA:133,0
DA:137,0
DA:138,0
DA:139,0
DA:140,0
DA:141,0
DA:142,0
DA:143,0
DA:145,0
DA:146,0
DA:147,0
DA:149,0
DA:153,0
DA:154,0
DA:155,0
DA:156,0
DA:157,0
DA:158,0
DA:160,0
DA:162,0
DA:166,0
DA:167,0
DA:168,0
DA:169,0
DA:170,0
DA:172,0
DA:174,0
DA:178,0
DA:180,0
DA:195,0
DA:201,0
DA:213,0
DA:219,0
DA:248,0
DA:249,0
DA:263,0
DA:269,0
DA:303,0
LF:81
LH:0
BRDA:54,0,0,0
BRDA:55,1,0,0
BRDA:55,1,1,0
BRDA:89,2,0,0
BRDA:89,2,1,0
BRDA:89,3,0,0
BRDA:89,3,1,0
BRDA:89,3,2,0
BRDA:147,4,0,0
BRDA:147,4,1,0
BRDA:147,4,2,0
BRDA:178,5,0,0
BRDA:178,5,1,0
BRDA:196,6,0,0
BRDA:196,6,1,0
BRDA:202,7,0,0
BRDA:202,7,1,0
BRDA:209,8,0,0
BRDA:209,8,1,0
BRDA:237,9,0,0
BRDA:237,9,1,0
BRDA:244,10,0,0
BRDA:244,10,1,0
BRDA:247,11,0,0
BRDA:247,11,1,0
BRDA:250,12,0,0
BRDA:250,12,1,0
BRDA:253,13,0,0
BRDA:253,13,1,0
BRDA:262,14,0,0
BRDA:262,14,1,0
BRDA:263,15,0,0
BRDA:263,15,1,0
BRDA:269,16,0,0
BRDA:269,16,1,0
BRDA:271,17,0,0
BRDA:271,17,1,0
BRDA:273,18,0,0
BRDA:273,18,1,0
BRDA:273,19,0,0
BRDA:273,19,1,0
BRDA:313,20,0,0
BRDA:313,20,1,0
BRF:43
BRH:0
end_of_record
TN:
SF:src/pages/settings/IntegrationsPage.tsx
FN:21,IntegrationsPage
FN:40,(anonymous_1)
FN:44,(anonymous_2)
FN:50,(anonymous_3)
FN:52,(anonymous_4)
FN:54,(anonymous_5)
FN:59,(anonymous_6)
FN:72,(anonymous_7)
FN:82,(anonymous_8)
FN:98,(anonymous_9)
FN:102,(anonymous_10)
FN:105,(anonymous_11)
FN:135,(anonymous_12)
FN:136,(anonymous_13)
FN:142,(anonymous_14)
FN:164,(anonymous_15)
FN:175,(anonymous_16)
FN:176,(anonymous_17)
FN:185,(anonymous_18)
FN:199,(anonymous_19)
FN:214,(anonymous_20)
FN:223,(anonymous_21)
FN:225,(anonymous_22)
FN:254,(anonymous_23)
FN:261,(anonymous_24)
FN:269,(anonymous_25)
FN:285,(anonymous_26)
FN:312,(anonymous_27)
FN:318,(anonymous_28)
FN:319,(anonymous_29)
FN:324,(anonymous_30)
FN:358,(anonymous_31)
FN:364,(anonymous_32)
FN:368,(anonymous_33)
FN:391,(anonymous_34)
FN:403,(anonymous_35)
FN:439,(anonymous_36)
FNF:37
FNH:0
FNDA:0,IntegrationsPage
FNDA:0,(anonymous_1)
FNDA:0,(anonymous_2)
FNDA:0,(anonymous_3)
FNDA:0,(anonymous_4)
FNDA:0,(anonymous_5)
FNDA:0,(anonymous_6)
FNDA:0,(anonymous_7)
FNDA:0,(anonymous_8)
FNDA:0,(anonymous_9)
FNDA:0,(anonymous_10)
FNDA:0,(anonymous_11)
FNDA:0,(anonymous_12)
FNDA:0,(anonymous_13)
FNDA:0,(anonymous_14)
FNDA:0,(anonymous_15)
FNDA:0,(anonymous_16)
FNDA:0,(anonymous_17)
FNDA:0,(anonymous_18)
FNDA:0,(anonymous_19)
FNDA:0,(anonymous_20)
[...]
DA:336,0
DA:341,0
DA:342,0
DA:362,0
DA:373,0
DA:375,0
DA:376,0
DA:377,0
DA:407,0
LF:85
LH:0
BRDA:18,0,0,0
BRDA:18,0,1,0
BRDA:26,1,0,0
BRDA:26,1,1,0
BRDA:30,2,0,0
BRDA:33,3,0,0
BRDA:33,3,1,0
BRDA:34,4,0,0
BRDA:34,4,1,0
BRDA:35,5,0,0
BRDA:35,5,1,0
BRDA:36,6,0,0
BRDA:36,6,1,0
BRDA:39,7,0,0
BRDA:39,7,1,0
BRDA:40,8,0,0
BRDA:40,8,1,0
BRDA:43,9,0,0
BRDA:43,9,1,0
BRDA:44,10,0,0
BRDA:44,10,1,0
BRDA:45,11,0,0
BRDA:45,11,1,0
BRDA:46,12,0,0
BRDA:46,12,1,0
BRDA:49,13,0,0
BRDA:49,13,1,0
BRDA:52,14,0,0
BRDA:52,14,1,0
BRDA:53,15,0,0
BRDA:53,15,1,0
BRDA:54,16,0,0
BRDA:54,16,1,0
BRDA:55,17,0,0
BRDA:55,17,1,0
BRDA:56,18,0,0
BRDA:56,18,1,0
BRDA:57,19,0,0
BRDA:57,19,1,0
BRDA:60,20,0,0
BRDA:60,20,1,0
BRDA:61,21,0,0
BRDA:61,21,1,0
BRDA:62,22,0,0
BRDA:62,22,1,0
BRDA:63,23,0,0
BRDA:63,23,1,0
BRDA:66,24,0,0
BRDA:66,24,1,0
BRDA:67,25,0,0
BRDA:67,25,1,0
BRDA:68,26,0,0
BRDA:68,26,1,0
BRDA:73,27,0,0
BRDA:73,27,1,0
BRDA:75,28,0,0
BRDA:75,28,1,0
BRDA:78,29,0,0
BRDA:78,29,1,0
BRDA:79,30,0,0
BRDA:79,30,1,0
BRDA:92,31,0,0
BRDA:92,31,1,0
BRDA:92,31,2,0
BRDA:93,32,0,0
BRDA:93,32,1,0
BRDA:93,32,2,0
BRDA:98,33,0,0
BRDA:98,33,1,0
BRDA:98,34,0,0
BRDA:98,34,1,0
BRDA:111,35,0,0
BRDA:111,35,1,0
BRDA:126,36,0,0
BRDA:126,36,1,0
BRDA:126,37,0,0
BRDA:126,37,1,0
BRDA:126,37,2,0
BRDA:131,38,0,0
BRDA:131,38,1,0
BRDA:137,39,0,0
BRDA:137,39,1,0
BRDA:142,40,0,0
BRDA:142,40,1,0
BRDA:144,41,0,0
BRDA:144,41,1,0
BRDA:148,42,0,0
BRDA:148,42,1,0
BRDA:150,43,0,0
BRDA:150,43,1,0
BRDA:190,44,0,0
BRDA:190,44,1,0
BRDA:196,45,0,0
BRDA:196,45,1,0
BRDA:200,46,0,0
BRDA:200,46,1,0
BRDA:211,47,0,0
BRDA:211,47,1,0
BRDA:224,48,0,0
BRDA:224,48,1,0
BRDA:232,49,0,0
BRDA:232,49,1,0
BRDA:240,50,0,0
BRDA:240,50,1,0
BRDA:248,51,0,0
BRDA:248,51,1,0
BRDA:257,52,0,0
BRDA:257,52,1,0
BRDA:261,53,0,0
BRDA:261,53,1,0
BRDA:269,54,0,0
BRDA:269,54,1,0
BRDA:270,55,0,0
BRDA:270,55,1,0
BRDA:274,56,0,0
BRDA:274,56,1,0
BRDA:284,57,0,0
BRDA:284,57,1,0
BRDA:288,58,0,0
BRDA:288,58,1,0
BRDA:300,59,0,0
BRDA:300,59,1,0
BRDA:310,60,0,0
BRDA:310,60,1,0
BRDA:311,61,0,0
BRDA:311,61,1,0
BRDA:318,62,0,0
BRDA:318,62,1,0
BRDA:321,63,0,0
BRDA:321,63,1,0
BRDA:326,64,0,0
BRDA:326,64,1,0
BRDA:357,65,0,0
BRDA:357,65,1,0
BRDA:376,66,0,0
BRDA:376,66,1,0
BRDA:386,67,0,0
BRDA:386,67,1,0
BRDA:390,68,0,0
BRDA:390,68,1,0
BRF:140
BRH:0
end_of_record
TN:
SF:src/pages/setup/SetupWizard.tsx
FN:6,SetupWizard
FN:18,(anonymous_1)
FN:18,(anonymous_2)
FN:19,(anonymous_3)
FN:19,(anonymous_4)
FN:21,(anonymous_5)
FN:24,(anonymous_6)
FN:37,(anonymous_7)
FN:63,(anonymous_8)
FN:72,(anonymous_9)
FN:96,(anonymous_10)
FN:105,(anonymous_11)
FN:114,(anonymous_12)
FNF:13
FNH:0
FNDA:0,SetupWizard
FNDA:0,(anonymous_1)
FNDA:0,(anonymous_2)
FNDA:0,(anonymous_3)
FNDA:0,(anonymous_4)
FNDA:0,(anonymous_5)
FNDA:0,(anonymous_6)
FNDA:0,(anonymous_7)
FNDA:0,(anonymous_8)
FNDA:0,(anonymous_9)
FNDA:0,(anonymous_10)
FNDA:0,(anonymous_11)
FNDA:0,(anonymous_12)
DA:7,0
DA:8,0
DA:9,0
DA:18,0
DA:19,0
DA:21,0
DA:24,0
DA:25,0
DA:29,0
DA:38,0
DA:63,0
DA:72,0
DA:96,0
DA:105,0
DA:114,0
LF:15
LH:0
BRDA:38,0,0,0
BRDA:38,0,1,0
BRDA:39,1,0,0
BRDA:39,1,1,0
BRDA:47,2,0,0
BRDA:47,2,1,0
BRDA:79,3,0,0
BRDA:79,3,1,0
BRDA:122,4,0,0
BRDA:122,4,1,0
BRDA:136,5,0,0
BRDA:136,5,1,0
BRDA:136,6,0,0
BRDA:136,6,1,0
BRDA:142,7,0,0
BRDA:142,7,1,0
BRDA:145,8,0,0
BRDA:145,8,1,0
BRF:18
BRH:0
end_of_record
TN:
SF:src/pages/subscriptions/SubscriptionPlansPage.tsx
FN:29,SubscriptionPlansPage
FN:41,(anonymous_1)
FN:46,(anonymous_2)
FN:57,(anonymous_3)
FN:65,(anonymous_4)
FN:100,(anonymous_5)
FN:102,(anonymous_6)
FN:105,(anonymous_7)
FN:112,(anonymous_8)
FN:113,(anonymous_9)
FN:119,(anonymous_10)
FN:121,(anonymous_11)
FN:124,(anonymous_12)
FN:131,(anonymous_13)
FN:132,(anonymous_14)
FN:138,(anonymous_15)
FN:139,(anonymous_16)
FN:160,(anonymous_17)
FN:172,(anonymous_18)
FN:210,(anonymous_19)
FN:228,(anonymous_20)
FN:256,(anonymous_21)
FN:266,(anonymous_22)
FN:279,(anonymous_23)
FN:295,(anonymous_24)
FN:307,(anonymous_25)
FN:317,(anonymous_26)
FN:330,(anonymous_27)
FN:374,(anonymous_28)
FN:384,(anonymous_29)
FN:394,(anonymous_30)
FN:410,(anonymous_31)
FN:426,(anonymous_32)
FN:430,(anonymous_33)
FN:453,(anonymous_34)
FN:459,(anonymous_35)
FN:463,(anonymous_36)
FN:491,(anonymous_37)
FN:493,(anonymous_38)
FN:498,(anonymous_39)
FN:513,(anonymous_40)
FN:526,(anonymous_41)
FNF:42
FNH:0
FNDA:0,SubscriptionPlansPage
FNDA:0,(anonymous_1)
FNDA:0,(anonymous_2)
FNDA:0,(anonymous_3)
FNDA:0,(anonymous_4)
FNDA:0,(anonymous_5)
FNDA:0,(anonymous_6)
FNDA:0,(anonymous_7)
FNDA:0,(anonymous_8)
FNDA:0,(anonymous_9)
FNDA:0,(anonymous_10)
FNDA:0,(anonymous_11)
FNDA:0,(anonymous_12)
FNDA:0,(anonymous_13)
FNDA:0,(anonymous_14)
FNDA:0,(anonymous_15)
FNDA:0,(anonymous_16)
FNDA:0,(anonymous_17)
FNDA:0,(anonymous_18)
FNDA:0,(anonymous_19)
FNDA:0,(anonymous_20)
FNDA:0,(anonymous_21)
FNDA:0,(anonymous_22)
FNDA:0,(anonymous_23)
FNDA:0,(anonymous_24)
FNDA:0,(anonymous_25)
FNDA:0,(anonymous_26)
FNDA:0,(anonymous_27)
FNDA:0,(anonymous_28)
FNDA:0,(anonymous_29)
FNDA:0,(anonymous_30)
FNDA:0,(anonymous_31)
FNDA:0,(anonymous_32)
FNDA:0,(anonymous_33)
FNDA:0,(anonymous_34)
FNDA:0,(anonymous_35)
FNDA:0,(anonymous_36)
FNDA:0,(anonymous_37)
FNDA:0,(anonymous_38)
FNDA:0,(anonymous_39)
FNDA:0,(anonymous_40)
FNDA:0,(anonymous_41)
DA:11,0
DA:30,0
DA:31,0
DA:32,0
DA:33,0
DA:34,0
DA:35,0
DA:36,0
DA:37,0
DA:38,0
DA:39,0
DA:41,0
DA:42,0
DA:43,0
DA:46,0
DA:47,0
DA:48,0
DA:49,0
DA:51,0
DA:53,0
DA:57,0
DA:58,0
DA:59,0
DA:60,0
DA:62,0
DA:65,0
DA:66,0
DA:67,0
DA:68,0
DA:69,0
DA:79,0
DA:80,0
DA:81,0
DA:83,0
DA:84,0
DA:86,0
DA:87,0
DA:88,0
DA:89,0
DA:90,0
DA:92,0
DA:93,0
DA:94,0
DA:96,0
DA:100,0
DA:101,0
DA:102,0
DA:104,0
DA:105,0
DA:107,0
DA:109,0
DA:112,0
DA:113,0
DA:116,0
DA:119,0
DA:120,0
DA:121,0
DA:123,0
DA:124,0
DA:126,0
DA:128,0
DA:131,0
DA:132,0
DA:133,0
DA:135,0
DA:138,0
DA:139,0
DA:140,0
DA:141,0
DA:142,0
DA:145,0
DA:152,0
DA:161,0
DA:162,0
DA:173,0
DA:211,0
DA:218,0
DA:219,0
DA:229,0
DA:230,0
DA:231,0
DA:232,0
DA:256,0
DA:266,0
DA:279,0
DA:295,0
DA:307,0
DA:317,0
DA:331,0
DA:332,0
DA:333,0
DA:334,0
DA:374,0
DA:384,0
DA:394,0
DA:411,0
DA:412,0
DA:426,0
DA:430,0
DA:453,0
DA:460,0
DA:464,0
DA:465,0
DA:492,0
DA:493,0
DA:494,0
DA:498,0
DA:513,0
DA:526,0
LF:109
LH:0
BRDA:66,0,0,0
BRDA:66,0,1,0
BRDA:73,1,0,0
BRDA:73,1,1,0
BRDA:74,2,0,0
BRDA:74,2,1,0
BRDA:75,3,0,0
BRDA:75,3,1,0
BRDA:76,4,0,0
BRDA:76,4,1,0
BRDA:79,5,0,0
BRDA:79,5,1,0
BRDA:80,6,0,0
BRDA:80,6,1,0
BRDA:83,7,0,0
BRDA:83,7,1,0
BRDA:94,8,0,0
BRDA:94,8,1,0
BRDA:101,9,0,0
BRDA:101,9,1,0
BRDA:102,10,0,0
BRDA:102,10,1,0
BRDA:104,11,0,0
BRDA:104,11,1,0
BRDA:105,12,0,0
BRDA:105,12,1,0
BRDA:113,13,0,0
BRDA:113,13,1,0
BRDA:114,14,0,0
BRDA:114,14,1,0
BRDA:120,15,0,0
BRDA:120,15,1,0
BRDA:123,16,0,0
BRDA:123,16,1,0
BRDA:133,17,0,0
BRDA:133,17,1,0
BRDA:133,18,0,0
BRDA:133,18,1,0
BRDA:139,19,0,0
BRDA:139,19,1,0
BRDA:139,20,0,0
BRDA:139,20,1,0
BRDA:140,21,0,0
BRDA:140,21,1,0
BRDA:140,21,2,0
BRDA:142,22,0,0
BRDA:142,22,1,0
BRDA:145,23,0,0
BRDA:145,23,1,0
BRDA:178,24,0,0
BRDA:178,24,1,0
BRDA:179,25,0,0
BRDA:179,25,1,0
BRDA:181,26,0,0
BRDA:181,26,1,0
BRDA:181,27,0,0
BRDA:181,27,1,0
BRDA:183,28,0,0
BRDA:183,28,1,0
BRDA:191,29,0,0
BRDA:191,29,1,0
BRDA:194,30,0,0
BRDA:194,30,1,0
BRDA:196,31,0,0
BRDA:196,31,1,0
BRDA:197,32,0,0
BRDA:197,32,1,0
BRDA:197,33,0,0
BRDA:197,33,1,0
BRDA:198,34,0,0
BRDA:198,34,1,0
BRDA:198,35,0,0
BRDA:198,35,1,0
BRDA:198,36,0,0
BRDA:198,36,1,0
BRDA:198,37,0,0
BRDA:198,37,1,0
BRDA:204,38,0,0
BRDA:204,38,1,0
BRDA:215,39,0,0
BRDA:215,39,1,0
BRDA:216,40,0,0
BRDA:216,40,1,0
BRDA:218,41,0,0
BRDA:218,41,1,0
BRDA:229,42,0,0
BRDA:229,42,1,0
BRDA:245,43,0,0
BRDA:245,43,1,0
BRDA:245,43,2,0
BRDA:265,44,0,0
BRDA:265,44,1,0
BRDA:277,45,0,0
BRDA:277,45,1,0
BRDA:294,46,0,0
BRDA:294,46,1,0
BRDA:295,47,0,0
BRDA:295,47,1,0
BRDA:306,48,0,0
BRDA:306,48,1,0
BRDA:316,49,0,0
BRDA:316,49,1,0
BRDA:332,50,0,0
BRDA:332,50,1,0
BRDA:346,51,0,0
BRDA:346,51,1,0
BRDA:349,52,0,0
BRDA:349,52,1,0
BRDA:349,52,2,0
BRDA:353,53,0,0
BRDA:353,53,1,0
BRDA:363,54,0,0
BRDA:363,54,1,0
BRDA:373,55,0,0
BRDA:373,55,1,0
BRDA:374,56,0,0
BRDA:374,56,1,0
BRDA:383,57,0,0
BRDA:383,57,1,0
BRDA:384,58,0,0
BRDA:384,58,1,0
BRDA:393,59,0,0
BRDA:393,59,1,0
BRDA:394,60,0,0
BRDA:394,60,1,0
BRDA:400,61,0,0
BRDA:400,61,1,0
BRDA:400,62,0,0
BRDA:400,62,1,0
BRDA:400,63,0,0
BRDA:400,63,1,0
BRDA:410,64,0,0
BRDA:410,64,1,0
BRDA:415,65,0,0
BRDA:415,65,1,0
BRDA:417,66,0,0
BRDA:417,66,1,0
BRDA:425,67,0,0
BRDA:425,67,1,0
BRDA:426,68,0,0
BRDA:426,68,1,0
BRDA:426,69,0,0
BRDA:426,69,1,0
BRDA:413,70,0,0
BRDA:413,70,1,0
BRDA:436,71,0,0
BRDA:436,71,1,0
BRDA:437,72,0,0
BRDA:437,72,1,0
BRDA:469,73,0,0
BRDA:469,73,1,0
BRDA:470,74,0,0
BRDA:470,74,1,0
BRDA:474,75,0,0
BRDA:474,75,1,0
BRDA:474,75,2,0
BRDA:492,76,0,0
BRDA:492,76,1,0
BRDA:501,77,0,0
BRDA:501,77,1,0
BRDA:508,78,0,0
BRDA:508,78,1,0
BRDA:512,79,0,0
BRDA:512,79,1,0
BRDA:512,80,0,0
BRDA:512,80,1,0
BRF:166
BRH:0
end_of_record
TN:
SF:src/services/AdminProviderService.ts
FN:5,(anonymous_0)
FN:10,(anonymous_1)
FN:16,(anonymous_2)
FN:25,(anonymous_3)
FN:29,(anonymous_4)
FN:34,(anonymous_5)
FN:38,(anonymous_6)
FN:43,(anonymous_7)
FN:48,(anonymous_8)
FNF:9
FNH:1
FNDA:3,(anonymous_0)
FNDA:0,(anonymous_1)
FNDA:0,(anonymous_2)
FNDA:0,(anonymous_3)
FNDA:0,(anonymous_4)
FNDA:0,(anonymous_5)
FNDA:0,(anonymous_6)
FNDA:0,(anonymous_7)
FNDA:0,(anonymous_8)
DA:4,1
DA:6,3
DA:7,3
DA:11,0
DA:17,0
DA:18,0
DA:19,0
DA:21,0
DA:26,0
DA:30,0
DA:31,0
DA:35,0
DA:39,0
DA:40,0
DA:44,0
DA:45,0
DA:49,0
DA:50,0
LF:18
LH:3
BRDA:16,0,0,0
BRF:1
BRH:0
end_of_record
TN:
SF:src/services/AnalyticsService.ts
FN:24,(anonymous_0)
FNF:1
FNH:0
FNDA:0,(anonymous_0)
DA:23,0
DA:25,0
DA:26,0
DA:27,0
DA:29,0
LF:5
LH:0
BRDA:24,0,0,0
BRF:1
BRH:0
end_of_record
TN:
SF:src/services/AuditService.ts
FN:5,(anonymous_0)
FNF:1
FNH:0
FNDA:0,(anonymous_0)
DA:4,0
DA:12,0
DA:13,0
DA:14,0
DA:16,0
DA:17,0
LF:6
LH:0
BRF:0
BRH:0
end_of_record
TN:
SF:src/services/CategoryService.ts
FN:5,(anonymous_0)
FN:11,(anonymous_1)
FN:16,(anonymous_2)
FNF:3
FNH:0
FNDA:0,(anonymous_0)
FNDA:0,(anonymous_1)
FNDA:0,(anonymous_2)
DA:4,0
DA:7,0
DA:8,0
DA:12,0
DA:13,0
DA:17,0
LF:6
LH:0
BRF:0
BRH:0
end_of_record
TN:
SF:src/services/ChannelIntegrationService.ts
FN:5,(anonymous_0)
FN:10,(anonymous_1)
FN:15,(anonymous_2)
FN:22,(anonymous_3)
FN:27,(anonymous_4)
FN:32,(anonymous_5)
FN:36,(anonymous_6)
FN:41,(anonymous_7)
FNF:8
FNH:0
FNDA:0,(anonymous_0)
FNDA:0,(anonymous_1)
FNDA:0,(anonymous_2)
FNDA:0,(anonymous_3)
FNDA:0,(anonymous_4)
FNDA:0,(anonymous_5)
FNDA:0,(anonymous_6)
FNDA:0,(anonymous_7)
DA:3,0
DA:6,0
DA:7,0
DA:11,0
DA:12,0
DA:16,0
DA:19,0
DA:23,0
DA:24,0
DA:28,0
DA:29,0
DA:33,0
DA:37,0
DA:38,0
DA:42,0
DA:43,0
LF:16
LH:0
BRF:0
BRH:0
end_of_record
TN:
SF:src/services/ConfigService.ts
FN:5,(anonymous_0)
FN:10,(anonymous_1)
FN:14,(anonymous_2)
FN:18,(anonymous_3)
FN:20,(anonymous_4)
FNF:5
FNH:0
FNDA:0,(anonymous_0)
FNDA:0,(anonymous_1)
FNDA:0,(anonymous_2)
FNDA:0,(anonymous_3)
FNDA:0,(anonymous_4)
DA:4,0
DA:6,0
DA:7,0
DA:11,0
DA:15,0
DA:19,0
DA:20,0
LF:7
LH:0
BRDA:20,0,0,0
BRDA:20,0,1,0
BRF:2
BRH:0
end_of_record
TN:
SF:src/services/FiscalIntegrationService.ts
FN:20,(anonymous_0)
FN:25,(anonymous_1)
FN:30,(anonymous_2)
FN:34,(anonymous_3)
FN:43,(anonymous_4)
FN:54,(anonymous_5)
FNF:6
FNH:0
FNDA:0,(anonymous_0)
FNDA:0,(anonymous_1)
FNDA:0,(anonymous_2)
FNDA:0,(anonymous_3)
FNDA:0,(anonymous_4)
FNDA:0,(anonymous_5)
DA:19,0
DA:21,0
DA:22,0
DA:26,0
DA:27,0
DA:31,0
DA:35,0
DA:36,0
DA:37,0
DA:39,0
DA:44,0
DA:45,0
DA:46,0
DA:47,0
DA:55,0
LF:15
LH:0
BRF:0
BRH:0
end_of_record
TN:
SF:src/services/MarketingService.ts
FN:6,(anonymous_0)
FN:11,(anonymous_1)
FN:15,(anonymous_2)
FN:19,(anonymous_3)
FN:23,(anonymous_4)
FN:28,(anonymous_5)
FN:33,(anonymous_6)
FNF:7
FNH:0
FNDA:0,(anonymous_0)
FNDA:0,(anonymous_1)
FNDA:0,(anonymous_2)
FNDA:0,(anonymous_3)
FNDA:0,(anonymous_4)
FNDA:0,(anonymous_5)
FNDA:0,(anonymous_6)
DA:4,0
DA:7,0
DA:8,0
DA:12,0
DA:16,0
DA:20,0
DA:24,0
DA:29,0
DA:30,0
DA:34,0
LF:10
LH:0
BRF:0
BRH:0
end_of_record
TN:
SF:src/services/MediaService.ts
FN:9,(anonymous_0)
FN:16,(anonymous_1)
FN:26,(anonymous_2)
FN:30,(anonymous_3)
FNF:4
FNH:0
FNDA:0,(anonymous_0)
FNDA:0,(anonymous_1)
FNDA:0,(anonymous_2)
FNDA:0,(anonymous_3)
DA:8,0
DA:10,0
DA:11,0
DA:12,0
DA:14,0
DA:17,0
DA:18,0
DA:19,0
DA:23,0
DA:27,0
DA:31,0
LF:11
LH:0
BRDA:17,0,0,0
BRDA:17,0,1,0
BRDA:17,1,0,0
BRDA:17,1,1,0
BRF:4
BRH:0
end_of_record
TN:
SF:src/services/OrderService.ts
FN:5,(anonymous_0)
FN:16,(anonymous_1)
FN:23,(anonymous_2)
FN:27,(anonymous_3)
FN:31,(anonymous_4)
FN:35,(anonymous_5)
FN:39,(anonymous_6)
FN:43,(anonymous_7)
FNF:8
FNH:8
FNDA:3,(anonymous_0)
FNDA:1,(anonymous_1)
FNDA:1,(anonymous_2)
FNDA:1,(anonymous_3)
FNDA:1,(anonymous_4)
FNDA:1,(anonymous_5)
FNDA:1,(anonymous_6)
FNDA:1,(anonymous_7)
DA:4,1
DA:6,3
DA:7,3
DA:9,2
DA:11,1
DA:12,1
DA:18,1
DA:24,1
DA:28,1
DA:32,1
DA:36,1
DA:40,1
DA:44,1
LF:13
LH:13
BRDA:9,0,0,2
BRDA:9,0,1,1
BRF:2
BRH:2
end_of_record
TN:
SF:src/services/PaymentService.ts
FN:5,(anonymous_0)
FN:10,(anonymous_1)
FN:14,(anonymous_2)
FNF:3
FNH:0
FNDA:0,(anonymous_0)
FNDA:0,(anonymous_1)
FNDA:0,(anonymous_2)
DA:4,0
DA:6,0
DA:7,0
DA:11,0
DA:15,0
LF:5
LH:0
BRF:0
BRH:0
end_of_record
TN:
SF:src/services/ProductService.ts
FN:5,(anonymous_0)
FN:9,(anonymous_1)
FN:13,(anonymous_2)
FN:25,(anonymous_3)
FN:36,(anonymous_4)
FN:40,(anonymous_5)
FN:52,(anonymous_6)
FN:66,(anonymous_7)
FN:71,(anonymous_8)
FN:72,(anonymous_9)
FN:85,(anonymous_10)
FN:92,(anonymous_11)
FN:101,(anonymous_12)
FN:105,(anonymous_13)
FN:106,(anonymous_14)
FN:119,(anonymous_15)
FN:126,(anonymous_16)
FN:135,(anonymous_17)
FN:139,(anonymous_18)
FN:143,(anonymous_19)
FN:147,(anonymous_20)
FNF:21
FNH:18
FNDA:2,(anonymous_0)
FNDA:3,(anonymous_1)
FNDA:2,(anonymous_2)
FNDA:1,(anonymous_3)
FNDA:2,(anonymous_4)
FNDA:1,(anonymous_5)
FNDA:2,(anonymous_6)
FNDA:1,(anonymous_7)
FNDA:2,(anonymous_8)
FNDA:3,(anonymous_9)
FNDA:1,(anonymous_10)
FNDA:2,(anonymous_11)
FNDA:1,(anonymous_12)
FNDA:1,(anonymous_13)
FNDA:0,(anonymous_14)
FNDA:0,(anonymous_15)
FNDA:0,(anonymous_16)
FNDA:1,(anonymous_17)
FNDA:1,(anonymous_18)
FNDA:1,(anonymous_19)
FNDA:1,(anonymous_20)
DA:4,1
DA:6,2
DA:7,2
DA:9,3
DA:14,2
DA:15,2
DA:26,1
DA:29,1
DA:36,2
DA:41,1
DA:42,1
DA:53,2
DA:54,2
DA:63,1
DA:67,1
DA:68,1
DA:71,1
DA:72,2
DA:73,3
DA:74,3
DA:75,2
DA:76,2
DA:78,1
DA:82,1
DA:85,1
DA:91,1
DA:92,1
DA:93,2
DA:96,1
DA:102,1
DA:103,1
DA:105,1
DA:106,1
DA:107,0
DA:108,0
DA:109,0
DA:110,0
DA:112,0
DA:116,1
DA:119,0
DA:125,1
DA:126,1
DA:127,0
DA:130,1
DA:136,1
DA:140,1
DA:144,1
DA:148,1
DA:149,1
LF:49
LH:42
BRDA:7,0,0,1
BRDA:7,0,1,1
BRDA:7,1,0,1
BRDA:7,1,1,0
BRDA:11,2,0,3
BRDA:11,2,1,2
BRDA:11,2,2,1
BRDA:12,3,0,1
BRDA:12,3,1,2
BRDA:12,4,0,2
BRDA:12,4,1,1
BRDA:13,5,0,1
BRDA:13,5,1,2
BRDA:18,6,0,1
BRDA:18,6,1,1
BRDA:32,7,0,1
BRDA:32,7,1,0
BRDA:36,8,0,1
BRDA:36,8,1,0
BRDA:39,9,0,1
BRDA:39,9,1,1
BRDA:39,10,0,1
BRDA:39,10,1,0
BRDA:40,11,0,2
BRDA:40,11,1,1
BRDA:45,12,0,0
BRDA:45,12,1,1
BRDA:46,13,0,1
BRDA:46,13,1,1
BRDA:52,14,0,1
BRDA:52,14,1,0
BRDA:57,15,0,1
BRDA:57,15,1,1
BRDA:58,16,0,2
BRDA:58,16,1,1
BRDA:72,17,0,2
BRDA:72,17,1,0
BRDA:74,18,0,2
BRDA:74,18,1,1
BRDA:84,19,0,1
BRDA:84,19,1,0
BRDA:85,20,0,1
BRDA:85,20,1,0
BRDA:87,21,0,1
BRDA:87,21,1,0
BRDA:106,22,0,1
BRDA:106,22,1,0
BRDA:108,23,0,0
BRDA:108,23,1,0
BRDA:118,24,0,1
BRDA:118,24,1,1
BRDA:119,25,0,1
BRDA:119,25,1,1
BRDA:121,26,0,0
BRDA:121,26,1,0
BRF:55
BRH:40
end_of_record
TN:
SF:src/services/ReportService.ts
FN:14,(anonymous_0)
FN:19,(anonymous_1)
FN:24,(anonymous_2)
FNF:3
FNH:0
FNDA:0,(anonymous_0)
FNDA:0,(anonymous_1)
FNDA:0,(anonymous_2)
DA:13,0
DA:15,0
DA:16,0
DA:20,0
DA:21,0
DA:26,0
DA:27,0
LF:7
LH:0
BRF:0
BRH:0
end_of_record
TN:
SF:src/services/ReviewService.ts
FN:4,(anonymous_0)
FN:15,(anonymous_1)
FN:20,(anonymous_2)
FN:25,(anonymous_3)
FNF:4
FNH:0
FNDA:0,(anonymous_0)
FNDA:0,(anonymous_1)
FNDA:0,(anonymous_2)
FNDA:0,(anonymous_3)
DA:3,0
DA:11,0
DA:12,0
DA:16,0
DA:17,0
DA:21,0
DA:22,0
DA:26,0
DA:27,0
LF:9
LH:0
BRF:0
BRH:0
end_of_record
TN:
SF:src/services/ShippingService.ts
FN:5,(anonymous_0)
FN:10,(anonymous_1)
FN:14,(anonymous_2)
FNF:3
FNH:0
FNDA:0,(anonymous_0)
FNDA:0,(anonymous_1)
FNDA:0,(anonymous_2)
DA:4,0
DA:6,0
DA:7,0
DA:11,0
DA:15,0
LF:5
LH:0
BRF:0
BRH:0
end_of_record
TN:
SF:src/services/StockAlertService.ts
FN:27,(anonymous_0)
FN:30,(anonymous_1)
FN:43,(anonymous_2)
FNF:3
FNH:0
FNDA:0,(anonymous_0)
FNDA:0,(anonymous_1)
FNDA:0,(anonymous_2)
DA:15,0
DA:24,0
DA:26,0
DA:28,0
DA:29,0
DA:30,0
DA:32,0
DA:33,0
DA:36,0
DA:38,0
DA:39,0
DA:44,0
LF:12
LH:0
BRDA:32,0,0,0
BRDA:32,0,1,0
BRDA:32,1,0,0
BRDA:32,1,1,0
BRF:4
BRH:0
end_of_record
TN:
SF:src/services/TenantService.ts
FN:23,(anonymous_0)
FN:33,(anonymous_1)
FN:38,(anonymous_2)
FN:42,(anonymous_3)
FN:46,(anonymous_4)
FNF:5
FNH:5
FNDA:2,(anonymous_0)
FNDA:2,(anonymous_1)
FNDA:1,(anonymous_2)
FNDA:1,(anonymous_3)
FNDA:1,(anonymous_4)
DA:5,1
DA:22,1
DA:24,2
DA:25,2
DA:26,1
DA:28,1
DA:29,1
DA:34,2
DA:35,2
DA:36,1
DA:38,1
DA:43,1
DA:47,1
DA:49,1
LF:14
LH:14
BRF:0
BRH:0
end_of_record
TN:
SF:src/services/UserService.ts
FN:7,(anonymous_0)
FN:12,(anonymous_1)
FN:16,(anonymous_2)
FN:20,(anonymous_3)
FNF:4
FNH:0
FNDA:0,(anonymous_0)
FNDA:0,(anonymous_1)
FNDA:0,(anonymous_2)
FNDA:0,(anonymous_3)
DA:6,0
DA:8,0
DA:9,0
DA:13,0
DA:17,0
DA:21,0
LF:6
LH:0
BRF:0
BRH:0
end_of_record
TN:
SF:src/services/subscriptionService.ts
FN:4,(anonymous_0)
FN:9,(anonymous_1)
FN:21,(anonymous_2)
FN:33,(anonymous_3)
FNF:4
FNH:0
FNDA:0,(anonymous_0)
FNDA:0,(anonymous_1)
FNDA:0,(anonymous_2)
FNDA:0,(anonymous_3)
DA:3,0
DA:5,0
DA:6,0
DA:10,0
DA:11,0
DA:12,0
DA:13,0
DA:15,0
DA:18,0
DA:22,0
DA:23,0
DA:24,0
DA:25,0
DA:27,0
DA:30,0
DA:34,0
LF:16
LH:0
BRDA:12,0,0,0
BRDA:12,0,1,0
BRDA:24,1,0,0
BRDA:24,1,1,0
BRF:4
BRH:0
end_of_record
TN:
SF:src/types/audit.ts
FNF:0
FNH:0
LF:0
LH:0
BRF:0
BRH:0
end_of_record
TN:
SF:src/types/category.ts
FNF:0
FNH:0
LF:0
LH:0
BRF:0
BRH:0
end_of_record
TN:
SF:src/types/config.ts
FNF:0
FNH:0
LF:0
LH:0
BRF:0
BRH:0
end_of_record
TN:
SF:src/types/dashboard.ts
FNF:0
FNH:0
LF:0
LH:0
BRF:0
BRH:0
end_of_record
TN:
SF:src/types/marketing.ts
FNF:0
FNH:0
LF:0
LH:0
BRF:0
BRH:0
end_of_record
TN:
SF:src/types/order.ts
FNF:0
FNH:0
LF:0
LH:0
BRF:0
BRH:0
end_of_record
TN:
SF:src/types/product.ts
FNF:0
FNH:0
LF:0
LH:0
BRF:0
BRH:0
end_of_record
TN:
SF:src/types/review.ts
FNF:0
FNH:0
LF:0
LH:0
BRF:0
BRH:0
end_of_record
TN:
SF:src/types/store-settings.ts
FNF:0
FNH:0
LF:0
LH:0
BRF:0
BRH:0
end_of_record
TN:
SF:src/types/tenant.ts
FNF:0
FNH:0
LF:0
LH:0
BRF:0
BRH:0
end_of_record
TN:
SF:src/types/user.ts
FNF:0
FNH:0
LF:0
LH:0
BRF:0
BRH:0
end_of_record
TN:
SF:src/utils/cn.ts
FN:7,cn
FNF:1
FNH:1
FNDA:63,cn
DA:8,63
LF:1
LH:1
BRF:0
BRH:0
end_of_record
TN:
SF:src/utils/fiscal.ts
FN:9,(anonymous_0)
FN:16,(anonymous_1)
FN:52,(anonymous_2)
FN:95,(anonymous_3)
FNF:4
FNH:0
FNDA:0,(anonymous_0)
FNDA:0,(anonymous_1)
FNDA:0,(anonymous_2)
FNDA:0,(anonymous_3)
DA:9,0
DA:10,0
DA:16,0
DA:17,0
DA:19,0
DA:22,0
DA:24,0
DA:28,0
DA:29,0
DA:32,0
DA:33,0
DA:34,0
DA:37,0
DA:38,0
DA:39,0
DA:42,0
DA:43,0
DA:44,0
DA:46,0
DA:52,0
DA:53,0
DA:55,0
DA:58,0
DA:61,0
DA:62,0
DA:63,0
DA:64,0
DA:65,0
DA:67,0
DA:68,0
DA:69,0
DA:72,0
DA:73,0
DA:76,0
DA:77,0
DA:78,0
DA:79,0
DA:81,0
DA:82,0
DA:83,0
DA:86,0
DA:87,0
DA:89,0
DA:95,0
DA:96,0
DA:98,0
DA:100,0
DA:107,0
LF:48
LH:0
BRDA:19,0,0,0
BRDA:19,0,1,0
BRDA:22,1,0,0
BRDA:22,1,1,0
BRDA:33,2,0,0
BRDA:33,2,1,0
BRDA:33,3,0,0
BRDA:33,3,1,0
BRDA:34,4,0,0
BRDA:34,4,1,0
BRDA:43,5,0,0
BRDA:43,5,1,0
BRDA:43,6,0,0
BRDA:43,6,1,0
BRDA:44,7,0,0
BRDA:44,7,1,0
BRDA:55,8,0,0
BRDA:55,8,1,0
BRDA:58,9,0,0
BRDA:58,9,1,0
BRDA:69,10,0,0
BRDA:69,10,1,0
BRDA:72,11,0,0
BRDA:72,11,1,0
BRDA:73,12,0,0
BRDA:73,12,1,0
BRDA:83,13,0,0
BRDA:83,13,1,0
BRDA:86,14,0,0
BRDA:86,14,1,0
BRDA:87,15,0,0
BRDA:87,15,1,0
BRDA:98,16,0,0
BRDA:98,16,1,0
BRF:34
BRH:0
end_of_record
TN:
SF:src/utils/imageUtils.ts
FN:7,getImageUrl
FNF:1
FNH:0
FNDA:0,getImageUrl
DA:8,0
DA:11,0
DA:19,0
DA:23,0
DA:24,0
DA:28,0
DA:29,0
DA:32,0
DA:34,0
LF:9
LH:0
BRDA:8,0,0,0
BRDA:8,0,1,0
BRDA:11,1,0,0
BRDA:11,1,1,0
BRDA:12,2,0,0
BRDA:12,2,1,0
BRDA:12,2,2,0
BRDA:12,2,3,0
BRDA:12,2,4,0
BRDA:12,2,5,0
BRDA:23,3,0,0
BRDA:23,3,1,0
BRDA:28,4,0,0
BRDA:28,4,1,0
BRDA:32,5,0,0
BRDA:32,5,1,0
BRF:16
BRH:0
end_of_record
